CRITICAL - 2024-05-20 16:15:51 --> Too few arguments to function App\Controllers\TeacherController::edit(), 0 passed in C:\laragon\www\Colegio_de_PuertoGalera\system\CodeIgniter.php on line 919 and exactly 1 expected
in APPPATH\Controllers\TeacherController.php on line 125.
 1 SYSTEMPATH\CodeIgniter.php(919): App\Controllers\TeacherController->edit()
 2 SYSTEMPATH\CodeIgniter.php(494): CodeIgniter\CodeIgniter->runController(Object(App\Controllers\TeacherController))
 3 SYSTEMPATH\CodeIgniter.php(353): CodeIgniter\CodeIgniter->handleRequest(null, Object(Config\Cache), false)
 4 FCPATH\index.php(79): CodeIgniter\CodeIgniter->run()
 5 SYSTEMPATH\Commands\Server\rewrite.php(47): require_once('C:\\laragon\\www\\Colegio_de_PuertoGalera\\public\\index.php')
CRITICAL - 2024-05-20 16:16:12 --> Too few arguments to function App\Controllers\TeacherController::edit(), 0 passed in C:\laragon\www\Colegio_de_PuertoGalera\system\CodeIgniter.php on line 919 and exactly 1 expected
in APPPATH\Controllers\TeacherController.php on line 125.
 1 SYSTEMPATH\CodeIgniter.php(919): App\Controllers\TeacherController->edit()
 2 SYSTEMPATH\CodeIgniter.php(494): CodeIgniter\CodeIgniter->runController(Object(App\Controllers\TeacherController))
 3 SYSTEMPATH\CodeIgniter.php(353): CodeIgniter\CodeIgniter->handleRequest(null, Object(Config\Cache), false)
 4 FCPATH\index.php(79): CodeIgniter\CodeIgniter->run()
 5 SYSTEMPATH\Commands\Server\rewrite.php(47): require_once('C:\\laragon\\www\\Colegio_de_PuertoGalera\\public\\index.php')
CRITICAL - 2024-05-20 16:16:14 --> Too few arguments to function App\Controllers\TeacherController::edit(), 0 passed in C:\laragon\www\Colegio_de_PuertoGalera\system\CodeIgniter.php on line 919 and exactly 1 expected
in APPPATH\Controllers\TeacherController.php on line 125.
 1 SYSTEMPATH\CodeIgniter.php(919): App\Controllers\TeacherController->edit()
 2 SYSTEMPATH\CodeIgniter.php(494): CodeIgniter\CodeIgniter->runController(Object(App\Controllers\TeacherController))
 3 SYSTEMPATH\CodeIgniter.php(353): CodeIgniter\CodeIgniter->handleRequest(null, Object(Config\Cache), false)
 4 FCPATH\index.php(79): CodeIgniter\CodeIgniter->run()
 5 SYSTEMPATH\Commands\Server\rewrite.php(47): require_once('C:\\laragon\\www\\Colegio_de_PuertoGalera\\public\\index.php')
