CRITICAL - 2024-10-06 02:39:18 --> Undefined variable $session
in APPPATH\Controllers\ProfileController.php on line 47.
 1 APPPATH\Controllers\ProfileController.php(47): CodeIgniter\Debug\Exceptions->errorHandler(2, 'Undefined variable $session', 'C:\\laragon\\www\\Colegio_de_PuertoGalera\\app\\Controllers\\ProfileController.php', 47)
 2 SYSTEMPATH\CodeIgniter.php(919): App\Controllers\ProfileController->uploadImage()
 3 SYSTEMPATH\CodeIgniter.php(494): CodeIgniter\CodeIgniter->runController(Object(App\Controllers\ProfileController))
 4 SYSTEMPATH\CodeIgniter.php(353): CodeIgniter\CodeIgniter->handleRequest(null, Object(Config\Cache), false)
 5 FCPATH\index.php(79): CodeIgniter\CodeIgniter->run()
 6 SYSTEMPATH\Commands\Server\rewrite.php(47): require_once('C:\\laragon\\www\\Colegio_de_PuertoGalera\\public\\index.php')
CRITICAL - 2024-10-06 03:42:29 --> Undefined variable $session
in APPPATH\Controllers\ProfileController.php on line 47.
 1 APPPATH\Controllers\ProfileController.php(47): CodeIgniter\Debug\Exceptions->errorHandler(2, 'Undefined variable $session', 'C:\\laragon\\www\\Colegio_de_PuertoGalera\\app\\Controllers\\ProfileController.php', 47)
 2 SYSTEMPATH\CodeIgniter.php(919): App\Controllers\ProfileController->uploadImage()
 3 SYSTEMPATH\CodeIgniter.php(494): CodeIgniter\CodeIgniter->runController(Object(App\Controllers\ProfileController))
 4 SYSTEMPATH\CodeIgniter.php(353): CodeIgniter\CodeIgniter->handleRequest(null, Object(Config\Cache), false)
 5 FCPATH\index.php(79): CodeIgniter\CodeIgniter->run()
 6 SYSTEMPATH\Commands\Server\rewrite.php(47): require_once('C:\\laragon\\www\\Colegio_de_PuertoGalera\\public\\index.php')
CRITICAL - 2024-10-06 03:42:46 --> Undefined variable $session
in APPPATH\Controllers\ProfileController.php on line 47.
 1 APPPATH\Controllers\ProfileController.php(47): CodeIgniter\Debug\Exceptions->errorHandler(2, 'Undefined variable $session', 'C:\\laragon\\www\\Colegio_de_PuertoGalera\\app\\Controllers\\ProfileController.php', 47)
 2 SYSTEMPATH\CodeIgniter.php(919): App\Controllers\ProfileController->uploadImage()
 3 SYSTEMPATH\CodeIgniter.php(494): CodeIgniter\CodeIgniter->runController(Object(App\Controllers\ProfileController))
 4 SYSTEMPATH\CodeIgniter.php(353): CodeIgniter\CodeIgniter->handleRequest(null, Object(Config\Cache), false)
 5 FCPATH\index.php(79): CodeIgniter\CodeIgniter->run()
 6 SYSTEMPATH\Commands\Server\rewrite.php(47): require_once('C:\\laragon\\www\\Colegio_de_PuertoGalera\\public\\index.php')
CRITICAL - 2024-10-06 03:42:55 --> Undefined variable $session
in APPPATH\Controllers\ProfileController.php on line 47.
 1 APPPATH\Controllers\ProfileController.php(47): CodeIgniter\Debug\Exceptions->errorHandler(2, 'Undefined variable $session', 'C:\\laragon\\www\\Colegio_de_PuertoGalera\\app\\Controllers\\ProfileController.php', 47)
 2 SYSTEMPATH\CodeIgniter.php(919): App\Controllers\ProfileController->uploadImage()
 3 SYSTEMPATH\CodeIgniter.php(494): CodeIgniter\CodeIgniter->runController(Object(App\Controllers\ProfileController))
 4 SYSTEMPATH\CodeIgniter.php(353): CodeIgniter\CodeIgniter->handleRequest(null, Object(Config\Cache), false)
 5 FCPATH\index.php(79): CodeIgniter\CodeIgniter->run()
 6 SYSTEMPATH\Commands\Server\rewrite.php(47): require_once('C:\\laragon\\www\\Colegio_de_PuertoGalera\\public\\index.php')
CRITICAL - 2024-10-06 03:57:36 --> Invalid file: "dashboard_view.php"
in SYSTEMPATH\Exceptions\FrameworkException.php on line 39.
 1 SYSTEMPATH\View\View.php(214): CodeIgniter\Exceptions\FrameworkException::forInvalidFile('dashboard_view.php')
 2 SYSTEMPATH\Common.php(1188): CodeIgniter\View\View->render('dashboard_view', [], true)
 3 APPPATH\Controllers\ProfileController.php(17): view('dashboard_view', [...])
 4 SYSTEMPATH\CodeIgniter.php(919): App\Controllers\ProfileController->index()
 5 SYSTEMPATH\CodeIgniter.php(494): CodeIgniter\CodeIgniter->runController(Object(App\Controllers\ProfileController))
 6 SYSTEMPATH\CodeIgniter.php(353): CodeIgniter\CodeIgniter->handleRequest(null, Object(Config\Cache), false)
 7 FCPATH\index.php(79): CodeIgniter\CodeIgniter->run()
 8 SYSTEMPATH\Commands\Server\rewrite.php(47): require_once('C:\\laragon\\www\\Colegio_de_PuertoGalera\\public\\index.php')
CRITICAL - 2024-10-06 03:57:37 --> Invalid file: "dashboard_view.php"
in SYSTEMPATH\Exceptions\FrameworkException.php on line 39.
 1 SYSTEMPATH\View\View.php(214): CodeIgniter\Exceptions\FrameworkException::forInvalidFile('dashboard_view.php')
 2 SYSTEMPATH\Common.php(1188): CodeIgniter\View\View->render('dashboard_view', [], true)
 3 APPPATH\Controllers\ProfileController.php(17): view('dashboard_view', [...])
 4 SYSTEMPATH\CodeIgniter.php(919): App\Controllers\ProfileController->index()
 5 SYSTEMPATH\CodeIgniter.php(494): CodeIgniter\CodeIgniter->runController(Object(App\Controllers\ProfileController))
 6 SYSTEMPATH\CodeIgniter.php(353): CodeIgniter\CodeIgniter->handleRequest(null, Object(Config\Cache), false)
 7 FCPATH\index.php(79): CodeIgniter\CodeIgniter->run()
 8 SYSTEMPATH\Commands\Server\rewrite.php(47): require_once('C:\\laragon\\www\\Colegio_de_PuertoGalera\\public\\index.php')
CRITICAL - 2024-10-06 07:29:41 --> count(): Argument #1 ($value) must be of type Countable|array, null given
in APPPATH\Views\documents\create.php on line 56.
 1 SYSTEMPATH\View\View.php(226): include()
 2 SYSTEMPATH\View\View.php(229): CodeIgniter\View\View->CodeIgniter\View\{closure}()
 3 SYSTEMPATH\Common.php(1188): CodeIgniter\View\View->render('documents/create', [], true)
 4 APPPATH\Controllers\Documents.php(27): view('documents/create')
 5 SYSTEMPATH\CodeIgniter.php(919): App\Controllers\Documents->create()
 6 SYSTEMPATH\CodeIgniter.php(494): CodeIgniter\CodeIgniter->runController(Object(App\Controllers\Documents))
 7 SYSTEMPATH\CodeIgniter.php(353): CodeIgniter\CodeIgniter->handleRequest(null, Object(Config\Cache), false)
 8 FCPATH\index.php(79): CodeIgniter\CodeIgniter->run()
 9 SYSTEMPATH\Commands\Server\rewrite.php(47): require_once('C:\\laragon\\www\\Colegio_de_PuertoGalera\\public\\index.php')
CRITICAL - 2024-10-06 07:30:31 --> count(): Argument #1 ($value) must be of type Countable|array, null given
in APPPATH\Views\documents\create.php on line 90.
 1 SYSTEMPATH\View\View.php(226): include()
 2 SYSTEMPATH\View\View.php(229): CodeIgniter\View\View->CodeIgniter\View\{closure}()
 3 SYSTEMPATH\Common.php(1188): CodeIgniter\View\View->render('documents/create', [], true)
 4 APPPATH\Controllers\Documents.php(27): view('documents/create')
 5 SYSTEMPATH\CodeIgniter.php(919): App\Controllers\Documents->create()
 6 SYSTEMPATH\CodeIgniter.php(494): CodeIgniter\CodeIgniter->runController(Object(App\Controllers\Documents))
 7 SYSTEMPATH\CodeIgniter.php(353): CodeIgniter\CodeIgniter->handleRequest(null, Object(Config\Cache), false)
 8 FCPATH\index.php(79): CodeIgniter\CodeIgniter->run()
 9 SYSTEMPATH\Commands\Server\rewrite.php(47): require_once('C:\\laragon\\www\\Colegio_de_PuertoGalera\\public\\index.php')
CRITICAL - 2024-10-06 07:30:33 --> count(): Argument #1 ($value) must be of type Countable|array, null given
in APPPATH\Views\documents\create.php on line 90.
 1 SYSTEMPATH\View\View.php(226): include()
 2 SYSTEMPATH\View\View.php(229): CodeIgniter\View\View->CodeIgniter\View\{closure}()
 3 SYSTEMPATH\Common.php(1188): CodeIgniter\View\View->render('documents/create', [], true)
 4 APPPATH\Controllers\Documents.php(27): view('documents/create')
 5 SYSTEMPATH\CodeIgniter.php(919): App\Controllers\Documents->create()
 6 SYSTEMPATH\CodeIgniter.php(494): CodeIgniter\CodeIgniter->runController(Object(App\Controllers\Documents))
 7 SYSTEMPATH\CodeIgniter.php(353): CodeIgniter\CodeIgniter->handleRequest(null, Object(Config\Cache), false)
 8 FCPATH\index.php(79): CodeIgniter\CodeIgniter->run()
 9 SYSTEMPATH\Commands\Server\rewrite.php(47): require_once('C:\\laragon\\www\\Colegio_de_PuertoGalera\\public\\index.php')
CRITICAL - 2024-10-06 07:30:41 --> count(): Argument #1 ($value) must be of type Countable|array, null given
in APPPATH\Views\documents\create.php on line 56.
 1 SYSTEMPATH\View\View.php(226): include()
 2 SYSTEMPATH\View\View.php(229): CodeIgniter\View\View->CodeIgniter\View\{closure}()
 3 SYSTEMPATH\Common.php(1188): CodeIgniter\View\View->render('documents/create', [], true)
 4 APPPATH\Controllers\Documents.php(27): view('documents/create')
 5 SYSTEMPATH\CodeIgniter.php(919): App\Controllers\Documents->create()
 6 SYSTEMPATH\CodeIgniter.php(494): CodeIgniter\CodeIgniter->runController(Object(App\Controllers\Documents))
 7 SYSTEMPATH\CodeIgniter.php(353): CodeIgniter\CodeIgniter->handleRequest(null, Object(Config\Cache), false)
 8 FCPATH\index.php(79): CodeIgniter\CodeIgniter->run()
 9 SYSTEMPATH\Commands\Server\rewrite.php(47): require_once('C:\\laragon\\www\\Colegio_de_PuertoGalera\\public\\index.php')
CRITICAL - 2024-10-06 07:31:27 --> count(): Argument #1 ($value) must be of type Countable|array, null given
in APPPATH\Views\documents\create.php on line 69.
 1 SYSTEMPATH\View\View.php(226): include()
 2 SYSTEMPATH\View\View.php(229): CodeIgniter\View\View->CodeIgniter\View\{closure}()
 3 SYSTEMPATH\Common.php(1188): CodeIgniter\View\View->render('documents/create', [], true)
 4 APPPATH\Controllers\Documents.php(27): view('documents/create')
 5 SYSTEMPATH\CodeIgniter.php(919): App\Controllers\Documents->create()
 6 SYSTEMPATH\CodeIgniter.php(494): CodeIgniter\CodeIgniter->runController(Object(App\Controllers\Documents))
 7 SYSTEMPATH\CodeIgniter.php(353): CodeIgniter\CodeIgniter->handleRequest(null, Object(Config\Cache), false)
 8 FCPATH\index.php(79): CodeIgniter\CodeIgniter->run()
 9 SYSTEMPATH\Commands\Server\rewrite.php(47): require_once('C:\\laragon\\www\\Colegio_de_PuertoGalera\\public\\index.php')
CRITICAL - 2024-10-06 07:31:34 --> count(): Argument #1 ($value) must be of type Countable|array, null given
in APPPATH\Views\documents\create.php on line 69.
 1 SYSTEMPATH\View\View.php(226): include()
 2 SYSTEMPATH\View\View.php(229): CodeIgniter\View\View->CodeIgniter\View\{closure}()
 3 SYSTEMPATH\Common.php(1188): CodeIgniter\View\View->render('documents/create', [], true)
 4 APPPATH\Controllers\Documents.php(27): view('documents/create')
 5 SYSTEMPATH\CodeIgniter.php(919): App\Controllers\Documents->create()
 6 SYSTEMPATH\CodeIgniter.php(494): CodeIgniter\CodeIgniter->runController(Object(App\Controllers\Documents))
 7 SYSTEMPATH\CodeIgniter.php(353): CodeIgniter\CodeIgniter->handleRequest(null, Object(Config\Cache), false)
 8 FCPATH\index.php(79): CodeIgniter\CodeIgniter->run()
 9 SYSTEMPATH\Commands\Server\rewrite.php(47): require_once('C:\\laragon\\www\\Colegio_de_PuertoGalera\\public\\index.php')
CRITICAL - 2024-10-06 08:06:20 --> Undefined variable $profile_picture
in APPPATH\Views\supporting_documents.php on line 76.
 1 APPPATH\Views\supporting_documents.php(76): CodeIgniter\Debug\Exceptions->errorHandler(2, 'Undefined variable $profile_picture', 'C:\\laragon\\www\\Colegio_de_PuertoGalera\\app\\Views\\supporting_documents.php', 76)
 2 SYSTEMPATH\View\View.php(226): include('C:\\laragon\\www\\Colegio_de_PuertoGalera\\app\\Views\\supporting_documents.php')
 3 SYSTEMPATH\View\View.php(229): CodeIgniter\View\View->CodeIgniter\View\{closure}()
 4 SYSTEMPATH\Common.php(1188): CodeIgniter\View\View->render('supporting_documents', [], true)
 5 APPPATH\Controllers\SupportingDocuments.php(14): view('supporting_documents', [...])
 6 SYSTEMPATH\CodeIgniter.php(919): App\Controllers\SupportingDocuments->index()
 7 SYSTEMPATH\CodeIgniter.php(494): CodeIgniter\CodeIgniter->runController(Object(App\Controllers\SupportingDocuments))
 8 SYSTEMPATH\CodeIgniter.php(353): CodeIgniter\CodeIgniter->handleRequest(null, Object(Config\Cache), false)
 9 FCPATH\index.php(79): CodeIgniter\CodeIgniter->run()
10 SYSTEMPATH\Commands\Server\rewrite.php(47): require_once('C:\\laragon\\www\\Colegio_de_PuertoGalera\\public\\index.php')
CRITICAL - 2024-10-06 08:06:25 --> Undefined variable $profile_picture
in APPPATH\Views\supporting_documents.php on line 76.
 1 APPPATH\Views\supporting_documents.php(76): CodeIgniter\Debug\Exceptions->errorHandler(2, 'Undefined variable $profile_picture', 'C:\\laragon\\www\\Colegio_de_PuertoGalera\\app\\Views\\supporting_documents.php', 76)
 2 SYSTEMPATH\View\View.php(226): include('C:\\laragon\\www\\Colegio_de_PuertoGalera\\app\\Views\\supporting_documents.php')
 3 SYSTEMPATH\View\View.php(229): CodeIgniter\View\View->CodeIgniter\View\{closure}()
 4 SYSTEMPATH\Common.php(1188): CodeIgniter\View\View->render('supporting_documents', [], true)
 5 APPPATH\Controllers\SupportingDocuments.php(14): view('supporting_documents', [...])
 6 SYSTEMPATH\CodeIgniter.php(919): App\Controllers\SupportingDocuments->index()
 7 SYSTEMPATH\CodeIgniter.php(494): CodeIgniter\CodeIgniter->runController(Object(App\Controllers\SupportingDocuments))
 8 SYSTEMPATH\CodeIgniter.php(353): CodeIgniter\CodeIgniter->handleRequest(null, Object(Config\Cache), false)
 9 FCPATH\index.php(79): CodeIgniter\CodeIgniter->run()
10 SYSTEMPATH\Commands\Server\rewrite.php(47): require_once('C:\\laragon\\www\\Colegio_de_PuertoGalera\\public\\index.php')
CRITICAL - 2024-10-06 08:07:44 --> Undefined variable $profile_picture
in APPPATH\Views\supporting_documents.php on line 76.
 1 APPPATH\Views\supporting_documents.php(76): CodeIgniter\Debug\Exceptions->errorHandler(2, 'Undefined variable $profile_picture', 'C:\\laragon\\www\\Colegio_de_PuertoGalera\\app\\Views\\supporting_documents.php', 76)
 2 SYSTEMPATH\View\View.php(226): include('C:\\laragon\\www\\Colegio_de_PuertoGalera\\app\\Views\\supporting_documents.php')
 3 SYSTEMPATH\View\View.php(229): CodeIgniter\View\View->CodeIgniter\View\{closure}()
 4 SYSTEMPATH\Common.php(1188): CodeIgniter\View\View->render('supporting_documents', [], true)
 5 APPPATH\Controllers\SupportingDocuments.php(14): view('supporting_documents', [...])
 6 SYSTEMPATH\CodeIgniter.php(919): App\Controllers\SupportingDocuments->index()
 7 SYSTEMPATH\CodeIgniter.php(494): CodeIgniter\CodeIgniter->runController(Object(App\Controllers\SupportingDocuments))
 8 SYSTEMPATH\CodeIgniter.php(353): CodeIgniter\CodeIgniter->handleRequest(null, Object(Config\Cache), false)
 9 FCPATH\index.php(79): CodeIgniter\CodeIgniter->run()
10 SYSTEMPATH\Commands\Server\rewrite.php(47): require_once('C:\\laragon\\www\\Colegio_de_PuertoGalera\\public\\index.php')
CRITICAL - 2024-10-06 08:07:47 --> Undefined variable $profile_picture
in APPPATH\Views\supporting_documents.php on line 76.
 1 APPPATH\Views\supporting_documents.php(76): CodeIgniter\Debug\Exceptions->errorHandler(2, 'Undefined variable $profile_picture', 'C:\\laragon\\www\\Colegio_de_PuertoGalera\\app\\Views\\supporting_documents.php', 76)
 2 SYSTEMPATH\View\View.php(226): include('C:\\laragon\\www\\Colegio_de_PuertoGalera\\app\\Views\\supporting_documents.php')
 3 SYSTEMPATH\View\View.php(229): CodeIgniter\View\View->CodeIgniter\View\{closure}()
 4 SYSTEMPATH\Common.php(1188): CodeIgniter\View\View->render('supporting_documents', [], true)
 5 APPPATH\Controllers\SupportingDocuments.php(14): view('supporting_documents', [...])
 6 SYSTEMPATH\CodeIgniter.php(919): App\Controllers\SupportingDocuments->index()
 7 SYSTEMPATH\CodeIgniter.php(494): CodeIgniter\CodeIgniter->runController(Object(App\Controllers\SupportingDocuments))
 8 SYSTEMPATH\CodeIgniter.php(353): CodeIgniter\CodeIgniter->handleRequest(null, Object(Config\Cache), false)
 9 FCPATH\index.php(79): CodeIgniter\CodeIgniter->run()
10 SYSTEMPATH\Commands\Server\rewrite.php(47): require_once('C:\\laragon\\www\\Colegio_de_PuertoGalera\\public\\index.php')
CRITICAL - 2024-10-06 08:14:49 --> Undefined variable $profile_picture
in APPPATH\Views\supporting_documents.php on line 98.
 1 APPPATH\Views\supporting_documents.php(98): CodeIgniter\Debug\Exceptions->errorHandler(2, 'Undefined variable $profile_picture', 'C:\\laragon\\www\\Colegio_de_PuertoGalera\\app\\Views\\supporting_documents.php', 98)
 2 SYSTEMPATH\View\View.php(226): include('C:\\laragon\\www\\Colegio_de_PuertoGalera\\app\\Views\\supporting_documents.php')
 3 SYSTEMPATH\View\View.php(229): CodeIgniter\View\View->CodeIgniter\View\{closure}()
 4 SYSTEMPATH\Common.php(1188): CodeIgniter\View\View->render('supporting_documents', [], true)
 5 APPPATH\Controllers\SupportingDocuments.php(14): view('supporting_documents', [...])
 6 SYSTEMPATH\CodeIgniter.php(919): App\Controllers\SupportingDocuments->index()
 7 SYSTEMPATH\CodeIgniter.php(494): CodeIgniter\CodeIgniter->runController(Object(App\Controllers\SupportingDocuments))
 8 SYSTEMPATH\CodeIgniter.php(353): CodeIgniter\CodeIgniter->handleRequest(null, Object(Config\Cache), false)
 9 FCPATH\index.php(79): CodeIgniter\CodeIgniter->run()
10 SYSTEMPATH\Commands\Server\rewrite.php(47): require_once('C:\\laragon\\www\\Colegio_de_PuertoGalera\\public\\index.php')
CRITICAL - 2024-10-06 08:14:59 --> Undefined variable $profile_picture
in APPPATH\Views\supporting_documents.php on line 98.
 1 APPPATH\Views\supporting_documents.php(98): CodeIgniter\Debug\Exceptions->errorHandler(2, 'Undefined variable $profile_picture', 'C:\\laragon\\www\\Colegio_de_PuertoGalera\\app\\Views\\supporting_documents.php', 98)
 2 SYSTEMPATH\View\View.php(226): include('C:\\laragon\\www\\Colegio_de_PuertoGalera\\app\\Views\\supporting_documents.php')
 3 SYSTEMPATH\View\View.php(229): CodeIgniter\View\View->CodeIgniter\View\{closure}()
 4 SYSTEMPATH\Common.php(1188): CodeIgniter\View\View->render('supporting_documents', [], true)
 5 APPPATH\Controllers\SupportingDocuments.php(14): view('supporting_documents', [...])
 6 SYSTEMPATH\CodeIgniter.php(919): App\Controllers\SupportingDocuments->index()
 7 SYSTEMPATH\CodeIgniter.php(494): CodeIgniter\CodeIgniter->runController(Object(App\Controllers\SupportingDocuments))
 8 SYSTEMPATH\CodeIgniter.php(353): CodeIgniter\CodeIgniter->handleRequest(null, Object(Config\Cache), false)
 9 FCPATH\index.php(79): CodeIgniter\CodeIgniter->run()
10 SYSTEMPATH\Commands\Server\rewrite.php(47): require_once('C:\\laragon\\www\\Colegio_de_PuertoGalera\\public\\index.php')
CRITICAL - 2024-10-06 08:16:43 --> Undefined variable $session
in APPPATH\Controllers\ProfileController.php on line 48.
 1 APPPATH\Controllers\ProfileController.php(48): CodeIgniter\Debug\Exceptions->errorHandler(2, 'Undefined variable $session', 'C:\\laragon\\www\\Colegio_de_PuertoGalera\\app\\Controllers\\ProfileController.php', 48)
 2 SYSTEMPATH\CodeIgniter.php(919): App\Controllers\ProfileController->uploadImage()
 3 SYSTEMPATH\CodeIgniter.php(494): CodeIgniter\CodeIgniter->runController(Object(App\Controllers\ProfileController))
 4 SYSTEMPATH\CodeIgniter.php(353): CodeIgniter\CodeIgniter->handleRequest(null, Object(Config\Cache), false)
 5 FCPATH\index.php(79): CodeIgniter\CodeIgniter->run()
 6 SYSTEMPATH\Commands\Server\rewrite.php(47): require_once('C:\\laragon\\www\\Colegio_de_PuertoGalera\\public\\index.php')
CRITICAL - 2024-10-06 08:16:46 --> Undefined variable $session
in APPPATH\Controllers\ProfileController.php on line 48.
 1 APPPATH\Controllers\ProfileController.php(48): CodeIgniter\Debug\Exceptions->errorHandler(2, 'Undefined variable $session', 'C:\\laragon\\www\\Colegio_de_PuertoGalera\\app\\Controllers\\ProfileController.php', 48)
 2 SYSTEMPATH\CodeIgniter.php(919): App\Controllers\ProfileController->uploadImage()
 3 SYSTEMPATH\CodeIgniter.php(494): CodeIgniter\CodeIgniter->runController(Object(App\Controllers\ProfileController))
 4 SYSTEMPATH\CodeIgniter.php(353): CodeIgniter\CodeIgniter->handleRequest(null, Object(Config\Cache), false)
 5 FCPATH\index.php(79): CodeIgniter\CodeIgniter->run()
 6 SYSTEMPATH\Commands\Server\rewrite.php(47): require_once('C:\\laragon\\www\\Colegio_de_PuertoGalera\\public\\index.php')
CRITICAL - 2024-10-06 08:17:05 --> Undefined variable $session
in APPPATH\Controllers\ProfileController.php on line 48.
 1 APPPATH\Controllers\ProfileController.php(48): CodeIgniter\Debug\Exceptions->errorHandler(2, 'Undefined variable $session', 'C:\\laragon\\www\\Colegio_de_PuertoGalera\\app\\Controllers\\ProfileController.php', 48)
 2 SYSTEMPATH\CodeIgniter.php(919): App\Controllers\ProfileController->uploadImage()
 3 SYSTEMPATH\CodeIgniter.php(494): CodeIgniter\CodeIgniter->runController(Object(App\Controllers\ProfileController))
 4 SYSTEMPATH\CodeIgniter.php(353): CodeIgniter\CodeIgniter->handleRequest(null, Object(Config\Cache), false)
 5 FCPATH\index.php(79): CodeIgniter\CodeIgniter->run()
 6 SYSTEMPATH\Commands\Server\rewrite.php(47): require_once('C:\\laragon\\www\\Colegio_de_PuertoGalera\\public\\index.php')
CRITICAL - 2024-10-06 15:32:22 --> Undefined variable $profile_picture
in APPPATH\Views\include\header.php on line 60.
 1 APPPATH\Views\include\header.php(60): CodeIgniter\Debug\Exceptions->errorHandler(2, 'Undefined variable $profile_picture', 'C:\\laragon\\www\\Colegio_de_PuertoGalera\\app\\Views\\include\\header.php', 60)
 2 SYSTEMPATH\View\View.php(226): include('C:\\laragon\\www\\Colegio_de_PuertoGalera\\app\\Views\\include\\header.php')
 3 SYSTEMPATH\View\View.php(229): CodeIgniter\View\View->CodeIgniter\View\{closure}()
 4 SYSTEMPATH\View\View.php(467): CodeIgniter\View\View->render('include/header', null, true)
 5 APPPATH\Views\userpage\index.php(40): CodeIgniter\View\View->include('include/header')
 6 SYSTEMPATH\View\View.php(226): include('C:\\laragon\\www\\Colegio_de_PuertoGalera\\app\\Views\\userpage\\index.php')
 7 SYSTEMPATH\View\View.php(229): CodeIgniter\View\View->CodeIgniter\View\{closure}()
 8 SYSTEMPATH\Common.php(1188): CodeIgniter\View\View->render('userpage/index', [], true)
 9 APPPATH\Controllers\Home.php(28): view('userpage/index', [...])
10 SYSTEMPATH\CodeIgniter.php(919): App\Controllers\Home->index()
11 SYSTEMPATH\CodeIgniter.php(494): CodeIgniter\CodeIgniter->runController(Object(App\Controllers\Home))
12 SYSTEMPATH\CodeIgniter.php(353): CodeIgniter\CodeIgniter->handleRequest(null, Object(Config\Cache), false)
13 FCPATH\index.php(79): CodeIgniter\CodeIgniter->run()
14 SYSTEMPATH\Commands\Server\rewrite.php(47): require_once('C:\\laragon\\www\\Colegio_de_PuertoGalera\\public\\index.php')
