CRITICAL - 2024-11-01 04:13:42 --> "auth" filter must have a matching alias defined.
in SYSTEMPATH\Filters\Filters.php on line 350.
 1 SYSTEMPATH\Filters\Filters.php(350): CodeIgniter\Filters\Exceptions\FilterException::forNoAlias('auth')
 2 SYSTEMPATH\CodeIgniter.php(459): CodeIgniter\Filters\Filters->enableFilter('auth', 'before')
 3 SYSTEMPATH\CodeIgniter.php(353): CodeIgniter\CodeIgniter->handleRequest(null, Object(Config\Cache), false)
 4 FCPATH\index.php(79): CodeIgniter\CodeIgniter->run()
 5 SYSTEMPATH\Commands\Server\rewrite.php(47): require_once('C:\\laragon\\www\\Colegio_de_PuertoGalera\\public\\index.php')
CRITICAL - 2024-11-01 10:48:30 --> "auth" filter must have a matching alias defined.
in SYSTEMPATH\Filters\Filters.php on line 350.
 1 SYSTEMPATH\Filters\Filters.php(350): CodeIgniter\Filters\Exceptions\FilterException::forNoAlias('auth')
 2 SYSTEMPATH\CodeIgniter.php(459): CodeIgniter\Filters\Filters->enableFilter('auth', 'before')
 3 SYSTEMPATH\CodeIgniter.php(353): CodeIgniter\CodeIgniter->handleRequest(null, Object(Config\Cache), false)
 4 FCPATH\index.php(79): CodeIgniter\CodeIgniter->run()
 5 SYSTEMPATH\Commands\Server\rewrite.php(47): require_once('C:\\laragon\\www\\Colegio_de_PuertoGalera\\public\\index.php')
CRITICAL - 2024-11-01 11:08:04 --> "auth" filter must have a matching alias defined.
in SYSTEMPATH\Filters\Filters.php on line 350.
 1 SYSTEMPATH\Filters\Filters.php(350): CodeIgniter\Filters\Exceptions\FilterException::forNoAlias('auth')
 2 SYSTEMPATH\CodeIgniter.php(459): CodeIgniter\Filters\Filters->enableFilter('auth', 'before')
 3 SYSTEMPATH\CodeIgniter.php(353): CodeIgniter\CodeIgniter->handleRequest(null, Object(Config\Cache), false)
 4 FCPATH\index.php(79): CodeIgniter\CodeIgniter->run()
 5 SYSTEMPATH\Commands\Server\rewrite.php(47): require_once('C:\\laragon\\www\\Colegio_de_PuertoGalera\\public\\index.php')
CRITICAL - 2024-11-01 11:10:24 --> Class "App\Filters\AuthFilter" not found
in SYSTEMPATH\Filters\Filters.php on line 173.
 1 SYSTEMPATH\CodeIgniter.php(466): CodeIgniter\Filters\Filters->run('change-password', 'before')
 2 SYSTEMPATH\CodeIgniter.php(353): CodeIgniter\CodeIgniter->handleRequest(null, Object(Config\Cache), false)
 3 FCPATH\index.php(79): CodeIgniter\CodeIgniter->run()
 4 SYSTEMPATH\Commands\Server\rewrite.php(47): require_once('C:\\laragon\\www\\Colegio_de_PuertoGalera\\public\\index.php')
CRITICAL - 2024-11-01 12:33:26 --> file_get_contents(https://api.tawk.to/v1/visitors): Failed to open stream: HTTP request failed! HTTP/1.1 404 Not Found

in APPPATH\Controllers\Home.php on line 63.
 1 [internal function]: CodeIgniter\Debug\Exceptions->errorHandler(2, 'file_get_contents(https://api.tawk.to/v1/visitors): Failed to open stream: HTTP request failed! HTTP/1.1 404 Not Found
', 'C:\\laragon\\www\\Colegio_de_PuertoGalera\\app\\Controllers\\Home.php', 63)
 2 APPPATH\Controllers\Home.php(63): file_get_contents('https://api.tawk.to/v1/visitors', false, resource (stream-context))
 3 SYSTEMPATH\CodeIgniter.php(919): App\Controllers\Home->getLiveVisitors()
 4 SYSTEMPATH\CodeIgniter.php(494): CodeIgniter\CodeIgniter->runController(Object(App\Controllers\Home))
 5 SYSTEMPATH\CodeIgniter.php(353): CodeIgniter\CodeIgniter->handleRequest(null, Object(Config\Cache), false)
 6 FCPATH\index.php(79): CodeIgniter\CodeIgniter->run()
 7 SYSTEMPATH\Commands\Server\rewrite.php(47): require_once('C:\\laragon\\www\\Colegio_de_PuertoGalera\\public\\index.php')
CRITICAL - 2024-11-01 12:38:26 --> file_get_contents(https://api.tawk.to/v1/visitors): Failed to open stream: HTTP request failed! HTTP/1.1 404 Not Found

in APPPATH\Controllers\Home.php on line 63.
 1 [internal function]: CodeIgniter\Debug\Exceptions->errorHandler(2, 'file_get_contents(https://api.tawk.to/v1/visitors): Failed to open stream: HTTP request failed! HTTP/1.1 404 Not Found
', 'C:\\laragon\\www\\Colegio_de_PuertoGalera\\app\\Controllers\\Home.php', 63)
 2 APPPATH\Controllers\Home.php(63): file_get_contents('https://api.tawk.to/v1/visitors', false, resource (stream-context))
 3 SYSTEMPATH\CodeIgniter.php(919): App\Controllers\Home->getLiveVisitors()
 4 SYSTEMPATH\CodeIgniter.php(494): CodeIgniter\CodeIgniter->runController(Object(App\Controllers\Home))
 5 SYSTEMPATH\CodeIgniter.php(353): CodeIgniter\CodeIgniter->handleRequest(null, Object(Config\Cache), false)
 6 FCPATH\index.php(79): CodeIgniter\CodeIgniter->run()
 7 SYSTEMPATH\Commands\Server\rewrite.php(47): require_once('C:\\laragon\\www\\Colegio_de_PuertoGalera\\public\\index.php')
CRITICAL - 2024-11-01 12:38:31 --> file_get_contents(https://api.tawk.to/v1/visitors): Failed to open stream: HTTP request failed! HTTP/1.1 404 Not Found

in APPPATH\Controllers\Home.php on line 63.
 1 [internal function]: CodeIgniter\Debug\Exceptions->errorHandler(2, 'file_get_contents(https://api.tawk.to/v1/visitors): Failed to open stream: HTTP request failed! HTTP/1.1 404 Not Found
', 'C:\\laragon\\www\\Colegio_de_PuertoGalera\\app\\Controllers\\Home.php', 63)
 2 APPPATH\Controllers\Home.php(63): file_get_contents('https://api.tawk.to/v1/visitors', false, resource (stream-context))
 3 SYSTEMPATH\CodeIgniter.php(919): App\Controllers\Home->getLiveVisitors()
 4 SYSTEMPATH\CodeIgniter.php(494): CodeIgniter\CodeIgniter->runController(Object(App\Controllers\Home))
 5 SYSTEMPATH\CodeIgniter.php(353): CodeIgniter\CodeIgniter->handleRequest(null, Object(Config\Cache), false)
 6 FCPATH\index.php(79): CodeIgniter\CodeIgniter->run()
 7 SYSTEMPATH\Commands\Server\rewrite.php(47): require_once('C:\\laragon\\www\\Colegio_de_PuertoGalera\\public\\index.php')
CRITICAL - 2024-11-01 12:38:37 --> file_get_contents(https://api.tawk.to/v1/visitors): Failed to open stream: HTTP request failed! HTTP/1.1 404 Not Found

in APPPATH\Controllers\Home.php on line 63.
 1 [internal function]: CodeIgniter\Debug\Exceptions->errorHandler(2, 'file_get_contents(https://api.tawk.to/v1/visitors): Failed to open stream: HTTP request failed! HTTP/1.1 404 Not Found
', 'C:\\laragon\\www\\Colegio_de_PuertoGalera\\app\\Controllers\\Home.php', 63)
 2 APPPATH\Controllers\Home.php(63): file_get_contents('https://api.tawk.to/v1/visitors', false, resource (stream-context))
 3 SYSTEMPATH\CodeIgniter.php(919): App\Controllers\Home->getLiveVisitors()
 4 SYSTEMPATH\CodeIgniter.php(494): CodeIgniter\CodeIgniter->runController(Object(App\Controllers\Home))
 5 SYSTEMPATH\CodeIgniter.php(353): CodeIgniter\CodeIgniter->handleRequest(null, Object(Config\Cache), false)
 6 FCPATH\index.php(79): CodeIgniter\CodeIgniter->run()
 7 SYSTEMPATH\Commands\Server\rewrite.php(47): require_once('C:\\laragon\\www\\Colegio_de_PuertoGalera\\public\\index.php')
CRITICAL - 2024-11-01 12:38:41 --> file_get_contents(https://api.tawk.to/v1/visitors): Failed to open stream: HTTP request failed! HTTP/1.1 404 Not Found

in APPPATH\Controllers\Home.php on line 63.
 1 [internal function]: CodeIgniter\Debug\Exceptions->errorHandler(2, 'file_get_contents(https://api.tawk.to/v1/visitors): Failed to open stream: HTTP request failed! HTTP/1.1 404 Not Found
', 'C:\\laragon\\www\\Colegio_de_PuertoGalera\\app\\Controllers\\Home.php', 63)
 2 APPPATH\Controllers\Home.php(63): file_get_contents('https://api.tawk.to/v1/visitors', false, resource (stream-context))
 3 SYSTEMPATH\CodeIgniter.php(919): App\Controllers\Home->getLiveVisitors()
 4 SYSTEMPATH\CodeIgniter.php(494): CodeIgniter\CodeIgniter->runController(Object(App\Controllers\Home))
 5 SYSTEMPATH\CodeIgniter.php(353): CodeIgniter\CodeIgniter->handleRequest(null, Object(Config\Cache), false)
 6 FCPATH\index.php(79): CodeIgniter\CodeIgniter->run()
 7 SYSTEMPATH\Commands\Server\rewrite.php(47): require_once('C:\\laragon\\www\\Colegio_de_PuertoGalera\\public\\index.php')
CRITICAL - 2024-11-01 12:38:44 --> "admin," filter must have a matching alias defined.
in SYSTEMPATH\Filters\Filters.php on line 576.
 1 SYSTEMPATH\Filters\Filters.php(576): CodeIgniter\Filters\Exceptions\FilterException::forNoAlias('admin,')
 2 SYSTEMPATH\Filters\Filters.php(259): CodeIgniter\Filters\Filters->processAliasesToClass('before')
 3 SYSTEMPATH\Filters\Filters.php(170): CodeIgniter\Filters\Filters->initialize('getlivevisitors')
 4 SYSTEMPATH\CodeIgniter.php(466): CodeIgniter\Filters\Filters->run('getlivevisitors', 'before')
 5 SYSTEMPATH\CodeIgniter.php(353): CodeIgniter\CodeIgniter->handleRequest(null, Object(Config\Cache), false)
 6 FCPATH\index.php(79): CodeIgniter\CodeIgniter->run()
 7 SYSTEMPATH\Commands\Server\rewrite.php(47): require_once('C:\\laragon\\www\\Colegio_de_PuertoGalera\\public\\index.php')
CRITICAL - 2024-11-01 12:38:49 --> "admin," filter must have a matching alias defined.
in SYSTEMPATH\Filters\Filters.php on line 576.
 1 SYSTEMPATH\Filters\Filters.php(576): CodeIgniter\Filters\Exceptions\FilterException::forNoAlias('admin,')
 2 SYSTEMPATH\Filters\Filters.php(259): CodeIgniter\Filters\Filters->processAliasesToClass('before')
 3 SYSTEMPATH\Filters\Filters.php(170): CodeIgniter\Filters\Filters->initialize('getlivevisitors')
 4 SYSTEMPATH\CodeIgniter.php(466): CodeIgniter\Filters\Filters->run('getlivevisitors', 'before')
 5 SYSTEMPATH\CodeIgniter.php(353): CodeIgniter\CodeIgniter->handleRequest(null, Object(Config\Cache), false)
 6 FCPATH\index.php(79): CodeIgniter\CodeIgniter->run()
 7 SYSTEMPATH\Commands\Server\rewrite.php(47): require_once('C:\\laragon\\www\\Colegio_de_PuertoGalera\\public\\index.php')
CRITICAL - 2024-11-01 12:38:54 --> "admin," filter must have a matching alias defined.
in SYSTEMPATH\Filters\Filters.php on line 576.
 1 SYSTEMPATH\Filters\Filters.php(576): CodeIgniter\Filters\Exceptions\FilterException::forNoAlias('admin,')
 2 SYSTEMPATH\Filters\Filters.php(259): CodeIgniter\Filters\Filters->processAliasesToClass('before')
 3 SYSTEMPATH\Filters\Filters.php(170): CodeIgniter\Filters\Filters->initialize('getlivevisitors')
 4 SYSTEMPATH\CodeIgniter.php(466): CodeIgniter\Filters\Filters->run('getlivevisitors', 'before')
 5 SYSTEMPATH\CodeIgniter.php(353): CodeIgniter\CodeIgniter->handleRequest(null, Object(Config\Cache), false)
 6 FCPATH\index.php(79): CodeIgniter\CodeIgniter->run()
 7 SYSTEMPATH\Commands\Server\rewrite.php(47): require_once('C:\\laragon\\www\\Colegio_de_PuertoGalera\\public\\index.php')
CRITICAL - 2024-11-01 12:39:01 --> file_get_contents(https://api.tawk.to/v1/visitors): Failed to open stream: HTTP request failed! HTTP/1.1 404 Not Found

in APPPATH\Controllers\Home.php on line 63.
 1 [internal function]: CodeIgniter\Debug\Exceptions->errorHandler(2, 'file_get_contents(https://api.tawk.to/v1/visitors): Failed to open stream: HTTP request failed! HTTP/1.1 404 Not Found
', 'C:\\laragon\\www\\Colegio_de_PuertoGalera\\app\\Controllers\\Home.php', 63)
 2 APPPATH\Controllers\Home.php(63): file_get_contents('https://api.tawk.to/v1/visitors', false, resource (stream-context))
 3 SYSTEMPATH\CodeIgniter.php(919): App\Controllers\Home->getLiveVisitors()
 4 SYSTEMPATH\CodeIgniter.php(494): CodeIgniter\CodeIgniter->runController(Object(App\Controllers\Home))
 5 SYSTEMPATH\CodeIgniter.php(353): CodeIgniter\CodeIgniter->handleRequest(null, Object(Config\Cache), false)
 6 FCPATH\index.php(79): CodeIgniter\CodeIgniter->run()
 7 SYSTEMPATH\Commands\Server\rewrite.php(47): require_once('C:\\laragon\\www\\Colegio_de_PuertoGalera\\public\\index.php')
CRITICAL - 2024-11-01 12:39:06 --> file_get_contents(https://api.tawk.to/v1/visitors): Failed to open stream: HTTP request failed! HTTP/1.1 404 Not Found

in APPPATH\Controllers\Home.php on line 63.
 1 [internal function]: CodeIgniter\Debug\Exceptions->errorHandler(2, 'file_get_contents(https://api.tawk.to/v1/visitors): Failed to open stream: HTTP request failed! HTTP/1.1 404 Not Found
', 'C:\\laragon\\www\\Colegio_de_PuertoGalera\\app\\Controllers\\Home.php', 63)
 2 APPPATH\Controllers\Home.php(63): file_get_contents('https://api.tawk.to/v1/visitors', false, resource (stream-context))
 3 SYSTEMPATH\CodeIgniter.php(919): App\Controllers\Home->getLiveVisitors()
 4 SYSTEMPATH\CodeIgniter.php(494): CodeIgniter\CodeIgniter->runController(Object(App\Controllers\Home))
 5 SYSTEMPATH\CodeIgniter.php(353): CodeIgniter\CodeIgniter->handleRequest(null, Object(Config\Cache), false)
 6 FCPATH\index.php(79): CodeIgniter\CodeIgniter->run()
 7 SYSTEMPATH\Commands\Server\rewrite.php(47): require_once('C:\\laragon\\www\\Colegio_de_PuertoGalera\\public\\index.php')
CRITICAL - 2024-11-01 12:39:13 --> file_get_contents(https://api.tawk.to/v1/visitors): Failed to open stream: HTTP request failed! HTTP/1.1 404 Not Found

in APPPATH\Controllers\Home.php on line 63.
 1 [internal function]: CodeIgniter\Debug\Exceptions->errorHandler(2, 'file_get_contents(https://api.tawk.to/v1/visitors): Failed to open stream: HTTP request failed! HTTP/1.1 404 Not Found
', 'C:\\laragon\\www\\Colegio_de_PuertoGalera\\app\\Controllers\\Home.php', 63)
 2 APPPATH\Controllers\Home.php(63): file_get_contents('https://api.tawk.to/v1/visitors', false, resource (stream-context))
 3 SYSTEMPATH\CodeIgniter.php(919): App\Controllers\Home->getLiveVisitors()
 4 SYSTEMPATH\CodeIgniter.php(494): CodeIgniter\CodeIgniter->runController(Object(App\Controllers\Home))
 5 SYSTEMPATH\CodeIgniter.php(353): CodeIgniter\CodeIgniter->handleRequest(null, Object(Config\Cache), false)
 6 FCPATH\index.php(79): CodeIgniter\CodeIgniter->run()
 7 SYSTEMPATH\Commands\Server\rewrite.php(47): require_once('C:\\laragon\\www\\Colegio_de_PuertoGalera\\public\\index.php')
CRITICAL - 2024-11-01 12:39:17 --> file_get_contents(https://api.tawk.to/v1/visitors): Failed to open stream: HTTP request failed! HTTP/1.1 404 Not Found

in APPPATH\Controllers\Home.php on line 63.
 1 [internal function]: CodeIgniter\Debug\Exceptions->errorHandler(2, 'file_get_contents(https://api.tawk.to/v1/visitors): Failed to open stream: HTTP request failed! HTTP/1.1 404 Not Found
', 'C:\\laragon\\www\\Colegio_de_PuertoGalera\\app\\Controllers\\Home.php', 63)
 2 APPPATH\Controllers\Home.php(63): file_get_contents('https://api.tawk.to/v1/visitors', false, resource (stream-context))
 3 SYSTEMPATH\CodeIgniter.php(919): App\Controllers\Home->getLiveVisitors()
 4 SYSTEMPATH\CodeIgniter.php(494): CodeIgniter\CodeIgniter->runController(Object(App\Controllers\Home))
 5 SYSTEMPATH\CodeIgniter.php(353): CodeIgniter\CodeIgniter->handleRequest(null, Object(Config\Cache), false)
 6 FCPATH\index.php(79): CodeIgniter\CodeIgniter->run()
 7 SYSTEMPATH\Commands\Server\rewrite.php(47): require_once('C:\\laragon\\www\\Colegio_de_PuertoGalera\\public\\index.php')
CRITICAL - 2024-11-01 12:39:22 --> file_get_contents(https://api.tawk.to/v1/visitors): Failed to open stream: HTTP request failed! HTTP/1.1 404 Not Found

in APPPATH\Controllers\Home.php on line 63.
 1 [internal function]: CodeIgniter\Debug\Exceptions->errorHandler(2, 'file_get_contents(https://api.tawk.to/v1/visitors): Failed to open stream: HTTP request failed! HTTP/1.1 404 Not Found
', 'C:\\laragon\\www\\Colegio_de_PuertoGalera\\app\\Controllers\\Home.php', 63)
 2 APPPATH\Controllers\Home.php(63): file_get_contents('https://api.tawk.to/v1/visitors', false, resource (stream-context))
 3 SYSTEMPATH\CodeIgniter.php(919): App\Controllers\Home->getLiveVisitors()
 4 SYSTEMPATH\CodeIgniter.php(494): CodeIgniter\CodeIgniter->runController(Object(App\Controllers\Home))
 5 SYSTEMPATH\CodeIgniter.php(353): CodeIgniter\CodeIgniter->handleRequest(null, Object(Config\Cache), false)
 6 FCPATH\index.php(79): CodeIgniter\CodeIgniter->run()
 7 SYSTEMPATH\Commands\Server\rewrite.php(47): require_once('C:\\laragon\\www\\Colegio_de_PuertoGalera\\public\\index.php')
CRITICAL - 2024-11-01 12:39:27 --> file_get_contents(https://api.tawk.to/v1/visitors): Failed to open stream: HTTP request failed! HTTP/1.1 404 Not Found

in APPPATH\Controllers\Home.php on line 63.
 1 [internal function]: CodeIgniter\Debug\Exceptions->errorHandler(2, 'file_get_contents(https://api.tawk.to/v1/visitors): Failed to open stream: HTTP request failed! HTTP/1.1 404 Not Found
', 'C:\\laragon\\www\\Colegio_de_PuertoGalera\\app\\Controllers\\Home.php', 63)
 2 APPPATH\Controllers\Home.php(63): file_get_contents('https://api.tawk.to/v1/visitors', false, resource (stream-context))
 3 SYSTEMPATH\CodeIgniter.php(919): App\Controllers\Home->getLiveVisitors()
 4 SYSTEMPATH\CodeIgniter.php(494): CodeIgniter\CodeIgniter->runController(Object(App\Controllers\Home))
 5 SYSTEMPATH\CodeIgniter.php(353): CodeIgniter\CodeIgniter->handleRequest(null, Object(Config\Cache), false)
 6 FCPATH\index.php(79): CodeIgniter\CodeIgniter->run()
 7 SYSTEMPATH\Commands\Server\rewrite.php(47): require_once('C:\\laragon\\www\\Colegio_de_PuertoGalera\\public\\index.php')
CRITICAL - 2024-11-01 12:40:15 --> file_get_contents(https://api.tawk.to/v1/visitors): Failed to open stream: HTTP request failed! HTTP/1.1 404 Not Found

in APPPATH\Controllers\Home.php on line 63.
 1 [internal function]: CodeIgniter\Debug\Exceptions->errorHandler(2, 'file_get_contents(https://api.tawk.to/v1/visitors): Failed to open stream: HTTP request failed! HTTP/1.1 404 Not Found
', 'C:\\laragon\\www\\Colegio_de_PuertoGalera\\app\\Controllers\\Home.php', 63)
 2 APPPATH\Controllers\Home.php(63): file_get_contents('https://api.tawk.to/v1/visitors', false, resource (stream-context))
 3 SYSTEMPATH\CodeIgniter.php(919): App\Controllers\Home->getLiveVisitors()
 4 SYSTEMPATH\CodeIgniter.php(494): CodeIgniter\CodeIgniter->runController(Object(App\Controllers\Home))
 5 SYSTEMPATH\CodeIgniter.php(353): CodeIgniter\CodeIgniter->handleRequest(null, Object(Config\Cache), false)
 6 FCPATH\index.php(79): CodeIgniter\CodeIgniter->run()
 7 SYSTEMPATH\Commands\Server\rewrite.php(47): require_once('C:\\laragon\\www\\Colegio_de_PuertoGalera\\public\\index.php')
CRITICAL - 2024-11-01 12:40:17 --> file_get_contents(https://api.tawk.to/v1/visitors): Failed to open stream: HTTP request failed! HTTP/1.1 404 Not Found

in APPPATH\Controllers\Home.php on line 63.
 1 [internal function]: CodeIgniter\Debug\Exceptions->errorHandler(2, 'file_get_contents(https://api.tawk.to/v1/visitors): Failed to open stream: HTTP request failed! HTTP/1.1 404 Not Found
', 'C:\\laragon\\www\\Colegio_de_PuertoGalera\\app\\Controllers\\Home.php', 63)
 2 APPPATH\Controllers\Home.php(63): file_get_contents('https://api.tawk.to/v1/visitors', false, resource (stream-context))
 3 SYSTEMPATH\CodeIgniter.php(919): App\Controllers\Home->getLiveVisitors()
 4 SYSTEMPATH\CodeIgniter.php(494): CodeIgniter\CodeIgniter->runController(Object(App\Controllers\Home))
 5 SYSTEMPATH\CodeIgniter.php(353): CodeIgniter\CodeIgniter->handleRequest(null, Object(Config\Cache), false)
 6 FCPATH\index.php(79): CodeIgniter\CodeIgniter->run()
 7 SYSTEMPATH\Commands\Server\rewrite.php(47): require_once('C:\\laragon\\www\\Colegio_de_PuertoGalera\\public\\index.php')
CRITICAL - 2024-11-01 13:48:53 --> file_get_contents(https://api.tawk.to/v1/visitors): Failed to open stream: HTTP request failed! HTTP/1.1 404 Not Found

in APPPATH\Controllers\Home.php on line 63.
 1 [internal function]: CodeIgniter\Debug\Exceptions->errorHandler(2, 'file_get_contents(https://api.tawk.to/v1/visitors): Failed to open stream: HTTP request failed! HTTP/1.1 404 Not Found
', 'C:\\laragon\\www\\Colegio_de_PuertoGalera\\app\\Controllers\\Home.php', 63)
 2 APPPATH\Controllers\Home.php(63): file_get_contents('https://api.tawk.to/v1/visitors', false, resource (stream-context))
 3 SYSTEMPATH\CodeIgniter.php(919): App\Controllers\Home->getLiveVisitors()
 4 SYSTEMPATH\CodeIgniter.php(494): CodeIgniter\CodeIgniter->runController(Object(App\Controllers\Home))
 5 SYSTEMPATH\CodeIgniter.php(353): CodeIgniter\CodeIgniter->handleRequest(null, Object(Config\Cache), false)
 6 FCPATH\index.php(79): CodeIgniter\CodeIgniter->run()
 7 SYSTEMPATH\Commands\Server\rewrite.php(47): require_once('C:\\laragon\\www\\Colegio_de_PuertoGalera\\public\\index.php')
CRITICAL - 2024-11-01 13:48:58 --> file_get_contents(https://api.tawk.to/v1/visitors): Failed to open stream: HTTP request failed! HTTP/1.1 404 Not Found

in APPPATH\Controllers\Home.php on line 63.
 1 [internal function]: CodeIgniter\Debug\Exceptions->errorHandler(2, 'file_get_contents(https://api.tawk.to/v1/visitors): Failed to open stream: HTTP request failed! HTTP/1.1 404 Not Found
', 'C:\\laragon\\www\\Colegio_de_PuertoGalera\\app\\Controllers\\Home.php', 63)
 2 APPPATH\Controllers\Home.php(63): file_get_contents('https://api.tawk.to/v1/visitors', false, resource (stream-context))
 3 SYSTEMPATH\CodeIgniter.php(919): App\Controllers\Home->getLiveVisitors()
 4 SYSTEMPATH\CodeIgniter.php(494): CodeIgniter\CodeIgniter->runController(Object(App\Controllers\Home))
 5 SYSTEMPATH\CodeIgniter.php(353): CodeIgniter\CodeIgniter->handleRequest(null, Object(Config\Cache), false)
 6 FCPATH\index.php(79): CodeIgniter\CodeIgniter->run()
 7 SYSTEMPATH\Commands\Server\rewrite.php(47): require_once('C:\\laragon\\www\\Colegio_de_PuertoGalera\\public\\index.php')
CRITICAL - 2024-11-01 13:49:03 --> file_get_contents(https://api.tawk.to/v1/visitors): Failed to open stream: HTTP request failed! HTTP/1.1 404 Not Found

in APPPATH\Controllers\Home.php on line 63.
 1 [internal function]: CodeIgniter\Debug\Exceptions->errorHandler(2, 'file_get_contents(https://api.tawk.to/v1/visitors): Failed to open stream: HTTP request failed! HTTP/1.1 404 Not Found
', 'C:\\laragon\\www\\Colegio_de_PuertoGalera\\app\\Controllers\\Home.php', 63)
 2 APPPATH\Controllers\Home.php(63): file_get_contents('https://api.tawk.to/v1/visitors', false, resource (stream-context))
 3 SYSTEMPATH\CodeIgniter.php(919): App\Controllers\Home->getLiveVisitors()
 4 SYSTEMPATH\CodeIgniter.php(494): CodeIgniter\CodeIgniter->runController(Object(App\Controllers\Home))
 5 SYSTEMPATH\CodeIgniter.php(353): CodeIgniter\CodeIgniter->handleRequest(null, Object(Config\Cache), false)
 6 FCPATH\index.php(79): CodeIgniter\CodeIgniter->run()
 7 SYSTEMPATH\Commands\Server\rewrite.php(47): require_once('C:\\laragon\\www\\Colegio_de_PuertoGalera\\public\\index.php')
CRITICAL - 2024-11-01 13:49:07 --> file_get_contents(https://api.tawk.to/v1/visitors): Failed to open stream: HTTP request failed! HTTP/1.1 404 Not Found

in APPPATH\Controllers\Home.php on line 63.
 1 [internal function]: CodeIgniter\Debug\Exceptions->errorHandler(2, 'file_get_contents(https://api.tawk.to/v1/visitors): Failed to open stream: HTTP request failed! HTTP/1.1 404 Not Found
', 'C:\\laragon\\www\\Colegio_de_PuertoGalera\\app\\Controllers\\Home.php', 63)
 2 APPPATH\Controllers\Home.php(63): file_get_contents('https://api.tawk.to/v1/visitors', false, resource (stream-context))
 3 SYSTEMPATH\CodeIgniter.php(919): App\Controllers\Home->getLiveVisitors()
 4 SYSTEMPATH\CodeIgniter.php(494): CodeIgniter\CodeIgniter->runController(Object(App\Controllers\Home))
 5 SYSTEMPATH\CodeIgniter.php(353): CodeIgniter\CodeIgniter->handleRequest(null, Object(Config\Cache), false)
 6 FCPATH\index.php(79): CodeIgniter\CodeIgniter->run()
 7 SYSTEMPATH\Commands\Server\rewrite.php(47): require_once('C:\\laragon\\www\\Colegio_de_PuertoGalera\\public\\index.php')
CRITICAL - 2024-11-01 13:49:12 --> file_get_contents(https://api.tawk.to/v1/visitors): Failed to open stream: HTTP request failed! HTTP/1.1 404 Not Found

in APPPATH\Controllers\Home.php on line 63.
 1 [internal function]: CodeIgniter\Debug\Exceptions->errorHandler(2, 'file_get_contents(https://api.tawk.to/v1/visitors): Failed to open stream: HTTP request failed! HTTP/1.1 404 Not Found
', 'C:\\laragon\\www\\Colegio_de_PuertoGalera\\app\\Controllers\\Home.php', 63)
 2 APPPATH\Controllers\Home.php(63): file_get_contents('https://api.tawk.to/v1/visitors', false, resource (stream-context))
 3 SYSTEMPATH\CodeIgniter.php(919): App\Controllers\Home->getLiveVisitors()
 4 SYSTEMPATH\CodeIgniter.php(494): CodeIgniter\CodeIgniter->runController(Object(App\Controllers\Home))
 5 SYSTEMPATH\CodeIgniter.php(353): CodeIgniter\CodeIgniter->handleRequest(null, Object(Config\Cache), false)
 6 FCPATH\index.php(79): CodeIgniter\CodeIgniter->run()
 7 SYSTEMPATH\Commands\Server\rewrite.php(47): require_once('C:\\laragon\\www\\Colegio_de_PuertoGalera\\public\\index.php')
CRITICAL - 2024-11-01 13:49:18 --> file_get_contents(https://api.tawk.to/v1/visitors): Failed to open stream: HTTP request failed! HTTP/1.1 404 Not Found

in APPPATH\Controllers\Home.php on line 63.
 1 [internal function]: CodeIgniter\Debug\Exceptions->errorHandler(2, 'file_get_contents(https://api.tawk.to/v1/visitors): Failed to open stream: HTTP request failed! HTTP/1.1 404 Not Found
', 'C:\\laragon\\www\\Colegio_de_PuertoGalera\\app\\Controllers\\Home.php', 63)
 2 APPPATH\Controllers\Home.php(63): file_get_contents('https://api.tawk.to/v1/visitors', false, resource (stream-context))
 3 SYSTEMPATH\CodeIgniter.php(919): App\Controllers\Home->getLiveVisitors()
 4 SYSTEMPATH\CodeIgniter.php(494): CodeIgniter\CodeIgniter->runController(Object(App\Controllers\Home))
 5 SYSTEMPATH\CodeIgniter.php(353): CodeIgniter\CodeIgniter->handleRequest(null, Object(Config\Cache), false)
 6 FCPATH\index.php(79): CodeIgniter\CodeIgniter->run()
 7 SYSTEMPATH\Commands\Server\rewrite.php(47): require_once('C:\\laragon\\www\\Colegio_de_PuertoGalera\\public\\index.php')
CRITICAL - 2024-11-01 13:49:22 --> file_get_contents(https://api.tawk.to/v1/visitors): Failed to open stream: HTTP request failed! HTTP/1.1 404 Not Found

in APPPATH\Controllers\Home.php on line 63.
 1 [internal function]: CodeIgniter\Debug\Exceptions->errorHandler(2, 'file_get_contents(https://api.tawk.to/v1/visitors): Failed to open stream: HTTP request failed! HTTP/1.1 404 Not Found
', 'C:\\laragon\\www\\Colegio_de_PuertoGalera\\app\\Controllers\\Home.php', 63)
 2 APPPATH\Controllers\Home.php(63): file_get_contents('https://api.tawk.to/v1/visitors', false, resource (stream-context))
 3 SYSTEMPATH\CodeIgniter.php(919): App\Controllers\Home->getLiveVisitors()
 4 SYSTEMPATH\CodeIgniter.php(494): CodeIgniter\CodeIgniter->runController(Object(App\Controllers\Home))
 5 SYSTEMPATH\CodeIgniter.php(353): CodeIgniter\CodeIgniter->handleRequest(null, Object(Config\Cache), false)
 6 FCPATH\index.php(79): CodeIgniter\CodeIgniter->run()
 7 SYSTEMPATH\Commands\Server\rewrite.php(47): require_once('C:\\laragon\\www\\Colegio_de_PuertoGalera\\public\\index.php')
CRITICAL - 2024-11-01 13:49:27 --> file_get_contents(https://api.tawk.to/v1/visitors): Failed to open stream: HTTP request failed! HTTP/1.1 404 Not Found

in APPPATH\Controllers\Home.php on line 63.
 1 [internal function]: CodeIgniter\Debug\Exceptions->errorHandler(2, 'file_get_contents(https://api.tawk.to/v1/visitors): Failed to open stream: HTTP request failed! HTTP/1.1 404 Not Found
', 'C:\\laragon\\www\\Colegio_de_PuertoGalera\\app\\Controllers\\Home.php', 63)
 2 APPPATH\Controllers\Home.php(63): file_get_contents('https://api.tawk.to/v1/visitors', false, resource (stream-context))
 3 SYSTEMPATH\CodeIgniter.php(919): App\Controllers\Home->getLiveVisitors()
 4 SYSTEMPATH\CodeIgniter.php(494): CodeIgniter\CodeIgniter->runController(Object(App\Controllers\Home))
 5 SYSTEMPATH\CodeIgniter.php(353): CodeIgniter\CodeIgniter->handleRequest(null, Object(Config\Cache), false)
 6 FCPATH\index.php(79): CodeIgniter\CodeIgniter->run()
 7 SYSTEMPATH\Commands\Server\rewrite.php(47): require_once('C:\\laragon\\www\\Colegio_de_PuertoGalera\\public\\index.php')
CRITICAL - 2024-11-01 13:49:32 --> file_get_contents(https://api.tawk.to/v1/visitors): Failed to open stream: HTTP request failed! HTTP/1.1 404 Not Found

in APPPATH\Controllers\Home.php on line 63.
 1 [internal function]: CodeIgniter\Debug\Exceptions->errorHandler(2, 'file_get_contents(https://api.tawk.to/v1/visitors): Failed to open stream: HTTP request failed! HTTP/1.1 404 Not Found
', 'C:\\laragon\\www\\Colegio_de_PuertoGalera\\app\\Controllers\\Home.php', 63)
 2 APPPATH\Controllers\Home.php(63): file_get_contents('https://api.tawk.to/v1/visitors', false, resource (stream-context))
 3 SYSTEMPATH\CodeIgniter.php(919): App\Controllers\Home->getLiveVisitors()
 4 SYSTEMPATH\CodeIgniter.php(494): CodeIgniter\CodeIgniter->runController(Object(App\Controllers\Home))
 5 SYSTEMPATH\CodeIgniter.php(353): CodeIgniter\CodeIgniter->handleRequest(null, Object(Config\Cache), false)
 6 FCPATH\index.php(79): CodeIgniter\CodeIgniter->run()
 7 SYSTEMPATH\Commands\Server\rewrite.php(47): require_once('C:\\laragon\\www\\Colegio_de_PuertoGalera\\public\\index.php')
CRITICAL - 2024-11-01 13:54:34 --> Undefined variable $subject
in APPPATH\Views\admin\facultyscheduledetails.php on line 157.
 1 APPPATH\Views\admin\facultyscheduledetails.php(157): CodeIgniter\Debug\Exceptions->errorHandler(2, 'Undefined variable $subject', 'C:\\laragon\\www\\Colegio_de_PuertoGalera\\app\\Views\\admin\\facultyscheduledetails.php', 157)
 2 SYSTEMPATH\View\View.php(226): include('C:\\laragon\\www\\Colegio_de_PuertoGalera\\app\\Views\\admin\\facultyscheduledetails.php')
 3 SYSTEMPATH\View\View.php(229): CodeIgniter\View\View->CodeIgniter\View\{closure}()
 4 SYSTEMPATH\Common.php(1188): CodeIgniter\View\View->render('admin/facultyscheduledetails', [], true)
 5 APPPATH\Controllers\FacultyController.php(104): view('admin/facultyscheduledetails', [...])
 6 SYSTEMPATH\CodeIgniter.php(919): App\Controllers\FacultyController->details('3')
 7 SYSTEMPATH\CodeIgniter.php(494): CodeIgniter\CodeIgniter->runController(Object(App\Controllers\FacultyController))
 8 SYSTEMPATH\CodeIgniter.php(353): CodeIgniter\CodeIgniter->handleRequest(null, Object(Config\Cache), false)
 9 FCPATH\index.php(79): CodeIgniter\CodeIgniter->run()
10 SYSTEMPATH\Commands\Server\rewrite.php(47): require_once('C:\\laragon\\www\\Colegio_de_PuertoGalera\\public\\index.php')
CRITICAL - 2024-11-01 13:59:56 --> Undefined array key "name"
in APPPATH\Controllers\FacultyController.php on line 103.
 1 APPPATH\Controllers\FacultyController.php(103): CodeIgniter\Debug\Exceptions->errorHandler(2, 'Undefined array key "name"', 'C:\\laragon\\www\\Colegio_de_PuertoGalera\\app\\Controllers\\FacultyController.php', 103)
 2 SYSTEMPATH\CodeIgniter.php(919): App\Controllers\FacultyController->details('3')
 3 SYSTEMPATH\CodeIgniter.php(494): CodeIgniter\CodeIgniter->runController(Object(App\Controllers\FacultyController))
 4 SYSTEMPATH\CodeIgniter.php(353): CodeIgniter\CodeIgniter->handleRequest(null, Object(Config\Cache), false)
 5 FCPATH\index.php(79): CodeIgniter\CodeIgniter->run()
 6 SYSTEMPATH\Commands\Server\rewrite.php(47): require_once('C:\\laragon\\www\\Colegio_de_PuertoGalera\\public\\index.php')
CRITICAL - 2024-11-01 13:59:56 --> Undefined array key "name"
in APPPATH\Controllers\FacultyController.php on line 103.
 1 APPPATH\Controllers\FacultyController.php(103): CodeIgniter\Debug\Exceptions->errorHandler(2, 'Undefined array key "name"', 'C:\\laragon\\www\\Colegio_de_PuertoGalera\\app\\Controllers\\FacultyController.php', 103)
 2 SYSTEMPATH\CodeIgniter.php(919): App\Controllers\FacultyController->details('3')
 3 SYSTEMPATH\CodeIgniter.php(494): CodeIgniter\CodeIgniter->runController(Object(App\Controllers\FacultyController))
 4 SYSTEMPATH\CodeIgniter.php(353): CodeIgniter\CodeIgniter->handleRequest(null, Object(Config\Cache), false)
 5 FCPATH\index.php(79): CodeIgniter\CodeIgniter->run()
 6 SYSTEMPATH\Commands\Server\rewrite.php(47): require_once('C:\\laragon\\www\\Colegio_de_PuertoGalera\\public\\index.php')
CRITICAL - 2024-11-01 14:00:14 --> Undefined array key "name"
in APPPATH\Controllers\FacultyController.php on line 103.
 1 APPPATH\Controllers\FacultyController.php(103): CodeIgniter\Debug\Exceptions->errorHandler(2, 'Undefined array key "name"', 'C:\\laragon\\www\\Colegio_de_PuertoGalera\\app\\Controllers\\FacultyController.php', 103)
 2 SYSTEMPATH\CodeIgniter.php(919): App\Controllers\FacultyController->details('3')
 3 SYSTEMPATH\CodeIgniter.php(494): CodeIgniter\CodeIgniter->runController(Object(App\Controllers\FacultyController))
 4 SYSTEMPATH\CodeIgniter.php(353): CodeIgniter\CodeIgniter->handleRequest(null, Object(Config\Cache), false)
 5 FCPATH\index.php(79): CodeIgniter\CodeIgniter->run()
 6 SYSTEMPATH\Commands\Server\rewrite.php(47): require_once('C:\\laragon\\www\\Colegio_de_PuertoGalera\\public\\index.php')
CRITICAL - 2024-11-01 14:00:15 --> Undefined array key "name"
in APPPATH\Controllers\FacultyController.php on line 103.
 1 APPPATH\Controllers\FacultyController.php(103): CodeIgniter\Debug\Exceptions->errorHandler(2, 'Undefined array key "name"', 'C:\\laragon\\www\\Colegio_de_PuertoGalera\\app\\Controllers\\FacultyController.php', 103)
 2 SYSTEMPATH\CodeIgniter.php(919): App\Controllers\FacultyController->details('3')
 3 SYSTEMPATH\CodeIgniter.php(494): CodeIgniter\CodeIgniter->runController(Object(App\Controllers\FacultyController))
 4 SYSTEMPATH\CodeIgniter.php(353): CodeIgniter\CodeIgniter->handleRequest(null, Object(Config\Cache), false)
 5 FCPATH\index.php(79): CodeIgniter\CodeIgniter->run()
 6 SYSTEMPATH\Commands\Server\rewrite.php(47): require_once('C:\\laragon\\www\\Colegio_de_PuertoGalera\\public\\index.php')
CRITICAL - 2024-11-01 14:00:15 --> Undefined array key "name"
in APPPATH\Controllers\FacultyController.php on line 103.
 1 APPPATH\Controllers\FacultyController.php(103): CodeIgniter\Debug\Exceptions->errorHandler(2, 'Undefined array key "name"', 'C:\\laragon\\www\\Colegio_de_PuertoGalera\\app\\Controllers\\FacultyController.php', 103)
 2 SYSTEMPATH\CodeIgniter.php(919): App\Controllers\FacultyController->details('3')
 3 SYSTEMPATH\CodeIgniter.php(494): CodeIgniter\CodeIgniter->runController(Object(App\Controllers\FacultyController))
 4 SYSTEMPATH\CodeIgniter.php(353): CodeIgniter\CodeIgniter->handleRequest(null, Object(Config\Cache), false)
 5 FCPATH\index.php(79): CodeIgniter\CodeIgniter->run()
 6 SYSTEMPATH\Commands\Server\rewrite.php(47): require_once('C:\\laragon\\www\\Colegio_de_PuertoGalera\\public\\index.php')
CRITICAL - 2024-11-01 14:00:20 --> Undefined array key "name"
in APPPATH\Controllers\FacultyController.php on line 103.
 1 APPPATH\Controllers\FacultyController.php(103): CodeIgniter\Debug\Exceptions->errorHandler(2, 'Undefined array key "name"', 'C:\\laragon\\www\\Colegio_de_PuertoGalera\\app\\Controllers\\FacultyController.php', 103)
 2 SYSTEMPATH\CodeIgniter.php(919): App\Controllers\FacultyController->details('3')
 3 SYSTEMPATH\CodeIgniter.php(494): CodeIgniter\CodeIgniter->runController(Object(App\Controllers\FacultyController))
 4 SYSTEMPATH\CodeIgniter.php(353): CodeIgniter\CodeIgniter->handleRequest(null, Object(Config\Cache), false)
 5 FCPATH\index.php(79): CodeIgniter\CodeIgniter->run()
 6 SYSTEMPATH\Commands\Server\rewrite.php(47): require_once('C:\\laragon\\www\\Colegio_de_PuertoGalera\\public\\index.php')
CRITICAL - 2024-11-01 14:00:31 --> Undefined array key "name"
in APPPATH\Controllers\FacultyController.php on line 103.
 1 APPPATH\Controllers\FacultyController.php(103): CodeIgniter\Debug\Exceptions->errorHandler(2, 'Undefined array key "name"', 'C:\\laragon\\www\\Colegio_de_PuertoGalera\\app\\Controllers\\FacultyController.php', 103)
 2 SYSTEMPATH\CodeIgniter.php(919): App\Controllers\FacultyController->details('3')
 3 SYSTEMPATH\CodeIgniter.php(494): CodeIgniter\CodeIgniter->runController(Object(App\Controllers\FacultyController))
 4 SYSTEMPATH\CodeIgniter.php(353): CodeIgniter\CodeIgniter->handleRequest(null, Object(Config\Cache), false)
 5 FCPATH\index.php(79): CodeIgniter\CodeIgniter->run()
 6 SYSTEMPATH\Commands\Server\rewrite.php(47): require_once('C:\\laragon\\www\\Colegio_de_PuertoGalera\\public\\index.php')
CRITICAL - 2024-11-01 14:02:40 --> Undefined array key "name"
in APPPATH\Controllers\FacultyController.php on line 110.
 1 APPPATH\Controllers\FacultyController.php(110): CodeIgniter\Debug\Exceptions->errorHandler(2, 'Undefined array key "name"', 'C:\\laragon\\www\\Colegio_de_PuertoGalera\\app\\Controllers\\FacultyController.php', 110)
 2 SYSTEMPATH\CodeIgniter.php(919): App\Controllers\FacultyController->details('3')
 3 SYSTEMPATH\CodeIgniter.php(494): CodeIgniter\CodeIgniter->runController(Object(App\Controllers\FacultyController))
 4 SYSTEMPATH\CodeIgniter.php(353): CodeIgniter\CodeIgniter->handleRequest(null, Object(Config\Cache), false)
 5 FCPATH\index.php(79): CodeIgniter\CodeIgniter->run()
 6 SYSTEMPATH\Commands\Server\rewrite.php(47): require_once('C:\\laragon\\www\\Colegio_de_PuertoGalera\\public\\index.php')
CRITICAL - 2024-11-01 14:02:40 --> Undefined array key "name"
in APPPATH\Controllers\FacultyController.php on line 110.
 1 APPPATH\Controllers\FacultyController.php(110): CodeIgniter\Debug\Exceptions->errorHandler(2, 'Undefined array key "name"', 'C:\\laragon\\www\\Colegio_de_PuertoGalera\\app\\Controllers\\FacultyController.php', 110)
 2 SYSTEMPATH\CodeIgniter.php(919): App\Controllers\FacultyController->details('3')
 3 SYSTEMPATH\CodeIgniter.php(494): CodeIgniter\CodeIgniter->runController(Object(App\Controllers\FacultyController))
 4 SYSTEMPATH\CodeIgniter.php(353): CodeIgniter\CodeIgniter->handleRequest(null, Object(Config\Cache), false)
 5 FCPATH\index.php(79): CodeIgniter\CodeIgniter->run()
 6 SYSTEMPATH\Commands\Server\rewrite.php(47): require_once('C:\\laragon\\www\\Colegio_de_PuertoGalera\\public\\index.php')
CRITICAL - 2024-11-01 14:02:41 --> Undefined array key "name"
in APPPATH\Controllers\FacultyController.php on line 110.
 1 APPPATH\Controllers\FacultyController.php(110): CodeIgniter\Debug\Exceptions->errorHandler(2, 'Undefined array key "name"', 'C:\\laragon\\www\\Colegio_de_PuertoGalera\\app\\Controllers\\FacultyController.php', 110)
 2 SYSTEMPATH\CodeIgniter.php(919): App\Controllers\FacultyController->details('3')
 3 SYSTEMPATH\CodeIgniter.php(494): CodeIgniter\CodeIgniter->runController(Object(App\Controllers\FacultyController))
 4 SYSTEMPATH\CodeIgniter.php(353): CodeIgniter\CodeIgniter->handleRequest(null, Object(Config\Cache), false)
 5 FCPATH\index.php(79): CodeIgniter\CodeIgniter->run()
 6 SYSTEMPATH\Commands\Server\rewrite.php(47): require_once('C:\\laragon\\www\\Colegio_de_PuertoGalera\\public\\index.php')
CRITICAL - 2024-11-01 14:02:41 --> Undefined array key "name"
in APPPATH\Controllers\FacultyController.php on line 110.
 1 APPPATH\Controllers\FacultyController.php(110): CodeIgniter\Debug\Exceptions->errorHandler(2, 'Undefined array key "name"', 'C:\\laragon\\www\\Colegio_de_PuertoGalera\\app\\Controllers\\FacultyController.php', 110)
 2 SYSTEMPATH\CodeIgniter.php(919): App\Controllers\FacultyController->details('3')
 3 SYSTEMPATH\CodeIgniter.php(494): CodeIgniter\CodeIgniter->runController(Object(App\Controllers\FacultyController))
 4 SYSTEMPATH\CodeIgniter.php(353): CodeIgniter\CodeIgniter->handleRequest(null, Object(Config\Cache), false)
 5 FCPATH\index.php(79): CodeIgniter\CodeIgniter->run()
 6 SYSTEMPATH\Commands\Server\rewrite.php(47): require_once('C:\\laragon\\www\\Colegio_de_PuertoGalera\\public\\index.php')
CRITICAL - 2024-11-01 14:03:34 --> Undefined variable $subject
in APPPATH\Views\admin\facultyscheduledetails.php on line 157.
 1 APPPATH\Views\admin\facultyscheduledetails.php(157): CodeIgniter\Debug\Exceptions->errorHandler(2, 'Undefined variable $subject', 'C:\\laragon\\www\\Colegio_de_PuertoGalera\\app\\Views\\admin\\facultyscheduledetails.php', 157)
 2 SYSTEMPATH\View\View.php(226): include('C:\\laragon\\www\\Colegio_de_PuertoGalera\\app\\Views\\admin\\facultyscheduledetails.php')
 3 SYSTEMPATH\View\View.php(229): CodeIgniter\View\View->CodeIgniter\View\{closure}()
 4 SYSTEMPATH\Common.php(1188): CodeIgniter\View\View->render('admin/facultyscheduledetails', [], true)
 5 APPPATH\Controllers\FacultyController.php(118): view('admin/facultyscheduledetails', [...])
 6 SYSTEMPATH\CodeIgniter.php(919): App\Controllers\FacultyController->details('3')
 7 SYSTEMPATH\CodeIgniter.php(494): CodeIgniter\CodeIgniter->runController(Object(App\Controllers\FacultyController))
 8 SYSTEMPATH\CodeIgniter.php(353): CodeIgniter\CodeIgniter->handleRequest(null, Object(Config\Cache), false)
 9 FCPATH\index.php(79): CodeIgniter\CodeIgniter->run()
10 SYSTEMPATH\Commands\Server\rewrite.php(47): require_once('C:\\laragon\\www\\Colegio_de_PuertoGalera\\public\\index.php')
CRITICAL - 2024-11-01 14:03:50 --> Undefined variable $subject
in APPPATH\Views\admin\facultyscheduledetails.php on line 157.
 1 APPPATH\Views\admin\facultyscheduledetails.php(157): CodeIgniter\Debug\Exceptions->errorHandler(2, 'Undefined variable $subject', 'C:\\laragon\\www\\Colegio_de_PuertoGalera\\app\\Views\\admin\\facultyscheduledetails.php', 157)
 2 SYSTEMPATH\View\View.php(226): include('C:\\laragon\\www\\Colegio_de_PuertoGalera\\app\\Views\\admin\\facultyscheduledetails.php')
 3 SYSTEMPATH\View\View.php(229): CodeIgniter\View\View->CodeIgniter\View\{closure}()
 4 SYSTEMPATH\Common.php(1188): CodeIgniter\View\View->render('admin/facultyscheduledetails', [], true)
 5 APPPATH\Controllers\FacultyController.php(118): view('admin/facultyscheduledetails', [...])
 6 SYSTEMPATH\CodeIgniter.php(919): App\Controllers\FacultyController->details('3')
 7 SYSTEMPATH\CodeIgniter.php(494): CodeIgniter\CodeIgniter->runController(Object(App\Controllers\FacultyController))
 8 SYSTEMPATH\CodeIgniter.php(353): CodeIgniter\CodeIgniter->handleRequest(null, Object(Config\Cache), false)
 9 FCPATH\index.php(79): CodeIgniter\CodeIgniter->run()
10 SYSTEMPATH\Commands\Server\rewrite.php(47): require_once('C:\\laragon\\www\\Colegio_de_PuertoGalera\\public\\index.php')
CRITICAL - 2024-11-01 14:03:51 --> Undefined variable $subject
in APPPATH\Views\admin\facultyscheduledetails.php on line 157.
 1 APPPATH\Views\admin\facultyscheduledetails.php(157): CodeIgniter\Debug\Exceptions->errorHandler(2, 'Undefined variable $subject', 'C:\\laragon\\www\\Colegio_de_PuertoGalera\\app\\Views\\admin\\facultyscheduledetails.php', 157)
 2 SYSTEMPATH\View\View.php(226): include('C:\\laragon\\www\\Colegio_de_PuertoGalera\\app\\Views\\admin\\facultyscheduledetails.php')
 3 SYSTEMPATH\View\View.php(229): CodeIgniter\View\View->CodeIgniter\View\{closure}()
 4 SYSTEMPATH\Common.php(1188): CodeIgniter\View\View->render('admin/facultyscheduledetails', [], true)
 5 APPPATH\Controllers\FacultyController.php(118): view('admin/facultyscheduledetails', [...])
 6 SYSTEMPATH\CodeIgniter.php(919): App\Controllers\FacultyController->details('3')
 7 SYSTEMPATH\CodeIgniter.php(494): CodeIgniter\CodeIgniter->runController(Object(App\Controllers\FacultyController))
 8 SYSTEMPATH\CodeIgniter.php(353): CodeIgniter\CodeIgniter->handleRequest(null, Object(Config\Cache), false)
 9 FCPATH\index.php(79): CodeIgniter\CodeIgniter->run()
10 SYSTEMPATH\Commands\Server\rewrite.php(47): require_once('C:\\laragon\\www\\Colegio_de_PuertoGalera\\public\\index.php')
CRITICAL - 2024-11-01 14:04:12 --> Undefined variable $subject
in APPPATH\Views\admin\facultyscheduledetails.php on line 157.
 1 APPPATH\Views\admin\facultyscheduledetails.php(157): CodeIgniter\Debug\Exceptions->errorHandler(2, 'Undefined variable $subject', 'C:\\laragon\\www\\Colegio_de_PuertoGalera\\app\\Views\\admin\\facultyscheduledetails.php', 157)
 2 SYSTEMPATH\View\View.php(226): include('C:\\laragon\\www\\Colegio_de_PuertoGalera\\app\\Views\\admin\\facultyscheduledetails.php')
 3 SYSTEMPATH\View\View.php(229): CodeIgniter\View\View->CodeIgniter\View\{closure}()
 4 SYSTEMPATH\Common.php(1188): CodeIgniter\View\View->render('admin/facultyscheduledetails', [], true)
 5 APPPATH\Controllers\FacultyController.php(118): view('admin/facultyscheduledetails', [...])
 6 SYSTEMPATH\CodeIgniter.php(919): App\Controllers\FacultyController->details('3')
 7 SYSTEMPATH\CodeIgniter.php(494): CodeIgniter\CodeIgniter->runController(Object(App\Controllers\FacultyController))
 8 SYSTEMPATH\CodeIgniter.php(353): CodeIgniter\CodeIgniter->handleRequest(null, Object(Config\Cache), false)
 9 FCPATH\index.php(79): CodeIgniter\CodeIgniter->run()
10 SYSTEMPATH\Commands\Server\rewrite.php(47): require_once('C:\\laragon\\www\\Colegio_de_PuertoGalera\\public\\index.php')
CRITICAL - 2024-11-01 14:17:40 --> Undefined variable $course
in APPPATH\Views\schedule\index.php on line 356.
 1 APPPATH\Views\schedule\index.php(356): CodeIgniter\Debug\Exceptions->errorHandler(2, 'Undefined variable $course', 'C:\\laragon\\www\\Colegio_de_PuertoGalera\\app\\Views\\schedule\\index.php', 356)
 2 SYSTEMPATH\View\View.php(226): include('C:\\laragon\\www\\Colegio_de_PuertoGalera\\app\\Views\\schedule\\index.php')
 3 SYSTEMPATH\View\View.php(229): CodeIgniter\View\View->CodeIgniter\View\{closure}()
 4 SYSTEMPATH\Common.php(1188): CodeIgniter\View\View->render('schedule/index', [], true)
 5 APPPATH\Controllers\ScheduleController.php(35): view('schedule/index', [...])
 6 SYSTEMPATH\CodeIgniter.php(919): App\Controllers\ScheduleController->index()
 7 SYSTEMPATH\CodeIgniter.php(494): CodeIgniter\CodeIgniter->runController(Object(App\Controllers\ScheduleController))
 8 SYSTEMPATH\CodeIgniter.php(353): CodeIgniter\CodeIgniter->handleRequest(null, Object(Config\Cache), false)
 9 FCPATH\index.php(79): CodeIgniter\CodeIgniter->run()
10 SYSTEMPATH\Commands\Server\rewrite.php(47): require_once('C:\\laragon\\www\\Colegio_de_PuertoGalera\\public\\index.php')
