ERROR - 2024-09-12 10:43:36 --> Error connecting to the database: mysqli_sql_exception: Access denied for user 'root'@'localhost' (using password: NO) in /home/u127431254/domains/colegiodepuertogalera.online/public_html/website/system/Database/MySQLi/Connection.php:184
Stack trace:
#0 /home/u127431254/domains/colegiodepuertogalera.online/public_html/website/system/Database/MySQLi/Connection.php(184): mysqli->real_connect()
#1 /home/u127431254/domains/colegiodepuertogalera.online/public_html/website/system/Database/BaseConnection.php(391): CodeIgniter\Database\MySQLi\Connection->connect()
#2 /home/u127431254/domains/colegiodepuertogalera.online/public_html/website/system/Database/BaseConnection.php(574): CodeIgniter\Database\BaseConnection->initialize()
#3 /home/u127431254/domains/colegiodepuertogalera.online/public_html/website/system/Database/BaseBuilder.php(1615): CodeIgniter\Database\BaseConnection->query()
#4 /home/u127431254/domains/colegiodepuertogalera.online/public_html/website/system/Model.php(237): CodeIgniter\Database\BaseBuilder->get()
#5 /home/u127431254/domains/colegiodepuertogalera.online/public_html/website/system/BaseModel.php(624): CodeIgniter\Model->doFindAll()
#6 /home/u127431254/domains/colegiodepuertogalera.online/public_html/website/app/Controllers/Home.php(15): CodeIgniter\BaseModel->findAll()
#7 /home/u127431254/domains/colegiodepuertogalera.online/public_html/website/system/CodeIgniter.php(919): App\Controllers\Home->index()
#8 /home/u127431254/domains/colegiodepuertogalera.online/public_html/website/system/CodeIgniter.php(494): CodeIgniter\CodeIgniter->runController()
#9 /home/u127431254/domains/colegiodepuertogalera.online/public_html/website/system/CodeIgniter.php(353): CodeIgniter\CodeIgniter->handleRequest()
#10 /home/u127431254/domains/colegiodepuertogalera.online/public_html/index.php(79): CodeIgniter\CodeIgniter->run()
#11 {main}

Next CodeIgniter\Database\Exceptions\DatabaseException: Access denied for user '****'@'localhost' (using password: NO) in /home/u127431254/domains/colegiodepuertogalera.online/public_html/website/system/Database/MySQLi/Connection.php:229
Stack trace:
#0 /home/u127431254/domains/colegiodepuertogalera.online/public_html/website/system/Database/BaseConnection.php(391): CodeIgniter\Database\MySQLi\Connection->connect()
#1 /home/u127431254/domains/colegiodepuertogalera.online/public_html/website/system/Database/BaseConnection.php(574): CodeIgniter\Database\BaseConnection->initialize()
#2 /home/u127431254/domains/colegiodepuertogalera.online/public_html/website/system/Database/BaseBuilder.php(1615): CodeIgniter\Database\BaseConnection->query()
#3 /home/u127431254/domains/colegiodepuertogalera.online/public_html/website/system/Model.php(237): CodeIgniter\Database\BaseBuilder->get()
#4 /home/u127431254/domains/colegiodepuertogalera.online/public_html/website/system/BaseModel.php(624): CodeIgniter\Model->doFindAll()
#5 /home/u127431254/domains/colegiodepuertogalera.online/public_html/website/app/Controllers/Home.php(15): CodeIgniter\BaseModel->findAll()
#6 /home/u127431254/domains/colegiodepuertogalera.online/public_html/website/system/CodeIgniter.php(919): App\Controllers\Home->index()
#7 /home/u127431254/domains/colegiodepuertogalera.online/public_html/website/system/CodeIgniter.php(494): CodeIgniter\CodeIgniter->runController()
#8 /home/u127431254/domains/colegiodepuertogalera.online/public_html/website/system/CodeIgniter.php(353): CodeIgniter\CodeIgniter->handleRequest()
#9 /home/u127431254/domains/colegiodepuertogalera.online/public_html/index.php(79): CodeIgniter\CodeIgniter->run()
#10 {main}
CRITICAL - 2024-09-12 10:43:36 --> Unable to connect to the database.
Main connection [MySQLi]: Access denied for user '****'@'localhost' (using password: NO)
in SYSTEMPATH/Database/BaseConnection.php on line 427.
 1 SYSTEMPATH/Database/BaseConnection.php(574): CodeIgniter\Database\BaseConnection->initialize()
 2 SYSTEMPATH/Database/BaseBuilder.php(1615): CodeIgniter\Database\BaseConnection->query()
 3 SYSTEMPATH/Model.php(237): CodeIgniter\Database\BaseBuilder->get()
 4 SYSTEMPATH/BaseModel.php(624): CodeIgniter\Model->doFindAll()
 5 APPPATH/Controllers/Home.php(15): CodeIgniter\BaseModel->findAll()
 6 SYSTEMPATH/CodeIgniter.php(919): App\Controllers\Home->index()
 7 SYSTEMPATH/CodeIgniter.php(494): CodeIgniter\CodeIgniter->runController()
 8 SYSTEMPATH/CodeIgniter.php(353): CodeIgniter\CodeIgniter->handleRequest()
 9 FCPATH/index.php(79): CodeIgniter\CodeIgniter->run()
ERROR - 2024-09-12 10:44:49 --> Error connecting to the database: mysqli_sql_exception: Access denied for user 'u127431254_cdpgapp'@'localhost' (using password: NO) in /home/u127431254/domains/colegiodepuertogalera.online/public_html/website/system/Database/MySQLi/Connection.php:184
Stack trace:
#0 /home/u127431254/domains/colegiodepuertogalera.online/public_html/website/system/Database/MySQLi/Connection.php(184): mysqli->real_connect()
#1 /home/u127431254/domains/colegiodepuertogalera.online/public_html/website/system/Database/BaseConnection.php(391): CodeIgniter\Database\MySQLi\Connection->connect()
#2 /home/u127431254/domains/colegiodepuertogalera.online/public_html/website/system/Database/BaseConnection.php(574): CodeIgniter\Database\BaseConnection->initialize()
#3 /home/u127431254/domains/colegiodepuertogalera.online/public_html/website/system/Database/BaseBuilder.php(1615): CodeIgniter\Database\BaseConnection->query()
#4 /home/u127431254/domains/colegiodepuertogalera.online/public_html/website/system/Model.php(237): CodeIgniter\Database\BaseBuilder->get()
#5 /home/u127431254/domains/colegiodepuertogalera.online/public_html/website/system/BaseModel.php(624): CodeIgniter\Model->doFindAll()
#6 /home/u127431254/domains/colegiodepuertogalera.online/public_html/website/app/Controllers/Home.php(15): CodeIgniter\BaseModel->findAll()
#7 /home/u127431254/domains/colegiodepuertogalera.online/public_html/website/system/CodeIgniter.php(919): App\Controllers\Home->index()
#8 /home/u127431254/domains/colegiodepuertogalera.online/public_html/website/system/CodeIgniter.php(494): CodeIgniter\CodeIgniter->runController()
#9 /home/u127431254/domains/colegiodepuertogalera.online/public_html/website/system/CodeIgniter.php(353): CodeIgniter\CodeIgniter->handleRequest()
#10 /home/u127431254/domains/colegiodepuertogalera.online/public_html/index.php(79): CodeIgniter\CodeIgniter->run()
#11 {main}

Next CodeIgniter\Database\Exceptions\DatabaseException: Access denied for user '****'@'localhost' (using password: NO) in /home/u127431254/domains/colegiodepuertogalera.online/public_html/website/system/Database/MySQLi/Connection.php:229
Stack trace:
#0 /home/u127431254/domains/colegiodepuertogalera.online/public_html/website/system/Database/BaseConnection.php(391): CodeIgniter\Database\MySQLi\Connection->connect()
#1 /home/u127431254/domains/colegiodepuertogalera.online/public_html/website/system/Database/BaseConnection.php(574): CodeIgniter\Database\BaseConnection->initialize()
#2 /home/u127431254/domains/colegiodepuertogalera.online/public_html/website/system/Database/BaseBuilder.php(1615): CodeIgniter\Database\BaseConnection->query()
#3 /home/u127431254/domains/colegiodepuertogalera.online/public_html/website/system/Model.php(237): CodeIgniter\Database\BaseBuilder->get()
#4 /home/u127431254/domains/colegiodepuertogalera.online/public_html/website/system/BaseModel.php(624): CodeIgniter\Model->doFindAll()
#5 /home/u127431254/domains/colegiodepuertogalera.online/public_html/website/app/Controllers/Home.php(15): CodeIgniter\BaseModel->findAll()
#6 /home/u127431254/domains/colegiodepuertogalera.online/public_html/website/system/CodeIgniter.php(919): App\Controllers\Home->index()
#7 /home/u127431254/domains/colegiodepuertogalera.online/public_html/website/system/CodeIgniter.php(494): CodeIgniter\CodeIgniter->runController()
#8 /home/u127431254/domains/colegiodepuertogalera.online/public_html/website/system/CodeIgniter.php(353): CodeIgniter\CodeIgniter->handleRequest()
#9 /home/u127431254/domains/colegiodepuertogalera.online/public_html/index.php(79): CodeIgniter\CodeIgniter->run()
#10 {main}
CRITICAL - 2024-09-12 10:44:49 --> Unable to connect to the database.
Main connection [MySQLi]: Access denied for user '****'@'localhost' (using password: NO)
in SYSTEMPATH/Database/BaseConnection.php on line 427.
 1 SYSTEMPATH/Database/BaseConnection.php(574): CodeIgniter\Database\BaseConnection->initialize()
 2 SYSTEMPATH/Database/BaseBuilder.php(1615): CodeIgniter\Database\BaseConnection->query()
 3 SYSTEMPATH/Model.php(237): CodeIgniter\Database\BaseBuilder->get()
 4 SYSTEMPATH/BaseModel.php(624): CodeIgniter\Model->doFindAll()
 5 APPPATH/Controllers/Home.php(15): CodeIgniter\BaseModel->findAll()
 6 SYSTEMPATH/CodeIgniter.php(919): App\Controllers\Home->index()
 7 SYSTEMPATH/CodeIgniter.php(494): CodeIgniter\CodeIgniter->runController()
 8 SYSTEMPATH/CodeIgniter.php(353): CodeIgniter\CodeIgniter->handleRequest()
 9 FCPATH/index.php(79): CodeIgniter\CodeIgniter->run()
ERROR - 2024-09-12 11:09:23 --> mysqli_sql_exception: Duplicate entry '0' for key 'PRIMARY' in /home/u127431254/domains/colegiodepuertogalera.online/public_html/website/system/Database/MySQLi/Connection.php:306
Stack trace:
#0 /home/u127431254/domains/colegiodepuertogalera.online/public_html/website/system/Database/MySQLi/Connection.php(306): mysqli->query()
#1 /home/u127431254/domains/colegiodepuertogalera.online/public_html/website/system/Database/BaseConnection.php(692): CodeIgniter\Database\MySQLi\Connection->execute()
#2 /home/u127431254/domains/colegiodepuertogalera.online/public_html/website/system/Database/BaseConnection.php(606): CodeIgniter\Database\BaseConnection->simpleQuery()
#3 /home/u127431254/domains/colegiodepuertogalera.online/public_html/website/system/Database/BaseBuilder.php(2308): CodeIgniter\Database\BaseConnection->query()
#4 /home/u127431254/domains/colegiodepuertogalera.online/public_html/website/system/Model.php(319): CodeIgniter\Database\BaseBuilder->insert()
#5 /home/u127431254/domains/colegiodepuertogalera.online/public_html/website/system/BaseModel.php(788): CodeIgniter\Model->doInsert()
#6 /home/u127431254/domains/colegiodepuertogalera.online/public_html/website/system/Model.php(715): CodeIgniter\BaseModel->insert()
#7 /home/u127431254/domains/colegiodepuertogalera.online/public_html/website/app/Controllers/SignupController.php(89): CodeIgniter\Model->insert()
#8 /home/u127431254/domains/colegiodepuertogalera.online/public_html/website/system/CodeIgniter.php(919): App\Controllers\SignupController->store()
#9 /home/u127431254/domains/colegiodepuertogalera.online/public_html/website/system/CodeIgniter.php(494): CodeIgniter\CodeIgniter->runController()
#10 /home/u127431254/domains/colegiodepuertogalera.online/public_html/website/system/CodeIgniter.php(353): CodeIgniter\CodeIgniter->handleRequest()
#11 /home/u127431254/domains/colegiodepuertogalera.online/public_html/index.php(79): CodeIgniter\CodeIgniter->run()
#12 {main}
CRITICAL - 2024-09-12 11:09:23 --> Duplicate entry '0' for key 'PRIMARY'
in SYSTEMPATH/Database/BaseConnection.php on line 646.
 1 SYSTEMPATH/Database/BaseBuilder.php(2308): CodeIgniter\Database\BaseConnection->query()
 2 SYSTEMPATH/Model.php(319): CodeIgniter\Database\BaseBuilder->insert()
 3 SYSTEMPATH/BaseModel.php(788): CodeIgniter\Model->doInsert()
 4 SYSTEMPATH/Model.php(715): CodeIgniter\BaseModel->insert()
 5 APPPATH/Controllers/SignupController.php(89): CodeIgniter\Model->insert()
 6 SYSTEMPATH/CodeIgniter.php(919): App\Controllers\SignupController->store()
 7 SYSTEMPATH/CodeIgniter.php(494): CodeIgniter\CodeIgniter->runController()
 8 SYSTEMPATH/CodeIgniter.php(353): CodeIgniter\CodeIgniter->handleRequest()
 9 FCPATH/index.php(79): CodeIgniter\CodeIgniter->run()
ERROR - 2024-09-12 11:10:44 --> mysqli_sql_exception: Duplicate entry '0' for key 'PRIMARY' in /home/u127431254/domains/colegiodepuertogalera.online/public_html/website/system/Database/MySQLi/Connection.php:306
Stack trace:
#0 /home/u127431254/domains/colegiodepuertogalera.online/public_html/website/system/Database/MySQLi/Connection.php(306): mysqli->query()
#1 /home/u127431254/domains/colegiodepuertogalera.online/public_html/website/system/Database/BaseConnection.php(692): CodeIgniter\Database\MySQLi\Connection->execute()
#2 /home/u127431254/domains/colegiodepuertogalera.online/public_html/website/system/Database/BaseConnection.php(606): CodeIgniter\Database\BaseConnection->simpleQuery()
#3 /home/u127431254/domains/colegiodepuertogalera.online/public_html/website/system/Database/BaseBuilder.php(2308): CodeIgniter\Database\BaseConnection->query()
#4 /home/u127431254/domains/colegiodepuertogalera.online/public_html/website/system/Model.php(319): CodeIgniter\Database\BaseBuilder->insert()
#5 /home/u127431254/domains/colegiodepuertogalera.online/public_html/website/system/BaseModel.php(788): CodeIgniter\Model->doInsert()
#6 /home/u127431254/domains/colegiodepuertogalera.online/public_html/website/system/Model.php(715): CodeIgniter\BaseModel->insert()
#7 /home/u127431254/domains/colegiodepuertogalera.online/public_html/website/app/Controllers/SignupController.php(89): CodeIgniter\Model->insert()
#8 /home/u127431254/domains/colegiodepuertogalera.online/public_html/website/system/CodeIgniter.php(919): App\Controllers\SignupController->store()
#9 /home/u127431254/domains/colegiodepuertogalera.online/public_html/website/system/CodeIgniter.php(494): CodeIgniter\CodeIgniter->runController()
#10 /home/u127431254/domains/colegiodepuertogalera.online/public_html/website/system/CodeIgniter.php(353): CodeIgniter\CodeIgniter->handleRequest()
#11 /home/u127431254/domains/colegiodepuertogalera.online/public_html/index.php(79): CodeIgniter\CodeIgniter->run()
#12 {main}
CRITICAL - 2024-09-12 11:10:44 --> Duplicate entry '0' for key 'PRIMARY'
in SYSTEMPATH/Database/BaseConnection.php on line 646.
 1 SYSTEMPATH/Database/BaseBuilder.php(2308): CodeIgniter\Database\BaseConnection->query()
 2 SYSTEMPATH/Model.php(319): CodeIgniter\Database\BaseBuilder->insert()
 3 SYSTEMPATH/BaseModel.php(788): CodeIgniter\Model->doInsert()
 4 SYSTEMPATH/Model.php(715): CodeIgniter\BaseModel->insert()
 5 APPPATH/Controllers/SignupController.php(89): CodeIgniter\Model->insert()
 6 SYSTEMPATH/CodeIgniter.php(919): App\Controllers\SignupController->store()
 7 SYSTEMPATH/CodeIgniter.php(494): CodeIgniter\CodeIgniter->runController()
 8 SYSTEMPATH/CodeIgniter.php(353): CodeIgniter\CodeIgniter->handleRequest()
 9 FCPATH/index.php(79): CodeIgniter\CodeIgniter->run()
ERROR - 2024-09-12 11:17:55 --> mysqli_sql_exception: Duplicate entry '0' for key 'PRIMARY' in /home/u127431254/domains/colegiodepuertogalera.online/public_html/website/system/Database/MySQLi/Connection.php:306
Stack trace:
#0 /home/u127431254/domains/colegiodepuertogalera.online/public_html/website/system/Database/MySQLi/Connection.php(306): mysqli->query()
#1 /home/u127431254/domains/colegiodepuertogalera.online/public_html/website/system/Database/BaseConnection.php(692): CodeIgniter\Database\MySQLi\Connection->execute()
#2 /home/u127431254/domains/colegiodepuertogalera.online/public_html/website/system/Database/BaseConnection.php(606): CodeIgniter\Database\BaseConnection->simpleQuery()
#3 /home/u127431254/domains/colegiodepuertogalera.online/public_html/website/system/Database/BaseBuilder.php(2308): CodeIgniter\Database\BaseConnection->query()
#4 /home/u127431254/domains/colegiodepuertogalera.online/public_html/website/system/Model.php(319): CodeIgniter\Database\BaseBuilder->insert()
#5 /home/u127431254/domains/colegiodepuertogalera.online/public_html/website/system/BaseModel.php(788): CodeIgniter\Model->doInsert()
#6 /home/u127431254/domains/colegiodepuertogalera.online/public_html/website/system/Model.php(715): CodeIgniter\BaseModel->insert()
#7 /home/u127431254/domains/colegiodepuertogalera.online/public_html/website/app/Controllers/SignupController.php(89): CodeIgniter\Model->insert()
#8 /home/u127431254/domains/colegiodepuertogalera.online/public_html/website/system/CodeIgniter.php(919): App\Controllers\SignupController->store()
#9 /home/u127431254/domains/colegiodepuertogalera.online/public_html/website/system/CodeIgniter.php(494): CodeIgniter\CodeIgniter->runController()
#10 /home/u127431254/domains/colegiodepuertogalera.online/public_html/website/system/CodeIgniter.php(353): CodeIgniter\CodeIgniter->handleRequest()
#11 /home/u127431254/domains/colegiodepuertogalera.online/public_html/index.php(79): CodeIgniter\CodeIgniter->run()
#12 {main}
CRITICAL - 2024-09-12 11:17:55 --> Duplicate entry '0' for key 'PRIMARY'
in SYSTEMPATH/Database/BaseConnection.php on line 646.
 1 SYSTEMPATH/Database/BaseBuilder.php(2308): CodeIgniter\Database\BaseConnection->query()
 2 SYSTEMPATH/Model.php(319): CodeIgniter\Database\BaseBuilder->insert()
 3 SYSTEMPATH/BaseModel.php(788): CodeIgniter\Model->doInsert()
 4 SYSTEMPATH/Model.php(715): CodeIgniter\BaseModel->insert()
 5 APPPATH/Controllers/SignupController.php(89): CodeIgniter\Model->insert()
 6 SYSTEMPATH/CodeIgniter.php(919): App\Controllers\SignupController->store()
 7 SYSTEMPATH/CodeIgniter.php(494): CodeIgniter\CodeIgniter->runController()
 8 SYSTEMPATH/CodeIgniter.php(353): CodeIgniter\CodeIgniter->handleRequest()
 9 FCPATH/index.php(79): CodeIgniter\CodeIgniter->run()
ERROR - 2024-09-12 11:17:59 --> mysqli_sql_exception: Duplicate entry '0' for key 'PRIMARY' in /home/u127431254/domains/colegiodepuertogalera.online/public_html/website/system/Database/MySQLi/Connection.php:306
Stack trace:
#0 /home/u127431254/domains/colegiodepuertogalera.online/public_html/website/system/Database/MySQLi/Connection.php(306): mysqli->query()
#1 /home/u127431254/domains/colegiodepuertogalera.online/public_html/website/system/Database/BaseConnection.php(692): CodeIgniter\Database\MySQLi\Connection->execute()
#2 /home/u127431254/domains/colegiodepuertogalera.online/public_html/website/system/Database/BaseConnection.php(606): CodeIgniter\Database\BaseConnection->simpleQuery()
#3 /home/u127431254/domains/colegiodepuertogalera.online/public_html/website/system/Database/BaseBuilder.php(2308): CodeIgniter\Database\BaseConnection->query()
#4 /home/u127431254/domains/colegiodepuertogalera.online/public_html/website/system/Model.php(319): CodeIgniter\Database\BaseBuilder->insert()
#5 /home/u127431254/domains/colegiodepuertogalera.online/public_html/website/system/BaseModel.php(788): CodeIgniter\Model->doInsert()
#6 /home/u127431254/domains/colegiodepuertogalera.online/public_html/website/system/Model.php(715): CodeIgniter\BaseModel->insert()
#7 /home/u127431254/domains/colegiodepuertogalera.online/public_html/website/app/Controllers/SignupController.php(89): CodeIgniter\Model->insert()
#8 /home/u127431254/domains/colegiodepuertogalera.online/public_html/website/system/CodeIgniter.php(919): App\Controllers\SignupController->store()
#9 /home/u127431254/domains/colegiodepuertogalera.online/public_html/website/system/CodeIgniter.php(494): CodeIgniter\CodeIgniter->runController()
#10 /home/u127431254/domains/colegiodepuertogalera.online/public_html/website/system/CodeIgniter.php(353): CodeIgniter\CodeIgniter->handleRequest()
#11 /home/u127431254/domains/colegiodepuertogalera.online/public_html/index.php(79): CodeIgniter\CodeIgniter->run()
#12 {main}
CRITICAL - 2024-09-12 11:17:59 --> Duplicate entry '0' for key 'PRIMARY'
in SYSTEMPATH/Database/BaseConnection.php on line 646.
 1 SYSTEMPATH/Database/BaseBuilder.php(2308): CodeIgniter\Database\BaseConnection->query()
 2 SYSTEMPATH/Model.php(319): CodeIgniter\Database\BaseBuilder->insert()
 3 SYSTEMPATH/BaseModel.php(788): CodeIgniter\Model->doInsert()
 4 SYSTEMPATH/Model.php(715): CodeIgniter\BaseModel->insert()
 5 APPPATH/Controllers/SignupController.php(89): CodeIgniter\Model->insert()
 6 SYSTEMPATH/CodeIgniter.php(919): App\Controllers\SignupController->store()
 7 SYSTEMPATH/CodeIgniter.php(494): CodeIgniter\CodeIgniter->runController()
 8 SYSTEMPATH/CodeIgniter.php(353): CodeIgniter\CodeIgniter->handleRequest()
 9 FCPATH/index.php(79): CodeIgniter\CodeIgniter->run()
ERROR - 2024-09-12 11:18:07 --> mysqli_sql_exception: Duplicate entry '0' for key 'PRIMARY' in /home/u127431254/domains/colegiodepuertogalera.online/public_html/website/system/Database/MySQLi/Connection.php:306
Stack trace:
#0 /home/u127431254/domains/colegiodepuertogalera.online/public_html/website/system/Database/MySQLi/Connection.php(306): mysqli->query()
#1 /home/u127431254/domains/colegiodepuertogalera.online/public_html/website/system/Database/BaseConnection.php(692): CodeIgniter\Database\MySQLi\Connection->execute()
#2 /home/u127431254/domains/colegiodepuertogalera.online/public_html/website/system/Database/BaseConnection.php(606): CodeIgniter\Database\BaseConnection->simpleQuery()
#3 /home/u127431254/domains/colegiodepuertogalera.online/public_html/website/system/Database/BaseBuilder.php(2308): CodeIgniter\Database\BaseConnection->query()
#4 /home/u127431254/domains/colegiodepuertogalera.online/public_html/website/system/Model.php(319): CodeIgniter\Database\BaseBuilder->insert()
#5 /home/u127431254/domains/colegiodepuertogalera.online/public_html/website/system/BaseModel.php(788): CodeIgniter\Model->doInsert()
#6 /home/u127431254/domains/colegiodepuertogalera.online/public_html/website/system/Model.php(715): CodeIgniter\BaseModel->insert()
#7 /home/u127431254/domains/colegiodepuertogalera.online/public_html/website/app/Controllers/SignupController.php(89): CodeIgniter\Model->insert()
#8 /home/u127431254/domains/colegiodepuertogalera.online/public_html/website/system/CodeIgniter.php(919): App\Controllers\SignupController->store()
#9 /home/u127431254/domains/colegiodepuertogalera.online/public_html/website/system/CodeIgniter.php(494): CodeIgniter\CodeIgniter->runController()
#10 /home/u127431254/domains/colegiodepuertogalera.online/public_html/website/system/CodeIgniter.php(353): CodeIgniter\CodeIgniter->handleRequest()
#11 /home/u127431254/domains/colegiodepuertogalera.online/public_html/index.php(79): CodeIgniter\CodeIgniter->run()
#12 {main}
CRITICAL - 2024-09-12 11:18:07 --> Duplicate entry '0' for key 'PRIMARY'
in SYSTEMPATH/Database/BaseConnection.php on line 646.
 1 SYSTEMPATH/Database/BaseBuilder.php(2308): CodeIgniter\Database\BaseConnection->query()
 2 SYSTEMPATH/Model.php(319): CodeIgniter\Database\BaseBuilder->insert()
 3 SYSTEMPATH/BaseModel.php(788): CodeIgniter\Model->doInsert()
 4 SYSTEMPATH/Model.php(715): CodeIgniter\BaseModel->insert()
 5 APPPATH/Controllers/SignupController.php(89): CodeIgniter\Model->insert()
 6 SYSTEMPATH/CodeIgniter.php(919): App\Controllers\SignupController->store()
 7 SYSTEMPATH/CodeIgniter.php(494): CodeIgniter\CodeIgniter->runController()
 8 SYSTEMPATH/CodeIgniter.php(353): CodeIgniter\CodeIgniter->handleRequest()
 9 FCPATH/index.php(79): CodeIgniter\CodeIgniter->run()
ERROR - 2024-09-12 12:04:44 --> mysqli_sql_exception: Table 'u127431254_cdpgapp.personaldataexam' doesn't exist in /home/u127431254/domains/colegiodepuertogalera.online/public_html/website/system/Database/MySQLi/Connection.php:306
Stack trace:
#0 /home/u127431254/domains/colegiodepuertogalera.online/public_html/website/system/Database/MySQLi/Connection.php(306): mysqli->query()
#1 /home/u127431254/domains/colegiodepuertogalera.online/public_html/website/system/Database/BaseConnection.php(692): CodeIgniter\Database\MySQLi\Connection->execute()
#2 /home/u127431254/domains/colegiodepuertogalera.online/public_html/website/system/Database/BaseConnection.php(606): CodeIgniter\Database\BaseConnection->simpleQuery()
#3 /home/u127431254/domains/colegiodepuertogalera.online/public_html/website/system/Database/BaseBuilder.php(1615): CodeIgniter\Database\BaseConnection->query()
#4 /home/u127431254/domains/colegiodepuertogalera.online/public_html/website/system/Model.php(264): CodeIgniter\Database\BaseBuilder->get()
#5 /home/u127431254/domains/colegiodepuertogalera.online/public_html/website/system/BaseModel.php(662): CodeIgniter\Model->doFirst()
#6 /home/u127431254/domains/colegiodepuertogalera.online/public_html/website/app/Controllers/ApplicationFormController.php(22): CodeIgniter\BaseModel->first()
#7 /home/u127431254/domains/colegiodepuertogalera.online/public_html/website/system/CodeIgniter.php(919): App\Controllers\ApplicationFormController->currentenroll()
#8 /home/u127431254/domains/colegiodepuertogalera.online/public_html/website/system/CodeIgniter.php(494): CodeIgniter\CodeIgniter->runController()
#9 /home/u127431254/domains/colegiodepuertogalera.online/public_html/website/system/CodeIgniter.php(353): CodeIgniter\CodeIgniter->handleRequest()
#10 /home/u127431254/domains/colegiodepuertogalera.online/public_html/index.php(79): CodeIgniter\CodeIgniter->run()
#11 {main}
CRITICAL - 2024-09-12 12:04:44 --> Table 'u127431254_cdpgapp.personaldataexam' doesn't exist
in SYSTEMPATH/Database/BaseConnection.php on line 646.
 1 SYSTEMPATH/Database/BaseBuilder.php(1615): CodeIgniter\Database\BaseConnection->query()
 2 SYSTEMPATH/Model.php(264): CodeIgniter\Database\BaseBuilder->get()
 3 SYSTEMPATH/BaseModel.php(662): CodeIgniter\Model->doFirst()
 4 APPPATH/Controllers/ApplicationFormController.php(22): CodeIgniter\BaseModel->first()
 5 SYSTEMPATH/CodeIgniter.php(919): App\Controllers\ApplicationFormController->currentenroll()
 6 SYSTEMPATH/CodeIgniter.php(494): CodeIgniter\CodeIgniter->runController()
 7 SYSTEMPATH/CodeIgniter.php(353): CodeIgniter\CodeIgniter->handleRequest()
 8 FCPATH/index.php(79): CodeIgniter\CodeIgniter->run()
CRITICAL - 2024-09-12 12:09:03 --> Deletes are not allowed unless they contain a "where" or "like" clause.
in SYSTEMPATH/Database/BaseBuilder.php on line 2766.
 1 SYSTEMPATH/Model.php(445): CodeIgniter\Database\BaseBuilder->delete()
 2 SYSTEMPATH/BaseModel.php(1080): CodeIgniter\Model->doDelete()
 3 APPPATH/Controllers/TeacherController.php(99): CodeIgniter\BaseModel->delete()
 4 SYSTEMPATH/CodeIgniter.php(919): App\Controllers\TeacherController->delete()
 5 SYSTEMPATH/CodeIgniter.php(494): CodeIgniter\CodeIgniter->runController()
 6 SYSTEMPATH/CodeIgniter.php(353): CodeIgniter\CodeIgniter->handleRequest()
 7 FCPATH/index.php(79): CodeIgniter\CodeIgniter->run()
