CRITICAL - 2024-10-31 12:24:13 --> Undefined variable $item
in APPPATH\Views\schedule\index.php on line 286.
 1 APPPATH\Views\schedule\index.php(286): CodeIgniter\Debug\Exceptions->errorHandler(2, 'Undefined variable $item', 'C:\\laragon\\www\\Colegio_de_PuertoGalera\\app\\Views\\schedule\\index.php', 286)
 2 SYSTEMPATH\View\View.php(226): include('C:\\laragon\\www\\Colegio_de_PuertoGalera\\app\\Views\\schedule\\index.php')
 3 SYSTEMPATH\View\View.php(229): CodeIgniter\View\View->CodeIgniter\View\{closure}()
 4 SYSTEMPATH\Common.php(1188): CodeIgniter\View\View->render('schedule/index', [], true)
 5 APPPATH\Controllers\ScheduleController.php(35): view('schedule/index', [...])
 6 SYSTEMPATH\CodeIgniter.php(919): App\Controllers\ScheduleController->index()
 7 SYSTEMPATH\CodeIgniter.php(494): CodeIgniter\CodeIgniter->runController(Object(App\Controllers\ScheduleController))
 8 SYSTEMPATH\CodeIgniter.php(353): CodeIgniter\CodeIgniter->handleRequest(null, Object(Config\Cache), false)
 9 FCPATH\index.php(79): CodeIgniter\CodeIgniter->run()
10 SYSTEMPATH\Commands\Server\rewrite.php(47): require_once('C:\\laragon\\www\\Colegio_de_PuertoGalera\\public\\index.php')
CRITICAL - 2024-10-31 12:25:20 --> Undefined variable $item
in APPPATH\Views\schedule\index.php on line 286.
 1 APPPATH\Views\schedule\index.php(286): CodeIgniter\Debug\Exceptions->errorHandler(2, 'Undefined variable $item', 'C:\\laragon\\www\\Colegio_de_PuertoGalera\\app\\Views\\schedule\\index.php', 286)
 2 SYSTEMPATH\View\View.php(226): include('C:\\laragon\\www\\Colegio_de_PuertoGalera\\app\\Views\\schedule\\index.php')
 3 SYSTEMPATH\View\View.php(229): CodeIgniter\View\View->CodeIgniter\View\{closure}()
 4 SYSTEMPATH\Common.php(1188): CodeIgniter\View\View->render('schedule/index', [], true)
 5 APPPATH\Controllers\ScheduleController.php(35): view('schedule/index', [...])
 6 SYSTEMPATH\CodeIgniter.php(919): App\Controllers\ScheduleController->index()
 7 SYSTEMPATH\CodeIgniter.php(494): CodeIgniter\CodeIgniter->runController(Object(App\Controllers\ScheduleController))
 8 SYSTEMPATH\CodeIgniter.php(353): CodeIgniter\CodeIgniter->handleRequest(null, Object(Config\Cache), false)
 9 FCPATH\index.php(79): CodeIgniter\CodeIgniter->run()
10 SYSTEMPATH\Commands\Server\rewrite.php(47): require_once('C:\\laragon\\www\\Colegio_de_PuertoGalera\\public\\index.php')
CRITICAL - 2024-10-31 12:25:21 --> Undefined variable $item
in APPPATH\Views\schedule\index.php on line 286.
 1 APPPATH\Views\schedule\index.php(286): CodeIgniter\Debug\Exceptions->errorHandler(2, 'Undefined variable $item', 'C:\\laragon\\www\\Colegio_de_PuertoGalera\\app\\Views\\schedule\\index.php', 286)
 2 SYSTEMPATH\View\View.php(226): include('C:\\laragon\\www\\Colegio_de_PuertoGalera\\app\\Views\\schedule\\index.php')
 3 SYSTEMPATH\View\View.php(229): CodeIgniter\View\View->CodeIgniter\View\{closure}()
 4 SYSTEMPATH\Common.php(1188): CodeIgniter\View\View->render('schedule/index', [], true)
 5 APPPATH\Controllers\ScheduleController.php(35): view('schedule/index', [...])
 6 SYSTEMPATH\CodeIgniter.php(919): App\Controllers\ScheduleController->index()
 7 SYSTEMPATH\CodeIgniter.php(494): CodeIgniter\CodeIgniter->runController(Object(App\Controllers\ScheduleController))
 8 SYSTEMPATH\CodeIgniter.php(353): CodeIgniter\CodeIgniter->handleRequest(null, Object(Config\Cache), false)
 9 FCPATH\index.php(79): CodeIgniter\CodeIgniter->run()
10 SYSTEMPATH\Commands\Server\rewrite.php(47): require_once('C:\\laragon\\www\\Colegio_de_PuertoGalera\\public\\index.php')
CRITICAL - 2024-10-31 12:25:24 --> Undefined variable $item
in APPPATH\Views\schedule\index.php on line 286.
 1 APPPATH\Views\schedule\index.php(286): CodeIgniter\Debug\Exceptions->errorHandler(2, 'Undefined variable $item', 'C:\\laragon\\www\\Colegio_de_PuertoGalera\\app\\Views\\schedule\\index.php', 286)
 2 SYSTEMPATH\View\View.php(226): include('C:\\laragon\\www\\Colegio_de_PuertoGalera\\app\\Views\\schedule\\index.php')
 3 SYSTEMPATH\View\View.php(229): CodeIgniter\View\View->CodeIgniter\View\{closure}()
 4 SYSTEMPATH\Common.php(1188): CodeIgniter\View\View->render('schedule/index', [], true)
 5 APPPATH\Controllers\ScheduleController.php(35): view('schedule/index', [...])
 6 SYSTEMPATH\CodeIgniter.php(919): App\Controllers\ScheduleController->index()
 7 SYSTEMPATH\CodeIgniter.php(494): CodeIgniter\CodeIgniter->runController(Object(App\Controllers\ScheduleController))
 8 SYSTEMPATH\CodeIgniter.php(353): CodeIgniter\CodeIgniter->handleRequest(null, Object(Config\Cache), false)
 9 FCPATH\index.php(79): CodeIgniter\CodeIgniter->run()
10 SYSTEMPATH\Commands\Server\rewrite.php(47): require_once('C:\\laragon\\www\\Colegio_de_PuertoGalera\\public\\index.php')
CRITICAL - 2024-10-31 12:27:26 --> foreach() argument must be of type array|object, null given
in APPPATH\Controllers\CourseYearController.php on line 40.
 1 APPPATH\Controllers\CourseYearController.php(40): CodeIgniter\Debug\Exceptions->errorHandler(2, 'foreach() argument must be of type array|object, null given', 'C:\\laragon\\www\\Colegio_de_PuertoGalera\\app\\Controllers\\CourseYearController.php', 40)
 2 SYSTEMPATH\CodeIgniter.php(919): App\Controllers\CourseYearController->store()
 3 SYSTEMPATH\CodeIgniter.php(494): CodeIgniter\CodeIgniter->runController(Object(App\Controllers\CourseYearController))
 4 SYSTEMPATH\CodeIgniter.php(353): CodeIgniter\CodeIgniter->handleRequest(null, Object(Config\Cache), false)
 5 FCPATH\index.php(79): CodeIgniter\CodeIgniter->run()
 6 SYSTEMPATH\Commands\Server\rewrite.php(47): require_once('C:\\laragon\\www\\Colegio_de_PuertoGalera\\public\\index.php')
CRITICAL - 2024-10-31 12:34:00 --> Undefined variable $item
in APPPATH\Views\schedule\courses_sections_table.php on line 73.
 1 APPPATH\Views\schedule\courses_sections_table.php(73): CodeIgniter\Debug\Exceptions->errorHandler(2, 'Undefined variable $item', 'C:\\laragon\\www\\Colegio_de_PuertoGalera\\app\\Views\\schedule\\courses_sections_table.php', 73)
 2 SYSTEMPATH\View\View.php(226): include('C:\\laragon\\www\\Colegio_de_PuertoGalera\\app\\Views\\schedule\\courses_sections_table.php')
 3 SYSTEMPATH\View\View.php(229): CodeIgniter\View\View->CodeIgniter\View\{closure}()
 4 SYSTEMPATH\Common.php(1188): CodeIgniter\View\View->render('schedule/courses_sections_table', [], true)
 5 APPPATH\Controllers\CourseYearController.php(19): view('schedule/courses_sections_table', [...])
 6 SYSTEMPATH\CodeIgniter.php(919): App\Controllers\CourseYearController->index()
 7 SYSTEMPATH\CodeIgniter.php(494): CodeIgniter\CodeIgniter->runController(Object(App\Controllers\CourseYearController))
 8 SYSTEMPATH\CodeIgniter.php(353): CodeIgniter\CodeIgniter->handleRequest(null, Object(Config\Cache), false)
 9 FCPATH\index.php(79): CodeIgniter\CodeIgniter->run()
10 SYSTEMPATH\Commands\Server\rewrite.php(47): require_once('C:\\laragon\\www\\Colegio_de_PuertoGalera\\public\\index.php')
CRITICAL - 2024-10-31 12:34:12 --> Undefined variable $item
in APPPATH\Views\schedule\courses_sections_table.php on line 73.
 1 APPPATH\Views\schedule\courses_sections_table.php(73): CodeIgniter\Debug\Exceptions->errorHandler(2, 'Undefined variable $item', 'C:\\laragon\\www\\Colegio_de_PuertoGalera\\app\\Views\\schedule\\courses_sections_table.php', 73)
 2 SYSTEMPATH\View\View.php(226): include('C:\\laragon\\www\\Colegio_de_PuertoGalera\\app\\Views\\schedule\\courses_sections_table.php')
 3 SYSTEMPATH\View\View.php(229): CodeIgniter\View\View->CodeIgniter\View\{closure}()
 4 SYSTEMPATH\Common.php(1188): CodeIgniter\View\View->render('schedule/courses_sections_table', [], true)
 5 APPPATH\Controllers\CourseYearController.php(19): view('schedule/courses_sections_table', [...])
 6 SYSTEMPATH\CodeIgniter.php(919): App\Controllers\CourseYearController->index()
 7 SYSTEMPATH\CodeIgniter.php(494): CodeIgniter\CodeIgniter->runController(Object(App\Controllers\CourseYearController))
 8 SYSTEMPATH\CodeIgniter.php(353): CodeIgniter\CodeIgniter->handleRequest(null, Object(Config\Cache), false)
 9 FCPATH\index.php(79): CodeIgniter\CodeIgniter->run()
10 SYSTEMPATH\Commands\Server\rewrite.php(47): require_once('C:\\laragon\\www\\Colegio_de_PuertoGalera\\public\\index.php')
CRITICAL - 2024-10-31 12:38:34 --> Maximum execution time of 60 seconds exceeded
in VENDORPATH\phpmailer\phpmailer\src\SMTP.php on line 1269.
 1 [internal function]: CodeIgniter\Debug\Exceptions->shutdownHandler()
ERROR - 2024-10-31 13:14:52 --> mysqli_sql_exception: Table 'students' already exists in C:\laragon\www\Colegio_de_PuertoGalera\system\Database\MySQLi\Connection.php:306
Stack trace:
#0 C:\laragon\www\Colegio_de_PuertoGalera\system\Database\MySQLi\Connection.php(306): mysqli->query('CREATE TABLE `s...', 0)
#1 C:\laragon\www\Colegio_de_PuertoGalera\system\Database\BaseConnection.php(692): CodeIgniter\Database\MySQLi\Connection->execute('CREATE TABLE `s...')
#2 C:\laragon\www\Colegio_de_PuertoGalera\system\Database\BaseConnection.php(606): CodeIgniter\Database\BaseConnection->simpleQuery('CREATE TABLE `s...')
#3 C:\laragon\www\Colegio_de_PuertoGalera\system\Database\Forge.php(546): CodeIgniter\Database\BaseConnection->query('CREATE TABLE `s...')
#4 C:\laragon\www\Colegio_de_PuertoGalera\app\Database\Migrations\2024-10-10-014222_CreateStudentsTable.php(48): CodeIgniter\Database\Forge->createTable('students')
#5 C:\laragon\www\Colegio_de_PuertoGalera\system\Database\MigrationRunner.php(877): App\Database\Migrations\CreateStudentsTable->up()
#6 C:\laragon\www\Colegio_de_PuertoGalera\system\Database\MigrationRunner.php(188): CodeIgniter\Database\MigrationRunner->migrate('up', Object(stdClass))
#7 C:\laragon\www\Colegio_de_PuertoGalera\system\Commands\Database\Migrate.php(84): CodeIgniter\Database\MigrationRunner->latest(NULL)
#8 C:\laragon\www\Colegio_de_PuertoGalera\system\CLI\Commands.php(65): CodeIgniter\Commands\Database\Migrate->run(Array)
#9 C:\laragon\www\Colegio_de_PuertoGalera\system\CLI\Console.php(37): CodeIgniter\CLI\Commands->run('migrate', Array)
#10 C:\laragon\www\Colegio_de_PuertoGalera\spark(102): CodeIgniter\CLI\Console->run()
#11 {main}
CRITICAL - 2024-10-31 14:50:33 --> Undefined variable $yearsSections
in APPPATH\Views\schedule\index.php on line 204.
 1 APPPATH\Views\schedule\index.php(204): CodeIgniter\Debug\Exceptions->errorHandler(2, 'Undefined variable $yearsSections', 'C:\\laragon\\www\\Colegio_de_PuertoGalera\\app\\Views\\schedule\\index.php', 204)
 2 SYSTEMPATH\View\View.php(226): include('C:\\laragon\\www\\Colegio_de_PuertoGalera\\app\\Views\\schedule\\index.php')
 3 SYSTEMPATH\View\View.php(229): CodeIgniter\View\View->CodeIgniter\View\{closure}()
 4 SYSTEMPATH\Common.php(1188): CodeIgniter\View\View->render('schedule/index', [], true)
 5 APPPATH\Controllers\ScheduleController.php(35): view('schedule/index', [...])
 6 SYSTEMPATH\CodeIgniter.php(919): App\Controllers\ScheduleController->index()
 7 SYSTEMPATH\CodeIgniter.php(494): CodeIgniter\CodeIgniter->runController(Object(App\Controllers\ScheduleController))
 8 SYSTEMPATH\CodeIgniter.php(353): CodeIgniter\CodeIgniter->handleRequest(null, Object(Config\Cache), false)
 9 FCPATH\index.php(79): CodeIgniter\CodeIgniter->run()
10 SYSTEMPATH\Commands\Server\rewrite.php(47): require_once('C:\\laragon\\www\\Colegio_de_PuertoGalera\\public\\index.php')
