CRITICAL - 2024-11-26 00:03:57 --> Undefined variable $courses
in APPPATH\Views\include\features_course.php on line 12.
 1 APPPATH\Views\include\features_course.php(12): CodeIgniter\Debug\Exceptions->errorHandler(2, 'Undefined variable $courses', 'C:\\laragon\\www\\Colegio_de_PuertoGalera\\app\\Views\\include\\features_course.php', 12)
 2 SYSTEMPATH\View\View.php(226): include('C:\\laragon\\www\\Colegio_de_PuertoGalera\\app\\Views\\include\\features_course.php')
 3 SYSTEMPATH\View\View.php(229): CodeIgniter\View\View->CodeIgniter\View\{closure}()
 4 SYSTEMPATH\View\View.php(467): CodeIgniter\View\View->render('include/features_course', null, true)
 5 APPPATH\Views\userpage\index.php(72): CodeIgniter\View\View->include('include/features_course')
 6 SYSTEMPATH\View\View.php(226): include('C:\\laragon\\www\\Colegio_de_PuertoGalera\\app\\Views\\userpage\\index.php')
 7 SYSTEMPATH\View\View.php(229): CodeIgniter\View\View->CodeIgniter\View\{closure}()
 8 SYSTEMPATH\Common.php(1188): CodeIgniter\View\View->render('userpage/index', [], true)
 9 APPPATH\Controllers\Home.php(115): view('userpage/index', [...])
10 SYSTEMPATH\CodeIgniter.php(919): App\Controllers\Home->index()
11 SYSTEMPATH\CodeIgniter.php(494): CodeIgniter\CodeIgniter->runController(Object(App\Controllers\Home))
12 SYSTEMPATH\CodeIgniter.php(353): CodeIgniter\CodeIgniter->handleRequest(null, Object(Config\Cache), false)
13 FCPATH\index.php(79): CodeIgniter\CodeIgniter->run()
14 SYSTEMPATH\Commands\Server\rewrite.php(47): require_once('C:\\laragon\\www\\Colegio_de_PuertoGalera\\public\\index.php')
CRITICAL - 2024-11-26 00:06:14 --> Undefined variable $courses
in APPPATH\Views\include\features_course.php on line 12.
 1 APPPATH\Views\include\features_course.php(12): CodeIgniter\Debug\Exceptions->errorHandler(2, 'Undefined variable $courses', 'C:\\laragon\\www\\Colegio_de_PuertoGalera\\app\\Views\\include\\features_course.php', 12)
 2 SYSTEMPATH\View\View.php(226): include('C:\\laragon\\www\\Colegio_de_PuertoGalera\\app\\Views\\include\\features_course.php')
 3 SYSTEMPATH\View\View.php(229): CodeIgniter\View\View->CodeIgniter\View\{closure}()
 4 SYSTEMPATH\View\View.php(467): CodeIgniter\View\View->render('include/features_course', null, true)
 5 APPPATH\Views\userpage\index.php(72): CodeIgniter\View\View->include('include/features_course')
 6 SYSTEMPATH\View\View.php(226): include('C:\\laragon\\www\\Colegio_de_PuertoGalera\\app\\Views\\userpage\\index.php')
 7 SYSTEMPATH\View\View.php(229): CodeIgniter\View\View->CodeIgniter\View\{closure}()
 8 SYSTEMPATH\Common.php(1188): CodeIgniter\View\View->render('userpage/index', [], true)
 9 APPPATH\Controllers\Home.php(115): view('userpage/index', [...])
10 SYSTEMPATH\CodeIgniter.php(919): App\Controllers\Home->index()
11 SYSTEMPATH\CodeIgniter.php(494): CodeIgniter\CodeIgniter->runController(Object(App\Controllers\Home))
12 SYSTEMPATH\CodeIgniter.php(353): CodeIgniter\CodeIgniter->handleRequest(null, Object(Config\Cache), false)
13 FCPATH\index.php(79): CodeIgniter\CodeIgniter->run()
14 SYSTEMPATH\Commands\Server\rewrite.php(47): require_once('C:\\laragon\\www\\Colegio_de_PuertoGalera\\public\\index.php')
CRITICAL - 2024-11-26 00:13:17 --> Undefined property: App\Controllers\Home::$courseModel
in APPPATH\Controllers\Home.php on line 103.
 1 APPPATH\Controllers\Home.php(103): CodeIgniter\Debug\Exceptions->errorHandler(2, 'Undefined property: App\\Controllers\\Home::$courseModel', 'C:\\laragon\\www\\Colegio_de_PuertoGalera\\app\\Controllers\\Home.php', 103)
 2 SYSTEMPATH\CodeIgniter.php(919): App\Controllers\Home->index()
 3 SYSTEMPATH\CodeIgniter.php(494): CodeIgniter\CodeIgniter->runController(Object(App\Controllers\Home))
 4 SYSTEMPATH\CodeIgniter.php(353): CodeIgniter\CodeIgniter->handleRequest(null, Object(Config\Cache), false)
 5 FCPATH\index.php(79): CodeIgniter\CodeIgniter->run()
 6 SYSTEMPATH\Commands\Server\rewrite.php(47): require_once('C:\\laragon\\www\\Colegio_de_PuertoGalera\\public\\index.php')
CRITICAL - 2024-11-26 00:13:39 --> Undefined property: App\Controllers\Home::$courseModel
in APPPATH\Controllers\Home.php on line 103.
 1 APPPATH\Controllers\Home.php(103): CodeIgniter\Debug\Exceptions->errorHandler(2, 'Undefined property: App\\Controllers\\Home::$courseModel', 'C:\\laragon\\www\\Colegio_de_PuertoGalera\\app\\Controllers\\Home.php', 103)
 2 SYSTEMPATH\CodeIgniter.php(919): App\Controllers\Home->index()
 3 SYSTEMPATH\CodeIgniter.php(494): CodeIgniter\CodeIgniter->runController(Object(App\Controllers\Home))
 4 SYSTEMPATH\CodeIgniter.php(353): CodeIgniter\CodeIgniter->handleRequest(null, Object(Config\Cache), false)
 5 FCPATH\index.php(79): CodeIgniter\CodeIgniter->run()
 6 SYSTEMPATH\Commands\Server\rewrite.php(47): require_once('C:\\laragon\\www\\Colegio_de_PuertoGalera\\public\\index.php')
CRITICAL - 2024-11-26 00:17:48 --> Undefined variable $courses
in APPPATH\Views\include\features_course.php on line 12.
 1 APPPATH\Views\include\features_course.php(12): CodeIgniter\Debug\Exceptions->errorHandler(2, 'Undefined variable $courses', 'C:\\laragon\\www\\Colegio_de_PuertoGalera\\app\\Views\\include\\features_course.php', 12)
 2 SYSTEMPATH\View\View.php(226): include('C:\\laragon\\www\\Colegio_de_PuertoGalera\\app\\Views\\include\\features_course.php')
 3 SYSTEMPATH\View\View.php(229): CodeIgniter\View\View->CodeIgniter\View\{closure}()
 4 SYSTEMPATH\View\View.php(467): CodeIgniter\View\View->render('include/features_course', null, true)
 5 APPPATH\Views\userpage\index.php(72): CodeIgniter\View\View->include('include/features_course')
 6 SYSTEMPATH\View\View.php(226): include('C:\\laragon\\www\\Colegio_de_PuertoGalera\\app\\Views\\userpage\\index.php')
 7 SYSTEMPATH\View\View.php(229): CodeIgniter\View\View->CodeIgniter\View\{closure}()
 8 SYSTEMPATH\Common.php(1188): CodeIgniter\View\View->render('userpage/index', [], true)
 9 APPPATH\Controllers\Home.php(115): view('userpage/index', [...])
10 SYSTEMPATH\CodeIgniter.php(919): App\Controllers\Home->index()
11 SYSTEMPATH\CodeIgniter.php(494): CodeIgniter\CodeIgniter->runController(Object(App\Controllers\Home))
12 SYSTEMPATH\CodeIgniter.php(353): CodeIgniter\CodeIgniter->handleRequest(null, Object(Config\Cache), false)
13 FCPATH\index.php(79): CodeIgniter\CodeIgniter->run()
14 SYSTEMPATH\Commands\Server\rewrite.php(47): require_once('C:\\laragon\\www\\Colegio_de_PuertoGalera\\public\\index.php')
CRITICAL - 2024-11-26 00:19:10 --> Undefined variable $courses
in APPPATH\Views\include\features_course.php on line 12.
 1 APPPATH\Views\include\features_course.php(12): CodeIgniter\Debug\Exceptions->errorHandler(2, 'Undefined variable $courses', 'C:\\laragon\\www\\Colegio_de_PuertoGalera\\app\\Views\\include\\features_course.php', 12)
 2 SYSTEMPATH\View\View.php(226): include('C:\\laragon\\www\\Colegio_de_PuertoGalera\\app\\Views\\include\\features_course.php')
 3 SYSTEMPATH\View\View.php(229): CodeIgniter\View\View->CodeIgniter\View\{closure}()
 4 SYSTEMPATH\View\View.php(467): CodeIgniter\View\View->render('include/features_course', null, true)
 5 APPPATH\Views\userpage\index.php(72): CodeIgniter\View\View->include('include/features_course')
 6 SYSTEMPATH\View\View.php(226): include('C:\\laragon\\www\\Colegio_de_PuertoGalera\\app\\Views\\userpage\\index.php')
 7 SYSTEMPATH\View\View.php(229): CodeIgniter\View\View->CodeIgniter\View\{closure}()
 8 SYSTEMPATH\Common.php(1188): CodeIgniter\View\View->render('userpage/index', [], true)
 9 APPPATH\Controllers\Home.php(115): view('userpage/index', [...])
10 SYSTEMPATH\CodeIgniter.php(919): App\Controllers\Home->index()
11 SYSTEMPATH\CodeIgniter.php(494): CodeIgniter\CodeIgniter->runController(Object(App\Controllers\Home))
12 SYSTEMPATH\CodeIgniter.php(353): CodeIgniter\CodeIgniter->handleRequest(null, Object(Config\Cache), false)
13 FCPATH\index.php(79): CodeIgniter\CodeIgniter->run()
14 SYSTEMPATH\Commands\Server\rewrite.php(47): require_once('C:\\laragon\\www\\Colegio_de_PuertoGalera\\public\\index.php')
CRITICAL - 2024-11-26 00:19:12 --> Undefined variable $courses
in APPPATH\Views\include\features_course.php on line 12.
 1 APPPATH\Views\include\features_course.php(12): CodeIgniter\Debug\Exceptions->errorHandler(2, 'Undefined variable $courses', 'C:\\laragon\\www\\Colegio_de_PuertoGalera\\app\\Views\\include\\features_course.php', 12)
 2 SYSTEMPATH\View\View.php(226): include('C:\\laragon\\www\\Colegio_de_PuertoGalera\\app\\Views\\include\\features_course.php')
 3 SYSTEMPATH\View\View.php(229): CodeIgniter\View\View->CodeIgniter\View\{closure}()
 4 SYSTEMPATH\View\View.php(467): CodeIgniter\View\View->render('include/features_course', null, true)
 5 APPPATH\Views\userpage\index.php(72): CodeIgniter\View\View->include('include/features_course')
 6 SYSTEMPATH\View\View.php(226): include('C:\\laragon\\www\\Colegio_de_PuertoGalera\\app\\Views\\userpage\\index.php')
 7 SYSTEMPATH\View\View.php(229): CodeIgniter\View\View->CodeIgniter\View\{closure}()
 8 SYSTEMPATH\Common.php(1188): CodeIgniter\View\View->render('userpage/index', [], true)
 9 APPPATH\Controllers\Home.php(115): view('userpage/index', [...])
10 SYSTEMPATH\CodeIgniter.php(919): App\Controllers\Home->index()
11 SYSTEMPATH\CodeIgniter.php(494): CodeIgniter\CodeIgniter->runController(Object(App\Controllers\Home))
12 SYSTEMPATH\CodeIgniter.php(353): CodeIgniter\CodeIgniter->handleRequest(null, Object(Config\Cache), false)
13 FCPATH\index.php(79): CodeIgniter\CodeIgniter->run()
14 SYSTEMPATH\Commands\Server\rewrite.php(47): require_once('C:\\laragon\\www\\Colegio_de_PuertoGalera\\public\\index.php')
CRITICAL - 2024-11-26 00:19:12 --> Undefined variable $courses
in APPPATH\Views\include\features_course.php on line 12.
 1 APPPATH\Views\include\features_course.php(12): CodeIgniter\Debug\Exceptions->errorHandler(2, 'Undefined variable $courses', 'C:\\laragon\\www\\Colegio_de_PuertoGalera\\app\\Views\\include\\features_course.php', 12)
 2 SYSTEMPATH\View\View.php(226): include('C:\\laragon\\www\\Colegio_de_PuertoGalera\\app\\Views\\include\\features_course.php')
 3 SYSTEMPATH\View\View.php(229): CodeIgniter\View\View->CodeIgniter\View\{closure}()
 4 SYSTEMPATH\View\View.php(467): CodeIgniter\View\View->render('include/features_course', null, true)
 5 APPPATH\Views\userpage\index.php(72): CodeIgniter\View\View->include('include/features_course')
 6 SYSTEMPATH\View\View.php(226): include('C:\\laragon\\www\\Colegio_de_PuertoGalera\\app\\Views\\userpage\\index.php')
 7 SYSTEMPATH\View\View.php(229): CodeIgniter\View\View->CodeIgniter\View\{closure}()
 8 SYSTEMPATH\Common.php(1188): CodeIgniter\View\View->render('userpage/index', [], true)
 9 APPPATH\Controllers\Home.php(115): view('userpage/index', [...])
10 SYSTEMPATH\CodeIgniter.php(919): App\Controllers\Home->index()
11 SYSTEMPATH\CodeIgniter.php(494): CodeIgniter\CodeIgniter->runController(Object(App\Controllers\Home))
12 SYSTEMPATH\CodeIgniter.php(353): CodeIgniter\CodeIgniter->handleRequest(null, Object(Config\Cache), false)
13 FCPATH\index.php(79): CodeIgniter\CodeIgniter->run()
14 SYSTEMPATH\Commands\Server\rewrite.php(47): require_once('C:\\laragon\\www\\Colegio_de_PuertoGalera\\public\\index.php')
CRITICAL - 2024-11-26 00:19:13 --> Undefined variable $courses
in APPPATH\Views\include\features_course.php on line 12.
 1 APPPATH\Views\include\features_course.php(12): CodeIgniter\Debug\Exceptions->errorHandler(2, 'Undefined variable $courses', 'C:\\laragon\\www\\Colegio_de_PuertoGalera\\app\\Views\\include\\features_course.php', 12)
 2 SYSTEMPATH\View\View.php(226): include('C:\\laragon\\www\\Colegio_de_PuertoGalera\\app\\Views\\include\\features_course.php')
 3 SYSTEMPATH\View\View.php(229): CodeIgniter\View\View->CodeIgniter\View\{closure}()
 4 SYSTEMPATH\View\View.php(467): CodeIgniter\View\View->render('include/features_course', null, true)
 5 APPPATH\Views\userpage\index.php(72): CodeIgniter\View\View->include('include/features_course')
 6 SYSTEMPATH\View\View.php(226): include('C:\\laragon\\www\\Colegio_de_PuertoGalera\\app\\Views\\userpage\\index.php')
 7 SYSTEMPATH\View\View.php(229): CodeIgniter\View\View->CodeIgniter\View\{closure}()
 8 SYSTEMPATH\Common.php(1188): CodeIgniter\View\View->render('userpage/index', [], true)
 9 APPPATH\Controllers\Home.php(115): view('userpage/index', [...])
10 SYSTEMPATH\CodeIgniter.php(919): App\Controllers\Home->index()
11 SYSTEMPATH\CodeIgniter.php(494): CodeIgniter\CodeIgniter->runController(Object(App\Controllers\Home))
12 SYSTEMPATH\CodeIgniter.php(353): CodeIgniter\CodeIgniter->handleRequest(null, Object(Config\Cache), false)
13 FCPATH\index.php(79): CodeIgniter\CodeIgniter->run()
14 SYSTEMPATH\Commands\Server\rewrite.php(47): require_once('C:\\laragon\\www\\Colegio_de_PuertoGalera\\public\\index.php')
CRITICAL - 2024-11-26 00:19:13 --> Undefined variable $courses
in APPPATH\Views\include\features_course.php on line 12.
 1 APPPATH\Views\include\features_course.php(12): CodeIgniter\Debug\Exceptions->errorHandler(2, 'Undefined variable $courses', 'C:\\laragon\\www\\Colegio_de_PuertoGalera\\app\\Views\\include\\features_course.php', 12)
 2 SYSTEMPATH\View\View.php(226): include('C:\\laragon\\www\\Colegio_de_PuertoGalera\\app\\Views\\include\\features_course.php')
 3 SYSTEMPATH\View\View.php(229): CodeIgniter\View\View->CodeIgniter\View\{closure}()
 4 SYSTEMPATH\View\View.php(467): CodeIgniter\View\View->render('include/features_course', null, true)
 5 APPPATH\Views\userpage\index.php(72): CodeIgniter\View\View->include('include/features_course')
 6 SYSTEMPATH\View\View.php(226): include('C:\\laragon\\www\\Colegio_de_PuertoGalera\\app\\Views\\userpage\\index.php')
 7 SYSTEMPATH\View\View.php(229): CodeIgniter\View\View->CodeIgniter\View\{closure}()
 8 SYSTEMPATH\Common.php(1188): CodeIgniter\View\View->render('userpage/index', [], true)
 9 APPPATH\Controllers\Home.php(115): view('userpage/index', [...])
10 SYSTEMPATH\CodeIgniter.php(919): App\Controllers\Home->index()
11 SYSTEMPATH\CodeIgniter.php(494): CodeIgniter\CodeIgniter->runController(Object(App\Controllers\Home))
12 SYSTEMPATH\CodeIgniter.php(353): CodeIgniter\CodeIgniter->handleRequest(null, Object(Config\Cache), false)
13 FCPATH\index.php(79): CodeIgniter\CodeIgniter->run()
14 SYSTEMPATH\Commands\Server\rewrite.php(47): require_once('C:\\laragon\\www\\Colegio_de_PuertoGalera\\public\\index.php')
CRITICAL - 2024-11-26 00:19:14 --> Undefined variable $courses
in APPPATH\Views\include\features_course.php on line 12.
 1 APPPATH\Views\include\features_course.php(12): CodeIgniter\Debug\Exceptions->errorHandler(2, 'Undefined variable $courses', 'C:\\laragon\\www\\Colegio_de_PuertoGalera\\app\\Views\\include\\features_course.php', 12)
 2 SYSTEMPATH\View\View.php(226): include('C:\\laragon\\www\\Colegio_de_PuertoGalera\\app\\Views\\include\\features_course.php')
 3 SYSTEMPATH\View\View.php(229): CodeIgniter\View\View->CodeIgniter\View\{closure}()
 4 SYSTEMPATH\View\View.php(467): CodeIgniter\View\View->render('include/features_course', null, true)
 5 APPPATH\Views\userpage\index.php(72): CodeIgniter\View\View->include('include/features_course')
 6 SYSTEMPATH\View\View.php(226): include('C:\\laragon\\www\\Colegio_de_PuertoGalera\\app\\Views\\userpage\\index.php')
 7 SYSTEMPATH\View\View.php(229): CodeIgniter\View\View->CodeIgniter\View\{closure}()
 8 SYSTEMPATH\Common.php(1188): CodeIgniter\View\View->render('userpage/index', [], true)
 9 APPPATH\Controllers\Home.php(115): view('userpage/index', [...])
10 SYSTEMPATH\CodeIgniter.php(919): App\Controllers\Home->index()
11 SYSTEMPATH\CodeIgniter.php(494): CodeIgniter\CodeIgniter->runController(Object(App\Controllers\Home))
12 SYSTEMPATH\CodeIgniter.php(353): CodeIgniter\CodeIgniter->handleRequest(null, Object(Config\Cache), false)
13 FCPATH\index.php(79): CodeIgniter\CodeIgniter->run()
14 SYSTEMPATH\Commands\Server\rewrite.php(47): require_once('C:\\laragon\\www\\Colegio_de_PuertoGalera\\public\\index.php')
CRITICAL - 2024-11-26 00:20:15 --> Undefined variable $courses
in APPPATH\Views\include\features_course.php on line 12.
 1 APPPATH\Views\include\features_course.php(12): CodeIgniter\Debug\Exceptions->errorHandler(2, 'Undefined variable $courses', 'C:\\laragon\\www\\Colegio_de_PuertoGalera\\app\\Views\\include\\features_course.php', 12)
 2 SYSTEMPATH\View\View.php(226): include('C:\\laragon\\www\\Colegio_de_PuertoGalera\\app\\Views\\include\\features_course.php')
 3 SYSTEMPATH\View\View.php(229): CodeIgniter\View\View->CodeIgniter\View\{closure}()
 4 SYSTEMPATH\View\View.php(467): CodeIgniter\View\View->render('include/features_course', null, true)
 5 APPPATH\Views\userpage\index.php(72): CodeIgniter\View\View->include('include/features_course')
 6 SYSTEMPATH\View\View.php(226): include('C:\\laragon\\www\\Colegio_de_PuertoGalera\\app\\Views\\userpage\\index.php')
 7 SYSTEMPATH\View\View.php(229): CodeIgniter\View\View->CodeIgniter\View\{closure}()
 8 SYSTEMPATH\Common.php(1188): CodeIgniter\View\View->render('userpage/index', [], true)
 9 APPPATH\Controllers\Home.php(115): view('userpage/index', [...])
10 SYSTEMPATH\CodeIgniter.php(919): App\Controllers\Home->index()
11 SYSTEMPATH\CodeIgniter.php(494): CodeIgniter\CodeIgniter->runController(Object(App\Controllers\Home))
12 SYSTEMPATH\CodeIgniter.php(353): CodeIgniter\CodeIgniter->handleRequest(null, Object(Config\Cache), false)
13 FCPATH\index.php(79): CodeIgniter\CodeIgniter->run()
14 SYSTEMPATH\Commands\Server\rewrite.php(47): require_once('C:\\laragon\\www\\Colegio_de_PuertoGalera\\public\\index.php')
CRITICAL - 2024-11-26 00:20:16 --> Undefined property: App\Controllers\Home::$courseModel
in APPPATH\Controllers\Home.php on line 134.
 1 APPPATH\Controllers\Home.php(134): CodeIgniter\Debug\Exceptions->errorHandler(2, 'Undefined property: App\\Controllers\\Home::$courseModel', 'C:\\laragon\\www\\Colegio_de_PuertoGalera\\app\\Controllers\\Home.php', 134)
 2 SYSTEMPATH\CodeIgniter.php(919): App\Controllers\Home->courses()
 3 SYSTEMPATH\CodeIgniter.php(494): CodeIgniter\CodeIgniter->runController(Object(App\Controllers\Home))
 4 SYSTEMPATH\CodeIgniter.php(353): CodeIgniter\CodeIgniter->handleRequest(null, Object(Config\Cache), false)
 5 FCPATH\index.php(79): CodeIgniter\CodeIgniter->run()
 6 SYSTEMPATH\Commands\Server\rewrite.php(47): require_once('C:\\laragon\\www\\Colegio_de_PuertoGalera\\public\\index.php')
CRITICAL - 2024-11-26 00:20:30 --> Undefined variable $courses
in APPPATH\Views\include\features_course.php on line 12.
 1 APPPATH\Views\include\features_course.php(12): CodeIgniter\Debug\Exceptions->errorHandler(2, 'Undefined variable $courses', 'C:\\laragon\\www\\Colegio_de_PuertoGalera\\app\\Views\\include\\features_course.php', 12)
 2 SYSTEMPATH\View\View.php(226): include('C:\\laragon\\www\\Colegio_de_PuertoGalera\\app\\Views\\include\\features_course.php')
 3 SYSTEMPATH\View\View.php(229): CodeIgniter\View\View->CodeIgniter\View\{closure}()
 4 SYSTEMPATH\View\View.php(467): CodeIgniter\View\View->render('include/features_course', null, true)
 5 APPPATH\Views\userpage\index.php(72): CodeIgniter\View\View->include('include/features_course')
 6 SYSTEMPATH\View\View.php(226): include('C:\\laragon\\www\\Colegio_de_PuertoGalera\\app\\Views\\userpage\\index.php')
 7 SYSTEMPATH\View\View.php(229): CodeIgniter\View\View->CodeIgniter\View\{closure}()
 8 SYSTEMPATH\Common.php(1188): CodeIgniter\View\View->render('userpage/index', [], true)
 9 APPPATH\Controllers\Home.php(115): view('userpage/index', [...])
10 SYSTEMPATH\CodeIgniter.php(919): App\Controllers\Home->index()
11 SYSTEMPATH\CodeIgniter.php(494): CodeIgniter\CodeIgniter->runController(Object(App\Controllers\Home))
12 SYSTEMPATH\CodeIgniter.php(353): CodeIgniter\CodeIgniter->handleRequest(null, Object(Config\Cache), false)
13 FCPATH\index.php(79): CodeIgniter\CodeIgniter->run()
14 SYSTEMPATH\Commands\Server\rewrite.php(47): require_once('C:\\laragon\\www\\Colegio_de_PuertoGalera\\public\\index.php')
CRITICAL - 2024-11-26 00:21:04 --> Undefined variable $courses
in APPPATH\Views\include\features_course.php on line 12.
 1 APPPATH\Views\include\features_course.php(12): CodeIgniter\Debug\Exceptions->errorHandler(2, 'Undefined variable $courses', 'C:\\laragon\\www\\Colegio_de_PuertoGalera\\app\\Views\\include\\features_course.php', 12)
 2 SYSTEMPATH\View\View.php(226): include('C:\\laragon\\www\\Colegio_de_PuertoGalera\\app\\Views\\include\\features_course.php')
 3 SYSTEMPATH\View\View.php(229): CodeIgniter\View\View->CodeIgniter\View\{closure}()
 4 SYSTEMPATH\View\View.php(467): CodeIgniter\View\View->render('include/features_course', null, true)
 5 APPPATH\Views\userpage\index.php(72): CodeIgniter\View\View->include('include/features_course')
 6 SYSTEMPATH\View\View.php(226): include('C:\\laragon\\www\\Colegio_de_PuertoGalera\\app\\Views\\userpage\\index.php')
 7 SYSTEMPATH\View\View.php(229): CodeIgniter\View\View->CodeIgniter\View\{closure}()
 8 SYSTEMPATH\Common.php(1188): CodeIgniter\View\View->render('userpage/index', [], true)
 9 APPPATH\Controllers\Home.php(115): view('userpage/index', [...])
10 SYSTEMPATH\CodeIgniter.php(919): App\Controllers\Home->index()
11 SYSTEMPATH\CodeIgniter.php(494): CodeIgniter\CodeIgniter->runController(Object(App\Controllers\Home))
12 SYSTEMPATH\CodeIgniter.php(353): CodeIgniter\CodeIgniter->handleRequest(null, Object(Config\Cache), false)
13 FCPATH\index.php(79): CodeIgniter\CodeIgniter->run()
14 SYSTEMPATH\Commands\Server\rewrite.php(47): require_once('C:\\laragon\\www\\Colegio_de_PuertoGalera\\public\\index.php')
CRITICAL - 2024-11-26 00:21:05 --> Undefined variable $courses
in APPPATH\Views\include\features_course.php on line 12.
 1 APPPATH\Views\include\features_course.php(12): CodeIgniter\Debug\Exceptions->errorHandler(2, 'Undefined variable $courses', 'C:\\laragon\\www\\Colegio_de_PuertoGalera\\app\\Views\\include\\features_course.php', 12)
 2 SYSTEMPATH\View\View.php(226): include('C:\\laragon\\www\\Colegio_de_PuertoGalera\\app\\Views\\include\\features_course.php')
 3 SYSTEMPATH\View\View.php(229): CodeIgniter\View\View->CodeIgniter\View\{closure}()
 4 SYSTEMPATH\View\View.php(467): CodeIgniter\View\View->render('include/features_course', null, true)
 5 APPPATH\Views\userpage\index.php(72): CodeIgniter\View\View->include('include/features_course')
 6 SYSTEMPATH\View\View.php(226): include('C:\\laragon\\www\\Colegio_de_PuertoGalera\\app\\Views\\userpage\\index.php')
 7 SYSTEMPATH\View\View.php(229): CodeIgniter\View\View->CodeIgniter\View\{closure}()
 8 SYSTEMPATH\Common.php(1188): CodeIgniter\View\View->render('userpage/index', [], true)
 9 APPPATH\Controllers\Home.php(115): view('userpage/index', [...])
10 SYSTEMPATH\CodeIgniter.php(919): App\Controllers\Home->index()
11 SYSTEMPATH\CodeIgniter.php(494): CodeIgniter\CodeIgniter->runController(Object(App\Controllers\Home))
12 SYSTEMPATH\CodeIgniter.php(353): CodeIgniter\CodeIgniter->handleRequest(null, Object(Config\Cache), false)
13 FCPATH\index.php(79): CodeIgniter\CodeIgniter->run()
14 SYSTEMPATH\Commands\Server\rewrite.php(47): require_once('C:\\laragon\\www\\Colegio_de_PuertoGalera\\public\\index.php')
CRITICAL - 2024-11-26 00:21:14 --> Undefined variable $courses
in APPPATH\Views\include\features_course.php on line 12.
 1 APPPATH\Views\include\features_course.php(12): CodeIgniter\Debug\Exceptions->errorHandler(2, 'Undefined variable $courses', 'C:\\laragon\\www\\Colegio_de_PuertoGalera\\app\\Views\\include\\features_course.php', 12)
 2 SYSTEMPATH\View\View.php(226): include('C:\\laragon\\www\\Colegio_de_PuertoGalera\\app\\Views\\include\\features_course.php')
 3 SYSTEMPATH\View\View.php(229): CodeIgniter\View\View->CodeIgniter\View\{closure}()
 4 SYSTEMPATH\View\View.php(467): CodeIgniter\View\View->render('include/features_course', null, true)
 5 APPPATH\Views\userpage\index.php(72): CodeIgniter\View\View->include('include/features_course')
 6 SYSTEMPATH\View\View.php(226): include('C:\\laragon\\www\\Colegio_de_PuertoGalera\\app\\Views\\userpage\\index.php')
 7 SYSTEMPATH\View\View.php(229): CodeIgniter\View\View->CodeIgniter\View\{closure}()
 8 SYSTEMPATH\Common.php(1188): CodeIgniter\View\View->render('userpage/index', [], true)
 9 APPPATH\Controllers\Home.php(115): view('userpage/index', [...])
10 SYSTEMPATH\CodeIgniter.php(919): App\Controllers\Home->index()
11 SYSTEMPATH\CodeIgniter.php(494): CodeIgniter\CodeIgniter->runController(Object(App\Controllers\Home))
12 SYSTEMPATH\CodeIgniter.php(353): CodeIgniter\CodeIgniter->handleRequest(null, Object(Config\Cache), false)
13 FCPATH\index.php(79): CodeIgniter\CodeIgniter->run()
14 SYSTEMPATH\Commands\Server\rewrite.php(47): require_once('C:\\laragon\\www\\Colegio_de_PuertoGalera\\public\\index.php')
CRITICAL - 2024-11-26 00:21:37 --> Undefined variable $courses
in APPPATH\Views\include\features_course.php on line 12.
 1 APPPATH\Views\include\features_course.php(12): CodeIgniter\Debug\Exceptions->errorHandler(2, 'Undefined variable $courses', 'C:\\laragon\\www\\Colegio_de_PuertoGalera\\app\\Views\\include\\features_course.php', 12)
 2 SYSTEMPATH\View\View.php(226): include('C:\\laragon\\www\\Colegio_de_PuertoGalera\\app\\Views\\include\\features_course.php')
 3 SYSTEMPATH\View\View.php(229): CodeIgniter\View\View->CodeIgniter\View\{closure}()
 4 SYSTEMPATH\View\View.php(467): CodeIgniter\View\View->render('include/features_course', null, true)
 5 APPPATH\Views\userpage\index.php(72): CodeIgniter\View\View->include('include/features_course')
 6 SYSTEMPATH\View\View.php(226): include('C:\\laragon\\www\\Colegio_de_PuertoGalera\\app\\Views\\userpage\\index.php')
 7 SYSTEMPATH\View\View.php(229): CodeIgniter\View\View->CodeIgniter\View\{closure}()
 8 SYSTEMPATH\Common.php(1188): CodeIgniter\View\View->render('userpage/index', [], true)
 9 APPPATH\Controllers\Home.php(115): view('userpage/index', [...])
10 SYSTEMPATH\CodeIgniter.php(919): App\Controllers\Home->index()
11 SYSTEMPATH\CodeIgniter.php(494): CodeIgniter\CodeIgniter->runController(Object(App\Controllers\Home))
12 SYSTEMPATH\CodeIgniter.php(353): CodeIgniter\CodeIgniter->handleRequest(null, Object(Config\Cache), false)
13 FCPATH\index.php(79): CodeIgniter\CodeIgniter->run()
14 SYSTEMPATH\Commands\Server\rewrite.php(47): require_once('C:\\laragon\\www\\Colegio_de_PuertoGalera\\public\\index.php')
CRITICAL - 2024-11-26 00:21:38 --> Undefined variable $courses
in APPPATH\Views\include\features_course.php on line 12.
 1 APPPATH\Views\include\features_course.php(12): CodeIgniter\Debug\Exceptions->errorHandler(2, 'Undefined variable $courses', 'C:\\laragon\\www\\Colegio_de_PuertoGalera\\app\\Views\\include\\features_course.php', 12)
 2 SYSTEMPATH\View\View.php(226): include('C:\\laragon\\www\\Colegio_de_PuertoGalera\\app\\Views\\include\\features_course.php')
 3 SYSTEMPATH\View\View.php(229): CodeIgniter\View\View->CodeIgniter\View\{closure}()
 4 SYSTEMPATH\View\View.php(467): CodeIgniter\View\View->render('include/features_course', null, true)
 5 APPPATH\Views\userpage\index.php(72): CodeIgniter\View\View->include('include/features_course')
 6 SYSTEMPATH\View\View.php(226): include('C:\\laragon\\www\\Colegio_de_PuertoGalera\\app\\Views\\userpage\\index.php')
 7 SYSTEMPATH\View\View.php(229): CodeIgniter\View\View->CodeIgniter\View\{closure}()
 8 SYSTEMPATH\Common.php(1188): CodeIgniter\View\View->render('userpage/index', [], true)
 9 APPPATH\Controllers\Home.php(115): view('userpage/index', [...])
10 SYSTEMPATH\CodeIgniter.php(919): App\Controllers\Home->index()
11 SYSTEMPATH\CodeIgniter.php(494): CodeIgniter\CodeIgniter->runController(Object(App\Controllers\Home))
12 SYSTEMPATH\CodeIgniter.php(353): CodeIgniter\CodeIgniter->handleRequest(null, Object(Config\Cache), false)
13 FCPATH\index.php(79): CodeIgniter\CodeIgniter->run()
14 SYSTEMPATH\Commands\Server\rewrite.php(47): require_once('C:\\laragon\\www\\Colegio_de_PuertoGalera\\public\\index.php')
CRITICAL - 2024-11-26 00:21:52 --> Undefined variable $courses
in APPPATH\Views\include\features_course.php on line 12.
 1 APPPATH\Views\include\features_course.php(12): CodeIgniter\Debug\Exceptions->errorHandler(2, 'Undefined variable $courses', 'C:\\laragon\\www\\Colegio_de_PuertoGalera\\app\\Views\\include\\features_course.php', 12)
 2 SYSTEMPATH\View\View.php(226): include('C:\\laragon\\www\\Colegio_de_PuertoGalera\\app\\Views\\include\\features_course.php')
 3 SYSTEMPATH\View\View.php(229): CodeIgniter\View\View->CodeIgniter\View\{closure}()
 4 SYSTEMPATH\View\View.php(467): CodeIgniter\View\View->render('include/features_course', null, true)
 5 APPPATH\Views\userpage\index.php(72): CodeIgniter\View\View->include('include/features_course')
 6 SYSTEMPATH\View\View.php(226): include('C:\\laragon\\www\\Colegio_de_PuertoGalera\\app\\Views\\userpage\\index.php')
 7 SYSTEMPATH\View\View.php(229): CodeIgniter\View\View->CodeIgniter\View\{closure}()
 8 SYSTEMPATH\Common.php(1188): CodeIgniter\View\View->render('userpage/index', [], true)
 9 APPPATH\Controllers\Home.php(115): view('userpage/index', [...])
10 SYSTEMPATH\CodeIgniter.php(919): App\Controllers\Home->index()
11 SYSTEMPATH\CodeIgniter.php(494): CodeIgniter\CodeIgniter->runController(Object(App\Controllers\Home))
12 SYSTEMPATH\CodeIgniter.php(353): CodeIgniter\CodeIgniter->handleRequest(null, Object(Config\Cache), false)
13 FCPATH\index.php(79): CodeIgniter\CodeIgniter->run()
14 SYSTEMPATH\Commands\Server\rewrite.php(47): require_once('C:\\laragon\\www\\Colegio_de_PuertoGalera\\public\\index.php')
CRITICAL - 2024-11-26 00:21:53 --> Undefined variable $courses
in APPPATH\Views\include\features_course.php on line 12.
 1 APPPATH\Views\include\features_course.php(12): CodeIgniter\Debug\Exceptions->errorHandler(2, 'Undefined variable $courses', 'C:\\laragon\\www\\Colegio_de_PuertoGalera\\app\\Views\\include\\features_course.php', 12)
 2 SYSTEMPATH\View\View.php(226): include('C:\\laragon\\www\\Colegio_de_PuertoGalera\\app\\Views\\include\\features_course.php')
 3 SYSTEMPATH\View\View.php(229): CodeIgniter\View\View->CodeIgniter\View\{closure}()
 4 SYSTEMPATH\View\View.php(467): CodeIgniter\View\View->render('include/features_course', null, true)
 5 APPPATH\Views\userpage\index.php(72): CodeIgniter\View\View->include('include/features_course')
 6 SYSTEMPATH\View\View.php(226): include('C:\\laragon\\www\\Colegio_de_PuertoGalera\\app\\Views\\userpage\\index.php')
 7 SYSTEMPATH\View\View.php(229): CodeIgniter\View\View->CodeIgniter\View\{closure}()
 8 SYSTEMPATH\Common.php(1188): CodeIgniter\View\View->render('userpage/index', [], true)
 9 APPPATH\Controllers\Home.php(115): view('userpage/index', [...])
10 SYSTEMPATH\CodeIgniter.php(919): App\Controllers\Home->index()
11 SYSTEMPATH\CodeIgniter.php(494): CodeIgniter\CodeIgniter->runController(Object(App\Controllers\Home))
12 SYSTEMPATH\CodeIgniter.php(353): CodeIgniter\CodeIgniter->handleRequest(null, Object(Config\Cache), false)
13 FCPATH\index.php(79): CodeIgniter\CodeIgniter->run()
14 SYSTEMPATH\Commands\Server\rewrite.php(47): require_once('C:\\laragon\\www\\Colegio_de_PuertoGalera\\public\\index.php')
CRITICAL - 2024-11-26 00:22:17 --> Undefined variable $courses
in APPPATH\Views\include\features_course.php on line 12.
 1 APPPATH\Views\include\features_course.php(12): CodeIgniter\Debug\Exceptions->errorHandler(2, 'Undefined variable $courses', 'C:\\laragon\\www\\Colegio_de_PuertoGalera\\app\\Views\\include\\features_course.php', 12)
 2 SYSTEMPATH\View\View.php(226): include('C:\\laragon\\www\\Colegio_de_PuertoGalera\\app\\Views\\include\\features_course.php')
 3 SYSTEMPATH\View\View.php(229): CodeIgniter\View\View->CodeIgniter\View\{closure}()
 4 SYSTEMPATH\View\View.php(467): CodeIgniter\View\View->render('include/features_course', null, true)
 5 APPPATH\Views\userpage\index.php(72): CodeIgniter\View\View->include('include/features_course')
 6 SYSTEMPATH\View\View.php(226): include('C:\\laragon\\www\\Colegio_de_PuertoGalera\\app\\Views\\userpage\\index.php')
 7 SYSTEMPATH\View\View.php(229): CodeIgniter\View\View->CodeIgniter\View\{closure}()
 8 SYSTEMPATH\Common.php(1188): CodeIgniter\View\View->render('userpage/index', [], true)
 9 APPPATH\Controllers\Home.php(115): view('userpage/index', [...])
10 SYSTEMPATH\CodeIgniter.php(919): App\Controllers\Home->index()
11 SYSTEMPATH\CodeIgniter.php(494): CodeIgniter\CodeIgniter->runController(Object(App\Controllers\Home))
12 SYSTEMPATH\CodeIgniter.php(353): CodeIgniter\CodeIgniter->handleRequest(null, Object(Config\Cache), false)
13 FCPATH\index.php(79): CodeIgniter\CodeIgniter->run()
14 SYSTEMPATH\Commands\Server\rewrite.php(47): require_once('C:\\laragon\\www\\Colegio_de_PuertoGalera\\public\\index.php')
CRITICAL - 2024-11-26 00:22:26 --> Undefined variable $courses
in APPPATH\Views\include\features_course.php on line 12.
 1 APPPATH\Views\include\features_course.php(12): CodeIgniter\Debug\Exceptions->errorHandler(2, 'Undefined variable $courses', 'C:\\laragon\\www\\Colegio_de_PuertoGalera\\app\\Views\\include\\features_course.php', 12)
 2 SYSTEMPATH\View\View.php(226): include('C:\\laragon\\www\\Colegio_de_PuertoGalera\\app\\Views\\include\\features_course.php')
 3 SYSTEMPATH\View\View.php(229): CodeIgniter\View\View->CodeIgniter\View\{closure}()
 4 SYSTEMPATH\View\View.php(467): CodeIgniter\View\View->render('include/features_course', null, true)
 5 APPPATH\Views\userpage\index.php(72): CodeIgniter\View\View->include('include/features_course')
 6 SYSTEMPATH\View\View.php(226): include('C:\\laragon\\www\\Colegio_de_PuertoGalera\\app\\Views\\userpage\\index.php')
 7 SYSTEMPATH\View\View.php(229): CodeIgniter\View\View->CodeIgniter\View\{closure}()
 8 SYSTEMPATH\Common.php(1188): CodeIgniter\View\View->render('userpage/index', [], true)
 9 APPPATH\Controllers\Home.php(115): view('userpage/index', [...])
10 SYSTEMPATH\CodeIgniter.php(919): App\Controllers\Home->index()
11 SYSTEMPATH\CodeIgniter.php(494): CodeIgniter\CodeIgniter->runController(Object(App\Controllers\Home))
12 SYSTEMPATH\CodeIgniter.php(353): CodeIgniter\CodeIgniter->handleRequest(null, Object(Config\Cache), false)
13 FCPATH\index.php(79): CodeIgniter\CodeIgniter->run()
14 SYSTEMPATH\Commands\Server\rewrite.php(47): require_once('C:\\laragon\\www\\Colegio_de_PuertoGalera\\public\\index.php')
CRITICAL - 2024-11-26 06:02:07 --> Undefined array key "id"
in APPPATH\Views\schedule\index.php on line 225.
 1 APPPATH\Views\schedule\index.php(225): CodeIgniter\Debug\Exceptions->errorHandler(2, 'Undefined array key "id"', 'C:\\laragon\\www\\Colegio_de_PuertoGalera\\app\\Views\\schedule\\index.php', 225)
 2 SYSTEMPATH\View\View.php(226): include('C:\\laragon\\www\\Colegio_de_PuertoGalera\\app\\Views\\schedule\\index.php')
 3 SYSTEMPATH\View\View.php(229): CodeIgniter\View\View->CodeIgniter\View\{closure}()
 4 SYSTEMPATH\Common.php(1188): CodeIgniter\View\View->render('schedule/index', [], true)
 5 APPPATH\Controllers\ScheduleController.php(30): view('schedule/index', [...])
 6 SYSTEMPATH\CodeIgniter.php(919): App\Controllers\ScheduleController->index()
 7 SYSTEMPATH\CodeIgniter.php(494): CodeIgniter\CodeIgniter->runController(Object(App\Controllers\ScheduleController))
 8 SYSTEMPATH\CodeIgniter.php(353): CodeIgniter\CodeIgniter->handleRequest(null, Object(Config\Cache), false)
 9 FCPATH\index.php(79): CodeIgniter\CodeIgniter->run()
10 SYSTEMPATH\Commands\Server\rewrite.php(47): require_once('C:\\laragon\\www\\Colegio_de_PuertoGalera\\public\\index.php')
CRITICAL - 2024-11-26 06:38:56 --> Undefined variable $schedules
in APPPATH\Controllers\ScheduleController.php on line 24.
 1 APPPATH\Controllers\ScheduleController.php(24): CodeIgniter\Debug\Exceptions->errorHandler(2, 'Undefined variable $schedules', 'C:\\laragon\\www\\Colegio_de_PuertoGalera\\app\\Controllers\\ScheduleController.php', 24)
 2 SYSTEMPATH\CodeIgniter.php(919): App\Controllers\ScheduleController->index()
 3 SYSTEMPATH\CodeIgniter.php(494): CodeIgniter\CodeIgniter->runController(Object(App\Controllers\ScheduleController))
 4 SYSTEMPATH\CodeIgniter.php(353): CodeIgniter\CodeIgniter->handleRequest(null, Object(Config\Cache), false)
 5 FCPATH\index.php(79): CodeIgniter\CodeIgniter->run()
 6 SYSTEMPATH\Commands\Server\rewrite.php(47): require_once('C:\\laragon\\www\\Colegio_de_PuertoGalera\\public\\index.php')
CRITICAL - 2024-11-26 06:43:30 --> Undefined variable $subjects
in APPPATH\Views\schedule\index.php on line 224.
 1 APPPATH\Views\schedule\index.php(224): CodeIgniter\Debug\Exceptions->errorHandler(2, 'Undefined variable $subjects', 'C:\\laragon\\www\\Colegio_de_PuertoGalera\\app\\Views\\schedule\\index.php', 224)
 2 SYSTEMPATH\View\View.php(226): include('C:\\laragon\\www\\Colegio_de_PuertoGalera\\app\\Views\\schedule\\index.php')
 3 SYSTEMPATH\View\View.php(229): CodeIgniter\View\View->CodeIgniter\View\{closure}()
 4 SYSTEMPATH\Common.php(1188): CodeIgniter\View\View->render('schedule/index', [], true)
 5 APPPATH\Controllers\ScheduleController.php(35): view('schedule/index', [...])
 6 SYSTEMPATH\CodeIgniter.php(919): App\Controllers\ScheduleController->index()
 7 SYSTEMPATH\CodeIgniter.php(494): CodeIgniter\CodeIgniter->runController(Object(App\Controllers\ScheduleController))
 8 SYSTEMPATH\CodeIgniter.php(353): CodeIgniter\CodeIgniter->handleRequest(null, Object(Config\Cache), false)
 9 FCPATH\index.php(79): CodeIgniter\CodeIgniter->run()
10 SYSTEMPATH\Commands\Server\rewrite.php(47): require_once('C:\\laragon\\www\\Colegio_de_PuertoGalera\\public\\index.php')
CRITICAL - 2024-11-26 06:45:03 --> Undefined variable $subjects
in APPPATH\Views\schedule\index.php on line 224.
 1 APPPATH\Views\schedule\index.php(224): CodeIgniter\Debug\Exceptions->errorHandler(2, 'Undefined variable $subjects', 'C:\\laragon\\www\\Colegio_de_PuertoGalera\\app\\Views\\schedule\\index.php', 224)
 2 SYSTEMPATH\View\View.php(226): include('C:\\laragon\\www\\Colegio_de_PuertoGalera\\app\\Views\\schedule\\index.php')
 3 SYSTEMPATH\View\View.php(229): CodeIgniter\View\View->CodeIgniter\View\{closure}()
 4 SYSTEMPATH\Common.php(1188): CodeIgniter\View\View->render('schedule/index', [], true)
 5 APPPATH\Controllers\ScheduleController.php(35): view('schedule/index', [...])
 6 SYSTEMPATH\CodeIgniter.php(919): App\Controllers\ScheduleController->index()
 7 SYSTEMPATH\CodeIgniter.php(494): CodeIgniter\CodeIgniter->runController(Object(App\Controllers\ScheduleController))
 8 SYSTEMPATH\CodeIgniter.php(353): CodeIgniter\CodeIgniter->handleRequest(null, Object(Config\Cache), false)
 9 FCPATH\index.php(79): CodeIgniter\CodeIgniter->run()
10 SYSTEMPATH\Commands\Server\rewrite.php(47): require_once('C:\\laragon\\www\\Colegio_de_PuertoGalera\\public\\index.php')
CRITICAL - 2024-11-26 06:45:06 --> Undefined variable $subjects
in APPPATH\Views\schedule\index.php on line 224.
 1 APPPATH\Views\schedule\index.php(224): CodeIgniter\Debug\Exceptions->errorHandler(2, 'Undefined variable $subjects', 'C:\\laragon\\www\\Colegio_de_PuertoGalera\\app\\Views\\schedule\\index.php', 224)
 2 SYSTEMPATH\View\View.php(226): include('C:\\laragon\\www\\Colegio_de_PuertoGalera\\app\\Views\\schedule\\index.php')
 3 SYSTEMPATH\View\View.php(229): CodeIgniter\View\View->CodeIgniter\View\{closure}()
 4 SYSTEMPATH\Common.php(1188): CodeIgniter\View\View->render('schedule/index', [], true)
 5 APPPATH\Controllers\ScheduleController.php(35): view('schedule/index', [...])
 6 SYSTEMPATH\CodeIgniter.php(919): App\Controllers\ScheduleController->index()
 7 SYSTEMPATH\CodeIgniter.php(494): CodeIgniter\CodeIgniter->runController(Object(App\Controllers\ScheduleController))
 8 SYSTEMPATH\CodeIgniter.php(353): CodeIgniter\CodeIgniter->handleRequest(null, Object(Config\Cache), false)
 9 FCPATH\index.php(79): CodeIgniter\CodeIgniter->run()
10 SYSTEMPATH\Commands\Server\rewrite.php(47): require_once('C:\\laragon\\www\\Colegio_de_PuertoGalera\\public\\index.php')
CRITICAL - 2024-11-26 06:45:37 --> Trying to access array offset on value of type null
in APPPATH\Views\schedule\index.php on line 339.
 1 APPPATH\Views\schedule\index.php(339): CodeIgniter\Debug\Exceptions->errorHandler(2, 'Trying to access array offset on value of type null', 'C:\\laragon\\www\\Colegio_de_PuertoGalera\\app\\Views\\schedule\\index.php', 339)
 2 SYSTEMPATH\View\View.php(226): include('C:\\laragon\\www\\Colegio_de_PuertoGalera\\app\\Views\\schedule\\index.php')
 3 SYSTEMPATH\View\View.php(229): CodeIgniter\View\View->CodeIgniter\View\{closure}()
 4 SYSTEMPATH\Common.php(1188): CodeIgniter\View\View->render('schedule/index', [], true)
 5 APPPATH\Controllers\ScheduleController.php(35): view('schedule/index', [...])
 6 SYSTEMPATH\CodeIgniter.php(919): App\Controllers\ScheduleController->index()
 7 SYSTEMPATH\CodeIgniter.php(494): CodeIgniter\CodeIgniter->runController(Object(App\Controllers\ScheduleController))
 8 SYSTEMPATH\CodeIgniter.php(353): CodeIgniter\CodeIgniter->handleRequest(null, Object(Config\Cache), false)
 9 FCPATH\index.php(79): CodeIgniter\CodeIgniter->run()
10 SYSTEMPATH\Commands\Server\rewrite.php(47): require_once('C:\\laragon\\www\\Colegio_de_PuertoGalera\\public\\index.php')
CRITICAL - 2024-11-26 06:45:40 --> Trying to access array offset on value of type null
in APPPATH\Views\schedule\index.php on line 339.
 1 APPPATH\Views\schedule\index.php(339): CodeIgniter\Debug\Exceptions->errorHandler(2, 'Trying to access array offset on value of type null', 'C:\\laragon\\www\\Colegio_de_PuertoGalera\\app\\Views\\schedule\\index.php', 339)
 2 SYSTEMPATH\View\View.php(226): include('C:\\laragon\\www\\Colegio_de_PuertoGalera\\app\\Views\\schedule\\index.php')
 3 SYSTEMPATH\View\View.php(229): CodeIgniter\View\View->CodeIgniter\View\{closure}()
 4 SYSTEMPATH\Common.php(1188): CodeIgniter\View\View->render('schedule/index', [], true)
 5 APPPATH\Controllers\ScheduleController.php(35): view('schedule/index', [...])
 6 SYSTEMPATH\CodeIgniter.php(919): App\Controllers\ScheduleController->index()
 7 SYSTEMPATH\CodeIgniter.php(494): CodeIgniter\CodeIgniter->runController(Object(App\Controllers\ScheduleController))
 8 SYSTEMPATH\CodeIgniter.php(353): CodeIgniter\CodeIgniter->handleRequest(null, Object(Config\Cache), false)
 9 FCPATH\index.php(79): CodeIgniter\CodeIgniter->run()
10 SYSTEMPATH\Commands\Server\rewrite.php(47): require_once('C:\\laragon\\www\\Colegio_de_PuertoGalera\\public\\index.php')
CRITICAL - 2024-11-26 07:15:47 --> Undefined variable $courses
in APPPATH\Views\schedule\CourseYear.php on line 55.
 1 APPPATH\Views\schedule\CourseYear.php(55): CodeIgniter\Debug\Exceptions->errorHandler(2, 'Undefined variable $courses', 'C:\\laragon\\www\\Colegio_de_PuertoGalera\\app\\Views\\schedule\\CourseYear.php', 55)
 2 SYSTEMPATH\View\View.php(226): include('C:\\laragon\\www\\Colegio_de_PuertoGalera\\app\\Views\\schedule\\CourseYear.php')
 3 SYSTEMPATH\View\View.php(229): CodeIgniter\View\View->CodeIgniter\View\{closure}()
 4 SYSTEMPATH\Common.php(1188): CodeIgniter\View\View->render('schedule/CourseYear', [], true)
 5 APPPATH\Controllers\CourseYearController.php(50): view('schedule/CourseYear', [...])
 6 SYSTEMPATH\CodeIgniter.php(919): App\Controllers\CourseYearController->create()
 7 SYSTEMPATH\CodeIgniter.php(494): CodeIgniter\CodeIgniter->runController(Object(App\Controllers\CourseYearController))
 8 SYSTEMPATH\CodeIgniter.php(353): CodeIgniter\CodeIgniter->handleRequest(null, Object(Config\Cache), false)
 9 FCPATH\index.php(79): CodeIgniter\CodeIgniter->run()
10 SYSTEMPATH\Commands\Server\rewrite.php(47): require_once('C:\\laragon\\www\\Colegio_de_PuertoGalera\\public\\index.php')
CRITICAL - 2024-11-26 07:16:42 --> Undefined variable $course
in APPPATH\Views\schedule\CourseYear.php on line 55.
 1 APPPATH\Views\schedule\CourseYear.php(55): CodeIgniter\Debug\Exceptions->errorHandler(2, 'Undefined variable $course', 'C:\\laragon\\www\\Colegio_de_PuertoGalera\\app\\Views\\schedule\\CourseYear.php', 55)
 2 SYSTEMPATH\View\View.php(226): include('C:\\laragon\\www\\Colegio_de_PuertoGalera\\app\\Views\\schedule\\CourseYear.php')
 3 SYSTEMPATH\View\View.php(229): CodeIgniter\View\View->CodeIgniter\View\{closure}()
 4 SYSTEMPATH\Common.php(1188): CodeIgniter\View\View->render('schedule/CourseYear', [], true)
 5 APPPATH\Controllers\CourseYearController.php(50): view('schedule/CourseYear', [...])
 6 SYSTEMPATH\CodeIgniter.php(919): App\Controllers\CourseYearController->create()
 7 SYSTEMPATH\CodeIgniter.php(494): CodeIgniter\CodeIgniter->runController(Object(App\Controllers\CourseYearController))
 8 SYSTEMPATH\CodeIgniter.php(353): CodeIgniter\CodeIgniter->handleRequest(null, Object(Config\Cache), false)
 9 FCPATH\index.php(79): CodeIgniter\CodeIgniter->run()
10 SYSTEMPATH\Commands\Server\rewrite.php(47): require_once('C:\\laragon\\www\\Colegio_de_PuertoGalera\\public\\index.php')
CRITICAL - 2024-11-26 07:19:45 --> Undefined variable $courses
in APPPATH\Views\schedule\CourseYear.php on line 55.
 1 APPPATH\Views\schedule\CourseYear.php(55): CodeIgniter\Debug\Exceptions->errorHandler(2, 'Undefined variable $courses', 'C:\\laragon\\www\\Colegio_de_PuertoGalera\\app\\Views\\schedule\\CourseYear.php', 55)
 2 SYSTEMPATH\View\View.php(226): include('C:\\laragon\\www\\Colegio_de_PuertoGalera\\app\\Views\\schedule\\CourseYear.php')
 3 SYSTEMPATH\View\View.php(229): CodeIgniter\View\View->CodeIgniter\View\{closure}()
 4 SYSTEMPATH\Common.php(1188): CodeIgniter\View\View->render('schedule/CourseYear', [], true)
 5 APPPATH\Controllers\CourseYearController.php(50): view('schedule/CourseYear', [...])
 6 SYSTEMPATH\CodeIgniter.php(919): App\Controllers\CourseYearController->create()
 7 SYSTEMPATH\CodeIgniter.php(494): CodeIgniter\CodeIgniter->runController(Object(App\Controllers\CourseYearController))
 8 SYSTEMPATH\CodeIgniter.php(353): CodeIgniter\CodeIgniter->handleRequest(null, Object(Config\Cache), false)
 9 FCPATH\index.php(79): CodeIgniter\CodeIgniter->run()
10 SYSTEMPATH\Commands\Server\rewrite.php(47): require_once('C:\\laragon\\www\\Colegio_de_PuertoGalera\\public\\index.php')
CRITICAL - 2024-11-26 07:22:31 --> Undefined variable $courses
in APPPATH\Views\schedule\CourseYear.php on line 55.
 1 APPPATH\Views\schedule\CourseYear.php(55): CodeIgniter\Debug\Exceptions->errorHandler(2, 'Undefined variable $courses', 'C:\\laragon\\www\\Colegio_de_PuertoGalera\\app\\Views\\schedule\\CourseYear.php', 55)
 2 SYSTEMPATH\View\View.php(226): include('C:\\laragon\\www\\Colegio_de_PuertoGalera\\app\\Views\\schedule\\CourseYear.php')
 3 SYSTEMPATH\View\View.php(229): CodeIgniter\View\View->CodeIgniter\View\{closure}()
 4 SYSTEMPATH\Common.php(1188): CodeIgniter\View\View->render('schedule/CourseYear', [], true)
 5 APPPATH\Controllers\CourseYearController.php(51): view('schedule/CourseYear', [...])
 6 SYSTEMPATH\CodeIgniter.php(919): App\Controllers\CourseYearController->create()
 7 SYSTEMPATH\CodeIgniter.php(494): CodeIgniter\CodeIgniter->runController(Object(App\Controllers\CourseYearController))
 8 SYSTEMPATH\CodeIgniter.php(353): CodeIgniter\CodeIgniter->handleRequest(null, Object(Config\Cache), false)
 9 FCPATH\index.php(79): CodeIgniter\CodeIgniter->run()
10 SYSTEMPATH\Commands\Server\rewrite.php(47): require_once('C:\\laragon\\www\\Colegio_de_PuertoGalera\\public\\index.php')
CRITICAL - 2024-11-26 07:22:34 --> Undefined variable $courses
in APPPATH\Views\schedule\CourseYear.php on line 55.
 1 APPPATH\Views\schedule\CourseYear.php(55): CodeIgniter\Debug\Exceptions->errorHandler(2, 'Undefined variable $courses', 'C:\\laragon\\www\\Colegio_de_PuertoGalera\\app\\Views\\schedule\\CourseYear.php', 55)
 2 SYSTEMPATH\View\View.php(226): include('C:\\laragon\\www\\Colegio_de_PuertoGalera\\app\\Views\\schedule\\CourseYear.php')
 3 SYSTEMPATH\View\View.php(229): CodeIgniter\View\View->CodeIgniter\View\{closure}()
 4 SYSTEMPATH\Common.php(1188): CodeIgniter\View\View->render('schedule/CourseYear', [], true)
 5 APPPATH\Controllers\CourseYearController.php(51): view('schedule/CourseYear', [...])
 6 SYSTEMPATH\CodeIgniter.php(919): App\Controllers\CourseYearController->create()
 7 SYSTEMPATH\CodeIgniter.php(494): CodeIgniter\CodeIgniter->runController(Object(App\Controllers\CourseYearController))
 8 SYSTEMPATH\CodeIgniter.php(353): CodeIgniter\CodeIgniter->handleRequest(null, Object(Config\Cache), false)
 9 FCPATH\index.php(79): CodeIgniter\CodeIgniter->run()
10 SYSTEMPATH\Commands\Server\rewrite.php(47): require_once('C:\\laragon\\www\\Colegio_de_PuertoGalera\\public\\index.php')
CRITICAL - 2024-11-26 07:25:12 --> Undefined variable $courses
in APPPATH\Views\schedule\CourseYear.php on line 55.
 1 APPPATH\Views\schedule\CourseYear.php(55): CodeIgniter\Debug\Exceptions->errorHandler(2, 'Undefined variable $courses', 'C:\\laragon\\www\\Colegio_de_PuertoGalera\\app\\Views\\schedule\\CourseYear.php', 55)
 2 SYSTEMPATH\View\View.php(226): include('C:\\laragon\\www\\Colegio_de_PuertoGalera\\app\\Views\\schedule\\CourseYear.php')
 3 SYSTEMPATH\View\View.php(229): CodeIgniter\View\View->CodeIgniter\View\{closure}()
 4 SYSTEMPATH\Common.php(1188): CodeIgniter\View\View->render('schedule/CourseYear', [], true)
 5 APPPATH\Controllers\CourseYearController.php(51): view('schedule/CourseYear', [...])
 6 SYSTEMPATH\CodeIgniter.php(919): App\Controllers\CourseYearController->create()
 7 SYSTEMPATH\CodeIgniter.php(494): CodeIgniter\CodeIgniter->runController(Object(App\Controllers\CourseYearController))
 8 SYSTEMPATH\CodeIgniter.php(353): CodeIgniter\CodeIgniter->handleRequest(null, Object(Config\Cache), false)
 9 FCPATH\index.php(79): CodeIgniter\CodeIgniter->run()
10 SYSTEMPATH\Commands\Server\rewrite.php(47): require_once('C:\\laragon\\www\\Colegio_de_PuertoGalera\\public\\index.php')
CRITICAL - 2024-11-26 07:26:24 --> Undefined variable $courses
in APPPATH\Views\schedule\CourseYear.php on line 55.
 1 APPPATH\Views\schedule\CourseYear.php(55): CodeIgniter\Debug\Exceptions->errorHandler(2, 'Undefined variable $courses', 'C:\\laragon\\www\\Colegio_de_PuertoGalera\\app\\Views\\schedule\\CourseYear.php', 55)
 2 SYSTEMPATH\View\View.php(226): include('C:\\laragon\\www\\Colegio_de_PuertoGalera\\app\\Views\\schedule\\CourseYear.php')
 3 SYSTEMPATH\View\View.php(229): CodeIgniter\View\View->CodeIgniter\View\{closure}()
 4 SYSTEMPATH\Common.php(1188): CodeIgniter\View\View->render('schedule/CourseYear', [], true)
 5 APPPATH\Controllers\CourseYearController.php(51): view('schedule/CourseYear', [...])
 6 SYSTEMPATH\CodeIgniter.php(919): App\Controllers\CourseYearController->create()
 7 SYSTEMPATH\CodeIgniter.php(494): CodeIgniter\CodeIgniter->runController(Object(App\Controllers\CourseYearController))
 8 SYSTEMPATH\CodeIgniter.php(353): CodeIgniter\CodeIgniter->handleRequest(null, Object(Config\Cache), false)
 9 FCPATH\index.php(79): CodeIgniter\CodeIgniter->run()
10 SYSTEMPATH\Commands\Server\rewrite.php(47): require_once('C:\\laragon\\www\\Colegio_de_PuertoGalera\\public\\index.php')
CRITICAL - 2024-11-26 08:01:45 --> Undefined array key "courses"
in APPPATH\Views\admin\subject_list_table.php on line 97.
 1 APPPATH\Views\admin\subject_list_table.php(97): CodeIgniter\Debug\Exceptions->errorHandler(2, 'Undefined array key "courses"', 'C:\\laragon\\www\\Colegio_de_PuertoGalera\\app\\Views\\admin\\subject_list_table.php', 97)
 2 SYSTEMPATH\View\View.php(226): include('C:\\laragon\\www\\Colegio_de_PuertoGalera\\app\\Views\\admin\\subject_list_table.php')
 3 SYSTEMPATH\View\View.php(229): CodeIgniter\View\View->CodeIgniter\View\{closure}()
 4 SYSTEMPATH\Common.php(1188): CodeIgniter\View\View->render('admin/subject_list_table', [], true)
 5 APPPATH\Controllers\SubjectListController.php(23): view('admin/subject_list_table', [...])
 6 SYSTEMPATH\CodeIgniter.php(919): App\Controllers\SubjectListController->index()
 7 SYSTEMPATH\CodeIgniter.php(494): CodeIgniter\CodeIgniter->runController(Object(App\Controllers\SubjectListController))
 8 SYSTEMPATH\CodeIgniter.php(353): CodeIgniter\CodeIgniter->handleRequest(null, Object(Config\Cache), false)
 9 FCPATH\index.php(79): CodeIgniter\CodeIgniter->run()
10 SYSTEMPATH\Commands\Server\rewrite.php(47): require_once('C:\\laragon\\www\\Colegio_de_PuertoGalera\\public\\index.php')
CRITICAL - 2024-11-26 08:07:32 --> Undefined array key "courses"
in APPPATH\Views\admin\subject_list_table.php on line 97.
 1 APPPATH\Views\admin\subject_list_table.php(97): CodeIgniter\Debug\Exceptions->errorHandler(2, 'Undefined array key "courses"', 'C:\\laragon\\www\\Colegio_de_PuertoGalera\\app\\Views\\admin\\subject_list_table.php', 97)
 2 SYSTEMPATH\View\View.php(226): include('C:\\laragon\\www\\Colegio_de_PuertoGalera\\app\\Views\\admin\\subject_list_table.php')
 3 SYSTEMPATH\View\View.php(229): CodeIgniter\View\View->CodeIgniter\View\{closure}()
 4 SYSTEMPATH\Common.php(1188): CodeIgniter\View\View->render('admin/subject_list_table', [], true)
 5 APPPATH\Controllers\SubjectListController.php(23): view('admin/subject_list_table', [...])
 6 SYSTEMPATH\CodeIgniter.php(919): App\Controllers\SubjectListController->index()
 7 SYSTEMPATH\CodeIgniter.php(494): CodeIgniter\CodeIgniter->runController(Object(App\Controllers\SubjectListController))
 8 SYSTEMPATH\CodeIgniter.php(353): CodeIgniter\CodeIgniter->handleRequest(null, Object(Config\Cache), false)
 9 FCPATH\index.php(79): CodeIgniter\CodeIgniter->run()
10 SYSTEMPATH\Commands\Server\rewrite.php(47): require_once('C:\\laragon\\www\\Colegio_de_PuertoGalera\\public\\index.php')
CRITICAL - 2024-11-26 08:07:34 --> Undefined array key "courses"
in APPPATH\Views\admin\subject_list_table.php on line 97.
 1 APPPATH\Views\admin\subject_list_table.php(97): CodeIgniter\Debug\Exceptions->errorHandler(2, 'Undefined array key "courses"', 'C:\\laragon\\www\\Colegio_de_PuertoGalera\\app\\Views\\admin\\subject_list_table.php', 97)
 2 SYSTEMPATH\View\View.php(226): include('C:\\laragon\\www\\Colegio_de_PuertoGalera\\app\\Views\\admin\\subject_list_table.php')
 3 SYSTEMPATH\View\View.php(229): CodeIgniter\View\View->CodeIgniter\View\{closure}()
 4 SYSTEMPATH\Common.php(1188): CodeIgniter\View\View->render('admin/subject_list_table', [], true)
 5 APPPATH\Controllers\SubjectListController.php(23): view('admin/subject_list_table', [...])
 6 SYSTEMPATH\CodeIgniter.php(919): App\Controllers\SubjectListController->index()
 7 SYSTEMPATH\CodeIgniter.php(494): CodeIgniter\CodeIgniter->runController(Object(App\Controllers\SubjectListController))
 8 SYSTEMPATH\CodeIgniter.php(353): CodeIgniter\CodeIgniter->handleRequest(null, Object(Config\Cache), false)
 9 FCPATH\index.php(79): CodeIgniter\CodeIgniter->run()
10 SYSTEMPATH\Commands\Server\rewrite.php(47): require_once('C:\\laragon\\www\\Colegio_de_PuertoGalera\\public\\index.php')
CRITICAL - 2024-11-26 08:07:55 --> Undefined array key "courses"
in APPPATH\Views\admin\subject_list_table.php on line 97.
 1 APPPATH\Views\admin\subject_list_table.php(97): CodeIgniter\Debug\Exceptions->errorHandler(2, 'Undefined array key "courses"', 'C:\\laragon\\www\\Colegio_de_PuertoGalera\\app\\Views\\admin\\subject_list_table.php', 97)
 2 SYSTEMPATH\View\View.php(226): include('C:\\laragon\\www\\Colegio_de_PuertoGalera\\app\\Views\\admin\\subject_list_table.php')
 3 SYSTEMPATH\View\View.php(229): CodeIgniter\View\View->CodeIgniter\View\{closure}()
 4 SYSTEMPATH\Common.php(1188): CodeIgniter\View\View->render('admin/subject_list_table', [], true)
 5 APPPATH\Controllers\SubjectListController.php(23): view('admin/subject_list_table', [...])
 6 SYSTEMPATH\CodeIgniter.php(919): App\Controllers\SubjectListController->index()
 7 SYSTEMPATH\CodeIgniter.php(494): CodeIgniter\CodeIgniter->runController(Object(App\Controllers\SubjectListController))
 8 SYSTEMPATH\CodeIgniter.php(353): CodeIgniter\CodeIgniter->handleRequest(null, Object(Config\Cache), false)
 9 FCPATH\index.php(79): CodeIgniter\CodeIgniter->run()
10 SYSTEMPATH\Commands\Server\rewrite.php(47): require_once('C:\\laragon\\www\\Colegio_de_PuertoGalera\\public\\index.php')
CRITICAL - 2024-11-26 09:22:38 --> Undefined variable $subjects
in APPPATH\Views\schedule\index.php on line 286.
 1 APPPATH\Views\schedule\index.php(286): CodeIgniter\Debug\Exceptions->errorHandler(2, 'Undefined variable $subjects', 'C:\\laragon\\www\\Colegio_de_PuertoGalera\\app\\Views\\schedule\\index.php', 286)
 2 SYSTEMPATH\View\View.php(226): include('C:\\laragon\\www\\Colegio_de_PuertoGalera\\app\\Views\\schedule\\index.php')
 3 SYSTEMPATH\View\View.php(229): CodeIgniter\View\View->CodeIgniter\View\{closure}()
 4 SYSTEMPATH\Common.php(1188): CodeIgniter\View\View->render('schedule/index', [], true)
 5 APPPATH\Controllers\ScheduleController.php(41): view('schedule/index', [...])
 6 SYSTEMPATH\CodeIgniter.php(919): App\Controllers\ScheduleController->index()
 7 SYSTEMPATH\CodeIgniter.php(494): CodeIgniter\CodeIgniter->runController(Object(App\Controllers\ScheduleController))
 8 SYSTEMPATH\CodeIgniter.php(353): CodeIgniter\CodeIgniter->handleRequest(null, Object(Config\Cache), false)
 9 FCPATH\index.php(79): CodeIgniter\CodeIgniter->run()
10 SYSTEMPATH\Commands\Server\rewrite.php(47): require_once('C:\\laragon\\www\\Colegio_de_PuertoGalera\\public\\index.php')
CRITICAL - 2024-11-26 11:50:35 --> Class "App\Controllers\YearModel" not found
in APPPATH\Controllers\ScheduleController.php on line 49.
 1 SYSTEMPATH\CodeIgniter.php(919): App\Controllers\ScheduleController->create()
 2 SYSTEMPATH\CodeIgniter.php(494): CodeIgniter\CodeIgniter->runController(Object(App\Controllers\ScheduleController))
 3 SYSTEMPATH\CodeIgniter.php(353): CodeIgniter\CodeIgniter->handleRequest(null, Object(Config\Cache), false)
 4 FCPATH\index.php(79): CodeIgniter\CodeIgniter->run()
 5 SYSTEMPATH\Commands\Server\rewrite.php(47): require_once('C:\\laragon\\www\\Colegio_de_PuertoGalera\\public\\index.php')
CRITICAL - 2024-11-26 11:51:29 --> Undefined variable $yearModel
in APPPATH\Controllers\ScheduleController.php on line 55.
 1 APPPATH\Controllers\ScheduleController.php(55): CodeIgniter\Debug\Exceptions->errorHandler(2, 'Undefined variable $yearModel', 'C:\\laragon\\www\\Colegio_de_PuertoGalera\\app\\Controllers\\ScheduleController.php', 55)
 2 SYSTEMPATH\CodeIgniter.php(919): App\Controllers\ScheduleController->create()
 3 SYSTEMPATH\CodeIgniter.php(494): CodeIgniter\CodeIgniter->runController(Object(App\Controllers\ScheduleController))
 4 SYSTEMPATH\CodeIgniter.php(353): CodeIgniter\CodeIgniter->handleRequest(null, Object(Config\Cache), false)
 5 FCPATH\index.php(79): CodeIgniter\CodeIgniter->run()
 6 SYSTEMPATH\Commands\Server\rewrite.php(47): require_once('C:\\laragon\\www\\Colegio_de_PuertoGalera\\public\\index.php')
ERROR - 2024-11-26 11:52:23 --> mysqli_sql_exception: Column 'sem' cannot be null in C:\laragon\www\Colegio_de_PuertoGalera\system\Database\MySQLi\Connection.php:306
Stack trace:
#0 C:\laragon\www\Colegio_de_PuertoGalera\system\Database\MySQLi\Connection.php(306): mysqli->query('INSERT INTO `sc...', 0)
#1 C:\laragon\www\Colegio_de_PuertoGalera\system\Database\BaseConnection.php(692): CodeIgniter\Database\MySQLi\Connection->execute('INSERT INTO `sc...')
#2 C:\laragon\www\Colegio_de_PuertoGalera\system\Database\BaseConnection.php(606): CodeIgniter\Database\BaseConnection->simpleQuery('INSERT INTO `sc...')
#3 C:\laragon\www\Colegio_de_PuertoGalera\system\Database\BaseBuilder.php(2308): CodeIgniter\Database\BaseConnection->query('INSERT INTO `sc...', Array, false)
#4 C:\laragon\www\Colegio_de_PuertoGalera\system\Model.php(319): CodeIgniter\Database\BaseBuilder->insert()
#5 C:\laragon\www\Colegio_de_PuertoGalera\system\BaseModel.php(788): CodeIgniter\Model->doInsert(Array)
#6 C:\laragon\www\Colegio_de_PuertoGalera\system\Model.php(715): CodeIgniter\BaseModel->insert(Array, true)
#7 C:\laragon\www\Colegio_de_PuertoGalera\app\Controllers\ScheduleController.php(86): CodeIgniter\Model->insert(Array)
#8 C:\laragon\www\Colegio_de_PuertoGalera\system\CodeIgniter.php(919): App\Controllers\ScheduleController->create()
#9 C:\laragon\www\Colegio_de_PuertoGalera\system\CodeIgniter.php(494): CodeIgniter\CodeIgniter->runController(Object(App\Controllers\ScheduleController))
#10 C:\laragon\www\Colegio_de_PuertoGalera\system\CodeIgniter.php(353): CodeIgniter\CodeIgniter->handleRequest(NULL, Object(Config\Cache), false)
#11 C:\laragon\www\Colegio_de_PuertoGalera\public\index.php(79): CodeIgniter\CodeIgniter->run()
#12 C:\laragon\www\Colegio_de_PuertoGalera\system\Commands\Server\rewrite.php(47): require_once('C:\\laragon\\www\\...')
#13 {main}
CRITICAL - 2024-11-26 11:52:23 --> Column 'sem' cannot be null
in SYSTEMPATH\Database\BaseConnection.php on line 646.
 1 SYSTEMPATH\Database\BaseBuilder.php(2308): CodeIgniter\Database\BaseConnection->query('INSERT INTO `schedules` (`faculty_name`, `days_of_week`, `year`, `course`, `section`, `subject_code`, `subject`, `time_from`, `time_to`, `room`, `description`, `sem`) VALUES (:faculty_name:, :days_of_week:, :year:, :course:, :section:, :subject_code:, :subject:, :time_from:, :time_to:, :room:, :description:, :sem:)', [...], false)
 2 SYSTEMPATH\Model.php(319): CodeIgniter\Database\BaseBuilder->insert()
 3 SYSTEMPATH\BaseModel.php(788): CodeIgniter\Model->doInsert([...])
 4 SYSTEMPATH\Model.php(715): CodeIgniter\BaseModel->insert([...], true)
 5 APPPATH\Controllers\ScheduleController.php(86): CodeIgniter\Model->insert([...])
 6 SYSTEMPATH\CodeIgniter.php(919): App\Controllers\ScheduleController->create()
 7 SYSTEMPATH\CodeIgniter.php(494): CodeIgniter\CodeIgniter->runController(Object(App\Controllers\ScheduleController))
 8 SYSTEMPATH\CodeIgniter.php(353): CodeIgniter\CodeIgniter->handleRequest(null, Object(Config\Cache), false)
 9 FCPATH\index.php(79): CodeIgniter\CodeIgniter->run()
10 SYSTEMPATH\Commands\Server\rewrite.php(47): require_once('C:\\laragon\\www\\Colegio_de_PuertoGalera\\public\\index.php')
CRITICAL - 2024-11-26 17:23:04 --> Undefined array key "purpose_of_request"
in APPPATH\Views\admin\submitted_requests.php on line 96.
 1 APPPATH\Views\admin\submitted_requests.php(96): CodeIgniter\Debug\Exceptions->errorHandler(2, 'Undefined array key "purpose_of_request"', 'C:\\laragon\\www\\Colegio_de_PuertoGalera\\app\\Views\\admin\\submitted_requests.php', 96)
 2 SYSTEMPATH\View\View.php(226): include('C:\\laragon\\www\\Colegio_de_PuertoGalera\\app\\Views\\admin\\submitted_requests.php')
 3 SYSTEMPATH\View\View.php(229): CodeIgniter\View\View->CodeIgniter\View\{closure}()
 4 SYSTEMPATH\Common.php(1188): CodeIgniter\View\View->render('admin/submitted_requests', [], true)
 5 APPPATH\Controllers\RequestController.php(95): view('admin/submitted_requests', [...])
 6 SYSTEMPATH\CodeIgniter.php(919): App\Controllers\RequestController->submittedRequests()
 7 SYSTEMPATH\CodeIgniter.php(494): CodeIgniter\CodeIgniter->runController(Object(App\Controllers\RequestController))
 8 SYSTEMPATH\CodeIgniter.php(353): CodeIgniter\CodeIgniter->handleRequest(null, Object(Config\Cache), false)
 9 FCPATH\index.php(79): CodeIgniter\CodeIgniter->run()
10 SYSTEMPATH\Commands\Server\rewrite.php(47): require_once('C:\\laragon\\www\\Colegio_de_PuertoGalera\\public\\index.php')
CRITICAL - 2024-11-26 17:23:10 --> Undefined array key "purpose_of_request"
in APPPATH\Views\admin\submitted_requests.php on line 96.
 1 APPPATH\Views\admin\submitted_requests.php(96): CodeIgniter\Debug\Exceptions->errorHandler(2, 'Undefined array key "purpose_of_request"', 'C:\\laragon\\www\\Colegio_de_PuertoGalera\\app\\Views\\admin\\submitted_requests.php', 96)
 2 SYSTEMPATH\View\View.php(226): include('C:\\laragon\\www\\Colegio_de_PuertoGalera\\app\\Views\\admin\\submitted_requests.php')
 3 SYSTEMPATH\View\View.php(229): CodeIgniter\View\View->CodeIgniter\View\{closure}()
 4 SYSTEMPATH\Common.php(1188): CodeIgniter\View\View->render('admin/submitted_requests', [], true)
 5 APPPATH\Controllers\RequestController.php(95): view('admin/submitted_requests', [...])
 6 SYSTEMPATH\CodeIgniter.php(919): App\Controllers\RequestController->submittedRequests()
 7 SYSTEMPATH\CodeIgniter.php(494): CodeIgniter\CodeIgniter->runController(Object(App\Controllers\RequestController))
 8 SYSTEMPATH\CodeIgniter.php(353): CodeIgniter\CodeIgniter->handleRequest(null, Object(Config\Cache), false)
 9 FCPATH\index.php(79): CodeIgniter\CodeIgniter->run()
10 SYSTEMPATH\Commands\Server\rewrite.php(47): require_once('C:\\laragon\\www\\Colegio_de_PuertoGalera\\public\\index.php')
CRITICAL - 2024-11-26 17:23:25 --> Undefined array key "purpose_of_request"
in APPPATH\Views\admin\submitted_requests.php on line 96.
 1 APPPATH\Views\admin\submitted_requests.php(96): CodeIgniter\Debug\Exceptions->errorHandler(2, 'Undefined array key "purpose_of_request"', 'C:\\laragon\\www\\Colegio_de_PuertoGalera\\app\\Views\\admin\\submitted_requests.php', 96)
 2 SYSTEMPATH\View\View.php(226): include('C:\\laragon\\www\\Colegio_de_PuertoGalera\\app\\Views\\admin\\submitted_requests.php')
 3 SYSTEMPATH\View\View.php(229): CodeIgniter\View\View->CodeIgniter\View\{closure}()
 4 SYSTEMPATH\Common.php(1188): CodeIgniter\View\View->render('admin/submitted_requests', [], true)
 5 APPPATH\Controllers\RequestController.php(95): view('admin/submitted_requests', [...])
 6 SYSTEMPATH\CodeIgniter.php(919): App\Controllers\RequestController->submittedRequests()
 7 SYSTEMPATH\CodeIgniter.php(494): CodeIgniter\CodeIgniter->runController(Object(App\Controllers\RequestController))
 8 SYSTEMPATH\CodeIgniter.php(353): CodeIgniter\CodeIgniter->handleRequest(null, Object(Config\Cache), false)
 9 FCPATH\index.php(79): CodeIgniter\CodeIgniter->run()
10 SYSTEMPATH\Commands\Server\rewrite.php(47): require_once('C:\\laragon\\www\\Colegio_de_PuertoGalera\\public\\index.php')
CRITICAL - 2024-11-26 18:26:18 --> Undefined property: App\Controllers\ReportController::$facultyModel
in APPPATH\Controllers\ReportController.php on line 17.
 1 APPPATH\Controllers\ReportController.php(17): CodeIgniter\Debug\Exceptions->errorHandler(2, 'Undefined property: App\\Controllers\\ReportController::$facultyModel', 'C:\\laragon\\www\\Colegio_de_PuertoGalera\\app\\Controllers\\ReportController.php', 17)
 2 SYSTEMPATH\CodeIgniter.php(919): App\Controllers\ReportController->generatePdfPreview('3')
 3 SYSTEMPATH\CodeIgniter.php(494): CodeIgniter\CodeIgniter->runController(Object(App\Controllers\ReportController))
 4 SYSTEMPATH\CodeIgniter.php(353): CodeIgniter\CodeIgniter->handleRequest(null, Object(Config\Cache), false)
 5 FCPATH\index.php(79): CodeIgniter\CodeIgniter->run()
 6 SYSTEMPATH\Commands\Server\rewrite.php(47): require_once('C:\\laragon\\www\\Colegio_de_PuertoGalera\\public\\index.php')
CRITICAL - 2024-11-26 18:28:48 --> Undefined property: App\Controllers\ReportController::$facultyModel
in APPPATH\Controllers\ReportController.php on line 19.
 1 APPPATH\Controllers\ReportController.php(19): CodeIgniter\Debug\Exceptions->errorHandler(2, 'Undefined property: App\\Controllers\\ReportController::$facultyModel', 'C:\\laragon\\www\\Colegio_de_PuertoGalera\\app\\Controllers\\ReportController.php', 19)
 2 SYSTEMPATH\CodeIgniter.php(919): App\Controllers\ReportController->generatePdfPreview('3')
 3 SYSTEMPATH\CodeIgniter.php(494): CodeIgniter\CodeIgniter->runController(Object(App\Controllers\ReportController))
 4 SYSTEMPATH\CodeIgniter.php(353): CodeIgniter\CodeIgniter->handleRequest(null, Object(Config\Cache), false)
 5 FCPATH\index.php(79): CodeIgniter\CodeIgniter->run()
 6 SYSTEMPATH\Commands\Server\rewrite.php(47): require_once('C:\\laragon\\www\\Colegio_de_PuertoGalera\\public\\index.php')
CRITICAL - 2024-11-26 18:29:51 --> Class "App\Controllers\ScheduleModel" not found
in APPPATH\Controllers\ReportController.php on line 21.
 1 SYSTEMPATH\CodeIgniter.php(891): App\Controllers\ReportController->__construct()
 2 SYSTEMPATH\CodeIgniter.php(485): CodeIgniter\CodeIgniter->createController()
 3 SYSTEMPATH\CodeIgniter.php(353): CodeIgniter\CodeIgniter->handleRequest(null, Object(Config\Cache), false)
 4 FCPATH\index.php(79): CodeIgniter\CodeIgniter->run()
 5 SYSTEMPATH\Commands\Server\rewrite.php(47): require_once('C:\\laragon\\www\\Colegio_de_PuertoGalera\\public\\index.php')
CRITICAL - 2024-11-26 18:37:56 --> Min/max width is undefined for table rows
in VENDORPATH\dompdf\dompdf\src\FrameReflower\TableRow.php on line 80.
 1 VENDORPATH\dompdf\dompdf\src\FrameDecorator\AbstractFrameDecorator.php(921): Dompdf\FrameReflower\TableRow->get_min_max_width()
 2 VENDORPATH\dompdf\dompdf\src\FrameReflower\AbstractFrameReflower.php(420): Dompdf\FrameDecorator\AbstractFrameDecorator->get_min_max_width()
 3 VENDORPATH\dompdf\dompdf\src\FrameReflower\Block.php(937): Dompdf\FrameReflower\AbstractFrameReflower->get_min_max_child_width()
 4 VENDORPATH\dompdf\dompdf\src\FrameReflower\AbstractFrameReflower.php(458): Dompdf\FrameReflower\Block->get_min_max_content_width()
 5 VENDORPATH\dompdf\dompdf\src\FrameDecorator\AbstractFrameDecorator.php(921): Dompdf\FrameReflower\AbstractFrameReflower->get_min_max_width()
 6 VENDORPATH\dompdf\dompdf\src\FrameReflower\AbstractFrameReflower.php(420): Dompdf\FrameDecorator\AbstractFrameDecorator->get_min_max_width()
 7 VENDORPATH\dompdf\dompdf\src\FrameReflower\TableCell.php(143): Dompdf\FrameReflower\AbstractFrameReflower->get_min_max_child_width()
 8 VENDORPATH\dompdf\dompdf\src\FrameReflower\AbstractFrameReflower.php(458): Dompdf\FrameReflower\TableCell->get_min_max_content_width()
 9 VENDORPATH\dompdf\dompdf\src\FrameDecorator\AbstractFrameDecorator.php(921): Dompdf\FrameReflower\AbstractFrameReflower->get_min_max_width()
10 VENDORPATH\dompdf\dompdf\src\Cellmap.php(729): Dompdf\FrameDecorator\AbstractFrameDecorator->get_min_max_width()
11 VENDORPATH\dompdf\dompdf\src\Cellmap.php(604): Dompdf\Cellmap->calculate_column_widths()
12 VENDORPATH\dompdf\dompdf\src\FrameReflower\Table.php(460): Dompdf\Cellmap->add_frame(Object(Dompdf\FrameDecorator\Table))
13 VENDORPATH\dompdf\dompdf\src\FrameReflower\Table.php(331): Dompdf\FrameReflower\Table->get_min_max_width()
14 VENDORPATH\dompdf\dompdf\src\FrameDecorator\AbstractFrameDecorator.php(913): Dompdf\FrameReflower\Table->reflow(Object(Dompdf\FrameDecorator\Block))
15 VENDORPATH\dompdf\dompdf\src\FrameReflower\Block.php(865): Dompdf\FrameDecorator\AbstractFrameDecorator->reflow(Object(Dompdf\FrameDecorator\Block))
16 VENDORPATH\dompdf\dompdf\src\FrameDecorator\AbstractFrameDecorator.php(913): Dompdf\FrameReflower\Block->reflow(Object(Dompdf\FrameDecorator\Block))
17 VENDORPATH\dompdf\dompdf\src\FrameReflower\Block.php(865): Dompdf\FrameDecorator\AbstractFrameDecorator->reflow(Object(Dompdf\FrameDecorator\Block))
18 VENDORPATH\dompdf\dompdf\src\FrameDecorator\AbstractFrameDecorator.php(913): Dompdf\FrameReflower\Block->reflow(null)
19 VENDORPATH\dompdf\dompdf\src\FrameReflower\Page.php(142): Dompdf\FrameDecorator\AbstractFrameDecorator->reflow()
20 VENDORPATH\dompdf\dompdf\src\FrameDecorator\AbstractFrameDecorator.php(913): Dompdf\FrameReflower\Page->reflow(null)
21 VENDORPATH\dompdf\dompdf\src\Dompdf.php(765): Dompdf\FrameDecorator\AbstractFrameDecorator->reflow()
22 APPPATH\Controllers\FacultyController.php(133): Dompdf\Dompdf->render()
23 SYSTEMPATH\CodeIgniter.php(919): App\Controllers\FacultyController->generateReport('3')
24 SYSTEMPATH\CodeIgniter.php(494): CodeIgniter\CodeIgniter->runController(Object(App\Controllers\FacultyController))
25 SYSTEMPATH\CodeIgniter.php(353): CodeIgniter\CodeIgniter->handleRequest(null, Object(Config\Cache), false)
26 FCPATH\index.php(79): CodeIgniter\CodeIgniter->run()
27 SYSTEMPATH\Commands\Server\rewrite.php(47): require_once('C:\\laragon\\www\\Colegio_de_PuertoGalera\\public\\index.php')
CRITICAL - 2024-11-26 18:38:01 --> Allowed memory size of 536870912 bytes exhausted (tried to allocate 262148096 bytes)
Previous Exception
Dompdf\Exception
Min/max width is undefined for table rows
#0 C:\laragon\www\Colegio_de_PuertoGalera\vendor\dompdf\dompdf\src\FrameDecorator\AbstractFrameDecorator.php(921): Dompdf\FrameReflower\TableRow->get_min_max_width()
#1 C:\laragon\www\Colegio_de_PuertoGalera\vendor\dompdf\dompdf\src\FrameReflower\AbstractFrameReflower.php(420): Dompdf\FrameDecorator\AbstractFrameDecorator->get_min_max_width()
#2 C:\laragon\www\Colegio_de_PuertoGalera\vendor\dompdf\dompdf\src\FrameReflower\Block.php(937): Dompdf\FrameReflower\AbstractFrameReflower->get_min_max_child_width()
#3 C:\laragon\www\Colegio_de_PuertoGalera\vendor\dompdf\dompdf\src\FrameReflower\AbstractFrameReflower.php(458): Dompdf\FrameReflower\Block->get_min_max_content_width()
#4 C:\laragon\www\Colegio_de_PuertoGalera\vendor\dompdf\dompdf\src\FrameDecorator\AbstractFrameDecorator.php(921): Dompdf\FrameReflower\AbstractFrameReflower->get_min_max_width()
#5 C:\laragon\www\Colegio_de_PuertoGalera\vendor\dompdf\dompdf\src\FrameReflower\AbstractFrameReflower.php(420): Dompdf\FrameDecorator\AbstractFrameDecorator->get_min_max_width()
#6 C:\laragon\www\Colegio_de_PuertoGalera\vendor\dompdf\dompdf\src\FrameReflower\TableCell.php(143): Dompdf\FrameReflower\AbstractFrameReflower->get_min_max_child_width()
#7 C:\laragon\www\Colegio_de_PuertoGalera\vendor\dompdf\dompdf\src\FrameReflower\AbstractFrameReflower.php(458): Dompdf\FrameReflower\TableCell->get_min_max_content_width()
#8 C:\laragon\www\Colegio_de_PuertoGalera\vendor\dompdf\dompdf\src\FrameDecorator\AbstractFrameDecorator.php(921): Dompdf\FrameReflower\AbstractFrameReflower->get_min_max_width()
#9 C:\laragon\www\Colegio_de_PuertoGalera\vendor\dompdf\dompdf\src\Cellmap.php(729): Dompdf\FrameDecorator\AbstractFrameDecorator->get_min_max_width()
#10 C:\laragon\www\Colegio_de_PuertoGalera\vendor\dompdf\dompdf\src\Cellmap.php(604): Dompdf\Cellmap->calculate_column_widths()
#11 C:\laragon\www\Colegio_de_PuertoGalera\vendor\dompdf\dompdf\src\FrameReflower\Table.php(460): Dompdf\Cellmap->add_frame(Object(Dompdf\FrameDecorator\Table))
#12 C:\laragon\www\Colegio_de_PuertoGalera\vendor\dompdf\dompdf\src\FrameReflower\Table.php(331): Dompdf\FrameReflower\Table->get_min_max_width()
#13 C:\laragon\www\Colegio_de_PuertoGalera\vendor\dompdf\dompdf\src\FrameDecorator\AbstractFrameDecorator.php(913): Dompdf\FrameReflower\Table->reflow(Object(Dompdf\FrameDecorator\Block))
#14 C:\laragon\www\Colegio_de_PuertoGalera\vendor\dompdf\dompdf\src\FrameReflower\Block.php(865): Dompdf\FrameDecorator\AbstractFrameDecorator->reflow(Object(Dompdf\FrameDecorator\Block))
#15 C:\laragon\www\Colegio_de_PuertoGalera\vendor\dompdf\dompdf\src\FrameDecorator\AbstractFrameDecorator.php(913): Dompdf\FrameReflower\Block->reflow(Object(Dompdf\FrameDecorator\Block))
#16 C:\laragon\www\Colegio_de_PuertoGalera\vendor\dompdf\dompdf\src\FrameReflower\Block.php(865): Dompdf\FrameDecorator\AbstractFrameDecorator->reflow(Object(Dompdf\FrameDecorator\Block))
#17 C:\laragon\www\Colegio_de_PuertoGalera\vendor\dompdf\dompdf\src\FrameDecorator\AbstractFrameDecorator.php(913): Dompdf\FrameReflower\Block->reflow(NULL)
#18 C:\laragon\www\Colegio_de_PuertoGalera\vendor\dompdf\dompdf\src\FrameReflower\Page.php(142): Dompdf\FrameDecorator\AbstractFrameDecorator->reflow()
#19 C:\laragon\www\Colegio_de_PuertoGalera\vendor\dompdf\dompdf\src\FrameDecorator\AbstractFrameDecorator.php(913): Dompdf\FrameReflower\Page->reflow(NULL)
#20 C:\laragon\www\Colegio_de_PuertoGalera\vendor\dompdf\dompdf\src\Dompdf.php(765): Dompdf\FrameDecorator\AbstractFrameDecorator->reflow()
#21 C:\laragon\www\Colegio_de_PuertoGalera\app\Controllers\FacultyController.php(133): Dompdf\Dompdf->render()
#22 C:\laragon\www\Colegio_de_PuertoGalera\system\CodeIgniter.php(919): App\Controllers\FacultyController->generateReport('3')
#23 C:\laragon\www\Colegio_de_PuertoGalera\system\CodeIgniter.php(494): CodeIgniter\CodeIgniter->runController(Object(App\Controllers\FacultyController))
#24 C:\laragon\www\Colegio_de_PuertoGalera\system\CodeIgniter.php(353): CodeIgniter\CodeIgniter->handleRequest(NULL, Object(Config\Cache), false)
#25 C:\laragon\www\Colegio_de_PuertoGalera\public\index.php(79): CodeIgniter\CodeIgniter->run()
#26 C:\laragon\www\Colegio_de_PuertoGalera\system\Commands\Server\rewrite.php(47): require_once('C:\\laragon\\www\\...')
#27 {main}
in APPPATH\Views\errors\html\error_exception.php on line 101.
 1 [internal function]: CodeIgniter\Debug\Exceptions->shutdownHandler()
CRITICAL - 2024-11-26 18:38:48 --> Min/max width is undefined for table rows
in VENDORPATH\dompdf\dompdf\src\FrameReflower\TableRow.php on line 80.
 1 VENDORPATH\dompdf\dompdf\src\FrameDecorator\AbstractFrameDecorator.php(921): Dompdf\FrameReflower\TableRow->get_min_max_width()
 2 VENDORPATH\dompdf\dompdf\src\FrameReflower\AbstractFrameReflower.php(420): Dompdf\FrameDecorator\AbstractFrameDecorator->get_min_max_width()
 3 VENDORPATH\dompdf\dompdf\src\FrameReflower\Block.php(937): Dompdf\FrameReflower\AbstractFrameReflower->get_min_max_child_width()
 4 VENDORPATH\dompdf\dompdf\src\FrameReflower\AbstractFrameReflower.php(458): Dompdf\FrameReflower\Block->get_min_max_content_width()
 5 VENDORPATH\dompdf\dompdf\src\FrameDecorator\AbstractFrameDecorator.php(921): Dompdf\FrameReflower\AbstractFrameReflower->get_min_max_width()
 6 VENDORPATH\dompdf\dompdf\src\FrameReflower\AbstractFrameReflower.php(420): Dompdf\FrameDecorator\AbstractFrameDecorator->get_min_max_width()
 7 VENDORPATH\dompdf\dompdf\src\FrameReflower\TableCell.php(143): Dompdf\FrameReflower\AbstractFrameReflower->get_min_max_child_width()
 8 VENDORPATH\dompdf\dompdf\src\FrameReflower\AbstractFrameReflower.php(458): Dompdf\FrameReflower\TableCell->get_min_max_content_width()
 9 VENDORPATH\dompdf\dompdf\src\FrameDecorator\AbstractFrameDecorator.php(921): Dompdf\FrameReflower\AbstractFrameReflower->get_min_max_width()
10 VENDORPATH\dompdf\dompdf\src\Cellmap.php(729): Dompdf\FrameDecorator\AbstractFrameDecorator->get_min_max_width()
11 VENDORPATH\dompdf\dompdf\src\Cellmap.php(604): Dompdf\Cellmap->calculate_column_widths()
12 VENDORPATH\dompdf\dompdf\src\FrameReflower\Table.php(460): Dompdf\Cellmap->add_frame(Object(Dompdf\FrameDecorator\Table))
13 VENDORPATH\dompdf\dompdf\src\FrameReflower\Table.php(331): Dompdf\FrameReflower\Table->get_min_max_width()
14 VENDORPATH\dompdf\dompdf\src\FrameDecorator\AbstractFrameDecorator.php(913): Dompdf\FrameReflower\Table->reflow(Object(Dompdf\FrameDecorator\Block))
15 VENDORPATH\dompdf\dompdf\src\FrameReflower\Block.php(865): Dompdf\FrameDecorator\AbstractFrameDecorator->reflow(Object(Dompdf\FrameDecorator\Block))
16 VENDORPATH\dompdf\dompdf\src\FrameDecorator\AbstractFrameDecorator.php(913): Dompdf\FrameReflower\Block->reflow(Object(Dompdf\FrameDecorator\Block))
17 VENDORPATH\dompdf\dompdf\src\FrameReflower\Block.php(865): Dompdf\FrameDecorator\AbstractFrameDecorator->reflow(Object(Dompdf\FrameDecorator\Block))
18 VENDORPATH\dompdf\dompdf\src\FrameDecorator\AbstractFrameDecorator.php(913): Dompdf\FrameReflower\Block->reflow(null)
19 VENDORPATH\dompdf\dompdf\src\FrameReflower\Page.php(142): Dompdf\FrameDecorator\AbstractFrameDecorator->reflow()
20 VENDORPATH\dompdf\dompdf\src\FrameDecorator\AbstractFrameDecorator.php(913): Dompdf\FrameReflower\Page->reflow(null)
21 VENDORPATH\dompdf\dompdf\src\Dompdf.php(765): Dompdf\FrameDecorator\AbstractFrameDecorator->reflow()
22 APPPATH\Controllers\FacultyController.php(133): Dompdf\Dompdf->render()
23 SYSTEMPATH\CodeIgniter.php(919): App\Controllers\FacultyController->generateReport('3')
24 SYSTEMPATH\CodeIgniter.php(494): CodeIgniter\CodeIgniter->runController(Object(App\Controllers\FacultyController))
25 SYSTEMPATH\CodeIgniter.php(353): CodeIgniter\CodeIgniter->handleRequest(null, Object(Config\Cache), false)
26 FCPATH\index.php(79): CodeIgniter\CodeIgniter->run()
27 SYSTEMPATH\Commands\Server\rewrite.php(47): require_once('C:\\laragon\\www\\Colegio_de_PuertoGalera\\public\\index.php')
CRITICAL - 2024-11-26 18:38:53 --> Allowed memory size of 536870912 bytes exhausted (tried to allocate 262148096 bytes)
Previous Exception
Dompdf\Exception
Min/max width is undefined for table rows
#0 C:\laragon\www\Colegio_de_PuertoGalera\vendor\dompdf\dompdf\src\FrameDecorator\AbstractFrameDecorator.php(921): Dompdf\FrameReflower\TableRow->get_min_max_width()
#1 C:\laragon\www\Colegio_de_PuertoGalera\vendor\dompdf\dompdf\src\FrameReflower\AbstractFrameReflower.php(420): Dompdf\FrameDecorator\AbstractFrameDecorator->get_min_max_width()
#2 C:\laragon\www\Colegio_de_PuertoGalera\vendor\dompdf\dompdf\src\FrameReflower\Block.php(937): Dompdf\FrameReflower\AbstractFrameReflower->get_min_max_child_width()
#3 C:\laragon\www\Colegio_de_PuertoGalera\vendor\dompdf\dompdf\src\FrameReflower\AbstractFrameReflower.php(458): Dompdf\FrameReflower\Block->get_min_max_content_width()
#4 C:\laragon\www\Colegio_de_PuertoGalera\vendor\dompdf\dompdf\src\FrameDecorator\AbstractFrameDecorator.php(921): Dompdf\FrameReflower\AbstractFrameReflower->get_min_max_width()
#5 C:\laragon\www\Colegio_de_PuertoGalera\vendor\dompdf\dompdf\src\FrameReflower\AbstractFrameReflower.php(420): Dompdf\FrameDecorator\AbstractFrameDecorator->get_min_max_width()
#6 C:\laragon\www\Colegio_de_PuertoGalera\vendor\dompdf\dompdf\src\FrameReflower\TableCell.php(143): Dompdf\FrameReflower\AbstractFrameReflower->get_min_max_child_width()
#7 C:\laragon\www\Colegio_de_PuertoGalera\vendor\dompdf\dompdf\src\FrameReflower\AbstractFrameReflower.php(458): Dompdf\FrameReflower\TableCell->get_min_max_content_width()
#8 C:\laragon\www\Colegio_de_PuertoGalera\vendor\dompdf\dompdf\src\FrameDecorator\AbstractFrameDecorator.php(921): Dompdf\FrameReflower\AbstractFrameReflower->get_min_max_width()
#9 C:\laragon\www\Colegio_de_PuertoGalera\vendor\dompdf\dompdf\src\Cellmap.php(729): Dompdf\FrameDecorator\AbstractFrameDecorator->get_min_max_width()
#10 C:\laragon\www\Colegio_de_PuertoGalera\vendor\dompdf\dompdf\src\Cellmap.php(604): Dompdf\Cellmap->calculate_column_widths()
#11 C:\laragon\www\Colegio_de_PuertoGalera\vendor\dompdf\dompdf\src\FrameReflower\Table.php(460): Dompdf\Cellmap->add_frame(Object(Dompdf\FrameDecorator\Table))
#12 C:\laragon\www\Colegio_de_PuertoGalera\vendor\dompdf\dompdf\src\FrameReflower\Table.php(331): Dompdf\FrameReflower\Table->get_min_max_width()
#13 C:\laragon\www\Colegio_de_PuertoGalera\vendor\dompdf\dompdf\src\FrameDecorator\AbstractFrameDecorator.php(913): Dompdf\FrameReflower\Table->reflow(Object(Dompdf\FrameDecorator\Block))
#14 C:\laragon\www\Colegio_de_PuertoGalera\vendor\dompdf\dompdf\src\FrameReflower\Block.php(865): Dompdf\FrameDecorator\AbstractFrameDecorator->reflow(Object(Dompdf\FrameDecorator\Block))
#15 C:\laragon\www\Colegio_de_PuertoGalera\vendor\dompdf\dompdf\src\FrameDecorator\AbstractFrameDecorator.php(913): Dompdf\FrameReflower\Block->reflow(Object(Dompdf\FrameDecorator\Block))
#16 C:\laragon\www\Colegio_de_PuertoGalera\vendor\dompdf\dompdf\src\FrameReflower\Block.php(865): Dompdf\FrameDecorator\AbstractFrameDecorator->reflow(Object(Dompdf\FrameDecorator\Block))
#17 C:\laragon\www\Colegio_de_PuertoGalera\vendor\dompdf\dompdf\src\FrameDecorator\AbstractFrameDecorator.php(913): Dompdf\FrameReflower\Block->reflow(NULL)
#18 C:\laragon\www\Colegio_de_PuertoGalera\vendor\dompdf\dompdf\src\FrameReflower\Page.php(142): Dompdf\FrameDecorator\AbstractFrameDecorator->reflow()
#19 C:\laragon\www\Colegio_de_PuertoGalera\vendor\dompdf\dompdf\src\FrameDecorator\AbstractFrameDecorator.php(913): Dompdf\FrameReflower\Page->reflow(NULL)
#20 C:\laragon\www\Colegio_de_PuertoGalera\vendor\dompdf\dompdf\src\Dompdf.php(765): Dompdf\FrameDecorator\AbstractFrameDecorator->reflow()
#21 C:\laragon\www\Colegio_de_PuertoGalera\app\Controllers\FacultyController.php(133): Dompdf\Dompdf->render()
#22 C:\laragon\www\Colegio_de_PuertoGalera\system\CodeIgniter.php(919): App\Controllers\FacultyController->generateReport('3')
#23 C:\laragon\www\Colegio_de_PuertoGalera\system\CodeIgniter.php(494): CodeIgniter\CodeIgniter->runController(Object(App\Controllers\FacultyController))
#24 C:\laragon\www\Colegio_de_PuertoGalera\system\CodeIgniter.php(353): CodeIgniter\CodeIgniter->handleRequest(NULL, Object(Config\Cache), false)
#25 C:\laragon\www\Colegio_de_PuertoGalera\public\index.php(79): CodeIgniter\CodeIgniter->run()
#26 C:\laragon\www\Colegio_de_PuertoGalera\system\Commands\Server\rewrite.php(47): require_once('C:\\laragon\\www\\...')
#27 {main}
in APPPATH\Views\errors\html\error_exception.php on line 101.
 1 [internal function]: CodeIgniter\Debug\Exceptions->shutdownHandler()
