CRITICAL - 2024-11-27 11:19:16 --> Undefined variable $courses
in APPPATH\Views\schedule\courses_sections_table.php on line 155.
 1 APPPATH\Views\schedule\courses_sections_table.php(155): CodeIgniter\Debug\Exceptions->errorHandler(2, 'Undefined variable $courses', 'C:\\laragon\\www\\Colegio_de_PuertoGalera\\app\\Views\\schedule\\courses_sections_table.php', 155)
 2 SYSTEMPATH\View\View.php(226): include('C:\\laragon\\www\\Colegio_de_PuertoGalera\\app\\Views\\schedule\\courses_sections_table.php')
 3 SYSTEMPATH\View\View.php(229): CodeIgniter\View\View->CodeIgniter\View\{closure}()
 4 SYSTEMPATH\Common.php(1188): CodeIgniter\View\View->render('schedule/courses_sections_table', [], true)
 5 APPPATH\Controllers\CourseYearController.php(36): view('schedule/courses_sections_table', [...])
 6 SYSTEMPATH\CodeIgniter.php(919): App\Controllers\CourseYearController->index()
 7 SYSTEMPATH\CodeIgniter.php(494): CodeIgniter\CodeIgniter->runController(Object(App\Controllers\CourseYearController))
 8 SYSTEMPATH\CodeIgniter.php(353): CodeIgniter\CodeIgniter->handleRequest(null, Object(Config\Cache), false)
 9 FCPATH\index.php(79): CodeIgniter\CodeIgniter->run()
10 SYSTEMPATH\Commands\Server\rewrite.php(47): require_once('C:\\laragon\\www\\Colegio_de_PuertoGalera\\public\\index.php')
CRITICAL - 2024-11-27 11:20:35 --> Undefined variable $courses
in APPPATH\Views\schedule\courses_sections_table.php on line 155.
 1 APPPATH\Views\schedule\courses_sections_table.php(155): CodeIgniter\Debug\Exceptions->errorHandler(2, 'Undefined variable $courses', 'C:\\laragon\\www\\Colegio_de_PuertoGalera\\app\\Views\\schedule\\courses_sections_table.php', 155)
 2 SYSTEMPATH\View\View.php(226): include('C:\\laragon\\www\\Colegio_de_PuertoGalera\\app\\Views\\schedule\\courses_sections_table.php')
 3 SYSTEMPATH\View\View.php(229): CodeIgniter\View\View->CodeIgniter\View\{closure}()
 4 SYSTEMPATH\Common.php(1188): CodeIgniter\View\View->render('schedule/courses_sections_table', [], true)
 5 APPPATH\Controllers\CourseYearController.php(36): view('schedule/courses_sections_table', [...])
 6 SYSTEMPATH\CodeIgniter.php(919): App\Controllers\CourseYearController->index()
 7 SYSTEMPATH\CodeIgniter.php(494): CodeIgniter\CodeIgniter->runController(Object(App\Controllers\CourseYearController))
 8 SYSTEMPATH\CodeIgniter.php(353): CodeIgniter\CodeIgniter->handleRequest(null, Object(Config\Cache), false)
 9 FCPATH\index.php(79): CodeIgniter\CodeIgniter->run()
10 SYSTEMPATH\Commands\Server\rewrite.php(47): require_once('C:\\laragon\\www\\Colegio_de_PuertoGalera\\public\\index.php')
CRITICAL - 2024-11-27 11:22:27 --> Call to undefined method App\Controllers\CourseYearController::getCoursesSections()
in APPPATH\Controllers\CourseYearController.php on line 18.
 1 SYSTEMPATH\CodeIgniter.php(919): App\Controllers\CourseYearController->index()
 2 SYSTEMPATH\CodeIgniter.php(494): CodeIgniter\CodeIgniter->runController(Object(App\Controllers\CourseYearController))
 3 SYSTEMPATH\CodeIgniter.php(353): CodeIgniter\CodeIgniter->handleRequest(null, Object(Config\Cache), false)
 4 FCPATH\index.php(79): CodeIgniter\CodeIgniter->run()
 5 SYSTEMPATH\Commands\Server\rewrite.php(47): require_once('C:\\laragon\\www\\Colegio_de_PuertoGalera\\public\\index.php')
CRITICAL - 2024-11-27 11:22:41 --> Call to undefined method App\Controllers\CourseYearController::getCoursesSections()
in APPPATH\Controllers\CourseYearController.php on line 18.
 1 SYSTEMPATH\CodeIgniter.php(919): App\Controllers\CourseYearController->index()
 2 SYSTEMPATH\CodeIgniter.php(494): CodeIgniter\CodeIgniter->runController(Object(App\Controllers\CourseYearController))
 3 SYSTEMPATH\CodeIgniter.php(353): CodeIgniter\CodeIgniter->handleRequest(null, Object(Config\Cache), false)
 4 FCPATH\index.php(79): CodeIgniter\CodeIgniter->run()
 5 SYSTEMPATH\Commands\Server\rewrite.php(47): require_once('C:\\laragon\\www\\Colegio_de_PuertoGalera\\public\\index.php')
CRITICAL - 2024-11-27 11:23:17 --> Undefined variable $courses
in APPPATH\Views\schedule\courses_sections_table.php on line 155.
 1 APPPATH\Views\schedule\courses_sections_table.php(155): CodeIgniter\Debug\Exceptions->errorHandler(2, 'Undefined variable $courses', 'C:\\laragon\\www\\Colegio_de_PuertoGalera\\app\\Views\\schedule\\courses_sections_table.php', 155)
 2 SYSTEMPATH\View\View.php(226): include('C:\\laragon\\www\\Colegio_de_PuertoGalera\\app\\Views\\schedule\\courses_sections_table.php')
 3 SYSTEMPATH\View\View.php(229): CodeIgniter\View\View->CodeIgniter\View\{closure}()
 4 SYSTEMPATH\Common.php(1188): CodeIgniter\View\View->render('schedule/courses_sections_table', [], true)
 5 APPPATH\Controllers\CourseYearController.php(41): view('schedule/courses_sections_table', [...])
 6 SYSTEMPATH\CodeIgniter.php(919): App\Controllers\CourseYearController->index()
 7 SYSTEMPATH\CodeIgniter.php(494): CodeIgniter\CodeIgniter->runController(Object(App\Controllers\CourseYearController))
 8 SYSTEMPATH\CodeIgniter.php(353): CodeIgniter\CodeIgniter->handleRequest(null, Object(Config\Cache), false)
 9 FCPATH\index.php(79): CodeIgniter\CodeIgniter->run()
10 SYSTEMPATH\Commands\Server\rewrite.php(47): require_once('C:\\laragon\\www\\Colegio_de_PuertoGalera\\public\\index.php')
CRITICAL - 2024-11-27 15:53:01 --> Undefined variable $totalRequest
in APPPATH\Views\admin\dashboard.php on line 256.
 1 APPPATH\Views\admin\dashboard.php(256): CodeIgniter\Debug\Exceptions->errorHandler(2, 'Undefined variable $totalRequest', 'C:\\laragon\\www\\Colegio_de_PuertoGalera\\app\\Views\\admin\\dashboard.php', 256)
 2 SYSTEMPATH\View\View.php(226): include('C:\\laragon\\www\\Colegio_de_PuertoGalera\\app\\Views\\admin\\dashboard.php')
 3 SYSTEMPATH\View\View.php(229): CodeIgniter\View\View->CodeIgniter\View\{closure}()
 4 SYSTEMPATH\Common.php(1188): CodeIgniter\View\View->render('admin/dashboard', [], true)
 5 APPPATH\Controllers\Home.php(253): view('admin/dashboard', [...])
 6 SYSTEMPATH\CodeIgniter.php(919): App\Controllers\Home->dashboard()
 7 SYSTEMPATH\CodeIgniter.php(494): CodeIgniter\CodeIgniter->runController(Object(App\Controllers\Home))
 8 SYSTEMPATH\CodeIgniter.php(353): CodeIgniter\CodeIgniter->handleRequest(null, Object(Config\Cache), false)
 9 FCPATH\index.php(79): CodeIgniter\CodeIgniter->run()
10 SYSTEMPATH\Commands\Server\rewrite.php(47): require_once('C:\\laragon\\www\\Colegio_de_PuertoGalera\\public\\index.php')
CRITICAL - 2024-11-27 15:56:02 --> Undefined variable $request
in APPPATH\Views\admin\dashboard.php on line 256.
 1 APPPATH\Views\admin\dashboard.php(256): CodeIgniter\Debug\Exceptions->errorHandler(2, 'Undefined variable $request', 'C:\\laragon\\www\\Colegio_de_PuertoGalera\\app\\Views\\admin\\dashboard.php', 256)
 2 SYSTEMPATH\View\View.php(226): include('C:\\laragon\\www\\Colegio_de_PuertoGalera\\app\\Views\\admin\\dashboard.php')
 3 SYSTEMPATH\View\View.php(229): CodeIgniter\View\View->CodeIgniter\View\{closure}()
 4 SYSTEMPATH\Common.php(1188): CodeIgniter\View\View->render('admin/dashboard', [], true)
 5 APPPATH\Controllers\Home.php(253): view('admin/dashboard', [...])
 6 SYSTEMPATH\CodeIgniter.php(919): App\Controllers\Home->dashboard()
 7 SYSTEMPATH\CodeIgniter.php(494): CodeIgniter\CodeIgniter->runController(Object(App\Controllers\Home))
 8 SYSTEMPATH\CodeIgniter.php(353): CodeIgniter\CodeIgniter->handleRequest(null, Object(Config\Cache), false)
 9 FCPATH\index.php(79): CodeIgniter\CodeIgniter->run()
10 SYSTEMPATH\Commands\Server\rewrite.php(47): require_once('C:\\laragon\\www\\Colegio_de_PuertoGalera\\public\\index.php')
CRITICAL - 2024-11-27 15:57:47 --> Undefined variable $totalRequest
in APPPATH\Views\admin\dashboard.php on line 256.
 1 APPPATH\Views\admin\dashboard.php(256): CodeIgniter\Debug\Exceptions->errorHandler(2, 'Undefined variable $totalRequest', 'C:\\laragon\\www\\Colegio_de_PuertoGalera\\app\\Views\\admin\\dashboard.php', 256)
 2 SYSTEMPATH\View\View.php(226): include('C:\\laragon\\www\\Colegio_de_PuertoGalera\\app\\Views\\admin\\dashboard.php')
 3 SYSTEMPATH\View\View.php(229): CodeIgniter\View\View->CodeIgniter\View\{closure}()
 4 SYSTEMPATH\Common.php(1188): CodeIgniter\View\View->render('admin/dashboard', [], true)
 5 APPPATH\Controllers\Home.php(255): view('admin/dashboard', [...])
 6 SYSTEMPATH\CodeIgniter.php(919): App\Controllers\Home->dashboard()
 7 SYSTEMPATH\CodeIgniter.php(494): CodeIgniter\CodeIgniter->runController(Object(App\Controllers\Home))
 8 SYSTEMPATH\CodeIgniter.php(353): CodeIgniter\CodeIgniter->handleRequest(null, Object(Config\Cache), false)
 9 FCPATH\index.php(79): CodeIgniter\CodeIgniter->run()
10 SYSTEMPATH\Commands\Server\rewrite.php(47): require_once('C:\\laragon\\www\\Colegio_de_PuertoGalera\\public\\index.php')
CRITICAL - 2024-11-27 16:00:18 --> Undefined variable $request
in APPPATH\Controllers\Home.php on line 252.
 1 APPPATH\Controllers\Home.php(252): CodeIgniter\Debug\Exceptions->errorHandler(2, 'Undefined variable $request', 'C:\\laragon\\www\\Colegio_de_PuertoGalera\\app\\Controllers\\Home.php', 252)
 2 SYSTEMPATH\CodeIgniter.php(919): App\Controllers\Home->dashboard()
 3 SYSTEMPATH\CodeIgniter.php(494): CodeIgniter\CodeIgniter->runController(Object(App\Controllers\Home))
 4 SYSTEMPATH\CodeIgniter.php(353): CodeIgniter\CodeIgniter->handleRequest(null, Object(Config\Cache), false)
 5 FCPATH\index.php(79): CodeIgniter\CodeIgniter->run()
 6 SYSTEMPATH\Commands\Server\rewrite.php(47): require_once('C:\\laragon\\www\\Colegio_de_PuertoGalera\\public\\index.php')
CRITICAL - 2024-11-27 16:01:04 --> Undefined variable $request
in APPPATH\Controllers\Home.php on line 252.
 1 APPPATH\Controllers\Home.php(252): CodeIgniter\Debug\Exceptions->errorHandler(2, 'Undefined variable $request', 'C:\\laragon\\www\\Colegio_de_PuertoGalera\\app\\Controllers\\Home.php', 252)
 2 SYSTEMPATH\CodeIgniter.php(919): App\Controllers\Home->dashboard()
 3 SYSTEMPATH\CodeIgniter.php(494): CodeIgniter\CodeIgniter->runController(Object(App\Controllers\Home))
 4 SYSTEMPATH\CodeIgniter.php(353): CodeIgniter\CodeIgniter->handleRequest(null, Object(Config\Cache), false)
 5 FCPATH\index.php(79): CodeIgniter\CodeIgniter->run()
 6 SYSTEMPATH\Commands\Server\rewrite.php(47): require_once('C:\\laragon\\www\\Colegio_de_PuertoGalera\\public\\index.php')
