ERROR - 2024-10-13 15:15:40 --> mysqli_sql_exception: Table 'u127431254_cdpgapp.google_forms' doesn't exist in /home/u127431254/domains/colegiodepuertogalera.online/public_html/website/system/Database/MySQLi/Connection.php:306
Stack trace:
#0 /home/u127431254/domains/colegiodepuertogalera.online/public_html/website/system/Database/MySQLi/Connection.php(306): mysqli->query()
#1 /home/u127431254/domains/colegiodepuertogalera.online/public_html/website/system/Database/BaseConnection.php(692): CodeIgniter\Database\MySQLi\Connection->execute()
#2 /home/u127431254/domains/colegiodepuertogalera.online/public_html/website/system/Database/BaseConnection.php(606): CodeIgniter\Database\BaseConnection->simpleQuery()
#3 /home/u127431254/domains/colegiodepuertogalera.online/public_html/website/system/Database/BaseBuilder.php(1615): CodeIgniter\Database\BaseConnection->query()
#4 /home/u127431254/domains/colegiodepuertogalera.online/public_html/website/system/Model.php(264): CodeIgniter\Database\BaseBuilder->get()
#5 /home/u127431254/domains/colegiodepuertogalera.online/public_html/website/system/BaseModel.php(662): CodeIgniter\Model->doFirst()
#6 /home/u127431254/domains/colegiodepuertogalera.online/public_html/website/app/Models/GformlinkModel.php(28): CodeIgniter\BaseModel->first()
#7 /home/u127431254/domains/colegiodepuertogalera.online/public_html/website/app/Controllers/AdminController.php(210): App\Models\GformlinkModel->getLatestFormLink()
#8 /home/u127431254/domains/colegiodepuertogalera.online/public_html/website/system/CodeIgniter.php(919): App\Controllers\AdminController->showGFormlinkpage()
#9 /home/u127431254/domains/colegiodepuertogalera.online/public_html/website/system/CodeIgniter.php(494): CodeIgniter\CodeIgniter->runController()
#10 /home/u127431254/domains/colegiodepuertogalera.online/public_html/website/system/CodeIgniter.php(353): CodeIgniter\CodeIgniter->handleRequest()
#11 /home/u127431254/domains/colegiodepuertogalera.online/public_html/index.php(79): CodeIgniter\CodeIgniter->run()
#12 {main}
CRITICAL - 2024-10-13 15:15:40 --> Table 'u127431254_cdpgapp.google_forms' doesn't exist
in SYSTEMPATH/Database/BaseConnection.php on line 646.
 1 SYSTEMPATH/Database/BaseBuilder.php(1615): CodeIgniter\Database\BaseConnection->query()
 2 SYSTEMPATH/Model.php(264): CodeIgniter\Database\BaseBuilder->get()
 3 SYSTEMPATH/BaseModel.php(662): CodeIgniter\Model->doFirst()
 4 APPPATH/Models/GformlinkModel.php(28): CodeIgniter\BaseModel->first()
 5 APPPATH/Controllers/AdminController.php(210): App\Models\GformlinkModel->getLatestFormLink()
 6 SYSTEMPATH/CodeIgniter.php(919): App\Controllers\AdminController->showGFormlinkpage()
 7 SYSTEMPATH/CodeIgniter.php(494): CodeIgniter\CodeIgniter->runController()
 8 SYSTEMPATH/CodeIgniter.php(353): CodeIgniter\CodeIgniter->handleRequest()
 9 FCPATH/index.php(79): CodeIgniter\CodeIgniter->run()
ERROR - 2024-10-13 15:29:08 --> mysqli_sql_exception: Table 'u127431254_cdpgapp.requests' doesn't exist in /home/u127431254/domains/colegiodepuertogalera.online/public_html/website/system/Database/MySQLi/Connection.php:306
Stack trace:
#0 /home/u127431254/domains/colegiodepuertogalera.online/public_html/website/system/Database/MySQLi/Connection.php(306): mysqli->query()
#1 /home/u127431254/domains/colegiodepuertogalera.online/public_html/website/system/Database/BaseConnection.php(692): CodeIgniter\Database\MySQLi\Connection->execute()
#2 /home/u127431254/domains/colegiodepuertogalera.online/public_html/website/system/Database/BaseConnection.php(606): CodeIgniter\Database\BaseConnection->simpleQuery()
#3 /home/u127431254/domains/colegiodepuertogalera.online/public_html/website/system/Database/BaseBuilder.php(1615): CodeIgniter\Database\BaseConnection->query()
#4 /home/u127431254/domains/colegiodepuertogalera.online/public_html/website/system/Model.php(237): CodeIgniter\Database\BaseBuilder->get()
#5 /home/u127431254/domains/colegiodepuertogalera.online/public_html/website/system/BaseModel.php(624): CodeIgniter\Model->doFindAll()
#6 /home/u127431254/domains/colegiodepuertogalera.online/public_html/website/app/Controllers/RequestController.php(81): CodeIgniter\BaseModel->findAll()
#7 /home/u127431254/domains/colegiodepuertogalera.online/public_html/website/system/CodeIgniter.php(919): App\Controllers\RequestController->submittedRequests()
#8 /home/u127431254/domains/colegiodepuertogalera.online/public_html/website/system/CodeIgniter.php(494): CodeIgniter\CodeIgniter->runController()
#9 /home/u127431254/domains/colegiodepuertogalera.online/public_html/website/system/CodeIgniter.php(353): CodeIgniter\CodeIgniter->handleRequest()
#10 /home/u127431254/domains/colegiodepuertogalera.online/public_html/index.php(79): CodeIgniter\CodeIgniter->run()
#11 {main}
CRITICAL - 2024-10-13 15:29:08 --> Table 'u127431254_cdpgapp.requests' doesn't exist
in SYSTEMPATH/Database/BaseConnection.php on line 646.
 1 SYSTEMPATH/Database/BaseBuilder.php(1615): CodeIgniter\Database\BaseConnection->query()
 2 SYSTEMPATH/Model.php(237): CodeIgniter\Database\BaseBuilder->get()
 3 SYSTEMPATH/BaseModel.php(624): CodeIgniter\Model->doFindAll()
 4 APPPATH/Controllers/RequestController.php(81): CodeIgniter\BaseModel->findAll()
 5 SYSTEMPATH/CodeIgniter.php(919): App\Controllers\RequestController->submittedRequests()
 6 SYSTEMPATH/CodeIgniter.php(494): CodeIgniter\CodeIgniter->runController()
 7 SYSTEMPATH/CodeIgniter.php(353): CodeIgniter\CodeIgniter->handleRequest()
 8 FCPATH/index.php(79): CodeIgniter\CodeIgniter->run()
CRITICAL - 2024-10-13 16:31:36 --> count(): Argument #1 ($value) must be of type Countable|array, null given
in APPPATH/Views/admin/dashboard.php on line 39.
 1 SYSTEMPATH/View/View.php(226): include()
 2 SYSTEMPATH/View/View.php(229): CodeIgniter\View\View->CodeIgniter\View\{closure}()
 3 SYSTEMPATH/View/View.php(467): CodeIgniter\View\View->render()
 4 APPPATH/Views/admin/index.php(1): CodeIgniter\View\View->include()
 5 SYSTEMPATH/View/View.php(226): include('/home/u127431254/domains/colegiodepuertogalera.online/public_html/website/app/Views/admin/index.php')
 6 SYSTEMPATH/View/View.php(229): CodeIgniter\View\View->CodeIgniter\View\{closure}()
 7 SYSTEMPATH/Common.php(1188): CodeIgniter\View\View->render()
 8 APPPATH/Controllers/Home.php(134): view()
 9 SYSTEMPATH/CodeIgniter.php(919): App\Controllers\Home->admin()
10 SYSTEMPATH/CodeIgniter.php(494): CodeIgniter\CodeIgniter->runController()
11 SYSTEMPATH/CodeIgniter.php(353): CodeIgniter\CodeIgniter->handleRequest()
12 FCPATH/index.php(79): CodeIgniter\CodeIgniter->run()
CRITICAL - 2024-10-13 16:31:38 --> count(): Argument #1 ($value) must be of type Countable|array, null given
in APPPATH/Views/admin/dashboard.php on line 39.
 1 SYSTEMPATH/View/View.php(226): include()
 2 SYSTEMPATH/View/View.php(229): CodeIgniter\View\View->CodeIgniter\View\{closure}()
 3 SYSTEMPATH/View/View.php(467): CodeIgniter\View\View->render()
 4 APPPATH/Views/admin/index.php(1): CodeIgniter\View\View->include()
 5 SYSTEMPATH/View/View.php(226): include('/home/u127431254/domains/colegiodepuertogalera.online/public_html/website/app/Views/admin/index.php')
 6 SYSTEMPATH/View/View.php(229): CodeIgniter\View\View->CodeIgniter\View\{closure}()
 7 SYSTEMPATH/Common.php(1188): CodeIgniter\View\View->render()
 8 APPPATH/Controllers/Home.php(134): view()
 9 SYSTEMPATH/CodeIgniter.php(919): App\Controllers\Home->admin()
10 SYSTEMPATH/CodeIgniter.php(494): CodeIgniter\CodeIgniter->runController()
11 SYSTEMPATH/CodeIgniter.php(353): CodeIgniter\CodeIgniter->handleRequest()
12 FCPATH/index.php(79): CodeIgniter\CodeIgniter->run()
CRITICAL - 2024-10-13 16:39:26 --> count(): Argument #1 ($value) must be of type Countable|array, null given
in APPPATH/Views/admin/dashboard.php on line 39.
 1 SYSTEMPATH/View/View.php(226): include()
 2 SYSTEMPATH/View/View.php(229): CodeIgniter\View\View->CodeIgniter\View\{closure}()
 3 SYSTEMPATH/View/View.php(467): CodeIgniter\View\View->render()
 4 APPPATH/Views/admin/index.php(1): CodeIgniter\View\View->include()
 5 SYSTEMPATH/View/View.php(226): include('/home/u127431254/domains/colegiodepuertogalera.online/public_html/website/app/Views/admin/index.php')
 6 SYSTEMPATH/View/View.php(229): CodeIgniter\View\View->CodeIgniter\View\{closure}()
 7 SYSTEMPATH/Common.php(1188): CodeIgniter\View\View->render()
 8 APPPATH/Controllers/Home.php(134): view()
 9 SYSTEMPATH/CodeIgniter.php(919): App\Controllers\Home->admin()
10 SYSTEMPATH/CodeIgniter.php(494): CodeIgniter\CodeIgniter->runController()
11 SYSTEMPATH/CodeIgniter.php(353): CodeIgniter\CodeIgniter->handleRequest()
12 FCPATH/index.php(79): CodeIgniter\CodeIgniter->run()
CRITICAL - 2024-10-13 16:46:58 --> count(): Argument #1 ($value) must be of type Countable|array, null given
in APPPATH/Views/admin/profile.php on line 48.
 1 SYSTEMPATH/View/View.php(226): include()
 2 SYSTEMPATH/View/View.php(229): CodeIgniter\View\View->CodeIgniter\View\{closure}()
 3 SYSTEMPATH/Common.php(1188): CodeIgniter\View\View->render()
 4 APPPATH/Controllers/AdminProfileController.php(24): view()
 5 SYSTEMPATH/CodeIgniter.php(919): App\Controllers\AdminProfileController->adminProfile()
 6 SYSTEMPATH/CodeIgniter.php(494): CodeIgniter\CodeIgniter->runController()
 7 SYSTEMPATH/CodeIgniter.php(353): CodeIgniter\CodeIgniter->handleRequest()
 8 FCPATH/index.php(79): CodeIgniter\CodeIgniter->run()
CRITICAL - 2024-10-13 16:47:01 --> count(): Argument #1 ($value) must be of type Countable|array, null given
in APPPATH/Views/admin/profile.php on line 48.
 1 SYSTEMPATH/View/View.php(226): include()
 2 SYSTEMPATH/View/View.php(229): CodeIgniter\View\View->CodeIgniter\View\{closure}()
 3 SYSTEMPATH/Common.php(1188): CodeIgniter\View\View->render()
 4 APPPATH/Controllers/AdminProfileController.php(24): view()
 5 SYSTEMPATH/CodeIgniter.php(919): App\Controllers\AdminProfileController->adminProfile()
 6 SYSTEMPATH/CodeIgniter.php(494): CodeIgniter\CodeIgniter->runController()
 7 SYSTEMPATH/CodeIgniter.php(353): CodeIgniter\CodeIgniter->handleRequest()
 8 FCPATH/index.php(79): CodeIgniter\CodeIgniter->run()
CRITICAL - 2024-10-13 16:47:16 --> count(): Argument #1 ($value) must be of type Countable|array, null given
in APPPATH/Views/admin/profile.php on line 48.
 1 SYSTEMPATH/View/View.php(226): include()
 2 SYSTEMPATH/View/View.php(229): CodeIgniter\View\View->CodeIgniter\View\{closure}()
 3 SYSTEMPATH/Common.php(1188): CodeIgniter\View\View->render()
 4 APPPATH/Controllers/AdminProfileController.php(24): view()
 5 SYSTEMPATH/CodeIgniter.php(919): App\Controllers\AdminProfileController->adminProfile()
 6 SYSTEMPATH/CodeIgniter.php(494): CodeIgniter\CodeIgniter->runController()
 7 SYSTEMPATH/CodeIgniter.php(353): CodeIgniter\CodeIgniter->handleRequest()
 8 FCPATH/index.php(79): CodeIgniter\CodeIgniter->run()
CRITICAL - 2024-10-13 16:54:50 --> count(): Argument #1 ($value) must be of type Countable|array, null given
in APPPATH/Views/admin/profile.php on line 48.
 1 SYSTEMPATH/View/View.php(226): include()
 2 SYSTEMPATH/View/View.php(229): CodeIgniter\View\View->CodeIgniter\View\{closure}()
 3 SYSTEMPATH/Common.php(1188): CodeIgniter\View\View->render()
 4 APPPATH/Controllers/AdminProfileController.php(24): view()
 5 SYSTEMPATH/CodeIgniter.php(919): App\Controllers\AdminProfileController->adminProfile()
 6 SYSTEMPATH/CodeIgniter.php(494): CodeIgniter\CodeIgniter->runController()
 7 SYSTEMPATH/CodeIgniter.php(353): CodeIgniter\CodeIgniter->handleRequest()
 8 FCPATH/index.php(79): CodeIgniter\CodeIgniter->run()
CRITICAL - 2024-10-13 16:54:53 --> count(): Argument #1 ($value) must be of type Countable|array, null given
in APPPATH/Views/admin/profile.php on line 48.
 1 SYSTEMPATH/View/View.php(226): include()
 2 SYSTEMPATH/View/View.php(229): CodeIgniter\View\View->CodeIgniter\View\{closure}()
 3 SYSTEMPATH/Common.php(1188): CodeIgniter\View\View->render()
 4 APPPATH/Controllers/AdminProfileController.php(24): view()
 5 SYSTEMPATH/CodeIgniter.php(919): App\Controllers\AdminProfileController->adminProfile()
 6 SYSTEMPATH/CodeIgniter.php(494): CodeIgniter\CodeIgniter->runController()
 7 SYSTEMPATH/CodeIgniter.php(353): CodeIgniter\CodeIgniter->handleRequest()
 8 FCPATH/index.php(79): CodeIgniter\CodeIgniter->run()
CRITICAL - 2024-10-13 17:00:04 --> Class "App\Controllers\DateTime" not found
in APPPATH/Controllers/AdminProfileController.php on line 21.
 1 APPPATH/Controllers/AdminProfileController.php(62): App\Controllers\AdminProfileController->time_elapsed_string()
 2 SYSTEMPATH/CodeIgniter.php(919): App\Controllers\AdminProfileController->adminProfile()
 3 SYSTEMPATH/CodeIgniter.php(494): CodeIgniter\CodeIgniter->runController()
 4 SYSTEMPATH/CodeIgniter.php(353): CodeIgniter\CodeIgniter->handleRequest()
 5 FCPATH/index.php(79): CodeIgniter\CodeIgniter->run()
CRITICAL - 2024-10-13 17:03:27 --> count(): Argument #1 ($value) must be of type Countable|array, null given
in APPPATH/Views/admin/dashboard.php on line 39.
 1 SYSTEMPATH/View/View.php(226): include()
 2 SYSTEMPATH/View/View.php(229): CodeIgniter\View\View->CodeIgniter\View\{closure}()
 3 SYSTEMPATH/View/View.php(467): CodeIgniter\View\View->render()
 4 APPPATH/Views/admin/index.php(1): CodeIgniter\View\View->include()
 5 SYSTEMPATH/View/View.php(226): include('/home/u127431254/domains/colegiodepuertogalera.online/public_html/website/app/Views/admin/index.php')
 6 SYSTEMPATH/View/View.php(229): CodeIgniter\View\View->CodeIgniter\View\{closure}()
 7 SYSTEMPATH/Common.php(1188): CodeIgniter\View\View->render()
 8 APPPATH/Controllers/Home.php(134): view()
 9 SYSTEMPATH/CodeIgniter.php(919): App\Controllers\Home->admin()
10 SYSTEMPATH/CodeIgniter.php(494): CodeIgniter\CodeIgniter->runController()
11 SYSTEMPATH/CodeIgniter.php(353): CodeIgniter\CodeIgniter->handleRequest()
12 FCPATH/index.php(79): CodeIgniter\CodeIgniter->run()
CRITICAL - 2024-10-13 17:03:35 --> count(): Argument #1 ($value) must be of type Countable|array, null given
in APPPATH/Views/admin/dashboard.php on line 39.
 1 SYSTEMPATH/View/View.php(226): include()
 2 SYSTEMPATH/View/View.php(229): CodeIgniter\View\View->CodeIgniter\View\{closure}()
 3 SYSTEMPATH/View/View.php(467): CodeIgniter\View\View->render()
 4 APPPATH/Views/admin/index.php(1): CodeIgniter\View\View->include()
 5 SYSTEMPATH/View/View.php(226): include('/home/u127431254/domains/colegiodepuertogalera.online/public_html/website/app/Views/admin/index.php')
 6 SYSTEMPATH/View/View.php(229): CodeIgniter\View\View->CodeIgniter\View\{closure}()
 7 SYSTEMPATH/Common.php(1188): CodeIgniter\View\View->render()
 8 APPPATH/Controllers/Home.php(134): view()
 9 SYSTEMPATH/CodeIgniter.php(919): App\Controllers\Home->admin()
10 SYSTEMPATH/CodeIgniter.php(494): CodeIgniter\CodeIgniter->runController()
11 SYSTEMPATH/CodeIgniter.php(353): CodeIgniter\CodeIgniter->handleRequest()
12 FCPATH/index.php(79): CodeIgniter\CodeIgniter->run()
CRITICAL - 2024-10-13 17:03:41 --> count(): Argument #1 ($value) must be of type Countable|array, null given
in APPPATH/Views/admin/dashboard.php on line 39.
 1 SYSTEMPATH/View/View.php(226): include()
 2 SYSTEMPATH/View/View.php(229): CodeIgniter\View\View->CodeIgniter\View\{closure}()
 3 SYSTEMPATH/View/View.php(467): CodeIgniter\View\View->render()
 4 APPPATH/Views/admin/index.php(1): CodeIgniter\View\View->include()
 5 SYSTEMPATH/View/View.php(226): include('/home/u127431254/domains/colegiodepuertogalera.online/public_html/website/app/Views/admin/index.php')
 6 SYSTEMPATH/View/View.php(229): CodeIgniter\View\View->CodeIgniter\View\{closure}()
 7 SYSTEMPATH/Common.php(1188): CodeIgniter\View\View->render()
 8 APPPATH/Controllers/Home.php(134): view()
 9 SYSTEMPATH/CodeIgniter.php(919): App\Controllers\Home->admin()
10 SYSTEMPATH/CodeIgniter.php(494): CodeIgniter\CodeIgniter->runController()
11 SYSTEMPATH/CodeIgniter.php(353): CodeIgniter\CodeIgniter->handleRequest()
12 FCPATH/index.php(79): CodeIgniter\CodeIgniter->run()
CRITICAL - 2024-10-13 17:03:45 --> count(): Argument #1 ($value) must be of type Countable|array, null given
in APPPATH/Views/admin/dashboard.php on line 39.
 1 SYSTEMPATH/View/View.php(226): include()
 2 SYSTEMPATH/View/View.php(229): CodeIgniter\View\View->CodeIgniter\View\{closure}()
 3 SYSTEMPATH/View/View.php(467): CodeIgniter\View\View->render()
 4 APPPATH/Views/admin/index.php(1): CodeIgniter\View\View->include()
 5 SYSTEMPATH/View/View.php(226): include('/home/u127431254/domains/colegiodepuertogalera.online/public_html/website/app/Views/admin/index.php')
 6 SYSTEMPATH/View/View.php(229): CodeIgniter\View\View->CodeIgniter\View\{closure}()
 7 SYSTEMPATH/Common.php(1188): CodeIgniter\View\View->render()
 8 APPPATH/Controllers/Home.php(134): view()
 9 SYSTEMPATH/CodeIgniter.php(919): App\Controllers\Home->admin()
10 SYSTEMPATH/CodeIgniter.php(494): CodeIgniter\CodeIgniter->runController()
11 SYSTEMPATH/CodeIgniter.php(353): CodeIgniter\CodeIgniter->handleRequest()
12 FCPATH/index.php(79): CodeIgniter\CodeIgniter->run()
CRITICAL - 2024-10-13 17:10:17 --> Undefined property: App\Controllers\Home::$GformlinkModel
in APPPATH/Controllers/Home.php on line 87.
 1 APPPATH/Controllers/Home.php(87): CodeIgniter\Debug\Exceptions->errorHandler()
 2 SYSTEMPATH/CodeIgniter.php(919): App\Controllers\Home->admission()
 3 SYSTEMPATH/CodeIgniter.php(494): CodeIgniter\CodeIgniter->runController()
 4 SYSTEMPATH/CodeIgniter.php(353): CodeIgniter\CodeIgniter->handleRequest()
 5 FCPATH/index.php(79): CodeIgniter\CodeIgniter->run()
ERROR - 2024-10-13 17:52:50 --> mysqli_sql_exception: Duplicate entry '0' for key 'PRIMARY' in /home/u127431254/domains/colegiodepuertogalera.online/public_html/website/system/Database/MySQLi/Connection.php:306
Stack trace:
#0 /home/u127431254/domains/colegiodepuertogalera.online/public_html/website/system/Database/MySQLi/Connection.php(306): mysqli->query()
#1 /home/u127431254/domains/colegiodepuertogalera.online/public_html/website/system/Database/BaseConnection.php(692): CodeIgniter\Database\MySQLi\Connection->execute()
#2 /home/u127431254/domains/colegiodepuertogalera.online/public_html/website/system/Database/BaseConnection.php(606): CodeIgniter\Database\BaseConnection->simpleQuery()
#3 /home/u127431254/domains/colegiodepuertogalera.online/public_html/website/system/Database/BaseBuilder.php(2308): CodeIgniter\Database\BaseConnection->query()
#4 /home/u127431254/domains/colegiodepuertogalera.online/public_html/website/system/Model.php(319): CodeIgniter\Database\BaseBuilder->insert()
#5 /home/u127431254/domains/colegiodepuertogalera.online/public_html/website/system/BaseModel.php(788): CodeIgniter\Model->doInsert()
#6 /home/u127431254/domains/colegiodepuertogalera.online/public_html/website/system/Model.php(715): CodeIgniter\BaseModel->insert()
#7 /home/u127431254/domains/colegiodepuertogalera.online/public_html/website/app/Controllers/NewsController.php(57): CodeIgniter\Model->insert()
#8 /home/u127431254/domains/colegiodepuertogalera.online/public_html/website/system/CodeIgniter.php(919): App\Controllers\NewsController->insert()
#9 /home/u127431254/domains/colegiodepuertogalera.online/public_html/website/system/CodeIgniter.php(494): CodeIgniter\CodeIgniter->runController()
#10 /home/u127431254/domains/colegiodepuertogalera.online/public_html/website/system/CodeIgniter.php(353): CodeIgniter\CodeIgniter->handleRequest()
#11 /home/u127431254/domains/colegiodepuertogalera.online/public_html/index.php(79): CodeIgniter\CodeIgniter->run()
#12 {main}
CRITICAL - 2024-10-13 17:52:50 --> Duplicate entry '0' for key 'PRIMARY'
in SYSTEMPATH/Database/BaseConnection.php on line 646.
 1 SYSTEMPATH/Database/BaseBuilder.php(2308): CodeIgniter\Database\BaseConnection->query()
 2 SYSTEMPATH/Model.php(319): CodeIgniter\Database\BaseBuilder->insert()
 3 SYSTEMPATH/BaseModel.php(788): CodeIgniter\Model->doInsert()
 4 SYSTEMPATH/Model.php(715): CodeIgniter\BaseModel->insert()
 5 APPPATH/Controllers/NewsController.php(57): CodeIgniter\Model->insert()
 6 SYSTEMPATH/CodeIgniter.php(919): App\Controllers\NewsController->insert()
 7 SYSTEMPATH/CodeIgniter.php(494): CodeIgniter\CodeIgniter->runController()
 8 SYSTEMPATH/CodeIgniter.php(353): CodeIgniter\CodeIgniter->handleRequest()
 9 FCPATH/index.php(79): CodeIgniter\CodeIgniter->run()
CRITICAL - 2024-10-13 17:56:27 --> Undefined variable $totalUser
in APPPATH/Views/admin/dashboard.php on line 162.
 1 APPPATH/Views/admin/dashboard.php(162): CodeIgniter\Debug\Exceptions->errorHandler()
 2 SYSTEMPATH/View/View.php(226): include('/home/u127431254/domains/colegiodepuertogalera.online/public_html/website/app/Views/admin/dashboard.php')
 3 SYSTEMPATH/View/View.php(229): CodeIgniter\View\View->CodeIgniter\View\{closure}()
 4 SYSTEMPATH/Common.php(1188): CodeIgniter\View\View->render()
 5 APPPATH/Controllers/Home.php(186): view()
 6 SYSTEMPATH/CodeIgniter.php(919): App\Controllers\Home->dashboard()
 7 SYSTEMPATH/CodeIgniter.php(494): CodeIgniter\CodeIgniter->runController()
 8 SYSTEMPATH/CodeIgniter.php(353): CodeIgniter\CodeIgniter->handleRequest()
 9 FCPATH/index.php(79): CodeIgniter\CodeIgniter->run()
CRITICAL - 2024-10-13 18:02:10 --> Undefined variable $totalUsers
in APPPATH/Views/admin/dashboard.php on line 163.
 1 APPPATH/Views/admin/dashboard.php(163): CodeIgniter\Debug\Exceptions->errorHandler()
 2 SYSTEMPATH/View/View.php(226): include('/home/u127431254/domains/colegiodepuertogalera.online/public_html/website/app/Views/admin/dashboard.php')
 3 SYSTEMPATH/View/View.php(229): CodeIgniter\View\View->CodeIgniter\View\{closure}()
 4 SYSTEMPATH/Common.php(1188): CodeIgniter\View\View->render()
 5 APPPATH/Controllers/Home.php(186): view()
 6 SYSTEMPATH/CodeIgniter.php(919): App\Controllers\Home->dashboard()
 7 SYSTEMPATH/CodeIgniter.php(494): CodeIgniter\CodeIgniter->runController()
 8 SYSTEMPATH/CodeIgniter.php(353): CodeIgniter\CodeIgniter->handleRequest()
 9 FCPATH/index.php(79): CodeIgniter\CodeIgniter->run()
