CRITICAL - 2024-07-16 14:54:28 --> Invalid file: "files/index.php"
in SYSTEMPATH\Exceptions\FrameworkException.php on line 39.
 1 SYSTEMPATH\View\View.php(214): CodeIgniter\Exceptions\FrameworkException::forInvalidFile('files/index.php')
 2 SYSTEMPATH\Common.php(1188): CodeIgniter\View\View->render('files/index', [], true)
 3 APPPATH\Controllers\FileController.php(15): view('files/index', [...])
 4 SYSTEMPATH\CodeIgniter.php(919): App\Controllers\FileController->index()
 5 SYSTEMPATH\CodeIgniter.php(494): CodeIgniter\CodeIgniter->runController(Object(App\Controllers\FileController))
 6 SYSTEMPATH\CodeIgniter.php(353): CodeIgniter\CodeIgniter->handleRequest(null, Object(Config\Cache), false)
 7 FCPATH\index.php(79): CodeIgniter\CodeIgniter->run()
 8 SYSTEMPATH\Commands\Server\rewrite.php(47): require_once('C:\\laragon\\www\\Colegio_de_PuertoGalera\\public\\index.php')
CRITICAL - 2024-07-16 14:55:16 --> Invalid file: "files/upload.php"
in SYSTEMPATH\Exceptions\FrameworkException.php on line 39.
 1 SYSTEMPATH\View\View.php(214): CodeIgniter\Exceptions\FrameworkException::forInvalidFile('files/upload.php')
 2 SYSTEMPATH\Common.php(1188): CodeIgniter\View\View->render('files/upload', [], true)
 3 APPPATH\Controllers\FileController.php(39): view('files/upload')
 4 SYSTEMPATH\CodeIgniter.php(919): App\Controllers\FileController->upload()
 5 SYSTEMPATH\CodeIgniter.php(494): CodeIgniter\CodeIgniter->runController(Object(App\Controllers\FileController))
 6 SYSTEMPATH\CodeIgniter.php(353): CodeIgniter\CodeIgniter->handleRequest(null, Object(Config\Cache), false)
 7 FCPATH\index.php(79): CodeIgniter\CodeIgniter->run()
 8 SYSTEMPATH\Commands\Server\rewrite.php(47): require_once('C:\\laragon\\www\\Colegio_de_PuertoGalera\\public\\index.php')
CRITICAL - 2024-07-16 15:10:18 --> Undefined array key "email"
in APPPATH\Views\files\index.php on line 24.
 1 APPPATH\Views\files\index.php(24): CodeIgniter\Debug\Exceptions->errorHandler(2, 'Undefined array key "email"', 'C:\\laragon\\www\\Colegio_de_PuertoGalera\\app\\Views\\files\\index.php', 24)
 2 SYSTEMPATH\View\View.php(226): include('C:\\laragon\\www\\Colegio_de_PuertoGalera\\app\\Views\\files\\index.php')
 3 SYSTEMPATH\View\View.php(229): CodeIgniter\View\View->CodeIgniter\View\{closure}()
 4 SYSTEMPATH\Common.php(1188): CodeIgniter\View\View->render('files/index', [], true)
 5 APPPATH\Controllers\FileController.php(15): view('files/index', [...])
 6 SYSTEMPATH\CodeIgniter.php(919): App\Controllers\FileController->index()
 7 SYSTEMPATH\CodeIgniter.php(494): CodeIgniter\CodeIgniter->runController(Object(App\Controllers\FileController))
 8 SYSTEMPATH\CodeIgniter.php(353): CodeIgniter\CodeIgniter->handleRequest(null, Object(Config\Cache), false)
 9 FCPATH\index.php(79): CodeIgniter\CodeIgniter->run()
10 SYSTEMPATH\Commands\Server\rewrite.php(47): require_once('C:\\laragon\\www\\Colegio_de_PuertoGalera\\public\\index.php')
CRITICAL - 2024-07-16 15:15:34 --> Undefined array key "email"
in APPPATH\Views\files\index.php on line 25.
 1 APPPATH\Views\files\index.php(25): CodeIgniter\Debug\Exceptions->errorHandler(2, 'Undefined array key "email"', 'C:\\laragon\\www\\Colegio_de_PuertoGalera\\app\\Views\\files\\index.php', 25)
 2 SYSTEMPATH\View\View.php(226): include('C:\\laragon\\www\\Colegio_de_PuertoGalera\\app\\Views\\files\\index.php')
 3 SYSTEMPATH\View\View.php(229): CodeIgniter\View\View->CodeIgniter\View\{closure}()
 4 SYSTEMPATH\Common.php(1188): CodeIgniter\View\View->render('files/index', [], true)
 5 APPPATH\Controllers\FileController.php(15): view('files/index', [...])
 6 SYSTEMPATH\CodeIgniter.php(919): App\Controllers\FileController->index()
 7 SYSTEMPATH\CodeIgniter.php(494): CodeIgniter\CodeIgniter->runController(Object(App\Controllers\FileController))
 8 SYSTEMPATH\CodeIgniter.php(353): CodeIgniter\CodeIgniter->handleRequest(null, Object(Config\Cache), false)
 9 FCPATH\index.php(79): CodeIgniter\CodeIgniter->run()
10 SYSTEMPATH\Commands\Server\rewrite.php(47): require_once('C:\\laragon\\www\\Colegio_de_PuertoGalera\\public\\index.php')
CRITICAL - 2024-07-16 15:17:06 --> Undefined array key "action"
in APPPATH\Views\files\index.php on line 26.
 1 APPPATH\Views\files\index.php(26): CodeIgniter\Debug\Exceptions->errorHandler(2, 'Undefined array key "action"', 'C:\\laragon\\www\\Colegio_de_PuertoGalera\\app\\Views\\files\\index.php', 26)
 2 SYSTEMPATH\View\View.php(226): include('C:\\laragon\\www\\Colegio_de_PuertoGalera\\app\\Views\\files\\index.php')
 3 SYSTEMPATH\View\View.php(229): CodeIgniter\View\View->CodeIgniter\View\{closure}()
 4 SYSTEMPATH\Common.php(1188): CodeIgniter\View\View->render('files/index', [], true)
 5 APPPATH\Controllers\FileController.php(15): view('files/index', [...])
 6 SYSTEMPATH\CodeIgniter.php(919): App\Controllers\FileController->index()
 7 SYSTEMPATH\CodeIgniter.php(494): CodeIgniter\CodeIgniter->runController(Object(App\Controllers\FileController))
 8 SYSTEMPATH\CodeIgniter.php(353): CodeIgniter\CodeIgniter->handleRequest(null, Object(Config\Cache), false)
 9 FCPATH\index.php(79): CodeIgniter\CodeIgniter->run()
10 SYSTEMPATH\Commands\Server\rewrite.php(47): require_once('C:\\laragon\\www\\Colegio_de_PuertoGalera\\public\\index.php')
CRITICAL - 2024-07-16 15:24:39 --> Undefined array key "email"
in APPPATH\Views\files\index.php on line 26.
 1 APPPATH\Views\files\index.php(26): CodeIgniter\Debug\Exceptions->errorHandler(2, 'Undefined array key "email"', 'C:\\laragon\\www\\Colegio_de_PuertoGalera\\app\\Views\\files\\index.php', 26)
 2 SYSTEMPATH\View\View.php(226): include('C:\\laragon\\www\\Colegio_de_PuertoGalera\\app\\Views\\files\\index.php')
 3 SYSTEMPATH\View\View.php(229): CodeIgniter\View\View->CodeIgniter\View\{closure}()
 4 SYSTEMPATH\Common.php(1188): CodeIgniter\View\View->render('files/index', [], true)
 5 APPPATH\Controllers\FileController.php(15): view('files/index', [...])
 6 SYSTEMPATH\CodeIgniter.php(919): App\Controllers\FileController->index()
 7 SYSTEMPATH\CodeIgniter.php(494): CodeIgniter\CodeIgniter->runController(Object(App\Controllers\FileController))
 8 SYSTEMPATH\CodeIgniter.php(353): CodeIgniter\CodeIgniter->handleRequest(null, Object(Config\Cache), false)
 9 FCPATH\index.php(79): CodeIgniter\CodeIgniter->run()
10 SYSTEMPATH\Commands\Server\rewrite.php(47): require_once('C:\\laragon\\www\\Colegio_de_PuertoGalera\\public\\index.php')
CRITICAL - 2024-07-16 15:27:17 --> Undefined array key "email"
in APPPATH\Views\files\index.php on line 54.
 1 APPPATH\Views\files\index.php(54): CodeIgniter\Debug\Exceptions->errorHandler(2, 'Undefined array key "email"', 'C:\\laragon\\www\\Colegio_de_PuertoGalera\\app\\Views\\files\\index.php', 54)
 2 SYSTEMPATH\View\View.php(226): include('C:\\laragon\\www\\Colegio_de_PuertoGalera\\app\\Views\\files\\index.php')
 3 SYSTEMPATH\View\View.php(229): CodeIgniter\View\View->CodeIgniter\View\{closure}()
 4 SYSTEMPATH\Common.php(1188): CodeIgniter\View\View->render('files/index', [], true)
 5 APPPATH\Controllers\FileController.php(15): view('files/index', [...])
 6 SYSTEMPATH\CodeIgniter.php(919): App\Controllers\FileController->index()
 7 SYSTEMPATH\CodeIgniter.php(494): CodeIgniter\CodeIgniter->runController(Object(App\Controllers\FileController))
 8 SYSTEMPATH\CodeIgniter.php(353): CodeIgniter\CodeIgniter->handleRequest(null, Object(Config\Cache), false)
 9 FCPATH\index.php(79): CodeIgniter\CodeIgniter->run()
10 SYSTEMPATH\Commands\Server\rewrite.php(47): require_once('C:\\laragon\\www\\Colegio_de_PuertoGalera\\public\\index.php')
CRITICAL - 2024-07-16 15:30:42 --> Undefined array key "email"
in APPPATH\Views\files\index.php on line 54.
 1 APPPATH\Views\files\index.php(54): CodeIgniter\Debug\Exceptions->errorHandler(2, 'Undefined array key "email"', 'C:\\laragon\\www\\Colegio_de_PuertoGalera\\app\\Views\\files\\index.php', 54)
 2 SYSTEMPATH\View\View.php(226): include('C:\\laragon\\www\\Colegio_de_PuertoGalera\\app\\Views\\files\\index.php')
 3 SYSTEMPATH\View\View.php(229): CodeIgniter\View\View->CodeIgniter\View\{closure}()
 4 SYSTEMPATH\Common.php(1188): CodeIgniter\View\View->render('files/index', [], true)
 5 APPPATH\Controllers\FileController.php(15): view('files/index', [...])
 6 SYSTEMPATH\CodeIgniter.php(919): App\Controllers\FileController->index()
 7 SYSTEMPATH\CodeIgniter.php(494): CodeIgniter\CodeIgniter->runController(Object(App\Controllers\FileController))
 8 SYSTEMPATH\CodeIgniter.php(353): CodeIgniter\CodeIgniter->handleRequest(null, Object(Config\Cache), false)
 9 FCPATH\index.php(79): CodeIgniter\CodeIgniter->run()
10 SYSTEMPATH\Commands\Server\rewrite.php(47): require_once('C:\\laragon\\www\\Colegio_de_PuertoGalera\\public\\index.php')
CRITICAL - 2024-07-16 15:52:37 --> Undefined array key "file_content"
in APPPATH\Views\file_list.php on line 27.
 1 APPPATH\Views\file_list.php(27): CodeIgniter\Debug\Exceptions->errorHandler(2, 'Undefined array key "file_content"', 'C:\\laragon\\www\\Colegio_de_PuertoGalera\\app\\Views\\file_list.php', 27)
 2 SYSTEMPATH\View\View.php(226): include('C:\\laragon\\www\\Colegio_de_PuertoGalera\\app\\Views\\file_list.php')
 3 SYSTEMPATH\View\View.php(229): CodeIgniter\View\View->CodeIgniter\View\{closure}()
 4 SYSTEMPATH\Common.php(1188): CodeIgniter\View\View->render('file_list', [], true)
 5 APPPATH\Controllers\FileController.php(44): view('file_list', [...])
 6 SYSTEMPATH\CodeIgniter.php(919): App\Controllers\FileController->index()
 7 SYSTEMPATH\CodeIgniter.php(494): CodeIgniter\CodeIgniter->runController(Object(App\Controllers\FileController))
 8 SYSTEMPATH\CodeIgniter.php(353): CodeIgniter\CodeIgniter->handleRequest(null, Object(Config\Cache), false)
 9 FCPATH\index.php(79): CodeIgniter\CodeIgniter->run()
10 SYSTEMPATH\Commands\Server\rewrite.php(47): require_once('C:\\laragon\\www\\Colegio_de_PuertoGalera\\public\\index.php')
