CRITICAL - 2024-10-24 06:11:58 --> Undefined variable $validation
in APPPATH/Views/login-register/signup.php on line 165.
 1 APPPATH/Views/login-register/signup.php(165): CodeIgniter\Debug\Exceptions->errorHandler()
 2 SYSTEMPATH/View/View.php(226): include('/home/u127431254/domains/colegiodepuertogalera.online/public_html/website/app/Views/login-register/signup.php')
 3 SYSTEMPATH/View/View.php(229): CodeIgniter\View\View->CodeIgniter\View\{closure}()
 4 SYSTEMPATH/Common.php(1188): CodeIgniter\View\View->render()
 5 APPPATH/Controllers/SignupController.php(15): view()
 6 SYSTEMPATH/CodeIgniter.php(919): App\Controllers\SignupController->index()
 7 SYSTEMPATH/CodeIgniter.php(494): CodeIgniter\CodeIgniter->runController()
 8 SYSTEMPATH/CodeIgniter.php(353): CodeIgniter\CodeIgniter->handleRequest()
 9 FCPATH/index.php(79): CodeIgniter\CodeIgniter->run()
CRITICAL - 2024-10-24 06:16:42 --> Undefined variable $validation
in APPPATH/Views/login-register/signup.php on line 165.
 1 APPPATH/Views/login-register/signup.php(165): CodeIgniter\Debug\Exceptions->errorHandler()
 2 SYSTEMPATH/View/View.php(226): include('/home/u127431254/domains/colegiodepuertogalera.online/public_html/website/app/Views/login-register/signup.php')
 3 SYSTEMPATH/View/View.php(229): CodeIgniter\View\View->CodeIgniter\View\{closure}()
 4 SYSTEMPATH/Common.php(1188): CodeIgniter\View\View->render()
 5 APPPATH/Controllers/SignupController.php(15): view()
 6 SYSTEMPATH/CodeIgniter.php(919): App\Controllers\SignupController->index()
 7 SYSTEMPATH/CodeIgniter.php(494): CodeIgniter\CodeIgniter->runController()
 8 SYSTEMPATH/CodeIgniter.php(353): CodeIgniter\CodeIgniter->handleRequest()
 9 FCPATH/index.php(79): CodeIgniter\CodeIgniter->run()
CRITICAL - 2024-10-24 06:16:44 --> Undefined variable $validation
in APPPATH/Views/login-register/signup.php on line 165.
 1 APPPATH/Views/login-register/signup.php(165): CodeIgniter\Debug\Exceptions->errorHandler()
 2 SYSTEMPATH/View/View.php(226): include('/home/u127431254/domains/colegiodepuertogalera.online/public_html/website/app/Views/login-register/signup.php')
 3 SYSTEMPATH/View/View.php(229): CodeIgniter\View\View->CodeIgniter\View\{closure}()
 4 SYSTEMPATH/Common.php(1188): CodeIgniter\View\View->render()
 5 APPPATH/Controllers/SignupController.php(15): view()
 6 SYSTEMPATH/CodeIgniter.php(919): App\Controllers\SignupController->index()
 7 SYSTEMPATH/CodeIgniter.php(494): CodeIgniter\CodeIgniter->runController()
 8 SYSTEMPATH/CodeIgniter.php(353): CodeIgniter\CodeIgniter->handleRequest()
 9 FCPATH/index.php(79): CodeIgniter\CodeIgniter->run()
CRITICAL - 2024-10-24 06:16:45 --> Undefined variable $validation
in APPPATH/Views/login-register/signup.php on line 165.
 1 APPPATH/Views/login-register/signup.php(165): CodeIgniter\Debug\Exceptions->errorHandler()
 2 SYSTEMPATH/View/View.php(226): include('/home/u127431254/domains/colegiodepuertogalera.online/public_html/website/app/Views/login-register/signup.php')
 3 SYSTEMPATH/View/View.php(229): CodeIgniter\View\View->CodeIgniter\View\{closure}()
 4 SYSTEMPATH/Common.php(1188): CodeIgniter\View\View->render()
 5 APPPATH/Controllers/SignupController.php(15): view()
 6 SYSTEMPATH/CodeIgniter.php(919): App\Controllers\SignupController->index()
 7 SYSTEMPATH/CodeIgniter.php(494): CodeIgniter\CodeIgniter->runController()
 8 SYSTEMPATH/CodeIgniter.php(353): CodeIgniter\CodeIgniter->handleRequest()
 9 FCPATH/index.php(79): CodeIgniter\CodeIgniter->run()
CRITICAL - 2024-10-24 06:16:46 --> Undefined variable $validation
in APPPATH/Views/login-register/signup.php on line 165.
 1 APPPATH/Views/login-register/signup.php(165): CodeIgniter\Debug\Exceptions->errorHandler()
 2 SYSTEMPATH/View/View.php(226): include('/home/u127431254/domains/colegiodepuertogalera.online/public_html/website/app/Views/login-register/signup.php')
 3 SYSTEMPATH/View/View.php(229): CodeIgniter\View\View->CodeIgniter\View\{closure}()
 4 SYSTEMPATH/Common.php(1188): CodeIgniter\View\View->render()
 5 APPPATH/Controllers/SignupController.php(15): view()
 6 SYSTEMPATH/CodeIgniter.php(919): App\Controllers\SignupController->index()
 7 SYSTEMPATH/CodeIgniter.php(494): CodeIgniter\CodeIgniter->runController()
 8 SYSTEMPATH/CodeIgniter.php(353): CodeIgniter\CodeIgniter->handleRequest()
 9 FCPATH/index.php(79): CodeIgniter\CodeIgniter->run()
CRITICAL - 2024-10-24 06:19:40 --> Undefined variable $validation
in APPPATH/Views/login-register/signup.php on line 165.
 1 APPPATH/Views/login-register/signup.php(165): CodeIgniter\Debug\Exceptions->errorHandler()
 2 SYSTEMPATH/View/View.php(226): include('/home/u127431254/domains/colegiodepuertogalera.online/public_html/website/app/Views/login-register/signup.php')
 3 SYSTEMPATH/View/View.php(229): CodeIgniter\View\View->CodeIgniter\View\{closure}()
 4 SYSTEMPATH/Common.php(1188): CodeIgniter\View\View->render()
 5 APPPATH/Controllers/SignupController.php(15): view()
 6 SYSTEMPATH/CodeIgniter.php(919): App\Controllers\SignupController->index()
 7 SYSTEMPATH/CodeIgniter.php(494): CodeIgniter\CodeIgniter->runController()
 8 SYSTEMPATH/CodeIgniter.php(353): CodeIgniter\CodeIgniter->handleRequest()
 9 FCPATH/index.php(79): CodeIgniter\CodeIgniter->run()
CRITICAL - 2024-10-24 06:22:35 --> Undefined variable $validation
in APPPATH/Views/login-register/signup.php on line 165.
 1 APPPATH/Views/login-register/signup.php(165): CodeIgniter\Debug\Exceptions->errorHandler()
 2 SYSTEMPATH/View/View.php(226): include('/home/u127431254/domains/colegiodepuertogalera.online/public_html/website/app/Views/login-register/signup.php')
 3 SYSTEMPATH/View/View.php(229): CodeIgniter\View\View->CodeIgniter\View\{closure}()
 4 SYSTEMPATH/Common.php(1188): CodeIgniter\View\View->render()
 5 APPPATH/Controllers/SignupController.php(15): view()
 6 SYSTEMPATH/CodeIgniter.php(919): App\Controllers\SignupController->index()
 7 SYSTEMPATH/CodeIgniter.php(494): CodeIgniter\CodeIgniter->runController()
 8 SYSTEMPATH/CodeIgniter.php(353): CodeIgniter\CodeIgniter->handleRequest()
 9 FCPATH/index.php(79): CodeIgniter\CodeIgniter->run()
CRITICAL - 2024-10-24 06:22:37 --> Undefined variable $validation
in APPPATH/Views/login-register/signup.php on line 165.
 1 APPPATH/Views/login-register/signup.php(165): CodeIgniter\Debug\Exceptions->errorHandler()
 2 SYSTEMPATH/View/View.php(226): include('/home/u127431254/domains/colegiodepuertogalera.online/public_html/website/app/Views/login-register/signup.php')
 3 SYSTEMPATH/View/View.php(229): CodeIgniter\View\View->CodeIgniter\View\{closure}()
 4 SYSTEMPATH/Common.php(1188): CodeIgniter\View\View->render()
 5 APPPATH/Controllers/SignupController.php(15): view()
 6 SYSTEMPATH/CodeIgniter.php(919): App\Controllers\SignupController->index()
 7 SYSTEMPATH/CodeIgniter.php(494): CodeIgniter\CodeIgniter->runController()
 8 SYSTEMPATH/CodeIgniter.php(353): CodeIgniter\CodeIgniter->handleRequest()
 9 FCPATH/index.php(79): CodeIgniter\CodeIgniter->run()
CRITICAL - 2024-10-24 06:22:39 --> Undefined variable $validation
in APPPATH/Views/login-register/signup.php on line 165.
 1 APPPATH/Views/login-register/signup.php(165): CodeIgniter\Debug\Exceptions->errorHandler()
 2 SYSTEMPATH/View/View.php(226): include('/home/u127431254/domains/colegiodepuertogalera.online/public_html/website/app/Views/login-register/signup.php')
 3 SYSTEMPATH/View/View.php(229): CodeIgniter\View\View->CodeIgniter\View\{closure}()
 4 SYSTEMPATH/Common.php(1188): CodeIgniter\View\View->render()
 5 APPPATH/Controllers/SignupController.php(15): view()
 6 SYSTEMPATH/CodeIgniter.php(919): App\Controllers\SignupController->index()
 7 SYSTEMPATH/CodeIgniter.php(494): CodeIgniter\CodeIgniter->runController()
 8 SYSTEMPATH/CodeIgniter.php(353): CodeIgniter\CodeIgniter->handleRequest()
 9 FCPATH/index.php(79): CodeIgniter\CodeIgniter->run()
CRITICAL - 2024-10-24 06:22:39 --> Undefined variable $validation
in APPPATH/Views/login-register/signup.php on line 165.
 1 APPPATH/Views/login-register/signup.php(165): CodeIgniter\Debug\Exceptions->errorHandler()
 2 SYSTEMPATH/View/View.php(226): include('/home/u127431254/domains/colegiodepuertogalera.online/public_html/website/app/Views/login-register/signup.php')
 3 SYSTEMPATH/View/View.php(229): CodeIgniter\View\View->CodeIgniter\View\{closure}()
 4 SYSTEMPATH/Common.php(1188): CodeIgniter\View\View->render()
 5 APPPATH/Controllers/SignupController.php(15): view()
 6 SYSTEMPATH/CodeIgniter.php(919): App\Controllers\SignupController->index()
 7 SYSTEMPATH/CodeIgniter.php(494): CodeIgniter\CodeIgniter->runController()
 8 SYSTEMPATH/CodeIgniter.php(353): CodeIgniter\CodeIgniter->handleRequest()
 9 FCPATH/index.php(79): CodeIgniter\CodeIgniter->run()
CRITICAL - 2024-10-24 06:22:41 --> Undefined variable $validation
in APPPATH/Views/login-register/signup.php on line 165.
 1 APPPATH/Views/login-register/signup.php(165): CodeIgniter\Debug\Exceptions->errorHandler()
 2 SYSTEMPATH/View/View.php(226): include('/home/u127431254/domains/colegiodepuertogalera.online/public_html/website/app/Views/login-register/signup.php')
 3 SYSTEMPATH/View/View.php(229): CodeIgniter\View\View->CodeIgniter\View\{closure}()
 4 SYSTEMPATH/Common.php(1188): CodeIgniter\View\View->render()
 5 APPPATH/Controllers/SignupController.php(15): view()
 6 SYSTEMPATH/CodeIgniter.php(919): App\Controllers\SignupController->index()
 7 SYSTEMPATH/CodeIgniter.php(494): CodeIgniter\CodeIgniter->runController()
 8 SYSTEMPATH/CodeIgniter.php(353): CodeIgniter\CodeIgniter->handleRequest()
 9 FCPATH/index.php(79): CodeIgniter\CodeIgniter->run()
CRITICAL - 2024-10-24 06:30:03 --> Undefined variable $validation
in APPPATH/Views/login-register/signup.php on line 173.
 1 APPPATH/Views/login-register/signup.php(173): CodeIgniter\Debug\Exceptions->errorHandler()
 2 SYSTEMPATH/View/View.php(226): include('/home/u127431254/domains/colegiodepuertogalera.online/public_html/website/app/Views/login-register/signup.php')
 3 SYSTEMPATH/View/View.php(229): CodeIgniter\View\View->CodeIgniter\View\{closure}()
 4 SYSTEMPATH/Common.php(1188): CodeIgniter\View\View->render()
 5 APPPATH/Controllers/SignupController.php(15): view()
 6 SYSTEMPATH/CodeIgniter.php(919): App\Controllers\SignupController->index()
 7 SYSTEMPATH/CodeIgniter.php(494): CodeIgniter\CodeIgniter->runController()
 8 SYSTEMPATH/CodeIgniter.php(353): CodeIgniter\CodeIgniter->handleRequest()
 9 FCPATH/index.php(79): CodeIgniter\CodeIgniter->run()
CRITICAL - 2024-10-24 06:53:19 --> file_get_contents(https://api.tawk.to/v1/visitors): Failed to open stream: HTTP request failed! HTTP/1.1 404 Not Found

in APPPATH/Controllers/Home.php on line 62.
 1 [internal function]: CodeIgniter\Debug\Exceptions->errorHandler()
 2 APPPATH/Controllers/Home.php(62): file_get_contents()
 3 SYSTEMPATH/CodeIgniter.php(919): App\Controllers\Home->getLiveVisitors()
 4 SYSTEMPATH/CodeIgniter.php(494): CodeIgniter\CodeIgniter->runController()
 5 SYSTEMPATH/CodeIgniter.php(353): CodeIgniter\CodeIgniter->handleRequest()
 6 FCPATH/index.php(79): CodeIgniter\CodeIgniter->run()
CRITICAL - 2024-10-24 06:53:31 --> file_get_contents(https://api.tawk.to/v1/visitors): Failed to open stream: HTTP request failed! HTTP/1.1 404 Not Found

in APPPATH/Controllers/Home.php on line 62.
 1 [internal function]: CodeIgniter\Debug\Exceptions->errorHandler()
 2 APPPATH/Controllers/Home.php(62): file_get_contents()
 3 SYSTEMPATH/CodeIgniter.php(919): App\Controllers\Home->getLiveVisitors()
 4 SYSTEMPATH/CodeIgniter.php(494): CodeIgniter\CodeIgniter->runController()
 5 SYSTEMPATH/CodeIgniter.php(353): CodeIgniter\CodeIgniter->handleRequest()
 6 FCPATH/index.php(79): CodeIgniter\CodeIgniter->run()
CRITICAL - 2024-10-24 06:53:36 --> file_get_contents(https://api.tawk.to/v1/visitors): Failed to open stream: HTTP request failed! HTTP/1.1 404 Not Found

in APPPATH/Controllers/Home.php on line 62.
 1 [internal function]: CodeIgniter\Debug\Exceptions->errorHandler()
 2 APPPATH/Controllers/Home.php(62): file_get_contents()
 3 SYSTEMPATH/CodeIgniter.php(919): App\Controllers\Home->getLiveVisitors()
 4 SYSTEMPATH/CodeIgniter.php(494): CodeIgniter\CodeIgniter->runController()
 5 SYSTEMPATH/CodeIgniter.php(353): CodeIgniter\CodeIgniter->handleRequest()
 6 FCPATH/index.php(79): CodeIgniter\CodeIgniter->run()
CRITICAL - 2024-10-24 06:53:41 --> file_get_contents(https://api.tawk.to/v1/visitors): Failed to open stream: HTTP request failed! HTTP/1.1 404 Not Found

in APPPATH/Controllers/Home.php on line 62.
 1 [internal function]: CodeIgniter\Debug\Exceptions->errorHandler()
 2 APPPATH/Controllers/Home.php(62): file_get_contents()
 3 SYSTEMPATH/CodeIgniter.php(919): App\Controllers\Home->getLiveVisitors()
 4 SYSTEMPATH/CodeIgniter.php(494): CodeIgniter\CodeIgniter->runController()
 5 SYSTEMPATH/CodeIgniter.php(353): CodeIgniter\CodeIgniter->handleRequest()
 6 FCPATH/index.php(79): CodeIgniter\CodeIgniter->run()
CRITICAL - 2024-10-24 06:53:46 --> file_get_contents(https://api.tawk.to/v1/visitors): Failed to open stream: HTTP request failed! HTTP/1.1 404 Not Found

in APPPATH/Controllers/Home.php on line 62.
 1 [internal function]: CodeIgniter\Debug\Exceptions->errorHandler()
 2 APPPATH/Controllers/Home.php(62): file_get_contents()
 3 SYSTEMPATH/CodeIgniter.php(919): App\Controllers\Home->getLiveVisitors()
 4 SYSTEMPATH/CodeIgniter.php(494): CodeIgniter\CodeIgniter->runController()
 5 SYSTEMPATH/CodeIgniter.php(353): CodeIgniter\CodeIgniter->handleRequest()
 6 FCPATH/index.php(79): CodeIgniter\CodeIgniter->run()
CRITICAL - 2024-10-24 06:53:51 --> file_get_contents(https://api.tawk.to/v1/visitors): Failed to open stream: HTTP request failed! HTTP/1.1 404 Not Found

in APPPATH/Controllers/Home.php on line 62.
 1 [internal function]: CodeIgniter\Debug\Exceptions->errorHandler()
 2 APPPATH/Controllers/Home.php(62): file_get_contents()
 3 SYSTEMPATH/CodeIgniter.php(919): App\Controllers\Home->getLiveVisitors()
 4 SYSTEMPATH/CodeIgniter.php(494): CodeIgniter\CodeIgniter->runController()
 5 SYSTEMPATH/CodeIgniter.php(353): CodeIgniter\CodeIgniter->handleRequest()
 6 FCPATH/index.php(79): CodeIgniter\CodeIgniter->run()
CRITICAL - 2024-10-24 06:53:56 --> file_get_contents(https://api.tawk.to/v1/visitors): Failed to open stream: HTTP request failed! HTTP/1.1 404 Not Found

in APPPATH/Controllers/Home.php on line 62.
 1 [internal function]: CodeIgniter\Debug\Exceptions->errorHandler()
 2 APPPATH/Controllers/Home.php(62): file_get_contents()
 3 SYSTEMPATH/CodeIgniter.php(919): App\Controllers\Home->getLiveVisitors()
 4 SYSTEMPATH/CodeIgniter.php(494): CodeIgniter\CodeIgniter->runController()
 5 SYSTEMPATH/CodeIgniter.php(353): CodeIgniter\CodeIgniter->handleRequest()
 6 FCPATH/index.php(79): CodeIgniter\CodeIgniter->run()
CRITICAL - 2024-10-24 06:54:01 --> file_get_contents(https://api.tawk.to/v1/visitors): Failed to open stream: HTTP request failed! HTTP/1.1 404 Not Found

in APPPATH/Controllers/Home.php on line 62.
 1 [internal function]: CodeIgniter\Debug\Exceptions->errorHandler()
 2 APPPATH/Controllers/Home.php(62): file_get_contents()
 3 SYSTEMPATH/CodeIgniter.php(919): App\Controllers\Home->getLiveVisitors()
 4 SYSTEMPATH/CodeIgniter.php(494): CodeIgniter\CodeIgniter->runController()
 5 SYSTEMPATH/CodeIgniter.php(353): CodeIgniter\CodeIgniter->handleRequest()
 6 FCPATH/index.php(79): CodeIgniter\CodeIgniter->run()
CRITICAL - 2024-10-24 06:54:06 --> file_get_contents(https://api.tawk.to/v1/visitors): Failed to open stream: HTTP request failed! HTTP/1.1 404 Not Found

in APPPATH/Controllers/Home.php on line 62.
 1 [internal function]: CodeIgniter\Debug\Exceptions->errorHandler()
 2 APPPATH/Controllers/Home.php(62): file_get_contents()
 3 SYSTEMPATH/CodeIgniter.php(919): App\Controllers\Home->getLiveVisitors()
 4 SYSTEMPATH/CodeIgniter.php(494): CodeIgniter\CodeIgniter->runController()
 5 SYSTEMPATH/CodeIgniter.php(353): CodeIgniter\CodeIgniter->handleRequest()
 6 FCPATH/index.php(79): CodeIgniter\CodeIgniter->run()
CRITICAL - 2024-10-24 06:54:12 --> file_get_contents(https://api.tawk.to/v1/visitors): Failed to open stream: HTTP request failed! HTTP/1.1 404 Not Found

in APPPATH/Controllers/Home.php on line 62.
 1 [internal function]: CodeIgniter\Debug\Exceptions->errorHandler()
 2 APPPATH/Controllers/Home.php(62): file_get_contents()
 3 SYSTEMPATH/CodeIgniter.php(919): App\Controllers\Home->getLiveVisitors()
 4 SYSTEMPATH/CodeIgniter.php(494): CodeIgniter\CodeIgniter->runController()
 5 SYSTEMPATH/CodeIgniter.php(353): CodeIgniter\CodeIgniter->handleRequest()
 6 FCPATH/index.php(79): CodeIgniter\CodeIgniter->run()
CRITICAL - 2024-10-24 06:54:17 --> file_get_contents(https://api.tawk.to/v1/visitors): Failed to open stream: HTTP request failed! HTTP/1.1 404 Not Found

in APPPATH/Controllers/Home.php on line 62.
 1 [internal function]: CodeIgniter\Debug\Exceptions->errorHandler()
 2 APPPATH/Controllers/Home.php(62): file_get_contents()
 3 SYSTEMPATH/CodeIgniter.php(919): App\Controllers\Home->getLiveVisitors()
 4 SYSTEMPATH/CodeIgniter.php(494): CodeIgniter\CodeIgniter->runController()
 5 SYSTEMPATH/CodeIgniter.php(353): CodeIgniter\CodeIgniter->handleRequest()
 6 FCPATH/index.php(79): CodeIgniter\CodeIgniter->run()
CRITICAL - 2024-10-24 06:54:22 --> file_get_contents(https://api.tawk.to/v1/visitors): Failed to open stream: HTTP request failed! HTTP/1.1 404 Not Found

in APPPATH/Controllers/Home.php on line 62.
 1 [internal function]: CodeIgniter\Debug\Exceptions->errorHandler()
 2 APPPATH/Controllers/Home.php(62): file_get_contents()
 3 SYSTEMPATH/CodeIgniter.php(919): App\Controllers\Home->getLiveVisitors()
 4 SYSTEMPATH/CodeIgniter.php(494): CodeIgniter\CodeIgniter->runController()
 5 SYSTEMPATH/CodeIgniter.php(353): CodeIgniter\CodeIgniter->handleRequest()
 6 FCPATH/index.php(79): CodeIgniter\CodeIgniter->run()
CRITICAL - 2024-10-24 06:54:27 --> file_get_contents(https://api.tawk.to/v1/visitors): Failed to open stream: HTTP request failed! HTTP/1.1 404 Not Found

in APPPATH/Controllers/Home.php on line 62.
 1 [internal function]: CodeIgniter\Debug\Exceptions->errorHandler()
 2 APPPATH/Controllers/Home.php(62): file_get_contents()
 3 SYSTEMPATH/CodeIgniter.php(919): App\Controllers\Home->getLiveVisitors()
 4 SYSTEMPATH/CodeIgniter.php(494): CodeIgniter\CodeIgniter->runController()
 5 SYSTEMPATH/CodeIgniter.php(353): CodeIgniter\CodeIgniter->handleRequest()
 6 FCPATH/index.php(79): CodeIgniter\CodeIgniter->run()
CRITICAL - 2024-10-24 06:54:32 --> file_get_contents(https://api.tawk.to/v1/visitors): Failed to open stream: HTTP request failed! HTTP/1.1 404 Not Found

in APPPATH/Controllers/Home.php on line 62.
 1 [internal function]: CodeIgniter\Debug\Exceptions->errorHandler()
 2 APPPATH/Controllers/Home.php(62): file_get_contents()
 3 SYSTEMPATH/CodeIgniter.php(919): App\Controllers\Home->getLiveVisitors()
 4 SYSTEMPATH/CodeIgniter.php(494): CodeIgniter\CodeIgniter->runController()
 5 SYSTEMPATH/CodeIgniter.php(353): CodeIgniter\CodeIgniter->handleRequest()
 6 FCPATH/index.php(79): CodeIgniter\CodeIgniter->run()
CRITICAL - 2024-10-24 06:54:37 --> file_get_contents(https://api.tawk.to/v1/visitors): Failed to open stream: HTTP request failed! HTTP/1.1 404 Not Found

in APPPATH/Controllers/Home.php on line 62.
 1 [internal function]: CodeIgniter\Debug\Exceptions->errorHandler()
 2 APPPATH/Controllers/Home.php(62): file_get_contents()
 3 SYSTEMPATH/CodeIgniter.php(919): App\Controllers\Home->getLiveVisitors()
 4 SYSTEMPATH/CodeIgniter.php(494): CodeIgniter\CodeIgniter->runController()
 5 SYSTEMPATH/CodeIgniter.php(353): CodeIgniter\CodeIgniter->handleRequest()
 6 FCPATH/index.php(79): CodeIgniter\CodeIgniter->run()
CRITICAL - 2024-10-24 06:54:42 --> file_get_contents(https://api.tawk.to/v1/visitors): Failed to open stream: HTTP request failed! HTTP/1.1 404 Not Found

in APPPATH/Controllers/Home.php on line 62.
 1 [internal function]: CodeIgniter\Debug\Exceptions->errorHandler()
 2 APPPATH/Controllers/Home.php(62): file_get_contents()
 3 SYSTEMPATH/CodeIgniter.php(919): App\Controllers\Home->getLiveVisitors()
 4 SYSTEMPATH/CodeIgniter.php(494): CodeIgniter\CodeIgniter->runController()
 5 SYSTEMPATH/CodeIgniter.php(353): CodeIgniter\CodeIgniter->handleRequest()
 6 FCPATH/index.php(79): CodeIgniter\CodeIgniter->run()
CRITICAL - 2024-10-24 06:54:47 --> file_get_contents(https://api.tawk.to/v1/visitors): Failed to open stream: HTTP request failed! HTTP/1.1 404 Not Found

in APPPATH/Controllers/Home.php on line 62.
 1 [internal function]: CodeIgniter\Debug\Exceptions->errorHandler()
 2 APPPATH/Controllers/Home.php(62): file_get_contents()
 3 SYSTEMPATH/CodeIgniter.php(919): App\Controllers\Home->getLiveVisitors()
 4 SYSTEMPATH/CodeIgniter.php(494): CodeIgniter\CodeIgniter->runController()
 5 SYSTEMPATH/CodeIgniter.php(353): CodeIgniter\CodeIgniter->handleRequest()
 6 FCPATH/index.php(79): CodeIgniter\CodeIgniter->run()
CRITICAL - 2024-10-24 06:54:52 --> file_get_contents(https://api.tawk.to/v1/visitors): Failed to open stream: HTTP request failed! HTTP/1.1 404 Not Found

in APPPATH/Controllers/Home.php on line 62.
 1 [internal function]: CodeIgniter\Debug\Exceptions->errorHandler()
 2 APPPATH/Controllers/Home.php(62): file_get_contents()
 3 SYSTEMPATH/CodeIgniter.php(919): App\Controllers\Home->getLiveVisitors()
 4 SYSTEMPATH/CodeIgniter.php(494): CodeIgniter\CodeIgniter->runController()
 5 SYSTEMPATH/CodeIgniter.php(353): CodeIgniter\CodeIgniter->handleRequest()
 6 FCPATH/index.php(79): CodeIgniter\CodeIgniter->run()
CRITICAL - 2024-10-24 06:54:57 --> file_get_contents(https://api.tawk.to/v1/visitors): Failed to open stream: HTTP request failed! HTTP/1.1 404 Not Found

in APPPATH/Controllers/Home.php on line 62.
 1 [internal function]: CodeIgniter\Debug\Exceptions->errorHandler()
 2 APPPATH/Controllers/Home.php(62): file_get_contents()
 3 SYSTEMPATH/CodeIgniter.php(919): App\Controllers\Home->getLiveVisitors()
 4 SYSTEMPATH/CodeIgniter.php(494): CodeIgniter\CodeIgniter->runController()
 5 SYSTEMPATH/CodeIgniter.php(353): CodeIgniter\CodeIgniter->handleRequest()
 6 FCPATH/index.php(79): CodeIgniter\CodeIgniter->run()
CRITICAL - 2024-10-24 06:54:58 --> file_get_contents(https://api.tawk.to/v1/visitors): Failed to open stream: HTTP request failed! HTTP/1.1 404 Not Found

in APPPATH/Controllers/Home.php on line 62.
 1 [internal function]: CodeIgniter\Debug\Exceptions->errorHandler()
 2 APPPATH/Controllers/Home.php(62): file_get_contents()
 3 SYSTEMPATH/CodeIgniter.php(919): App\Controllers\Home->getLiveVisitors()
 4 SYSTEMPATH/CodeIgniter.php(494): CodeIgniter\CodeIgniter->runController()
 5 SYSTEMPATH/CodeIgniter.php(353): CodeIgniter\CodeIgniter->handleRequest()
 6 FCPATH/index.php(79): CodeIgniter\CodeIgniter->run()
CRITICAL - 2024-10-24 06:55:02 --> file_get_contents(https://api.tawk.to/v1/visitors): Failed to open stream: HTTP request failed! HTTP/1.1 404 Not Found

in APPPATH/Controllers/Home.php on line 62.
 1 [internal function]: CodeIgniter\Debug\Exceptions->errorHandler()
 2 APPPATH/Controllers/Home.php(62): file_get_contents()
 3 SYSTEMPATH/CodeIgniter.php(919): App\Controllers\Home->getLiveVisitors()
 4 SYSTEMPATH/CodeIgniter.php(494): CodeIgniter\CodeIgniter->runController()
 5 SYSTEMPATH/CodeIgniter.php(353): CodeIgniter\CodeIgniter->handleRequest()
 6 FCPATH/index.php(79): CodeIgniter\CodeIgniter->run()
CRITICAL - 2024-10-24 06:55:03 --> file_get_contents(https://api.tawk.to/v1/visitors): Failed to open stream: HTTP request failed! HTTP/1.1 404 Not Found

in APPPATH/Controllers/Home.php on line 62.
 1 [internal function]: CodeIgniter\Debug\Exceptions->errorHandler()
 2 APPPATH/Controllers/Home.php(62): file_get_contents()
 3 SYSTEMPATH/CodeIgniter.php(919): App\Controllers\Home->getLiveVisitors()
 4 SYSTEMPATH/CodeIgniter.php(494): CodeIgniter\CodeIgniter->runController()
 5 SYSTEMPATH/CodeIgniter.php(353): CodeIgniter\CodeIgniter->handleRequest()
 6 FCPATH/index.php(79): CodeIgniter\CodeIgniter->run()
CRITICAL - 2024-10-24 06:55:07 --> file_get_contents(https://api.tawk.to/v1/visitors): Failed to open stream: HTTP request failed! HTTP/1.1 404 Not Found

in APPPATH/Controllers/Home.php on line 62.
 1 [internal function]: CodeIgniter\Debug\Exceptions->errorHandler()
 2 APPPATH/Controllers/Home.php(62): file_get_contents()
 3 SYSTEMPATH/CodeIgniter.php(919): App\Controllers\Home->getLiveVisitors()
 4 SYSTEMPATH/CodeIgniter.php(494): CodeIgniter\CodeIgniter->runController()
 5 SYSTEMPATH/CodeIgniter.php(353): CodeIgniter\CodeIgniter->handleRequest()
 6 FCPATH/index.php(79): CodeIgniter\CodeIgniter->run()
CRITICAL - 2024-10-24 06:56:02 --> file_get_contents(https://api.tawk.to/v1/visitors): Failed to open stream: HTTP request failed! HTTP/1.1 404 Not Found

in APPPATH/Controllers/Home.php on line 62.
 1 [internal function]: CodeIgniter\Debug\Exceptions->errorHandler()
 2 APPPATH/Controllers/Home.php(62): file_get_contents()
 3 SYSTEMPATH/CodeIgniter.php(919): App\Controllers\Home->getLiveVisitors()
 4 SYSTEMPATH/CodeIgniter.php(494): CodeIgniter\CodeIgniter->runController()
 5 SYSTEMPATH/CodeIgniter.php(353): CodeIgniter\CodeIgniter->handleRequest()
 6 FCPATH/index.php(79): CodeIgniter\CodeIgniter->run()
CRITICAL - 2024-10-24 06:56:09 --> file_get_contents(https://api.tawk.to/v1/visitors): Failed to open stream: HTTP request failed! HTTP/1.1 404 Not Found

in APPPATH/Controllers/Home.php on line 62.
 1 [internal function]: CodeIgniter\Debug\Exceptions->errorHandler()
 2 APPPATH/Controllers/Home.php(62): file_get_contents()
 3 SYSTEMPATH/CodeIgniter.php(919): App\Controllers\Home->getLiveVisitors()
 4 SYSTEMPATH/CodeIgniter.php(494): CodeIgniter\CodeIgniter->runController()
 5 SYSTEMPATH/CodeIgniter.php(353): CodeIgniter\CodeIgniter->handleRequest()
 6 FCPATH/index.php(79): CodeIgniter\CodeIgniter->run()
CRITICAL - 2024-10-24 06:56:14 --> file_get_contents(https://api.tawk.to/v1/visitors): Failed to open stream: HTTP request failed! HTTP/1.1 404 Not Found

in APPPATH/Controllers/Home.php on line 62.
 1 [internal function]: CodeIgniter\Debug\Exceptions->errorHandler()
 2 APPPATH/Controllers/Home.php(62): file_get_contents()
 3 SYSTEMPATH/CodeIgniter.php(919): App\Controllers\Home->getLiveVisitors()
 4 SYSTEMPATH/CodeIgniter.php(494): CodeIgniter\CodeIgniter->runController()
 5 SYSTEMPATH/CodeIgniter.php(353): CodeIgniter\CodeIgniter->handleRequest()
 6 FCPATH/index.php(79): CodeIgniter\CodeIgniter->run()
CRITICAL - 2024-10-24 06:56:19 --> file_get_contents(https://api.tawk.to/v1/visitors): Failed to open stream: HTTP request failed! HTTP/1.1 404 Not Found

in APPPATH/Controllers/Home.php on line 62.
 1 [internal function]: CodeIgniter\Debug\Exceptions->errorHandler()
 2 APPPATH/Controllers/Home.php(62): file_get_contents()
 3 SYSTEMPATH/CodeIgniter.php(919): App\Controllers\Home->getLiveVisitors()
 4 SYSTEMPATH/CodeIgniter.php(494): CodeIgniter\CodeIgniter->runController()
 5 SYSTEMPATH/CodeIgniter.php(353): CodeIgniter\CodeIgniter->handleRequest()
 6 FCPATH/index.php(79): CodeIgniter\CodeIgniter->run()
CRITICAL - 2024-10-24 06:56:24 --> file_get_contents(https://api.tawk.to/v1/visitors): Failed to open stream: HTTP request failed! HTTP/1.1 404 Not Found

in APPPATH/Controllers/Home.php on line 62.
 1 [internal function]: CodeIgniter\Debug\Exceptions->errorHandler()
 2 APPPATH/Controllers/Home.php(62): file_get_contents()
 3 SYSTEMPATH/CodeIgniter.php(919): App\Controllers\Home->getLiveVisitors()
 4 SYSTEMPATH/CodeIgniter.php(494): CodeIgniter\CodeIgniter->runController()
 5 SYSTEMPATH/CodeIgniter.php(353): CodeIgniter\CodeIgniter->handleRequest()
 6 FCPATH/index.php(79): CodeIgniter\CodeIgniter->run()
CRITICAL - 2024-10-24 06:56:29 --> file_get_contents(https://api.tawk.to/v1/visitors): Failed to open stream: HTTP request failed! HTTP/1.1 404 Not Found

in APPPATH/Controllers/Home.php on line 62.
 1 [internal function]: CodeIgniter\Debug\Exceptions->errorHandler()
 2 APPPATH/Controllers/Home.php(62): file_get_contents()
 3 SYSTEMPATH/CodeIgniter.php(919): App\Controllers\Home->getLiveVisitors()
 4 SYSTEMPATH/CodeIgniter.php(494): CodeIgniter\CodeIgniter->runController()
 5 SYSTEMPATH/CodeIgniter.php(353): CodeIgniter\CodeIgniter->handleRequest()
 6 FCPATH/index.php(79): CodeIgniter\CodeIgniter->run()
CRITICAL - 2024-10-24 06:57:01 --> file_get_contents(https://api.tawk.to/v1/visitors): Failed to open stream: HTTP request failed! HTTP/1.1 404 Not Found

in APPPATH/Controllers/Home.php on line 62.
 1 [internal function]: CodeIgniter\Debug\Exceptions->errorHandler()
 2 APPPATH/Controllers/Home.php(62): file_get_contents()
 3 SYSTEMPATH/CodeIgniter.php(919): App\Controllers\Home->getLiveVisitors()
 4 SYSTEMPATH/CodeIgniter.php(494): CodeIgniter\CodeIgniter->runController()
 5 SYSTEMPATH/CodeIgniter.php(353): CodeIgniter\CodeIgniter->handleRequest()
 6 FCPATH/index.php(79): CodeIgniter\CodeIgniter->run()
CRITICAL - 2024-10-24 06:58:01 --> file_get_contents(https://api.tawk.to/v1/visitors): Failed to open stream: HTTP request failed! HTTP/1.1 404 Not Found

in APPPATH/Controllers/Home.php on line 62.
 1 [internal function]: CodeIgniter\Debug\Exceptions->errorHandler()
 2 APPPATH/Controllers/Home.php(62): file_get_contents()
 3 SYSTEMPATH/CodeIgniter.php(919): App\Controllers\Home->getLiveVisitors()
 4 SYSTEMPATH/CodeIgniter.php(494): CodeIgniter\CodeIgniter->runController()
 5 SYSTEMPATH/CodeIgniter.php(353): CodeIgniter\CodeIgniter->handleRequest()
 6 FCPATH/index.php(79): CodeIgniter\CodeIgniter->run()
CRITICAL - 2024-10-24 06:59:01 --> file_get_contents(https://api.tawk.to/v1/visitors): Failed to open stream: HTTP request failed! HTTP/1.1 404 Not Found

in APPPATH/Controllers/Home.php on line 62.
 1 [internal function]: CodeIgniter\Debug\Exceptions->errorHandler()
 2 APPPATH/Controllers/Home.php(62): file_get_contents()
 3 SYSTEMPATH/CodeIgniter.php(919): App\Controllers\Home->getLiveVisitors()
 4 SYSTEMPATH/CodeIgniter.php(494): CodeIgniter\CodeIgniter->runController()
 5 SYSTEMPATH/CodeIgniter.php(353): CodeIgniter\CodeIgniter->handleRequest()
 6 FCPATH/index.php(79): CodeIgniter\CodeIgniter->run()
CRITICAL - 2024-10-24 07:00:01 --> file_get_contents(https://api.tawk.to/v1/visitors): Failed to open stream: HTTP request failed! HTTP/1.1 404 Not Found

in APPPATH/Controllers/Home.php on line 62.
 1 [internal function]: CodeIgniter\Debug\Exceptions->errorHandler()
 2 APPPATH/Controllers/Home.php(62): file_get_contents()
 3 SYSTEMPATH/CodeIgniter.php(919): App\Controllers\Home->getLiveVisitors()
 4 SYSTEMPATH/CodeIgniter.php(494): CodeIgniter\CodeIgniter->runController()
 5 SYSTEMPATH/CodeIgniter.php(353): CodeIgniter\CodeIgniter->handleRequest()
 6 FCPATH/index.php(79): CodeIgniter\CodeIgniter->run()
CRITICAL - 2024-10-24 07:01:01 --> file_get_contents(https://api.tawk.to/v1/visitors): Failed to open stream: HTTP request failed! HTTP/1.1 404 Not Found

in APPPATH/Controllers/Home.php on line 62.
 1 [internal function]: CodeIgniter\Debug\Exceptions->errorHandler()
 2 APPPATH/Controllers/Home.php(62): file_get_contents()
 3 SYSTEMPATH/CodeIgniter.php(919): App\Controllers\Home->getLiveVisitors()
 4 SYSTEMPATH/CodeIgniter.php(494): CodeIgniter\CodeIgniter->runController()
 5 SYSTEMPATH/CodeIgniter.php(353): CodeIgniter\CodeIgniter->handleRequest()
 6 FCPATH/index.php(79): CodeIgniter\CodeIgniter->run()
CRITICAL - 2024-10-24 07:02:01 --> file_get_contents(https://api.tawk.to/v1/visitors): Failed to open stream: HTTP request failed! HTTP/1.1 404 Not Found

in APPPATH/Controllers/Home.php on line 62.
 1 [internal function]: CodeIgniter\Debug\Exceptions->errorHandler()
 2 APPPATH/Controllers/Home.php(62): file_get_contents()
 3 SYSTEMPATH/CodeIgniter.php(919): App\Controllers\Home->getLiveVisitors()
 4 SYSTEMPATH/CodeIgniter.php(494): CodeIgniter\CodeIgniter->runController()
 5 SYSTEMPATH/CodeIgniter.php(353): CodeIgniter\CodeIgniter->handleRequest()
 6 FCPATH/index.php(79): CodeIgniter\CodeIgniter->run()
CRITICAL - 2024-10-24 07:03:01 --> file_get_contents(https://api.tawk.to/v1/visitors): Failed to open stream: HTTP request failed! HTTP/1.1 404 Not Found

in APPPATH/Controllers/Home.php on line 62.
 1 [internal function]: CodeIgniter\Debug\Exceptions->errorHandler()
 2 APPPATH/Controllers/Home.php(62): file_get_contents()
 3 SYSTEMPATH/CodeIgniter.php(919): App\Controllers\Home->getLiveVisitors()
 4 SYSTEMPATH/CodeIgniter.php(494): CodeIgniter\CodeIgniter->runController()
 5 SYSTEMPATH/CodeIgniter.php(353): CodeIgniter\CodeIgniter->handleRequest()
 6 FCPATH/index.php(79): CodeIgniter\CodeIgniter->run()
CRITICAL - 2024-10-24 07:04:01 --> file_get_contents(https://api.tawk.to/v1/visitors): Failed to open stream: HTTP request failed! HTTP/1.1 404 Not Found

in APPPATH/Controllers/Home.php on line 62.
 1 [internal function]: CodeIgniter\Debug\Exceptions->errorHandler()
 2 APPPATH/Controllers/Home.php(62): file_get_contents()
 3 SYSTEMPATH/CodeIgniter.php(919): App\Controllers\Home->getLiveVisitors()
 4 SYSTEMPATH/CodeIgniter.php(494): CodeIgniter\CodeIgniter->runController()
 5 SYSTEMPATH/CodeIgniter.php(353): CodeIgniter\CodeIgniter->handleRequest()
 6 FCPATH/index.php(79): CodeIgniter\CodeIgniter->run()
CRITICAL - 2024-10-24 07:05:01 --> file_get_contents(https://api.tawk.to/v1/visitors): Failed to open stream: HTTP request failed! HTTP/1.1 404 Not Found

in APPPATH/Controllers/Home.php on line 62.
 1 [internal function]: CodeIgniter\Debug\Exceptions->errorHandler()
 2 APPPATH/Controllers/Home.php(62): file_get_contents()
 3 SYSTEMPATH/CodeIgniter.php(919): App\Controllers\Home->getLiveVisitors()
 4 SYSTEMPATH/CodeIgniter.php(494): CodeIgniter\CodeIgniter->runController()
 5 SYSTEMPATH/CodeIgniter.php(353): CodeIgniter\CodeIgniter->handleRequest()
 6 FCPATH/index.php(79): CodeIgniter\CodeIgniter->run()
CRITICAL - 2024-10-24 07:05:58 --> file_get_contents(https://api.tawk.to/v1/visitors): Failed to open stream: HTTP request failed! HTTP/1.1 404 Not Found

in APPPATH/Controllers/Home.php on line 62.
 1 [internal function]: CodeIgniter\Debug\Exceptions->errorHandler()
 2 APPPATH/Controllers/Home.php(62): file_get_contents()
 3 SYSTEMPATH/CodeIgniter.php(919): App\Controllers\Home->getLiveVisitors()
 4 SYSTEMPATH/CodeIgniter.php(494): CodeIgniter\CodeIgniter->runController()
 5 SYSTEMPATH/CodeIgniter.php(353): CodeIgniter\CodeIgniter->handleRequest()
 6 FCPATH/index.php(79): CodeIgniter\CodeIgniter->run()
CRITICAL - 2024-10-24 07:06:02 --> file_get_contents(https://api.tawk.to/v1/visitors): Failed to open stream: HTTP request failed! HTTP/1.1 404 Not Found

in APPPATH/Controllers/Home.php on line 62.
 1 [internal function]: CodeIgniter\Debug\Exceptions->errorHandler()
 2 APPPATH/Controllers/Home.php(62): file_get_contents()
 3 SYSTEMPATH/CodeIgniter.php(919): App\Controllers\Home->getLiveVisitors()
 4 SYSTEMPATH/CodeIgniter.php(494): CodeIgniter\CodeIgniter->runController()
 5 SYSTEMPATH/CodeIgniter.php(353): CodeIgniter\CodeIgniter->handleRequest()
 6 FCPATH/index.php(79): CodeIgniter\CodeIgniter->run()
CRITICAL - 2024-10-24 07:06:06 --> file_get_contents(https://api.tawk.to/v1/visitors): Failed to open stream: HTTP request failed! HTTP/1.1 404 Not Found

in APPPATH/Controllers/Home.php on line 62.
 1 [internal function]: CodeIgniter\Debug\Exceptions->errorHandler()
 2 APPPATH/Controllers/Home.php(62): file_get_contents()
 3 SYSTEMPATH/CodeIgniter.php(919): App\Controllers\Home->getLiveVisitors()
 4 SYSTEMPATH/CodeIgniter.php(494): CodeIgniter\CodeIgniter->runController()
 5 SYSTEMPATH/CodeIgniter.php(353): CodeIgniter\CodeIgniter->handleRequest()
 6 FCPATH/index.php(79): CodeIgniter\CodeIgniter->run()
CRITICAL - 2024-10-24 07:06:12 --> file_get_contents(https://api.tawk.to/v1/visitors): Failed to open stream: HTTP request failed! HTTP/1.1 404 Not Found

in APPPATH/Controllers/Home.php on line 62.
 1 [internal function]: CodeIgniter\Debug\Exceptions->errorHandler()
 2 APPPATH/Controllers/Home.php(62): file_get_contents()
 3 SYSTEMPATH/CodeIgniter.php(919): App\Controllers\Home->getLiveVisitors()
 4 SYSTEMPATH/CodeIgniter.php(494): CodeIgniter\CodeIgniter->runController()
 5 SYSTEMPATH/CodeIgniter.php(353): CodeIgniter\CodeIgniter->handleRequest()
 6 FCPATH/index.php(79): CodeIgniter\CodeIgniter->run()
CRITICAL - 2024-10-24 07:06:17 --> file_get_contents(https://api.tawk.to/v1/visitors): Failed to open stream: HTTP request failed! HTTP/1.1 404 Not Found

in APPPATH/Controllers/Home.php on line 62.
 1 [internal function]: CodeIgniter\Debug\Exceptions->errorHandler()
 2 APPPATH/Controllers/Home.php(62): file_get_contents()
 3 SYSTEMPATH/CodeIgniter.php(919): App\Controllers\Home->getLiveVisitors()
 4 SYSTEMPATH/CodeIgniter.php(494): CodeIgniter\CodeIgniter->runController()
 5 SYSTEMPATH/CodeIgniter.php(353): CodeIgniter\CodeIgniter->handleRequest()
 6 FCPATH/index.php(79): CodeIgniter\CodeIgniter->run()
CRITICAL - 2024-10-24 07:06:22 --> file_get_contents(https://api.tawk.to/v1/visitors): Failed to open stream: HTTP request failed! HTTP/1.1 404 Not Found

in APPPATH/Controllers/Home.php on line 62.
 1 [internal function]: CodeIgniter\Debug\Exceptions->errorHandler()
 2 APPPATH/Controllers/Home.php(62): file_get_contents()
 3 SYSTEMPATH/CodeIgniter.php(919): App\Controllers\Home->getLiveVisitors()
 4 SYSTEMPATH/CodeIgniter.php(494): CodeIgniter\CodeIgniter->runController()
 5 SYSTEMPATH/CodeIgniter.php(353): CodeIgniter\CodeIgniter->handleRequest()
 6 FCPATH/index.php(79): CodeIgniter\CodeIgniter->run()
CRITICAL - 2024-10-24 07:06:27 --> file_get_contents(https://api.tawk.to/v1/visitors): Failed to open stream: HTTP request failed! HTTP/1.1 404 Not Found

in APPPATH/Controllers/Home.php on line 62.
 1 [internal function]: CodeIgniter\Debug\Exceptions->errorHandler()
 2 APPPATH/Controllers/Home.php(62): file_get_contents()
 3 SYSTEMPATH/CodeIgniter.php(919): App\Controllers\Home->getLiveVisitors()
 4 SYSTEMPATH/CodeIgniter.php(494): CodeIgniter\CodeIgniter->runController()
 5 SYSTEMPATH/CodeIgniter.php(353): CodeIgniter\CodeIgniter->handleRequest()
 6 FCPATH/index.php(79): CodeIgniter\CodeIgniter->run()
CRITICAL - 2024-10-24 07:06:32 --> file_get_contents(https://api.tawk.to/v1/visitors): Failed to open stream: HTTP request failed! HTTP/1.1 404 Not Found

in APPPATH/Controllers/Home.php on line 62.
 1 [internal function]: CodeIgniter\Debug\Exceptions->errorHandler()
 2 APPPATH/Controllers/Home.php(62): file_get_contents()
 3 SYSTEMPATH/CodeIgniter.php(919): App\Controllers\Home->getLiveVisitors()
 4 SYSTEMPATH/CodeIgniter.php(494): CodeIgniter\CodeIgniter->runController()
 5 SYSTEMPATH/CodeIgniter.php(353): CodeIgniter\CodeIgniter->handleRequest()
 6 FCPATH/index.php(79): CodeIgniter\CodeIgniter->run()
CRITICAL - 2024-10-24 07:06:37 --> file_get_contents(https://api.tawk.to/v1/visitors): Failed to open stream: HTTP request failed! HTTP/1.1 404 Not Found

in APPPATH/Controllers/Home.php on line 62.
 1 [internal function]: CodeIgniter\Debug\Exceptions->errorHandler()
 2 APPPATH/Controllers/Home.php(62): file_get_contents()
 3 SYSTEMPATH/CodeIgniter.php(919): App\Controllers\Home->getLiveVisitors()
 4 SYSTEMPATH/CodeIgniter.php(494): CodeIgniter\CodeIgniter->runController()
 5 SYSTEMPATH/CodeIgniter.php(353): CodeIgniter\CodeIgniter->handleRequest()
 6 FCPATH/index.php(79): CodeIgniter\CodeIgniter->run()
CRITICAL - 2024-10-24 07:06:42 --> file_get_contents(https://api.tawk.to/v1/visitors): Failed to open stream: HTTP request failed! HTTP/1.1 404 Not Found

in APPPATH/Controllers/Home.php on line 62.
 1 [internal function]: CodeIgniter\Debug\Exceptions->errorHandler()
 2 APPPATH/Controllers/Home.php(62): file_get_contents()
 3 SYSTEMPATH/CodeIgniter.php(919): App\Controllers\Home->getLiveVisitors()
 4 SYSTEMPATH/CodeIgniter.php(494): CodeIgniter\CodeIgniter->runController()
 5 SYSTEMPATH/CodeIgniter.php(353): CodeIgniter\CodeIgniter->handleRequest()
 6 FCPATH/index.php(79): CodeIgniter\CodeIgniter->run()
CRITICAL - 2024-10-24 07:06:47 --> file_get_contents(https://api.tawk.to/v1/visitors): Failed to open stream: HTTP request failed! HTTP/1.1 404 Not Found

in APPPATH/Controllers/Home.php on line 62.
 1 [internal function]: CodeIgniter\Debug\Exceptions->errorHandler()
 2 APPPATH/Controllers/Home.php(62): file_get_contents()
 3 SYSTEMPATH/CodeIgniter.php(919): App\Controllers\Home->getLiveVisitors()
 4 SYSTEMPATH/CodeIgniter.php(494): CodeIgniter\CodeIgniter->runController()
 5 SYSTEMPATH/CodeIgniter.php(353): CodeIgniter\CodeIgniter->handleRequest()
 6 FCPATH/index.php(79): CodeIgniter\CodeIgniter->run()
CRITICAL - 2024-10-24 07:06:52 --> file_get_contents(https://api.tawk.to/v1/visitors): Failed to open stream: HTTP request failed! HTTP/1.1 404 Not Found

in APPPATH/Controllers/Home.php on line 62.
 1 [internal function]: CodeIgniter\Debug\Exceptions->errorHandler()
 2 APPPATH/Controllers/Home.php(62): file_get_contents()
 3 SYSTEMPATH/CodeIgniter.php(919): App\Controllers\Home->getLiveVisitors()
 4 SYSTEMPATH/CodeIgniter.php(494): CodeIgniter\CodeIgniter->runController()
 5 SYSTEMPATH/CodeIgniter.php(353): CodeIgniter\CodeIgniter->handleRequest()
 6 FCPATH/index.php(79): CodeIgniter\CodeIgniter->run()
CRITICAL - 2024-10-24 07:06:57 --> file_get_contents(https://api.tawk.to/v1/visitors): Failed to open stream: HTTP request failed! HTTP/1.1 404 Not Found

in APPPATH/Controllers/Home.php on line 62.
 1 [internal function]: CodeIgniter\Debug\Exceptions->errorHandler()
 2 APPPATH/Controllers/Home.php(62): file_get_contents()
 3 SYSTEMPATH/CodeIgniter.php(919): App\Controllers\Home->getLiveVisitors()
 4 SYSTEMPATH/CodeIgniter.php(494): CodeIgniter\CodeIgniter->runController()
 5 SYSTEMPATH/CodeIgniter.php(353): CodeIgniter\CodeIgniter->handleRequest()
 6 FCPATH/index.php(79): CodeIgniter\CodeIgniter->run()
CRITICAL - 2024-10-24 07:07:02 --> file_get_contents(https://api.tawk.to/v1/visitors): Failed to open stream: HTTP request failed! HTTP/1.1 404 Not Found

in APPPATH/Controllers/Home.php on line 62.
 1 [internal function]: CodeIgniter\Debug\Exceptions->errorHandler()
 2 APPPATH/Controllers/Home.php(62): file_get_contents()
 3 SYSTEMPATH/CodeIgniter.php(919): App\Controllers\Home->getLiveVisitors()
 4 SYSTEMPATH/CodeIgniter.php(494): CodeIgniter\CodeIgniter->runController()
 5 SYSTEMPATH/CodeIgniter.php(353): CodeIgniter\CodeIgniter->handleRequest()
 6 FCPATH/index.php(79): CodeIgniter\CodeIgniter->run()
CRITICAL - 2024-10-24 07:07:07 --> file_get_contents(https://api.tawk.to/v1/visitors): Failed to open stream: HTTP request failed! HTTP/1.1 404 Not Found

in APPPATH/Controllers/Home.php on line 62.
 1 [internal function]: CodeIgniter\Debug\Exceptions->errorHandler()
 2 APPPATH/Controllers/Home.php(62): file_get_contents()
 3 SYSTEMPATH/CodeIgniter.php(919): App\Controllers\Home->getLiveVisitors()
 4 SYSTEMPATH/CodeIgniter.php(494): CodeIgniter\CodeIgniter->runController()
 5 SYSTEMPATH/CodeIgniter.php(353): CodeIgniter\CodeIgniter->handleRequest()
 6 FCPATH/index.php(79): CodeIgniter\CodeIgniter->run()
CRITICAL - 2024-10-24 07:08:02 --> file_get_contents(https://api.tawk.to/v1/visitors): Failed to open stream: HTTP request failed! HTTP/1.1 404 Not Found

in APPPATH/Controllers/Home.php on line 62.
 1 [internal function]: CodeIgniter\Debug\Exceptions->errorHandler()
 2 APPPATH/Controllers/Home.php(62): file_get_contents()
 3 SYSTEMPATH/CodeIgniter.php(919): App\Controllers\Home->getLiveVisitors()
 4 SYSTEMPATH/CodeIgniter.php(494): CodeIgniter\CodeIgniter->runController()
 5 SYSTEMPATH/CodeIgniter.php(353): CodeIgniter\CodeIgniter->handleRequest()
 6 FCPATH/index.php(79): CodeIgniter\CodeIgniter->run()
CRITICAL - 2024-10-24 07:09:02 --> file_get_contents(https://api.tawk.to/v1/visitors): Failed to open stream: HTTP request failed! HTTP/1.1 404 Not Found

in APPPATH/Controllers/Home.php on line 62.
 1 [internal function]: CodeIgniter\Debug\Exceptions->errorHandler()
 2 APPPATH/Controllers/Home.php(62): file_get_contents()
 3 SYSTEMPATH/CodeIgniter.php(919): App\Controllers\Home->getLiveVisitors()
 4 SYSTEMPATH/CodeIgniter.php(494): CodeIgniter\CodeIgniter->runController()
 5 SYSTEMPATH/CodeIgniter.php(353): CodeIgniter\CodeIgniter->handleRequest()
 6 FCPATH/index.php(79): CodeIgniter\CodeIgniter->run()
CRITICAL - 2024-10-24 07:10:01 --> file_get_contents(https://api.tawk.to/v1/visitors): Failed to open stream: HTTP request failed! HTTP/1.1 404 Not Found

in APPPATH/Controllers/Home.php on line 62.
 1 [internal function]: CodeIgniter\Debug\Exceptions->errorHandler()
 2 APPPATH/Controllers/Home.php(62): file_get_contents()
 3 SYSTEMPATH/CodeIgniter.php(919): App\Controllers\Home->getLiveVisitors()
 4 SYSTEMPATH/CodeIgniter.php(494): CodeIgniter\CodeIgniter->runController()
 5 SYSTEMPATH/CodeIgniter.php(353): CodeIgniter\CodeIgniter->handleRequest()
 6 FCPATH/index.php(79): CodeIgniter\CodeIgniter->run()
CRITICAL - 2024-10-24 07:11:01 --> file_get_contents(https://api.tawk.to/v1/visitors): Failed to open stream: HTTP request failed! HTTP/1.1 404 Not Found

in APPPATH/Controllers/Home.php on line 62.
 1 [internal function]: CodeIgniter\Debug\Exceptions->errorHandler()
 2 APPPATH/Controllers/Home.php(62): file_get_contents()
 3 SYSTEMPATH/CodeIgniter.php(919): App\Controllers\Home->getLiveVisitors()
 4 SYSTEMPATH/CodeIgniter.php(494): CodeIgniter\CodeIgniter->runController()
 5 SYSTEMPATH/CodeIgniter.php(353): CodeIgniter\CodeIgniter->handleRequest()
 6 FCPATH/index.php(79): CodeIgniter\CodeIgniter->run()
CRITICAL - 2024-10-24 07:12:01 --> file_get_contents(https://api.tawk.to/v1/visitors): Failed to open stream: HTTP request failed! HTTP/1.1 404 Not Found

in APPPATH/Controllers/Home.php on line 62.
 1 [internal function]: CodeIgniter\Debug\Exceptions->errorHandler()
 2 APPPATH/Controllers/Home.php(62): file_get_contents()
 3 SYSTEMPATH/CodeIgniter.php(919): App\Controllers\Home->getLiveVisitors()
 4 SYSTEMPATH/CodeIgniter.php(494): CodeIgniter\CodeIgniter->runController()
 5 SYSTEMPATH/CodeIgniter.php(353): CodeIgniter\CodeIgniter->handleRequest()
 6 FCPATH/index.php(79): CodeIgniter\CodeIgniter->run()
CRITICAL - 2024-10-24 07:13:01 --> file_get_contents(https://api.tawk.to/v1/visitors): Failed to open stream: HTTP request failed! HTTP/1.1 404 Not Found

in APPPATH/Controllers/Home.php on line 62.
 1 [internal function]: CodeIgniter\Debug\Exceptions->errorHandler()
 2 APPPATH/Controllers/Home.php(62): file_get_contents()
 3 SYSTEMPATH/CodeIgniter.php(919): App\Controllers\Home->getLiveVisitors()
 4 SYSTEMPATH/CodeIgniter.php(494): CodeIgniter\CodeIgniter->runController()
 5 SYSTEMPATH/CodeIgniter.php(353): CodeIgniter\CodeIgniter->handleRequest()
 6 FCPATH/index.php(79): CodeIgniter\CodeIgniter->run()
CRITICAL - 2024-10-24 07:14:01 --> file_get_contents(https://api.tawk.to/v1/visitors): Failed to open stream: HTTP request failed! HTTP/1.1 404 Not Found

in APPPATH/Controllers/Home.php on line 62.
 1 [internal function]: CodeIgniter\Debug\Exceptions->errorHandler()
 2 APPPATH/Controllers/Home.php(62): file_get_contents()
 3 SYSTEMPATH/CodeIgniter.php(919): App\Controllers\Home->getLiveVisitors()
 4 SYSTEMPATH/CodeIgniter.php(494): CodeIgniter\CodeIgniter->runController()
 5 SYSTEMPATH/CodeIgniter.php(353): CodeIgniter\CodeIgniter->handleRequest()
 6 FCPATH/index.php(79): CodeIgniter\CodeIgniter->run()
CRITICAL - 2024-10-24 07:15:12 --> file_get_contents(https://api.tawk.to/v1/visitors): Failed to open stream: HTTP request failed! HTTP/1.1 404 Not Found

in APPPATH/Controllers/Home.php on line 62.
 1 [internal function]: CodeIgniter\Debug\Exceptions->errorHandler()
 2 APPPATH/Controllers/Home.php(62): file_get_contents()
 3 SYSTEMPATH/CodeIgniter.php(919): App\Controllers\Home->getLiveVisitors()
 4 SYSTEMPATH/CodeIgniter.php(494): CodeIgniter\CodeIgniter->runController()
 5 SYSTEMPATH/CodeIgniter.php(353): CodeIgniter\CodeIgniter->handleRequest()
 6 FCPATH/index.php(79): CodeIgniter\CodeIgniter->run()
CRITICAL - 2024-10-24 07:16:01 --> file_get_contents(https://api.tawk.to/v1/visitors): Failed to open stream: HTTP request failed! HTTP/1.1 404 Not Found

in APPPATH/Controllers/Home.php on line 62.
 1 [internal function]: CodeIgniter\Debug\Exceptions->errorHandler()
 2 APPPATH/Controllers/Home.php(62): file_get_contents()
 3 SYSTEMPATH/CodeIgniter.php(919): App\Controllers\Home->getLiveVisitors()
 4 SYSTEMPATH/CodeIgniter.php(494): CodeIgniter\CodeIgniter->runController()
 5 SYSTEMPATH/CodeIgniter.php(353): CodeIgniter\CodeIgniter->handleRequest()
 6 FCPATH/index.php(79): CodeIgniter\CodeIgniter->run()
CRITICAL - 2024-10-24 07:17:01 --> file_get_contents(https://api.tawk.to/v1/visitors): Failed to open stream: HTTP request failed! HTTP/1.1 404 Not Found

in APPPATH/Controllers/Home.php on line 62.
 1 [internal function]: CodeIgniter\Debug\Exceptions->errorHandler()
 2 APPPATH/Controllers/Home.php(62): file_get_contents()
 3 SYSTEMPATH/CodeIgniter.php(919): App\Controllers\Home->getLiveVisitors()
 4 SYSTEMPATH/CodeIgniter.php(494): CodeIgniter\CodeIgniter->runController()
 5 SYSTEMPATH/CodeIgniter.php(353): CodeIgniter\CodeIgniter->handleRequest()
 6 FCPATH/index.php(79): CodeIgniter\CodeIgniter->run()
CRITICAL - 2024-10-24 07:18:01 --> file_get_contents(https://api.tawk.to/v1/visitors): Failed to open stream: HTTP request failed! HTTP/1.1 404 Not Found

in APPPATH/Controllers/Home.php on line 62.
 1 [internal function]: CodeIgniter\Debug\Exceptions->errorHandler()
 2 APPPATH/Controllers/Home.php(62): file_get_contents()
 3 SYSTEMPATH/CodeIgniter.php(919): App\Controllers\Home->getLiveVisitors()
 4 SYSTEMPATH/CodeIgniter.php(494): CodeIgniter\CodeIgniter->runController()
 5 SYSTEMPATH/CodeIgniter.php(353): CodeIgniter\CodeIgniter->handleRequest()
 6 FCPATH/index.php(79): CodeIgniter\CodeIgniter->run()
CRITICAL - 2024-10-24 07:19:01 --> file_get_contents(https://api.tawk.to/v1/visitors): Failed to open stream: HTTP request failed! HTTP/1.1 404 Not Found

in APPPATH/Controllers/Home.php on line 62.
 1 [internal function]: CodeIgniter\Debug\Exceptions->errorHandler()
 2 APPPATH/Controllers/Home.php(62): file_get_contents()
 3 SYSTEMPATH/CodeIgniter.php(919): App\Controllers\Home->getLiveVisitors()
 4 SYSTEMPATH/CodeIgniter.php(494): CodeIgniter\CodeIgniter->runController()
 5 SYSTEMPATH/CodeIgniter.php(353): CodeIgniter\CodeIgniter->handleRequest()
 6 FCPATH/index.php(79): CodeIgniter\CodeIgniter->run()
CRITICAL - 2024-10-24 07:20:01 --> file_get_contents(https://api.tawk.to/v1/visitors): Failed to open stream: HTTP request failed! HTTP/1.1 404 Not Found

in APPPATH/Controllers/Home.php on line 62.
 1 [internal function]: CodeIgniter\Debug\Exceptions->errorHandler()
 2 APPPATH/Controllers/Home.php(62): file_get_contents()
 3 SYSTEMPATH/CodeIgniter.php(919): App\Controllers\Home->getLiveVisitors()
 4 SYSTEMPATH/CodeIgniter.php(494): CodeIgniter\CodeIgniter->runController()
 5 SYSTEMPATH/CodeIgniter.php(353): CodeIgniter\CodeIgniter->handleRequest()
 6 FCPATH/index.php(79): CodeIgniter\CodeIgniter->run()
CRITICAL - 2024-10-24 07:21:01 --> file_get_contents(https://api.tawk.to/v1/visitors): Failed to open stream: HTTP request failed! HTTP/1.1 404 Not Found

in APPPATH/Controllers/Home.php on line 62.
 1 [internal function]: CodeIgniter\Debug\Exceptions->errorHandler()
 2 APPPATH/Controllers/Home.php(62): file_get_contents()
 3 SYSTEMPATH/CodeIgniter.php(919): App\Controllers\Home->getLiveVisitors()
 4 SYSTEMPATH/CodeIgniter.php(494): CodeIgniter\CodeIgniter->runController()
 5 SYSTEMPATH/CodeIgniter.php(353): CodeIgniter\CodeIgniter->handleRequest()
 6 FCPATH/index.php(79): CodeIgniter\CodeIgniter->run()
CRITICAL - 2024-10-24 07:22:01 --> file_get_contents(https://api.tawk.to/v1/visitors): Failed to open stream: HTTP request failed! HTTP/1.1 404 Not Found

in APPPATH/Controllers/Home.php on line 62.
 1 [internal function]: CodeIgniter\Debug\Exceptions->errorHandler()
 2 APPPATH/Controllers/Home.php(62): file_get_contents()
 3 SYSTEMPATH/CodeIgniter.php(919): App\Controllers\Home->getLiveVisitors()
 4 SYSTEMPATH/CodeIgniter.php(494): CodeIgniter\CodeIgniter->runController()
 5 SYSTEMPATH/CodeIgniter.php(353): CodeIgniter\CodeIgniter->handleRequest()
 6 FCPATH/index.php(79): CodeIgniter\CodeIgniter->run()
CRITICAL - 2024-10-24 07:23:01 --> file_get_contents(https://api.tawk.to/v1/visitors): Failed to open stream: HTTP request failed! HTTP/1.1 404 Not Found

in APPPATH/Controllers/Home.php on line 62.
 1 [internal function]: CodeIgniter\Debug\Exceptions->errorHandler()
 2 APPPATH/Controllers/Home.php(62): file_get_contents()
 3 SYSTEMPATH/CodeIgniter.php(919): App\Controllers\Home->getLiveVisitors()
 4 SYSTEMPATH/CodeIgniter.php(494): CodeIgniter\CodeIgniter->runController()
 5 SYSTEMPATH/CodeIgniter.php(353): CodeIgniter\CodeIgniter->handleRequest()
 6 FCPATH/index.php(79): CodeIgniter\CodeIgniter->run()
CRITICAL - 2024-10-24 07:24:01 --> file_get_contents(https://api.tawk.to/v1/visitors): Failed to open stream: HTTP request failed! HTTP/1.1 404 Not Found

in APPPATH/Controllers/Home.php on line 62.
 1 [internal function]: CodeIgniter\Debug\Exceptions->errorHandler()
 2 APPPATH/Controllers/Home.php(62): file_get_contents()
 3 SYSTEMPATH/CodeIgniter.php(919): App\Controllers\Home->getLiveVisitors()
 4 SYSTEMPATH/CodeIgniter.php(494): CodeIgniter\CodeIgniter->runController()
 5 SYSTEMPATH/CodeIgniter.php(353): CodeIgniter\CodeIgniter->handleRequest()
 6 FCPATH/index.php(79): CodeIgniter\CodeIgniter->run()
CRITICAL - 2024-10-24 07:25:01 --> file_get_contents(https://api.tawk.to/v1/visitors): Failed to open stream: HTTP request failed! HTTP/1.1 404 Not Found

in APPPATH/Controllers/Home.php on line 62.
 1 [internal function]: CodeIgniter\Debug\Exceptions->errorHandler()
 2 APPPATH/Controllers/Home.php(62): file_get_contents()
 3 SYSTEMPATH/CodeIgniter.php(919): App\Controllers\Home->getLiveVisitors()
 4 SYSTEMPATH/CodeIgniter.php(494): CodeIgniter\CodeIgniter->runController()
 5 SYSTEMPATH/CodeIgniter.php(353): CodeIgniter\CodeIgniter->handleRequest()
 6 FCPATH/index.php(79): CodeIgniter\CodeIgniter->run()
CRITICAL - 2024-10-24 07:26:01 --> file_get_contents(https://api.tawk.to/v1/visitors): Failed to open stream: HTTP request failed! HTTP/1.1 404 Not Found

in APPPATH/Controllers/Home.php on line 62.
 1 [internal function]: CodeIgniter\Debug\Exceptions->errorHandler()
 2 APPPATH/Controllers/Home.php(62): file_get_contents()
 3 SYSTEMPATH/CodeIgniter.php(919): App\Controllers\Home->getLiveVisitors()
 4 SYSTEMPATH/CodeIgniter.php(494): CodeIgniter\CodeIgniter->runController()
 5 SYSTEMPATH/CodeIgniter.php(353): CodeIgniter\CodeIgniter->handleRequest()
 6 FCPATH/index.php(79): CodeIgniter\CodeIgniter->run()
CRITICAL - 2024-10-24 07:27:01 --> file_get_contents(https://api.tawk.to/v1/visitors): Failed to open stream: HTTP request failed! HTTP/1.1 404 Not Found

in APPPATH/Controllers/Home.php on line 62.
 1 [internal function]: CodeIgniter\Debug\Exceptions->errorHandler()
 2 APPPATH/Controllers/Home.php(62): file_get_contents()
 3 SYSTEMPATH/CodeIgniter.php(919): App\Controllers\Home->getLiveVisitors()
 4 SYSTEMPATH/CodeIgniter.php(494): CodeIgniter\CodeIgniter->runController()
 5 SYSTEMPATH/CodeIgniter.php(353): CodeIgniter\CodeIgniter->handleRequest()
 6 FCPATH/index.php(79): CodeIgniter\CodeIgniter->run()
CRITICAL - 2024-10-24 07:28:01 --> file_get_contents(https://api.tawk.to/v1/visitors): Failed to open stream: HTTP request failed! HTTP/1.1 404 Not Found

in APPPATH/Controllers/Home.php on line 62.
 1 [internal function]: CodeIgniter\Debug\Exceptions->errorHandler()
 2 APPPATH/Controllers/Home.php(62): file_get_contents()
 3 SYSTEMPATH/CodeIgniter.php(919): App\Controllers\Home->getLiveVisitors()
 4 SYSTEMPATH/CodeIgniter.php(494): CodeIgniter\CodeIgniter->runController()
 5 SYSTEMPATH/CodeIgniter.php(353): CodeIgniter\CodeIgniter->handleRequest()
 6 FCPATH/index.php(79): CodeIgniter\CodeIgniter->run()
CRITICAL - 2024-10-24 07:29:01 --> file_get_contents(https://api.tawk.to/v1/visitors): Failed to open stream: HTTP request failed! HTTP/1.1 404 Not Found

in APPPATH/Controllers/Home.php on line 62.
 1 [internal function]: CodeIgniter\Debug\Exceptions->errorHandler()
 2 APPPATH/Controllers/Home.php(62): file_get_contents()
 3 SYSTEMPATH/CodeIgniter.php(919): App\Controllers\Home->getLiveVisitors()
 4 SYSTEMPATH/CodeIgniter.php(494): CodeIgniter\CodeIgniter->runController()
 5 SYSTEMPATH/CodeIgniter.php(353): CodeIgniter\CodeIgniter->handleRequest()
 6 FCPATH/index.php(79): CodeIgniter\CodeIgniter->run()
CRITICAL - 2024-10-24 07:30:01 --> file_get_contents(https://api.tawk.to/v1/visitors): Failed to open stream: HTTP request failed! HTTP/1.1 404 Not Found

in APPPATH/Controllers/Home.php on line 62.
 1 [internal function]: CodeIgniter\Debug\Exceptions->errorHandler()
 2 APPPATH/Controllers/Home.php(62): file_get_contents()
 3 SYSTEMPATH/CodeIgniter.php(919): App\Controllers\Home->getLiveVisitors()
 4 SYSTEMPATH/CodeIgniter.php(494): CodeIgniter\CodeIgniter->runController()
 5 SYSTEMPATH/CodeIgniter.php(353): CodeIgniter\CodeIgniter->handleRequest()
 6 FCPATH/index.php(79): CodeIgniter\CodeIgniter->run()
CRITICAL - 2024-10-24 07:31:01 --> file_get_contents(https://api.tawk.to/v1/visitors): Failed to open stream: HTTP request failed! HTTP/1.1 404 Not Found

in APPPATH/Controllers/Home.php on line 62.
 1 [internal function]: CodeIgniter\Debug\Exceptions->errorHandler()
 2 APPPATH/Controllers/Home.php(62): file_get_contents()
 3 SYSTEMPATH/CodeIgniter.php(919): App\Controllers\Home->getLiveVisitors()
 4 SYSTEMPATH/CodeIgniter.php(494): CodeIgniter\CodeIgniter->runController()
 5 SYSTEMPATH/CodeIgniter.php(353): CodeIgniter\CodeIgniter->handleRequest()
 6 FCPATH/index.php(79): CodeIgniter\CodeIgniter->run()
CRITICAL - 2024-10-24 07:32:01 --> file_get_contents(https://api.tawk.to/v1/visitors): Failed to open stream: HTTP request failed! HTTP/1.1 404 Not Found

in APPPATH/Controllers/Home.php on line 62.
 1 [internal function]: CodeIgniter\Debug\Exceptions->errorHandler()
 2 APPPATH/Controllers/Home.php(62): file_get_contents()
 3 SYSTEMPATH/CodeIgniter.php(919): App\Controllers\Home->getLiveVisitors()
 4 SYSTEMPATH/CodeIgniter.php(494): CodeIgniter\CodeIgniter->runController()
 5 SYSTEMPATH/CodeIgniter.php(353): CodeIgniter\CodeIgniter->handleRequest()
 6 FCPATH/index.php(79): CodeIgniter\CodeIgniter->run()
CRITICAL - 2024-10-24 07:33:01 --> file_get_contents(https://api.tawk.to/v1/visitors): Failed to open stream: HTTP request failed! HTTP/1.1 404 Not Found

in APPPATH/Controllers/Home.php on line 62.
 1 [internal function]: CodeIgniter\Debug\Exceptions->errorHandler()
 2 APPPATH/Controllers/Home.php(62): file_get_contents()
 3 SYSTEMPATH/CodeIgniter.php(919): App\Controllers\Home->getLiveVisitors()
 4 SYSTEMPATH/CodeIgniter.php(494): CodeIgniter\CodeIgniter->runController()
 5 SYSTEMPATH/CodeIgniter.php(353): CodeIgniter\CodeIgniter->handleRequest()
 6 FCPATH/index.php(79): CodeIgniter\CodeIgniter->run()
CRITICAL - 2024-10-24 07:34:01 --> file_get_contents(https://api.tawk.to/v1/visitors): Failed to open stream: HTTP request failed! HTTP/1.1 404 Not Found

in APPPATH/Controllers/Home.php on line 62.
 1 [internal function]: CodeIgniter\Debug\Exceptions->errorHandler()
 2 APPPATH/Controllers/Home.php(62): file_get_contents()
 3 SYSTEMPATH/CodeIgniter.php(919): App\Controllers\Home->getLiveVisitors()
 4 SYSTEMPATH/CodeIgniter.php(494): CodeIgniter\CodeIgniter->runController()
 5 SYSTEMPATH/CodeIgniter.php(353): CodeIgniter\CodeIgniter->handleRequest()
 6 FCPATH/index.php(79): CodeIgniter\CodeIgniter->run()
CRITICAL - 2024-10-24 07:35:01 --> file_get_contents(https://api.tawk.to/v1/visitors): Failed to open stream: HTTP request failed! HTTP/1.1 404 Not Found

in APPPATH/Controllers/Home.php on line 62.
 1 [internal function]: CodeIgniter\Debug\Exceptions->errorHandler()
 2 APPPATH/Controllers/Home.php(62): file_get_contents()
 3 SYSTEMPATH/CodeIgniter.php(919): App\Controllers\Home->getLiveVisitors()
 4 SYSTEMPATH/CodeIgniter.php(494): CodeIgniter\CodeIgniter->runController()
 5 SYSTEMPATH/CodeIgniter.php(353): CodeIgniter\CodeIgniter->handleRequest()
 6 FCPATH/index.php(79): CodeIgniter\CodeIgniter->run()
CRITICAL - 2024-10-24 07:36:01 --> file_get_contents(https://api.tawk.to/v1/visitors): Failed to open stream: HTTP request failed! HTTP/1.1 404 Not Found

in APPPATH/Controllers/Home.php on line 62.
 1 [internal function]: CodeIgniter\Debug\Exceptions->errorHandler()
 2 APPPATH/Controllers/Home.php(62): file_get_contents()
 3 SYSTEMPATH/CodeIgniter.php(919): App\Controllers\Home->getLiveVisitors()
 4 SYSTEMPATH/CodeIgniter.php(494): CodeIgniter\CodeIgniter->runController()
 5 SYSTEMPATH/CodeIgniter.php(353): CodeIgniter\CodeIgniter->handleRequest()
 6 FCPATH/index.php(79): CodeIgniter\CodeIgniter->run()
CRITICAL - 2024-10-24 07:37:01 --> file_get_contents(https://api.tawk.to/v1/visitors): Failed to open stream: HTTP request failed! HTTP/1.1 404 Not Found

in APPPATH/Controllers/Home.php on line 62.
 1 [internal function]: CodeIgniter\Debug\Exceptions->errorHandler()
 2 APPPATH/Controllers/Home.php(62): file_get_contents()
 3 SYSTEMPATH/CodeIgniter.php(919): App\Controllers\Home->getLiveVisitors()
 4 SYSTEMPATH/CodeIgniter.php(494): CodeIgniter\CodeIgniter->runController()
 5 SYSTEMPATH/CodeIgniter.php(353): CodeIgniter\CodeIgniter->handleRequest()
 6 FCPATH/index.php(79): CodeIgniter\CodeIgniter->run()
CRITICAL - 2024-10-24 07:38:01 --> file_get_contents(https://api.tawk.to/v1/visitors): Failed to open stream: HTTP request failed! HTTP/1.1 404 Not Found

in APPPATH/Controllers/Home.php on line 62.
 1 [internal function]: CodeIgniter\Debug\Exceptions->errorHandler()
 2 APPPATH/Controllers/Home.php(62): file_get_contents()
 3 SYSTEMPATH/CodeIgniter.php(919): App\Controllers\Home->getLiveVisitors()
 4 SYSTEMPATH/CodeIgniter.php(494): CodeIgniter\CodeIgniter->runController()
 5 SYSTEMPATH/CodeIgniter.php(353): CodeIgniter\CodeIgniter->handleRequest()
 6 FCPATH/index.php(79): CodeIgniter\CodeIgniter->run()
CRITICAL - 2024-10-24 07:39:01 --> file_get_contents(https://api.tawk.to/v1/visitors): Failed to open stream: HTTP request failed! HTTP/1.1 404 Not Found

in APPPATH/Controllers/Home.php on line 62.
 1 [internal function]: CodeIgniter\Debug\Exceptions->errorHandler()
 2 APPPATH/Controllers/Home.php(62): file_get_contents()
 3 SYSTEMPATH/CodeIgniter.php(919): App\Controllers\Home->getLiveVisitors()
 4 SYSTEMPATH/CodeIgniter.php(494): CodeIgniter\CodeIgniter->runController()
 5 SYSTEMPATH/CodeIgniter.php(353): CodeIgniter\CodeIgniter->handleRequest()
 6 FCPATH/index.php(79): CodeIgniter\CodeIgniter->run()
CRITICAL - 2024-10-24 07:40:01 --> file_get_contents(https://api.tawk.to/v1/visitors): Failed to open stream: HTTP request failed! HTTP/1.1 404 Not Found

in APPPATH/Controllers/Home.php on line 62.
 1 [internal function]: CodeIgniter\Debug\Exceptions->errorHandler()
 2 APPPATH/Controllers/Home.php(62): file_get_contents()
 3 SYSTEMPATH/CodeIgniter.php(919): App\Controllers\Home->getLiveVisitors()
 4 SYSTEMPATH/CodeIgniter.php(494): CodeIgniter\CodeIgniter->runController()
 5 SYSTEMPATH/CodeIgniter.php(353): CodeIgniter\CodeIgniter->handleRequest()
 6 FCPATH/index.php(79): CodeIgniter\CodeIgniter->run()
CRITICAL - 2024-10-24 07:41:01 --> file_get_contents(https://api.tawk.to/v1/visitors): Failed to open stream: HTTP request failed! HTTP/1.1 404 Not Found

in APPPATH/Controllers/Home.php on line 62.
 1 [internal function]: CodeIgniter\Debug\Exceptions->errorHandler()
 2 APPPATH/Controllers/Home.php(62): file_get_contents()
 3 SYSTEMPATH/CodeIgniter.php(919): App\Controllers\Home->getLiveVisitors()
 4 SYSTEMPATH/CodeIgniter.php(494): CodeIgniter\CodeIgniter->runController()
 5 SYSTEMPATH/CodeIgniter.php(353): CodeIgniter\CodeIgniter->handleRequest()
 6 FCPATH/index.php(79): CodeIgniter\CodeIgniter->run()
CRITICAL - 2024-10-24 07:42:01 --> file_get_contents(https://api.tawk.to/v1/visitors): Failed to open stream: HTTP request failed! HTTP/1.1 404 Not Found

in APPPATH/Controllers/Home.php on line 62.
 1 [internal function]: CodeIgniter\Debug\Exceptions->errorHandler()
 2 APPPATH/Controllers/Home.php(62): file_get_contents()
 3 SYSTEMPATH/CodeIgniter.php(919): App\Controllers\Home->getLiveVisitors()
 4 SYSTEMPATH/CodeIgniter.php(494): CodeIgniter\CodeIgniter->runController()
 5 SYSTEMPATH/CodeIgniter.php(353): CodeIgniter\CodeIgniter->handleRequest()
 6 FCPATH/index.php(79): CodeIgniter\CodeIgniter->run()
CRITICAL - 2024-10-24 07:43:01 --> file_get_contents(https://api.tawk.to/v1/visitors): Failed to open stream: HTTP request failed! HTTP/1.1 404 Not Found

in APPPATH/Controllers/Home.php on line 62.
 1 [internal function]: CodeIgniter\Debug\Exceptions->errorHandler()
 2 APPPATH/Controllers/Home.php(62): file_get_contents()
 3 SYSTEMPATH/CodeIgniter.php(919): App\Controllers\Home->getLiveVisitors()
 4 SYSTEMPATH/CodeIgniter.php(494): CodeIgniter\CodeIgniter->runController()
 5 SYSTEMPATH/CodeIgniter.php(353): CodeIgniter\CodeIgniter->handleRequest()
 6 FCPATH/index.php(79): CodeIgniter\CodeIgniter->run()
CRITICAL - 2024-10-24 07:44:01 --> file_get_contents(https://api.tawk.to/v1/visitors): Failed to open stream: HTTP request failed! HTTP/1.1 404 Not Found

in APPPATH/Controllers/Home.php on line 62.
 1 [internal function]: CodeIgniter\Debug\Exceptions->errorHandler()
 2 APPPATH/Controllers/Home.php(62): file_get_contents()
 3 SYSTEMPATH/CodeIgniter.php(919): App\Controllers\Home->getLiveVisitors()
 4 SYSTEMPATH/CodeIgniter.php(494): CodeIgniter\CodeIgniter->runController()
 5 SYSTEMPATH/CodeIgniter.php(353): CodeIgniter\CodeIgniter->handleRequest()
 6 FCPATH/index.php(79): CodeIgniter\CodeIgniter->run()
CRITICAL - 2024-10-24 07:45:02 --> file_get_contents(https://api.tawk.to/v1/visitors): Failed to open stream: HTTP request failed! HTTP/1.1 404 Not Found

in APPPATH/Controllers/Home.php on line 62.
 1 [internal function]: CodeIgniter\Debug\Exceptions->errorHandler()
 2 APPPATH/Controllers/Home.php(62): file_get_contents()
 3 SYSTEMPATH/CodeIgniter.php(919): App\Controllers\Home->getLiveVisitors()
 4 SYSTEMPATH/CodeIgniter.php(494): CodeIgniter\CodeIgniter->runController()
 5 SYSTEMPATH/CodeIgniter.php(353): CodeIgniter\CodeIgniter->handleRequest()
 6 FCPATH/index.php(79): CodeIgniter\CodeIgniter->run()
CRITICAL - 2024-10-24 07:46:12 --> file_get_contents(https://api.tawk.to/v1/visitors): Failed to open stream: HTTP request failed! HTTP/1.1 404 Not Found

in APPPATH/Controllers/Home.php on line 62.
 1 [internal function]: CodeIgniter\Debug\Exceptions->errorHandler()
 2 APPPATH/Controllers/Home.php(62): file_get_contents()
 3 SYSTEMPATH/CodeIgniter.php(919): App\Controllers\Home->getLiveVisitors()
 4 SYSTEMPATH/CodeIgniter.php(494): CodeIgniter\CodeIgniter->runController()
 5 SYSTEMPATH/CodeIgniter.php(353): CodeIgniter\CodeIgniter->handleRequest()
 6 FCPATH/index.php(79): CodeIgniter\CodeIgniter->run()
CRITICAL - 2024-10-24 07:47:01 --> file_get_contents(https://api.tawk.to/v1/visitors): Failed to open stream: HTTP request failed! HTTP/1.1 404 Not Found

in APPPATH/Controllers/Home.php on line 62.
 1 [internal function]: CodeIgniter\Debug\Exceptions->errorHandler()
 2 APPPATH/Controllers/Home.php(62): file_get_contents()
 3 SYSTEMPATH/CodeIgniter.php(919): App\Controllers\Home->getLiveVisitors()
 4 SYSTEMPATH/CodeIgniter.php(494): CodeIgniter\CodeIgniter->runController()
 5 SYSTEMPATH/CodeIgniter.php(353): CodeIgniter\CodeIgniter->handleRequest()
 6 FCPATH/index.php(79): CodeIgniter\CodeIgniter->run()
CRITICAL - 2024-10-24 23:09:40 --> file_get_contents(https://api.tawk.to/v1/visitors): Failed to open stream: HTTP request failed! HTTP/1.1 404 Not Found

in APPPATH/Controllers/Home.php on line 62.
 1 [internal function]: CodeIgniter\Debug\Exceptions->errorHandler()
 2 APPPATH/Controllers/Home.php(62): file_get_contents()
 3 SYSTEMPATH/CodeIgniter.php(919): App\Controllers\Home->getLiveVisitors()
 4 SYSTEMPATH/CodeIgniter.php(494): CodeIgniter\CodeIgniter->runController()
 5 SYSTEMPATH/CodeIgniter.php(353): CodeIgniter\CodeIgniter->handleRequest()
 6 FCPATH/index.php(79): CodeIgniter\CodeIgniter->run()
CRITICAL - 2024-10-24 23:09:59 --> file_get_contents(https://api.tawk.to/v1/visitors): Failed to open stream: HTTP request failed! HTTP/1.1 404 Not Found

in APPPATH/Controllers/Home.php on line 62.
 1 [internal function]: CodeIgniter\Debug\Exceptions->errorHandler()
 2 APPPATH/Controllers/Home.php(62): file_get_contents()
 3 SYSTEMPATH/CodeIgniter.php(919): App\Controllers\Home->getLiveVisitors()
 4 SYSTEMPATH/CodeIgniter.php(494): CodeIgniter\CodeIgniter->runController()
 5 SYSTEMPATH/CodeIgniter.php(353): CodeIgniter\CodeIgniter->handleRequest()
 6 FCPATH/index.php(79): CodeIgniter\CodeIgniter->run()
CRITICAL - 2024-10-24 23:10:59 --> file_get_contents(https://api.tawk.to/v1/visitors): Failed to open stream: HTTP request failed! HTTP/1.1 404 Not Found

in APPPATH/Controllers/Home.php on line 62.
 1 [internal function]: CodeIgniter\Debug\Exceptions->errorHandler()
 2 APPPATH/Controllers/Home.php(62): file_get_contents()
 3 SYSTEMPATH/CodeIgniter.php(919): App\Controllers\Home->getLiveVisitors()
 4 SYSTEMPATH/CodeIgniter.php(494): CodeIgniter\CodeIgniter->runController()
 5 SYSTEMPATH/CodeIgniter.php(353): CodeIgniter\CodeIgniter->handleRequest()
 6 FCPATH/index.php(79): CodeIgniter\CodeIgniter->run()
CRITICAL - 2024-10-24 23:11:59 --> file_get_contents(https://api.tawk.to/v1/visitors): Failed to open stream: HTTP request failed! HTTP/1.1 404 Not Found

in APPPATH/Controllers/Home.php on line 62.
 1 [internal function]: CodeIgniter\Debug\Exceptions->errorHandler()
 2 APPPATH/Controllers/Home.php(62): file_get_contents()
 3 SYSTEMPATH/CodeIgniter.php(919): App\Controllers\Home->getLiveVisitors()
 4 SYSTEMPATH/CodeIgniter.php(494): CodeIgniter\CodeIgniter->runController()
 5 SYSTEMPATH/CodeIgniter.php(353): CodeIgniter\CodeIgniter->handleRequest()
 6 FCPATH/index.php(79): CodeIgniter\CodeIgniter->run()
CRITICAL - 2024-10-24 23:12:59 --> file_get_contents(https://api.tawk.to/v1/visitors): Failed to open stream: HTTP request failed! HTTP/1.1 404 Not Found

in APPPATH/Controllers/Home.php on line 62.
 1 [internal function]: CodeIgniter\Debug\Exceptions->errorHandler()
 2 APPPATH/Controllers/Home.php(62): file_get_contents()
 3 SYSTEMPATH/CodeIgniter.php(919): App\Controllers\Home->getLiveVisitors()
 4 SYSTEMPATH/CodeIgniter.php(494): CodeIgniter\CodeIgniter->runController()
 5 SYSTEMPATH/CodeIgniter.php(353): CodeIgniter\CodeIgniter->handleRequest()
 6 FCPATH/index.php(79): CodeIgniter\CodeIgniter->run()
CRITICAL - 2024-10-24 23:13:59 --> file_get_contents(https://api.tawk.to/v1/visitors): Failed to open stream: HTTP request failed! HTTP/1.1 404 Not Found

in APPPATH/Controllers/Home.php on line 62.
 1 [internal function]: CodeIgniter\Debug\Exceptions->errorHandler()
 2 APPPATH/Controllers/Home.php(62): file_get_contents()
 3 SYSTEMPATH/CodeIgniter.php(919): App\Controllers\Home->getLiveVisitors()
 4 SYSTEMPATH/CodeIgniter.php(494): CodeIgniter\CodeIgniter->runController()
 5 SYSTEMPATH/CodeIgniter.php(353): CodeIgniter\CodeIgniter->handleRequest()
 6 FCPATH/index.php(79): CodeIgniter\CodeIgniter->run()
CRITICAL - 2024-10-24 23:14:59 --> file_get_contents(https://api.tawk.to/v1/visitors): Failed to open stream: HTTP request failed! HTTP/1.1 404 Not Found

in APPPATH/Controllers/Home.php on line 62.
 1 [internal function]: CodeIgniter\Debug\Exceptions->errorHandler()
 2 APPPATH/Controllers/Home.php(62): file_get_contents()
 3 SYSTEMPATH/CodeIgniter.php(919): App\Controllers\Home->getLiveVisitors()
 4 SYSTEMPATH/CodeIgniter.php(494): CodeIgniter\CodeIgniter->runController()
 5 SYSTEMPATH/CodeIgniter.php(353): CodeIgniter\CodeIgniter->handleRequest()
 6 FCPATH/index.php(79): CodeIgniter\CodeIgniter->run()
CRITICAL - 2024-10-24 23:15:59 --> file_get_contents(https://api.tawk.to/v1/visitors): Failed to open stream: HTTP request failed! HTTP/1.1 404 Not Found

in APPPATH/Controllers/Home.php on line 62.
 1 [internal function]: CodeIgniter\Debug\Exceptions->errorHandler()
 2 APPPATH/Controllers/Home.php(62): file_get_contents()
 3 SYSTEMPATH/CodeIgniter.php(919): App\Controllers\Home->getLiveVisitors()
 4 SYSTEMPATH/CodeIgniter.php(494): CodeIgniter\CodeIgniter->runController()
 5 SYSTEMPATH/CodeIgniter.php(353): CodeIgniter\CodeIgniter->handleRequest()
 6 FCPATH/index.php(79): CodeIgniter\CodeIgniter->run()
CRITICAL - 2024-10-24 23:16:59 --> file_get_contents(https://api.tawk.to/v1/visitors): Failed to open stream: HTTP request failed! HTTP/1.1 404 Not Found

in APPPATH/Controllers/Home.php on line 62.
 1 [internal function]: CodeIgniter\Debug\Exceptions->errorHandler()
 2 APPPATH/Controllers/Home.php(62): file_get_contents()
 3 SYSTEMPATH/CodeIgniter.php(919): App\Controllers\Home->getLiveVisitors()
 4 SYSTEMPATH/CodeIgniter.php(494): CodeIgniter\CodeIgniter->runController()
 5 SYSTEMPATH/CodeIgniter.php(353): CodeIgniter\CodeIgniter->handleRequest()
 6 FCPATH/index.php(79): CodeIgniter\CodeIgniter->run()
CRITICAL - 2024-10-24 23:17:59 --> file_get_contents(https://api.tawk.to/v1/visitors): Failed to open stream: HTTP request failed! HTTP/1.1 404 Not Found

in APPPATH/Controllers/Home.php on line 62.
 1 [internal function]: CodeIgniter\Debug\Exceptions->errorHandler()
 2 APPPATH/Controllers/Home.php(62): file_get_contents()
 3 SYSTEMPATH/CodeIgniter.php(919): App\Controllers\Home->getLiveVisitors()
 4 SYSTEMPATH/CodeIgniter.php(494): CodeIgniter\CodeIgniter->runController()
 5 SYSTEMPATH/CodeIgniter.php(353): CodeIgniter\CodeIgniter->handleRequest()
 6 FCPATH/index.php(79): CodeIgniter\CodeIgniter->run()
CRITICAL - 2024-10-24 23:18:59 --> file_get_contents(https://api.tawk.to/v1/visitors): Failed to open stream: HTTP request failed! HTTP/1.1 404 Not Found

in APPPATH/Controllers/Home.php on line 62.
 1 [internal function]: CodeIgniter\Debug\Exceptions->errorHandler()
 2 APPPATH/Controllers/Home.php(62): file_get_contents()
 3 SYSTEMPATH/CodeIgniter.php(919): App\Controllers\Home->getLiveVisitors()
 4 SYSTEMPATH/CodeIgniter.php(494): CodeIgniter\CodeIgniter->runController()
 5 SYSTEMPATH/CodeIgniter.php(353): CodeIgniter\CodeIgniter->handleRequest()
 6 FCPATH/index.php(79): CodeIgniter\CodeIgniter->run()
CRITICAL - 2024-10-24 23:19:59 --> file_get_contents(https://api.tawk.to/v1/visitors): Failed to open stream: HTTP request failed! HTTP/1.1 404 Not Found

in APPPATH/Controllers/Home.php on line 62.
 1 [internal function]: CodeIgniter\Debug\Exceptions->errorHandler()
 2 APPPATH/Controllers/Home.php(62): file_get_contents()
 3 SYSTEMPATH/CodeIgniter.php(919): App\Controllers\Home->getLiveVisitors()
 4 SYSTEMPATH/CodeIgniter.php(494): CodeIgniter\CodeIgniter->runController()
 5 SYSTEMPATH/CodeIgniter.php(353): CodeIgniter\CodeIgniter->handleRequest()
 6 FCPATH/index.php(79): CodeIgniter\CodeIgniter->run()
CRITICAL - 2024-10-24 23:20:59 --> file_get_contents(https://api.tawk.to/v1/visitors): Failed to open stream: HTTP request failed! HTTP/1.1 404 Not Found

in APPPATH/Controllers/Home.php on line 62.
 1 [internal function]: CodeIgniter\Debug\Exceptions->errorHandler()
 2 APPPATH/Controllers/Home.php(62): file_get_contents()
 3 SYSTEMPATH/CodeIgniter.php(919): App\Controllers\Home->getLiveVisitors()
 4 SYSTEMPATH/CodeIgniter.php(494): CodeIgniter\CodeIgniter->runController()
 5 SYSTEMPATH/CodeIgniter.php(353): CodeIgniter\CodeIgniter->handleRequest()
 6 FCPATH/index.php(79): CodeIgniter\CodeIgniter->run()
CRITICAL - 2024-10-24 23:21:59 --> file_get_contents(https://api.tawk.to/v1/visitors): Failed to open stream: HTTP request failed! HTTP/1.1 404 Not Found

in APPPATH/Controllers/Home.php on line 62.
 1 [internal function]: CodeIgniter\Debug\Exceptions->errorHandler()
 2 APPPATH/Controllers/Home.php(62): file_get_contents()
 3 SYSTEMPATH/CodeIgniter.php(919): App\Controllers\Home->getLiveVisitors()
 4 SYSTEMPATH/CodeIgniter.php(494): CodeIgniter\CodeIgniter->runController()
 5 SYSTEMPATH/CodeIgniter.php(353): CodeIgniter\CodeIgniter->handleRequest()
 6 FCPATH/index.php(79): CodeIgniter\CodeIgniter->run()
CRITICAL - 2024-10-24 23:22:59 --> file_get_contents(https://api.tawk.to/v1/visitors): Failed to open stream: HTTP request failed! HTTP/1.1 404 Not Found

in APPPATH/Controllers/Home.php on line 62.
 1 [internal function]: CodeIgniter\Debug\Exceptions->errorHandler()
 2 APPPATH/Controllers/Home.php(62): file_get_contents()
 3 SYSTEMPATH/CodeIgniter.php(919): App\Controllers\Home->getLiveVisitors()
 4 SYSTEMPATH/CodeIgniter.php(494): CodeIgniter\CodeIgniter->runController()
 5 SYSTEMPATH/CodeIgniter.php(353): CodeIgniter\CodeIgniter->handleRequest()
 6 FCPATH/index.php(79): CodeIgniter\CodeIgniter->run()
CRITICAL - 2024-10-24 23:23:59 --> file_get_contents(https://api.tawk.to/v1/visitors): Failed to open stream: HTTP request failed! HTTP/1.1 404 Not Found

in APPPATH/Controllers/Home.php on line 62.
 1 [internal function]: CodeIgniter\Debug\Exceptions->errorHandler()
 2 APPPATH/Controllers/Home.php(62): file_get_contents()
 3 SYSTEMPATH/CodeIgniter.php(919): App\Controllers\Home->getLiveVisitors()
 4 SYSTEMPATH/CodeIgniter.php(494): CodeIgniter\CodeIgniter->runController()
 5 SYSTEMPATH/CodeIgniter.php(353): CodeIgniter\CodeIgniter->handleRequest()
 6 FCPATH/index.php(79): CodeIgniter\CodeIgniter->run()
CRITICAL - 2024-10-24 23:24:59 --> file_get_contents(https://api.tawk.to/v1/visitors): Failed to open stream: HTTP request failed! HTTP/1.1 404 Not Found

in APPPATH/Controllers/Home.php on line 62.
 1 [internal function]: CodeIgniter\Debug\Exceptions->errorHandler()
 2 APPPATH/Controllers/Home.php(62): file_get_contents()
 3 SYSTEMPATH/CodeIgniter.php(919): App\Controllers\Home->getLiveVisitors()
 4 SYSTEMPATH/CodeIgniter.php(494): CodeIgniter\CodeIgniter->runController()
 5 SYSTEMPATH/CodeIgniter.php(353): CodeIgniter\CodeIgniter->handleRequest()
 6 FCPATH/index.php(79): CodeIgniter\CodeIgniter->run()
CRITICAL - 2024-10-24 23:25:59 --> file_get_contents(https://api.tawk.to/v1/visitors): Failed to open stream: HTTP request failed! HTTP/1.1 404 Not Found

in APPPATH/Controllers/Home.php on line 62.
 1 [internal function]: CodeIgniter\Debug\Exceptions->errorHandler()
 2 APPPATH/Controllers/Home.php(62): file_get_contents()
 3 SYSTEMPATH/CodeIgniter.php(919): App\Controllers\Home->getLiveVisitors()
 4 SYSTEMPATH/CodeIgniter.php(494): CodeIgniter\CodeIgniter->runController()
 5 SYSTEMPATH/CodeIgniter.php(353): CodeIgniter\CodeIgniter->handleRequest()
 6 FCPATH/index.php(79): CodeIgniter\CodeIgniter->run()
CRITICAL - 2024-10-24 23:26:59 --> file_get_contents(https://api.tawk.to/v1/visitors): Failed to open stream: HTTP request failed! HTTP/1.1 404 Not Found

in APPPATH/Controllers/Home.php on line 62.
 1 [internal function]: CodeIgniter\Debug\Exceptions->errorHandler()
 2 APPPATH/Controllers/Home.php(62): file_get_contents()
 3 SYSTEMPATH/CodeIgniter.php(919): App\Controllers\Home->getLiveVisitors()
 4 SYSTEMPATH/CodeIgniter.php(494): CodeIgniter\CodeIgniter->runController()
 5 SYSTEMPATH/CodeIgniter.php(353): CodeIgniter\CodeIgniter->handleRequest()
 6 FCPATH/index.php(79): CodeIgniter\CodeIgniter->run()
CRITICAL - 2024-10-24 23:27:59 --> file_get_contents(https://api.tawk.to/v1/visitors): Failed to open stream: HTTP request failed! HTTP/1.1 404 Not Found

in APPPATH/Controllers/Home.php on line 62.
 1 [internal function]: CodeIgniter\Debug\Exceptions->errorHandler()
 2 APPPATH/Controllers/Home.php(62): file_get_contents()
 3 SYSTEMPATH/CodeIgniter.php(919): App\Controllers\Home->getLiveVisitors()
 4 SYSTEMPATH/CodeIgniter.php(494): CodeIgniter\CodeIgniter->runController()
 5 SYSTEMPATH/CodeIgniter.php(353): CodeIgniter\CodeIgniter->handleRequest()
 6 FCPATH/index.php(79): CodeIgniter\CodeIgniter->run()
CRITICAL - 2024-10-24 23:28:59 --> file_get_contents(https://api.tawk.to/v1/visitors): Failed to open stream: HTTP request failed! HTTP/1.1 404 Not Found

in APPPATH/Controllers/Home.php on line 62.
 1 [internal function]: CodeIgniter\Debug\Exceptions->errorHandler()
 2 APPPATH/Controllers/Home.php(62): file_get_contents()
 3 SYSTEMPATH/CodeIgniter.php(919): App\Controllers\Home->getLiveVisitors()
 4 SYSTEMPATH/CodeIgniter.php(494): CodeIgniter\CodeIgniter->runController()
 5 SYSTEMPATH/CodeIgniter.php(353): CodeIgniter\CodeIgniter->handleRequest()
 6 FCPATH/index.php(79): CodeIgniter\CodeIgniter->run()
CRITICAL - 2024-10-24 23:29:59 --> file_get_contents(https://api.tawk.to/v1/visitors): Failed to open stream: HTTP request failed! HTTP/1.1 404 Not Found

in APPPATH/Controllers/Home.php on line 62.
 1 [internal function]: CodeIgniter\Debug\Exceptions->errorHandler()
 2 APPPATH/Controllers/Home.php(62): file_get_contents()
 3 SYSTEMPATH/CodeIgniter.php(919): App\Controllers\Home->getLiveVisitors()
 4 SYSTEMPATH/CodeIgniter.php(494): CodeIgniter\CodeIgniter->runController()
 5 SYSTEMPATH/CodeIgniter.php(353): CodeIgniter\CodeIgniter->handleRequest()
 6 FCPATH/index.php(79): CodeIgniter\CodeIgniter->run()
CRITICAL - 2024-10-24 23:30:59 --> file_get_contents(https://api.tawk.to/v1/visitors): Failed to open stream: HTTP request failed! HTTP/1.1 404 Not Found

in APPPATH/Controllers/Home.php on line 62.
 1 [internal function]: CodeIgniter\Debug\Exceptions->errorHandler()
 2 APPPATH/Controllers/Home.php(62): file_get_contents()
 3 SYSTEMPATH/CodeIgniter.php(919): App\Controllers\Home->getLiveVisitors()
 4 SYSTEMPATH/CodeIgniter.php(494): CodeIgniter\CodeIgniter->runController()
 5 SYSTEMPATH/CodeIgniter.php(353): CodeIgniter\CodeIgniter->handleRequest()
 6 FCPATH/index.php(79): CodeIgniter\CodeIgniter->run()
CRITICAL - 2024-10-24 23:31:59 --> file_get_contents(https://api.tawk.to/v1/visitors): Failed to open stream: HTTP request failed! HTTP/1.1 404 Not Found

in APPPATH/Controllers/Home.php on line 62.
 1 [internal function]: CodeIgniter\Debug\Exceptions->errorHandler()
 2 APPPATH/Controllers/Home.php(62): file_get_contents()
 3 SYSTEMPATH/CodeIgniter.php(919): App\Controllers\Home->getLiveVisitors()
 4 SYSTEMPATH/CodeIgniter.php(494): CodeIgniter\CodeIgniter->runController()
 5 SYSTEMPATH/CodeIgniter.php(353): CodeIgniter\CodeIgniter->handleRequest()
 6 FCPATH/index.php(79): CodeIgniter\CodeIgniter->run()
CRITICAL - 2024-10-24 23:32:59 --> file_get_contents(https://api.tawk.to/v1/visitors): Failed to open stream: HTTP request failed! HTTP/1.1 404 Not Found

in APPPATH/Controllers/Home.php on line 62.
 1 [internal function]: CodeIgniter\Debug\Exceptions->errorHandler()
 2 APPPATH/Controllers/Home.php(62): file_get_contents()
 3 SYSTEMPATH/CodeIgniter.php(919): App\Controllers\Home->getLiveVisitors()
 4 SYSTEMPATH/CodeIgniter.php(494): CodeIgniter\CodeIgniter->runController()
 5 SYSTEMPATH/CodeIgniter.php(353): CodeIgniter\CodeIgniter->handleRequest()
 6 FCPATH/index.php(79): CodeIgniter\CodeIgniter->run()
CRITICAL - 2024-10-24 23:33:59 --> file_get_contents(https://api.tawk.to/v1/visitors): Failed to open stream: HTTP request failed! HTTP/1.1 404 Not Found

in APPPATH/Controllers/Home.php on line 62.
 1 [internal function]: CodeIgniter\Debug\Exceptions->errorHandler()
 2 APPPATH/Controllers/Home.php(62): file_get_contents()
 3 SYSTEMPATH/CodeIgniter.php(919): App\Controllers\Home->getLiveVisitors()
 4 SYSTEMPATH/CodeIgniter.php(494): CodeIgniter\CodeIgniter->runController()
 5 SYSTEMPATH/CodeIgniter.php(353): CodeIgniter\CodeIgniter->handleRequest()
 6 FCPATH/index.php(79): CodeIgniter\CodeIgniter->run()
CRITICAL - 2024-10-24 23:34:59 --> file_get_contents(https://api.tawk.to/v1/visitors): Failed to open stream: HTTP request failed! HTTP/1.1 404 Not Found

in APPPATH/Controllers/Home.php on line 62.
 1 [internal function]: CodeIgniter\Debug\Exceptions->errorHandler()
 2 APPPATH/Controllers/Home.php(62): file_get_contents()
 3 SYSTEMPATH/CodeIgniter.php(919): App\Controllers\Home->getLiveVisitors()
 4 SYSTEMPATH/CodeIgniter.php(494): CodeIgniter\CodeIgniter->runController()
 5 SYSTEMPATH/CodeIgniter.php(353): CodeIgniter\CodeIgniter->handleRequest()
 6 FCPATH/index.php(79): CodeIgniter\CodeIgniter->run()
CRITICAL - 2024-10-24 23:35:59 --> file_get_contents(https://api.tawk.to/v1/visitors): Failed to open stream: HTTP request failed! HTTP/1.1 404 Not Found

in APPPATH/Controllers/Home.php on line 62.
 1 [internal function]: CodeIgniter\Debug\Exceptions->errorHandler()
 2 APPPATH/Controllers/Home.php(62): file_get_contents()
 3 SYSTEMPATH/CodeIgniter.php(919): App\Controllers\Home->getLiveVisitors()
 4 SYSTEMPATH/CodeIgniter.php(494): CodeIgniter\CodeIgniter->runController()
 5 SYSTEMPATH/CodeIgniter.php(353): CodeIgniter\CodeIgniter->handleRequest()
 6 FCPATH/index.php(79): CodeIgniter\CodeIgniter->run()
CRITICAL - 2024-10-24 23:36:59 --> file_get_contents(https://api.tawk.to/v1/visitors): Failed to open stream: HTTP request failed! HTTP/1.1 404 Not Found

in APPPATH/Controllers/Home.php on line 62.
 1 [internal function]: CodeIgniter\Debug\Exceptions->errorHandler()
 2 APPPATH/Controllers/Home.php(62): file_get_contents()
 3 SYSTEMPATH/CodeIgniter.php(919): App\Controllers\Home->getLiveVisitors()
 4 SYSTEMPATH/CodeIgniter.php(494): CodeIgniter\CodeIgniter->runController()
 5 SYSTEMPATH/CodeIgniter.php(353): CodeIgniter\CodeIgniter->handleRequest()
 6 FCPATH/index.php(79): CodeIgniter\CodeIgniter->run()
CRITICAL - 2024-10-24 23:37:59 --> file_get_contents(https://api.tawk.to/v1/visitors): Failed to open stream: HTTP request failed! HTTP/1.1 404 Not Found

in APPPATH/Controllers/Home.php on line 62.
 1 [internal function]: CodeIgniter\Debug\Exceptions->errorHandler()
 2 APPPATH/Controllers/Home.php(62): file_get_contents()
 3 SYSTEMPATH/CodeIgniter.php(919): App\Controllers\Home->getLiveVisitors()
 4 SYSTEMPATH/CodeIgniter.php(494): CodeIgniter\CodeIgniter->runController()
 5 SYSTEMPATH/CodeIgniter.php(353): CodeIgniter\CodeIgniter->handleRequest()
 6 FCPATH/index.php(79): CodeIgniter\CodeIgniter->run()
CRITICAL - 2024-10-24 23:38:59 --> file_get_contents(https://api.tawk.to/v1/visitors): Failed to open stream: HTTP request failed! HTTP/1.1 404 Not Found

in APPPATH/Controllers/Home.php on line 62.
 1 [internal function]: CodeIgniter\Debug\Exceptions->errorHandler()
 2 APPPATH/Controllers/Home.php(62): file_get_contents()
 3 SYSTEMPATH/CodeIgniter.php(919): App\Controllers\Home->getLiveVisitors()
 4 SYSTEMPATH/CodeIgniter.php(494): CodeIgniter\CodeIgniter->runController()
 5 SYSTEMPATH/CodeIgniter.php(353): CodeIgniter\CodeIgniter->handleRequest()
 6 FCPATH/index.php(79): CodeIgniter\CodeIgniter->run()
CRITICAL - 2024-10-24 23:39:59 --> file_get_contents(https://api.tawk.to/v1/visitors): Failed to open stream: HTTP request failed! HTTP/1.1 404 Not Found

in APPPATH/Controllers/Home.php on line 62.
 1 [internal function]: CodeIgniter\Debug\Exceptions->errorHandler()
 2 APPPATH/Controllers/Home.php(62): file_get_contents()
 3 SYSTEMPATH/CodeIgniter.php(919): App\Controllers\Home->getLiveVisitors()
 4 SYSTEMPATH/CodeIgniter.php(494): CodeIgniter\CodeIgniter->runController()
 5 SYSTEMPATH/CodeIgniter.php(353): CodeIgniter\CodeIgniter->handleRequest()
 6 FCPATH/index.php(79): CodeIgniter\CodeIgniter->run()
CRITICAL - 2024-10-24 23:40:59 --> file_get_contents(https://api.tawk.to/v1/visitors): Failed to open stream: HTTP request failed! HTTP/1.1 404 Not Found

in APPPATH/Controllers/Home.php on line 62.
 1 [internal function]: CodeIgniter\Debug\Exceptions->errorHandler()
 2 APPPATH/Controllers/Home.php(62): file_get_contents()
 3 SYSTEMPATH/CodeIgniter.php(919): App\Controllers\Home->getLiveVisitors()
 4 SYSTEMPATH/CodeIgniter.php(494): CodeIgniter\CodeIgniter->runController()
 5 SYSTEMPATH/CodeIgniter.php(353): CodeIgniter\CodeIgniter->handleRequest()
 6 FCPATH/index.php(79): CodeIgniter\CodeIgniter->run()
CRITICAL - 2024-10-24 23:41:59 --> file_get_contents(https://api.tawk.to/v1/visitors): Failed to open stream: HTTP request failed! HTTP/1.1 404 Not Found

in APPPATH/Controllers/Home.php on line 62.
 1 [internal function]: CodeIgniter\Debug\Exceptions->errorHandler()
 2 APPPATH/Controllers/Home.php(62): file_get_contents()
 3 SYSTEMPATH/CodeIgniter.php(919): App\Controllers\Home->getLiveVisitors()
 4 SYSTEMPATH/CodeIgniter.php(494): CodeIgniter\CodeIgniter->runController()
 5 SYSTEMPATH/CodeIgniter.php(353): CodeIgniter\CodeIgniter->handleRequest()
 6 FCPATH/index.php(79): CodeIgniter\CodeIgniter->run()
CRITICAL - 2024-10-24 23:42:59 --> file_get_contents(https://api.tawk.to/v1/visitors): Failed to open stream: HTTP request failed! HTTP/1.1 404 Not Found

in APPPATH/Controllers/Home.php on line 62.
 1 [internal function]: CodeIgniter\Debug\Exceptions->errorHandler()
 2 APPPATH/Controllers/Home.php(62): file_get_contents()
 3 SYSTEMPATH/CodeIgniter.php(919): App\Controllers\Home->getLiveVisitors()
 4 SYSTEMPATH/CodeIgniter.php(494): CodeIgniter\CodeIgniter->runController()
 5 SYSTEMPATH/CodeIgniter.php(353): CodeIgniter\CodeIgniter->handleRequest()
 6 FCPATH/index.php(79): CodeIgniter\CodeIgniter->run()
CRITICAL - 2024-10-24 23:43:59 --> file_get_contents(https://api.tawk.to/v1/visitors): Failed to open stream: HTTP request failed! HTTP/1.1 404 Not Found

in APPPATH/Controllers/Home.php on line 62.
 1 [internal function]: CodeIgniter\Debug\Exceptions->errorHandler()
 2 APPPATH/Controllers/Home.php(62): file_get_contents()
 3 SYSTEMPATH/CodeIgniter.php(919): App\Controllers\Home->getLiveVisitors()
 4 SYSTEMPATH/CodeIgniter.php(494): CodeIgniter\CodeIgniter->runController()
 5 SYSTEMPATH/CodeIgniter.php(353): CodeIgniter\CodeIgniter->handleRequest()
 6 FCPATH/index.php(79): CodeIgniter\CodeIgniter->run()
CRITICAL - 2024-10-24 23:44:59 --> file_get_contents(https://api.tawk.to/v1/visitors): Failed to open stream: HTTP request failed! HTTP/1.1 404 Not Found

in APPPATH/Controllers/Home.php on line 62.
 1 [internal function]: CodeIgniter\Debug\Exceptions->errorHandler()
 2 APPPATH/Controllers/Home.php(62): file_get_contents()
 3 SYSTEMPATH/CodeIgniter.php(919): App\Controllers\Home->getLiveVisitors()
 4 SYSTEMPATH/CodeIgniter.php(494): CodeIgniter\CodeIgniter->runController()
 5 SYSTEMPATH/CodeIgniter.php(353): CodeIgniter\CodeIgniter->handleRequest()
 6 FCPATH/index.php(79): CodeIgniter\CodeIgniter->run()
CRITICAL - 2024-10-24 23:45:59 --> file_get_contents(https://api.tawk.to/v1/visitors): Failed to open stream: HTTP request failed! HTTP/1.1 404 Not Found

in APPPATH/Controllers/Home.php on line 62.
 1 [internal function]: CodeIgniter\Debug\Exceptions->errorHandler()
 2 APPPATH/Controllers/Home.php(62): file_get_contents()
 3 SYSTEMPATH/CodeIgniter.php(919): App\Controllers\Home->getLiveVisitors()
 4 SYSTEMPATH/CodeIgniter.php(494): CodeIgniter\CodeIgniter->runController()
 5 SYSTEMPATH/CodeIgniter.php(353): CodeIgniter\CodeIgniter->handleRequest()
 6 FCPATH/index.php(79): CodeIgniter\CodeIgniter->run()
CRITICAL - 2024-10-24 23:46:59 --> file_get_contents(https://api.tawk.to/v1/visitors): Failed to open stream: HTTP request failed! HTTP/1.1 404 Not Found

in APPPATH/Controllers/Home.php on line 62.
 1 [internal function]: CodeIgniter\Debug\Exceptions->errorHandler()
 2 APPPATH/Controllers/Home.php(62): file_get_contents()
 3 SYSTEMPATH/CodeIgniter.php(919): App\Controllers\Home->getLiveVisitors()
 4 SYSTEMPATH/CodeIgniter.php(494): CodeIgniter\CodeIgniter->runController()
 5 SYSTEMPATH/CodeIgniter.php(353): CodeIgniter\CodeIgniter->handleRequest()
 6 FCPATH/index.php(79): CodeIgniter\CodeIgniter->run()
CRITICAL - 2024-10-24 23:47:59 --> file_get_contents(https://api.tawk.to/v1/visitors): Failed to open stream: HTTP request failed! HTTP/1.1 404 Not Found

in APPPATH/Controllers/Home.php on line 62.
 1 [internal function]: CodeIgniter\Debug\Exceptions->errorHandler()
 2 APPPATH/Controllers/Home.php(62): file_get_contents()
 3 SYSTEMPATH/CodeIgniter.php(919): App\Controllers\Home->getLiveVisitors()
 4 SYSTEMPATH/CodeIgniter.php(494): CodeIgniter\CodeIgniter->runController()
 5 SYSTEMPATH/CodeIgniter.php(353): CodeIgniter\CodeIgniter->handleRequest()
 6 FCPATH/index.php(79): CodeIgniter\CodeIgniter->run()
CRITICAL - 2024-10-24 23:48:59 --> file_get_contents(https://api.tawk.to/v1/visitors): Failed to open stream: HTTP request failed! HTTP/1.1 404 Not Found

in APPPATH/Controllers/Home.php on line 62.
 1 [internal function]: CodeIgniter\Debug\Exceptions->errorHandler()
 2 APPPATH/Controllers/Home.php(62): file_get_contents()
 3 SYSTEMPATH/CodeIgniter.php(919): App\Controllers\Home->getLiveVisitors()
 4 SYSTEMPATH/CodeIgniter.php(494): CodeIgniter\CodeIgniter->runController()
 5 SYSTEMPATH/CodeIgniter.php(353): CodeIgniter\CodeIgniter->handleRequest()
 6 FCPATH/index.php(79): CodeIgniter\CodeIgniter->run()
CRITICAL - 2024-10-24 23:49:59 --> file_get_contents(https://api.tawk.to/v1/visitors): Failed to open stream: HTTP request failed! HTTP/1.1 404 Not Found

in APPPATH/Controllers/Home.php on line 62.
 1 [internal function]: CodeIgniter\Debug\Exceptions->errorHandler()
 2 APPPATH/Controllers/Home.php(62): file_get_contents()
 3 SYSTEMPATH/CodeIgniter.php(919): App\Controllers\Home->getLiveVisitors()
 4 SYSTEMPATH/CodeIgniter.php(494): CodeIgniter\CodeIgniter->runController()
 5 SYSTEMPATH/CodeIgniter.php(353): CodeIgniter\CodeIgniter->handleRequest()
 6 FCPATH/index.php(79): CodeIgniter\CodeIgniter->run()
CRITICAL - 2024-10-24 23:50:59 --> file_get_contents(https://api.tawk.to/v1/visitors): Failed to open stream: HTTP request failed! HTTP/1.1 404 Not Found

in APPPATH/Controllers/Home.php on line 62.
 1 [internal function]: CodeIgniter\Debug\Exceptions->errorHandler()
 2 APPPATH/Controllers/Home.php(62): file_get_contents()
 3 SYSTEMPATH/CodeIgniter.php(919): App\Controllers\Home->getLiveVisitors()
 4 SYSTEMPATH/CodeIgniter.php(494): CodeIgniter\CodeIgniter->runController()
 5 SYSTEMPATH/CodeIgniter.php(353): CodeIgniter\CodeIgniter->handleRequest()
 6 FCPATH/index.php(79): CodeIgniter\CodeIgniter->run()
CRITICAL - 2024-10-24 23:51:59 --> file_get_contents(https://api.tawk.to/v1/visitors): Failed to open stream: HTTP request failed! HTTP/1.1 404 Not Found

in APPPATH/Controllers/Home.php on line 62.
 1 [internal function]: CodeIgniter\Debug\Exceptions->errorHandler()
 2 APPPATH/Controllers/Home.php(62): file_get_contents()
 3 SYSTEMPATH/CodeIgniter.php(919): App\Controllers\Home->getLiveVisitors()
 4 SYSTEMPATH/CodeIgniter.php(494): CodeIgniter\CodeIgniter->runController()
 5 SYSTEMPATH/CodeIgniter.php(353): CodeIgniter\CodeIgniter->handleRequest()
 6 FCPATH/index.php(79): CodeIgniter\CodeIgniter->run()
CRITICAL - 2024-10-24 23:52:59 --> file_get_contents(https://api.tawk.to/v1/visitors): Failed to open stream: HTTP request failed! HTTP/1.1 404 Not Found

in APPPATH/Controllers/Home.php on line 62.
 1 [internal function]: CodeIgniter\Debug\Exceptions->errorHandler()
 2 APPPATH/Controllers/Home.php(62): file_get_contents()
 3 SYSTEMPATH/CodeIgniter.php(919): App\Controllers\Home->getLiveVisitors()
 4 SYSTEMPATH/CodeIgniter.php(494): CodeIgniter\CodeIgniter->runController()
 5 SYSTEMPATH/CodeIgniter.php(353): CodeIgniter\CodeIgniter->handleRequest()
 6 FCPATH/index.php(79): CodeIgniter\CodeIgniter->run()
CRITICAL - 2024-10-24 23:53:59 --> file_get_contents(https://api.tawk.to/v1/visitors): Failed to open stream: HTTP request failed! HTTP/1.1 404 Not Found

in APPPATH/Controllers/Home.php on line 62.
 1 [internal function]: CodeIgniter\Debug\Exceptions->errorHandler()
 2 APPPATH/Controllers/Home.php(62): file_get_contents()
 3 SYSTEMPATH/CodeIgniter.php(919): App\Controllers\Home->getLiveVisitors()
 4 SYSTEMPATH/CodeIgniter.php(494): CodeIgniter\CodeIgniter->runController()
 5 SYSTEMPATH/CodeIgniter.php(353): CodeIgniter\CodeIgniter->handleRequest()
 6 FCPATH/index.php(79): CodeIgniter\CodeIgniter->run()
CRITICAL - 2024-10-24 23:54:59 --> file_get_contents(https://api.tawk.to/v1/visitors): Failed to open stream: HTTP request failed! HTTP/1.1 404 Not Found

in APPPATH/Controllers/Home.php on line 62.
 1 [internal function]: CodeIgniter\Debug\Exceptions->errorHandler()
 2 APPPATH/Controllers/Home.php(62): file_get_contents()
 3 SYSTEMPATH/CodeIgniter.php(919): App\Controllers\Home->getLiveVisitors()
 4 SYSTEMPATH/CodeIgniter.php(494): CodeIgniter\CodeIgniter->runController()
 5 SYSTEMPATH/CodeIgniter.php(353): CodeIgniter\CodeIgniter->handleRequest()
 6 FCPATH/index.php(79): CodeIgniter\CodeIgniter->run()
CRITICAL - 2024-10-24 23:55:59 --> file_get_contents(https://api.tawk.to/v1/visitors): Failed to open stream: HTTP request failed! HTTP/1.1 404 Not Found

in APPPATH/Controllers/Home.php on line 62.
 1 [internal function]: CodeIgniter\Debug\Exceptions->errorHandler()
 2 APPPATH/Controllers/Home.php(62): file_get_contents()
 3 SYSTEMPATH/CodeIgniter.php(919): App\Controllers\Home->getLiveVisitors()
 4 SYSTEMPATH/CodeIgniter.php(494): CodeIgniter\CodeIgniter->runController()
 5 SYSTEMPATH/CodeIgniter.php(353): CodeIgniter\CodeIgniter->handleRequest()
 6 FCPATH/index.php(79): CodeIgniter\CodeIgniter->run()
CRITICAL - 2024-10-24 23:56:59 --> file_get_contents(https://api.tawk.to/v1/visitors): Failed to open stream: HTTP request failed! HTTP/1.1 404 Not Found

in APPPATH/Controllers/Home.php on line 62.
 1 [internal function]: CodeIgniter\Debug\Exceptions->errorHandler()
 2 APPPATH/Controllers/Home.php(62): file_get_contents()
 3 SYSTEMPATH/CodeIgniter.php(919): App\Controllers\Home->getLiveVisitors()
 4 SYSTEMPATH/CodeIgniter.php(494): CodeIgniter\CodeIgniter->runController()
 5 SYSTEMPATH/CodeIgniter.php(353): CodeIgniter\CodeIgniter->handleRequest()
 6 FCPATH/index.php(79): CodeIgniter\CodeIgniter->run()
CRITICAL - 2024-10-24 23:57:59 --> file_get_contents(https://api.tawk.to/v1/visitors): Failed to open stream: HTTP request failed! HTTP/1.1 404 Not Found

in APPPATH/Controllers/Home.php on line 62.
 1 [internal function]: CodeIgniter\Debug\Exceptions->errorHandler()
 2 APPPATH/Controllers/Home.php(62): file_get_contents()
 3 SYSTEMPATH/CodeIgniter.php(919): App\Controllers\Home->getLiveVisitors()
 4 SYSTEMPATH/CodeIgniter.php(494): CodeIgniter\CodeIgniter->runController()
 5 SYSTEMPATH/CodeIgniter.php(353): CodeIgniter\CodeIgniter->handleRequest()
 6 FCPATH/index.php(79): CodeIgniter\CodeIgniter->run()
CRITICAL - 2024-10-24 23:58:59 --> file_get_contents(https://api.tawk.to/v1/visitors): Failed to open stream: HTTP request failed! HTTP/1.1 404 Not Found

in APPPATH/Controllers/Home.php on line 62.
 1 [internal function]: CodeIgniter\Debug\Exceptions->errorHandler()
 2 APPPATH/Controllers/Home.php(62): file_get_contents()
 3 SYSTEMPATH/CodeIgniter.php(919): App\Controllers\Home->getLiveVisitors()
 4 SYSTEMPATH/CodeIgniter.php(494): CodeIgniter\CodeIgniter->runController()
 5 SYSTEMPATH/CodeIgniter.php(353): CodeIgniter\CodeIgniter->handleRequest()
 6 FCPATH/index.php(79): CodeIgniter\CodeIgniter->run()
CRITICAL - 2024-10-24 23:59:59 --> file_get_contents(https://api.tawk.to/v1/visitors): Failed to open stream: HTTP request failed! HTTP/1.1 404 Not Found

in APPPATH/Controllers/Home.php on line 62.
 1 [internal function]: CodeIgniter\Debug\Exceptions->errorHandler()
 2 APPPATH/Controllers/Home.php(62): file_get_contents()
 3 SYSTEMPATH/CodeIgniter.php(919): App\Controllers\Home->getLiveVisitors()
 4 SYSTEMPATH/CodeIgniter.php(494): CodeIgniter\CodeIgniter->runController()
 5 SYSTEMPATH/CodeIgniter.php(353): CodeIgniter\CodeIgniter->handleRequest()
 6 FCPATH/index.php(79): CodeIgniter\CodeIgniter->run()
