CRITICAL - 2024-10-29 00:00:51 --> Undefined array key "subject"
in APPPATH\Views\schedule\index.php on line 289.
 1 APPPATH\Views\schedule\index.php(289): CodeIgniter\Debug\Exceptions->errorHandler(2, 'Undefined array key "subject"', 'C:\\laragon\\www\\Colegio_de_PuertoGalera\\app\\Views\\schedule\\index.php', 289)
 2 SYSTEMPATH\View\View.php(226): include('C:\\laragon\\www\\Colegio_de_PuertoGalera\\app\\Views\\schedule\\index.php')
 3 SYSTEMPATH\View\View.php(229): CodeIgniter\View\View->CodeIgniter\View\{closure}()
 4 SYSTEMPATH\Common.php(1188): CodeIgniter\View\View->render('schedule/index', [], true)
 5 APPPATH\Controllers\ScheduleController.php(35): view('schedule/index', [...])
 6 SYSTEMPATH\CodeIgniter.php(919): App\Controllers\ScheduleController->index()
 7 SYSTEMPATH\CodeIgniter.php(494): CodeIgniter\CodeIgniter->runController(Object(App\Controllers\ScheduleController))
 8 SYSTEMPATH\CodeIgniter.php(353): CodeIgniter\CodeIgniter->handleRequest(null, Object(Config\Cache), false)
 9 FCPATH\index.php(79): CodeIgniter\CodeIgniter->run()
10 SYSTEMPATH\Commands\Server\rewrite.php(47): require_once('C:\\laragon\\www\\Colegio_de_PuertoGalera\\public\\index.php')
CRITICAL - 2024-10-29 00:02:06 --> Undefined array key "title"
in APPPATH\Views\schedule\index.php on line 171.
 1 APPPATH\Views\schedule\index.php(171): CodeIgniter\Debug\Exceptions->errorHandler(2, 'Undefined array key "title"', 'C:\\laragon\\www\\Colegio_de_PuertoGalera\\app\\Views\\schedule\\index.php', 171)
 2 SYSTEMPATH\View\View.php(226): include('C:\\laragon\\www\\Colegio_de_PuertoGalera\\app\\Views\\schedule\\index.php')
 3 SYSTEMPATH\View\View.php(229): CodeIgniter\View\View->CodeIgniter\View\{closure}()
 4 SYSTEMPATH\Common.php(1188): CodeIgniter\View\View->render('schedule/index', [], true)
 5 APPPATH\Controllers\ScheduleController.php(35): view('schedule/index', [...])
 6 SYSTEMPATH\CodeIgniter.php(919): App\Controllers\ScheduleController->index()
 7 SYSTEMPATH\CodeIgniter.php(494): CodeIgniter\CodeIgniter->runController(Object(App\Controllers\ScheduleController))
 8 SYSTEMPATH\CodeIgniter.php(353): CodeIgniter\CodeIgniter->handleRequest(null, Object(Config\Cache), false)
 9 FCPATH\index.php(79): CodeIgniter\CodeIgniter->run()
10 SYSTEMPATH\Commands\Server\rewrite.php(47): require_once('C:\\laragon\\www\\Colegio_de_PuertoGalera\\public\\index.php')
CRITICAL - 2024-10-29 00:04:03 --> Undefined array key "subjects"
in APPPATH\Views\schedule\index.php on line 289.
 1 APPPATH\Views\schedule\index.php(289): CodeIgniter\Debug\Exceptions->errorHandler(2, 'Undefined array key "subjects"', 'C:\\laragon\\www\\Colegio_de_PuertoGalera\\app\\Views\\schedule\\index.php', 289)
 2 SYSTEMPATH\View\View.php(226): include('C:\\laragon\\www\\Colegio_de_PuertoGalera\\app\\Views\\schedule\\index.php')
 3 SYSTEMPATH\View\View.php(229): CodeIgniter\View\View->CodeIgniter\View\{closure}()
 4 SYSTEMPATH\Common.php(1188): CodeIgniter\View\View->render('schedule/index', [], true)
 5 APPPATH\Controllers\ScheduleController.php(35): view('schedule/index', [...])
 6 SYSTEMPATH\CodeIgniter.php(919): App\Controllers\ScheduleController->index()
 7 SYSTEMPATH\CodeIgniter.php(494): CodeIgniter\CodeIgniter->runController(Object(App\Controllers\ScheduleController))
 8 SYSTEMPATH\CodeIgniter.php(353): CodeIgniter\CodeIgniter->handleRequest(null, Object(Config\Cache), false)
 9 FCPATH\index.php(79): CodeIgniter\CodeIgniter->run()
10 SYSTEMPATH\Commands\Server\rewrite.php(47): require_once('C:\\laragon\\www\\Colegio_de_PuertoGalera\\public\\index.php')
CRITICAL - 2024-10-29 00:08:22 --> Undefined array key "subject"
in APPPATH\Views\schedule\index.php on line 290.
 1 APPPATH\Views\schedule\index.php(290): CodeIgniter\Debug\Exceptions->errorHandler(2, 'Undefined array key "subject"', 'C:\\laragon\\www\\Colegio_de_PuertoGalera\\app\\Views\\schedule\\index.php', 290)
 2 SYSTEMPATH\View\View.php(226): include('C:\\laragon\\www\\Colegio_de_PuertoGalera\\app\\Views\\schedule\\index.php')
 3 SYSTEMPATH\View\View.php(229): CodeIgniter\View\View->CodeIgniter\View\{closure}()
 4 SYSTEMPATH\Common.php(1188): CodeIgniter\View\View->render('schedule/index', [], true)
 5 APPPATH\Controllers\ScheduleController.php(35): view('schedule/index', [...])
 6 SYSTEMPATH\CodeIgniter.php(919): App\Controllers\ScheduleController->index()
 7 SYSTEMPATH\CodeIgniter.php(494): CodeIgniter\CodeIgniter->runController(Object(App\Controllers\ScheduleController))
 8 SYSTEMPATH\CodeIgniter.php(353): CodeIgniter\CodeIgniter->handleRequest(null, Object(Config\Cache), false)
 9 FCPATH\index.php(79): CodeIgniter\CodeIgniter->run()
10 SYSTEMPATH\Commands\Server\rewrite.php(47): require_once('C:\\laragon\\www\\Colegio_de_PuertoGalera\\public\\index.php')
CRITICAL - 2024-10-29 00:08:29 --> Undefined array key "subjects"
in APPPATH\Views\schedule\index.php on line 290.
 1 APPPATH\Views\schedule\index.php(290): CodeIgniter\Debug\Exceptions->errorHandler(2, 'Undefined array key "subjects"', 'C:\\laragon\\www\\Colegio_de_PuertoGalera\\app\\Views\\schedule\\index.php', 290)
 2 SYSTEMPATH\View\View.php(226): include('C:\\laragon\\www\\Colegio_de_PuertoGalera\\app\\Views\\schedule\\index.php')
 3 SYSTEMPATH\View\View.php(229): CodeIgniter\View\View->CodeIgniter\View\{closure}()
 4 SYSTEMPATH\Common.php(1188): CodeIgniter\View\View->render('schedule/index', [], true)
 5 APPPATH\Controllers\ScheduleController.php(35): view('schedule/index', [...])
 6 SYSTEMPATH\CodeIgniter.php(919): App\Controllers\ScheduleController->index()
 7 SYSTEMPATH\CodeIgniter.php(494): CodeIgniter\CodeIgniter->runController(Object(App\Controllers\ScheduleController))
 8 SYSTEMPATH\CodeIgniter.php(353): CodeIgniter\CodeIgniter->handleRequest(null, Object(Config\Cache), false)
 9 FCPATH\index.php(79): CodeIgniter\CodeIgniter->run()
10 SYSTEMPATH\Commands\Server\rewrite.php(47): require_once('C:\\laragon\\www\\Colegio_de_PuertoGalera\\public\\index.php')
CRITICAL - 2024-10-29 00:16:42 --> Undefined array key "name"
in APPPATH\Views\schedule\index.php on line 330.
 1 APPPATH\Views\schedule\index.php(330): CodeIgniter\Debug\Exceptions->errorHandler(2, 'Undefined array key "name"', 'C:\\laragon\\www\\Colegio_de_PuertoGalera\\app\\Views\\schedule\\index.php', 330)
 2 SYSTEMPATH\View\View.php(226): include('C:\\laragon\\www\\Colegio_de_PuertoGalera\\app\\Views\\schedule\\index.php')
 3 SYSTEMPATH\View\View.php(229): CodeIgniter\View\View->CodeIgniter\View\{closure}()
 4 SYSTEMPATH\Common.php(1188): CodeIgniter\View\View->render('schedule/index', [], true)
 5 APPPATH\Controllers\ScheduleController.php(35): view('schedule/index', [...])
 6 SYSTEMPATH\CodeIgniter.php(919): App\Controllers\ScheduleController->index()
 7 SYSTEMPATH\CodeIgniter.php(494): CodeIgniter\CodeIgniter->runController(Object(App\Controllers\ScheduleController))
 8 SYSTEMPATH\CodeIgniter.php(353): CodeIgniter\CodeIgniter->handleRequest(null, Object(Config\Cache), false)
 9 FCPATH\index.php(79): CodeIgniter\CodeIgniter->run()
10 SYSTEMPATH\Commands\Server\rewrite.php(47): require_once('C:\\laragon\\www\\Colegio_de_PuertoGalera\\public\\index.php')
CRITICAL - 2024-10-29 00:22:03 --> Undefined array key "subject_id"
in APPPATH\Views\schedule\index.php on line 341.
 1 APPPATH\Views\schedule\index.php(341): CodeIgniter\Debug\Exceptions->errorHandler(2, 'Undefined array key "subject_id"', 'C:\\laragon\\www\\Colegio_de_PuertoGalera\\app\\Views\\schedule\\index.php', 341)
 2 SYSTEMPATH\View\View.php(226): include('C:\\laragon\\www\\Colegio_de_PuertoGalera\\app\\Views\\schedule\\index.php')
 3 SYSTEMPATH\View\View.php(229): CodeIgniter\View\View->CodeIgniter\View\{closure}()
 4 SYSTEMPATH\Common.php(1188): CodeIgniter\View\View->render('schedule/index', [], true)
 5 APPPATH\Controllers\ScheduleController.php(35): view('schedule/index', [...])
 6 SYSTEMPATH\CodeIgniter.php(919): App\Controllers\ScheduleController->index()
 7 SYSTEMPATH\CodeIgniter.php(494): CodeIgniter\CodeIgniter->runController(Object(App\Controllers\ScheduleController))
 8 SYSTEMPATH\CodeIgniter.php(353): CodeIgniter\CodeIgniter->handleRequest(null, Object(Config\Cache), false)
 9 FCPATH\index.php(79): CodeIgniter\CodeIgniter->run()
10 SYSTEMPATH\Commands\Server\rewrite.php(47): require_once('C:\\laragon\\www\\Colegio_de_PuertoGalera\\public\\index.php')
CRITICAL - 2024-10-29 00:23:49 --> Undefined array key "subject_id"
in APPPATH\Views\schedule\index.php on line 341.
 1 APPPATH\Views\schedule\index.php(341): CodeIgniter\Debug\Exceptions->errorHandler(2, 'Undefined array key "subject_id"', 'C:\\laragon\\www\\Colegio_de_PuertoGalera\\app\\Views\\schedule\\index.php', 341)
 2 SYSTEMPATH\View\View.php(226): include('C:\\laragon\\www\\Colegio_de_PuertoGalera\\app\\Views\\schedule\\index.php')
 3 SYSTEMPATH\View\View.php(229): CodeIgniter\View\View->CodeIgniter\View\{closure}()
 4 SYSTEMPATH\Common.php(1188): CodeIgniter\View\View->render('schedule/index', [], true)
 5 APPPATH\Controllers\ScheduleController.php(35): view('schedule/index', [...])
 6 SYSTEMPATH\CodeIgniter.php(919): App\Controllers\ScheduleController->index()
 7 SYSTEMPATH\CodeIgniter.php(494): CodeIgniter\CodeIgniter->runController(Object(App\Controllers\ScheduleController))
 8 SYSTEMPATH\CodeIgniter.php(353): CodeIgniter\CodeIgniter->handleRequest(null, Object(Config\Cache), false)
 9 FCPATH\index.php(79): CodeIgniter\CodeIgniter->run()
10 SYSTEMPATH\Commands\Server\rewrite.php(47): require_once('C:\\laragon\\www\\Colegio_de_PuertoGalera\\public\\index.php')
CRITICAL - 2024-10-29 00:23:50 --> Undefined array key "subject_id"
in APPPATH\Views\schedule\index.php on line 341.
 1 APPPATH\Views\schedule\index.php(341): CodeIgniter\Debug\Exceptions->errorHandler(2, 'Undefined array key "subject_id"', 'C:\\laragon\\www\\Colegio_de_PuertoGalera\\app\\Views\\schedule\\index.php', 341)
 2 SYSTEMPATH\View\View.php(226): include('C:\\laragon\\www\\Colegio_de_PuertoGalera\\app\\Views\\schedule\\index.php')
 3 SYSTEMPATH\View\View.php(229): CodeIgniter\View\View->CodeIgniter\View\{closure}()
 4 SYSTEMPATH\Common.php(1188): CodeIgniter\View\View->render('schedule/index', [], true)
 5 APPPATH\Controllers\ScheduleController.php(35): view('schedule/index', [...])
 6 SYSTEMPATH\CodeIgniter.php(919): App\Controllers\ScheduleController->index()
 7 SYSTEMPATH\CodeIgniter.php(494): CodeIgniter\CodeIgniter->runController(Object(App\Controllers\ScheduleController))
 8 SYSTEMPATH\CodeIgniter.php(353): CodeIgniter\CodeIgniter->handleRequest(null, Object(Config\Cache), false)
 9 FCPATH\index.php(79): CodeIgniter\CodeIgniter->run()
10 SYSTEMPATH\Commands\Server\rewrite.php(47): require_once('C:\\laragon\\www\\Colegio_de_PuertoGalera\\public\\index.php')
CRITICAL - 2024-10-29 00:24:08 --> Undefined array key "subject_id"
in APPPATH\Views\schedule\index.php on line 341.
 1 APPPATH\Views\schedule\index.php(341): CodeIgniter\Debug\Exceptions->errorHandler(2, 'Undefined array key "subject_id"', 'C:\\laragon\\www\\Colegio_de_PuertoGalera\\app\\Views\\schedule\\index.php', 341)
 2 SYSTEMPATH\View\View.php(226): include('C:\\laragon\\www\\Colegio_de_PuertoGalera\\app\\Views\\schedule\\index.php')
 3 SYSTEMPATH\View\View.php(229): CodeIgniter\View\View->CodeIgniter\View\{closure}()
 4 SYSTEMPATH\Common.php(1188): CodeIgniter\View\View->render('schedule/index', [], true)
 5 APPPATH\Controllers\ScheduleController.php(35): view('schedule/index', [...])
 6 SYSTEMPATH\CodeIgniter.php(919): App\Controllers\ScheduleController->index()
 7 SYSTEMPATH\CodeIgniter.php(494): CodeIgniter\CodeIgniter->runController(Object(App\Controllers\ScheduleController))
 8 SYSTEMPATH\CodeIgniter.php(353): CodeIgniter\CodeIgniter->handleRequest(null, Object(Config\Cache), false)
 9 FCPATH\index.php(79): CodeIgniter\CodeIgniter->run()
10 SYSTEMPATH\Commands\Server\rewrite.php(47): require_once('C:\\laragon\\www\\Colegio_de_PuertoGalera\\public\\index.php')
CRITICAL - 2024-10-29 00:24:09 --> Undefined array key "subject_id"
in APPPATH\Views\schedule\index.php on line 341.
 1 APPPATH\Views\schedule\index.php(341): CodeIgniter\Debug\Exceptions->errorHandler(2, 'Undefined array key "subject_id"', 'C:\\laragon\\www\\Colegio_de_PuertoGalera\\app\\Views\\schedule\\index.php', 341)
 2 SYSTEMPATH\View\View.php(226): include('C:\\laragon\\www\\Colegio_de_PuertoGalera\\app\\Views\\schedule\\index.php')
 3 SYSTEMPATH\View\View.php(229): CodeIgniter\View\View->CodeIgniter\View\{closure}()
 4 SYSTEMPATH\Common.php(1188): CodeIgniter\View\View->render('schedule/index', [], true)
 5 APPPATH\Controllers\ScheduleController.php(35): view('schedule/index', [...])
 6 SYSTEMPATH\CodeIgniter.php(919): App\Controllers\ScheduleController->index()
 7 SYSTEMPATH\CodeIgniter.php(494): CodeIgniter\CodeIgniter->runController(Object(App\Controllers\ScheduleController))
 8 SYSTEMPATH\CodeIgniter.php(353): CodeIgniter\CodeIgniter->handleRequest(null, Object(Config\Cache), false)
 9 FCPATH\index.php(79): CodeIgniter\CodeIgniter->run()
10 SYSTEMPATH\Commands\Server\rewrite.php(47): require_once('C:\\laragon\\www\\Colegio_de_PuertoGalera\\public\\index.php')
CRITICAL - 2024-10-29 00:24:10 --> Undefined array key "subject_id"
in APPPATH\Views\schedule\index.php on line 341.
 1 APPPATH\Views\schedule\index.php(341): CodeIgniter\Debug\Exceptions->errorHandler(2, 'Undefined array key "subject_id"', 'C:\\laragon\\www\\Colegio_de_PuertoGalera\\app\\Views\\schedule\\index.php', 341)
 2 SYSTEMPATH\View\View.php(226): include('C:\\laragon\\www\\Colegio_de_PuertoGalera\\app\\Views\\schedule\\index.php')
 3 SYSTEMPATH\View\View.php(229): CodeIgniter\View\View->CodeIgniter\View\{closure}()
 4 SYSTEMPATH\Common.php(1188): CodeIgniter\View\View->render('schedule/index', [], true)
 5 APPPATH\Controllers\ScheduleController.php(35): view('schedule/index', [...])
 6 SYSTEMPATH\CodeIgniter.php(919): App\Controllers\ScheduleController->index()
 7 SYSTEMPATH\CodeIgniter.php(494): CodeIgniter\CodeIgniter->runController(Object(App\Controllers\ScheduleController))
 8 SYSTEMPATH\CodeIgniter.php(353): CodeIgniter\CodeIgniter->handleRequest(null, Object(Config\Cache), false)
 9 FCPATH\index.php(79): CodeIgniter\CodeIgniter->run()
10 SYSTEMPATH\Commands\Server\rewrite.php(47): require_once('C:\\laragon\\www\\Colegio_de_PuertoGalera\\public\\index.php')
CRITICAL - 2024-10-29 00:46:20 --> Undefined variable $subject
in APPPATH\Views\admin\facultyscheduledetails.php on line 157.
 1 APPPATH\Views\admin\facultyscheduledetails.php(157): CodeIgniter\Debug\Exceptions->errorHandler(2, 'Undefined variable $subject', 'C:\\laragon\\www\\Colegio_de_PuertoGalera\\app\\Views\\admin\\facultyscheduledetails.php', 157)
 2 SYSTEMPATH\View\View.php(226): include('C:\\laragon\\www\\Colegio_de_PuertoGalera\\app\\Views\\admin\\facultyscheduledetails.php')
 3 SYSTEMPATH\View\View.php(229): CodeIgniter\View\View->CodeIgniter\View\{closure}()
 4 SYSTEMPATH\Common.php(1188): CodeIgniter\View\View->render('admin/facultyscheduledetails', [], true)
 5 APPPATH\Controllers\FacultyController.php(100): view('admin/facultyscheduledetails', [...])
 6 SYSTEMPATH\CodeIgniter.php(919): App\Controllers\FacultyController->details('3')
 7 SYSTEMPATH\CodeIgniter.php(494): CodeIgniter\CodeIgniter->runController(Object(App\Controllers\FacultyController))
 8 SYSTEMPATH\CodeIgniter.php(353): CodeIgniter\CodeIgniter->handleRequest(null, Object(Config\Cache), false)
 9 FCPATH\index.php(79): CodeIgniter\CodeIgniter->run()
10 SYSTEMPATH\Commands\Server\rewrite.php(47): require_once('C:\\laragon\\www\\Colegio_de_PuertoGalera\\public\\index.php')
CRITICAL - 2024-10-29 00:47:53 --> Undefined variable $subjects
in APPPATH\Views\admin\facultyscheduledetails.php on line 172.
 1 APPPATH\Views\admin\facultyscheduledetails.php(172): CodeIgniter\Debug\Exceptions->errorHandler(2, 'Undefined variable $subjects', 'C:\\laragon\\www\\Colegio_de_PuertoGalera\\app\\Views\\admin\\facultyscheduledetails.php', 172)
 2 SYSTEMPATH\View\View.php(226): include('C:\\laragon\\www\\Colegio_de_PuertoGalera\\app\\Views\\admin\\facultyscheduledetails.php')
 3 SYSTEMPATH\View\View.php(229): CodeIgniter\View\View->CodeIgniter\View\{closure}()
 4 SYSTEMPATH\Common.php(1188): CodeIgniter\View\View->render('admin/facultyscheduledetails', [], true)
 5 APPPATH\Controllers\FacultyController.php(100): view('admin/facultyscheduledetails', [...])
 6 SYSTEMPATH\CodeIgniter.php(919): App\Controllers\FacultyController->details('3')
 7 SYSTEMPATH\CodeIgniter.php(494): CodeIgniter\CodeIgniter->runController(Object(App\Controllers\FacultyController))
 8 SYSTEMPATH\CodeIgniter.php(353): CodeIgniter\CodeIgniter->handleRequest(null, Object(Config\Cache), false)
 9 FCPATH\index.php(79): CodeIgniter\CodeIgniter->run()
10 SYSTEMPATH\Commands\Server\rewrite.php(47): require_once('C:\\laragon\\www\\Colegio_de_PuertoGalera\\public\\index.php')
CRITICAL - 2024-10-29 00:47:56 --> Undefined variable $subjects
in APPPATH\Views\admin\facultyscheduledetails.php on line 172.
 1 APPPATH\Views\admin\facultyscheduledetails.php(172): CodeIgniter\Debug\Exceptions->errorHandler(2, 'Undefined variable $subjects', 'C:\\laragon\\www\\Colegio_de_PuertoGalera\\app\\Views\\admin\\facultyscheduledetails.php', 172)
 2 SYSTEMPATH\View\View.php(226): include('C:\\laragon\\www\\Colegio_de_PuertoGalera\\app\\Views\\admin\\facultyscheduledetails.php')
 3 SYSTEMPATH\View\View.php(229): CodeIgniter\View\View->CodeIgniter\View\{closure}()
 4 SYSTEMPATH\Common.php(1188): CodeIgniter\View\View->render('admin/facultyscheduledetails', [], true)
 5 APPPATH\Controllers\FacultyController.php(100): view('admin/facultyscheduledetails', [...])
 6 SYSTEMPATH\CodeIgniter.php(919): App\Controllers\FacultyController->details('3')
 7 SYSTEMPATH\CodeIgniter.php(494): CodeIgniter\CodeIgniter->runController(Object(App\Controllers\FacultyController))
 8 SYSTEMPATH\CodeIgniter.php(353): CodeIgniter\CodeIgniter->handleRequest(null, Object(Config\Cache), false)
 9 FCPATH\index.php(79): CodeIgniter\CodeIgniter->run()
10 SYSTEMPATH\Commands\Server\rewrite.php(47): require_once('C:\\laragon\\www\\Colegio_de_PuertoGalera\\public\\index.php')
CRITICAL - 2024-10-29 00:48:53 --> Undefined variable $subjects
in APPPATH\Views\admin\facultyscheduledetails.php on line 172.
 1 APPPATH\Views\admin\facultyscheduledetails.php(172): CodeIgniter\Debug\Exceptions->errorHandler(2, 'Undefined variable $subjects', 'C:\\laragon\\www\\Colegio_de_PuertoGalera\\app\\Views\\admin\\facultyscheduledetails.php', 172)
 2 SYSTEMPATH\View\View.php(226): include('C:\\laragon\\www\\Colegio_de_PuertoGalera\\app\\Views\\admin\\facultyscheduledetails.php')
 3 SYSTEMPATH\View\View.php(229): CodeIgniter\View\View->CodeIgniter\View\{closure}()
 4 SYSTEMPATH\Common.php(1188): CodeIgniter\View\View->render('admin/facultyscheduledetails', [], true)
 5 APPPATH\Controllers\FacultyController.php(100): view('admin/facultyscheduledetails', [...])
 6 SYSTEMPATH\CodeIgniter.php(919): App\Controllers\FacultyController->details('3')
 7 SYSTEMPATH\CodeIgniter.php(494): CodeIgniter\CodeIgniter->runController(Object(App\Controllers\FacultyController))
 8 SYSTEMPATH\CodeIgniter.php(353): CodeIgniter\CodeIgniter->handleRequest(null, Object(Config\Cache), false)
 9 FCPATH\index.php(79): CodeIgniter\CodeIgniter->run()
10 SYSTEMPATH\Commands\Server\rewrite.php(47): require_once('C:\\laragon\\www\\Colegio_de_PuertoGalera\\public\\index.php')
CRITICAL - 2024-10-29 00:49:53 --> Undefined variable $subject
in APPPATH\Views\admin\facultyscheduledetails.php on line 158.
 1 APPPATH\Views\admin\facultyscheduledetails.php(158): CodeIgniter\Debug\Exceptions->errorHandler(2, 'Undefined variable $subject', 'C:\\laragon\\www\\Colegio_de_PuertoGalera\\app\\Views\\admin\\facultyscheduledetails.php', 158)
 2 SYSTEMPATH\View\View.php(226): include('C:\\laragon\\www\\Colegio_de_PuertoGalera\\app\\Views\\admin\\facultyscheduledetails.php')
 3 SYSTEMPATH\View\View.php(229): CodeIgniter\View\View->CodeIgniter\View\{closure}()
 4 SYSTEMPATH\Common.php(1188): CodeIgniter\View\View->render('admin/facultyscheduledetails', [], true)
 5 APPPATH\Controllers\FacultyController.php(100): view('admin/facultyscheduledetails', [...])
 6 SYSTEMPATH\CodeIgniter.php(919): App\Controllers\FacultyController->details('3')
 7 SYSTEMPATH\CodeIgniter.php(494): CodeIgniter\CodeIgniter->runController(Object(App\Controllers\FacultyController))
 8 SYSTEMPATH\CodeIgniter.php(353): CodeIgniter\CodeIgniter->handleRequest(null, Object(Config\Cache), false)
 9 FCPATH\index.php(79): CodeIgniter\CodeIgniter->run()
10 SYSTEMPATH\Commands\Server\rewrite.php(47): require_once('C:\\laragon\\www\\Colegio_de_PuertoGalera\\public\\index.php')
CRITICAL - 2024-10-29 00:52:16 --> Undefined variable $item
in APPPATH\Views\admin\facultyscheduledetails.php on line 161.
 1 APPPATH\Views\admin\facultyscheduledetails.php(161): CodeIgniter\Debug\Exceptions->errorHandler(2, 'Undefined variable $item', 'C:\\laragon\\www\\Colegio_de_PuertoGalera\\app\\Views\\admin\\facultyscheduledetails.php', 161)
 2 SYSTEMPATH\View\View.php(226): include('C:\\laragon\\www\\Colegio_de_PuertoGalera\\app\\Views\\admin\\facultyscheduledetails.php')
 3 SYSTEMPATH\View\View.php(229): CodeIgniter\View\View->CodeIgniter\View\{closure}()
 4 SYSTEMPATH\Common.php(1188): CodeIgniter\View\View->render('admin/facultyscheduledetails', [], true)
 5 APPPATH\Controllers\FacultyController.php(100): view('admin/facultyscheduledetails', [...])
 6 SYSTEMPATH\CodeIgniter.php(919): App\Controllers\FacultyController->details('3')
 7 SYSTEMPATH\CodeIgniter.php(494): CodeIgniter\CodeIgniter->runController(Object(App\Controllers\FacultyController))
 8 SYSTEMPATH\CodeIgniter.php(353): CodeIgniter\CodeIgniter->handleRequest(null, Object(Config\Cache), false)
 9 FCPATH\index.php(79): CodeIgniter\CodeIgniter->run()
10 SYSTEMPATH\Commands\Server\rewrite.php(47): require_once('C:\\laragon\\www\\Colegio_de_PuertoGalera\\public\\index.php')
CRITICAL - 2024-10-29 00:54:23 --> Undefined variable $courses
in APPPATH\Views\admin\facultyscheduledetails.php on line 168.
 1 APPPATH\Views\admin\facultyscheduledetails.php(168): CodeIgniter\Debug\Exceptions->errorHandler(2, 'Undefined variable $courses', 'C:\\laragon\\www\\Colegio_de_PuertoGalera\\app\\Views\\admin\\facultyscheduledetails.php', 168)
 2 SYSTEMPATH\View\View.php(226): include('C:\\laragon\\www\\Colegio_de_PuertoGalera\\app\\Views\\admin\\facultyscheduledetails.php')
 3 SYSTEMPATH\View\View.php(229): CodeIgniter\View\View->CodeIgniter\View\{closure}()
 4 SYSTEMPATH\Common.php(1188): CodeIgniter\View\View->render('admin/facultyscheduledetails', [], true)
 5 APPPATH\Controllers\FacultyController.php(100): view('admin/facultyscheduledetails', [...])
 6 SYSTEMPATH\CodeIgniter.php(919): App\Controllers\FacultyController->details('3')
 7 SYSTEMPATH\CodeIgniter.php(494): CodeIgniter\CodeIgniter->runController(Object(App\Controllers\FacultyController))
 8 SYSTEMPATH\CodeIgniter.php(353): CodeIgniter\CodeIgniter->handleRequest(null, Object(Config\Cache), false)
 9 FCPATH\index.php(79): CodeIgniter\CodeIgniter->run()
10 SYSTEMPATH\Commands\Server\rewrite.php(47): require_once('C:\\laragon\\www\\Colegio_de_PuertoGalera\\public\\index.php')
CRITICAL - 2024-10-29 00:55:34 --> Undefined variable $item
in APPPATH\Views\admin\facultyscheduledetails.php on line 168.
 1 APPPATH\Views\admin\facultyscheduledetails.php(168): CodeIgniter\Debug\Exceptions->errorHandler(2, 'Undefined variable $item', 'C:\\laragon\\www\\Colegio_de_PuertoGalera\\app\\Views\\admin\\facultyscheduledetails.php', 168)
 2 SYSTEMPATH\View\View.php(226): include('C:\\laragon\\www\\Colegio_de_PuertoGalera\\app\\Views\\admin\\facultyscheduledetails.php')
 3 SYSTEMPATH\View\View.php(229): CodeIgniter\View\View->CodeIgniter\View\{closure}()
 4 SYSTEMPATH\Common.php(1188): CodeIgniter\View\View->render('admin/facultyscheduledetails', [], true)
 5 APPPATH\Controllers\FacultyController.php(100): view('admin/facultyscheduledetails', [...])
 6 SYSTEMPATH\CodeIgniter.php(919): App\Controllers\FacultyController->details('3')
 7 SYSTEMPATH\CodeIgniter.php(494): CodeIgniter\CodeIgniter->runController(Object(App\Controllers\FacultyController))
 8 SYSTEMPATH\CodeIgniter.php(353): CodeIgniter\CodeIgniter->handleRequest(null, Object(Config\Cache), false)
 9 FCPATH\index.php(79): CodeIgniter\CodeIgniter->run()
10 SYSTEMPATH\Commands\Server\rewrite.php(47): require_once('C:\\laragon\\www\\Colegio_de_PuertoGalera\\public\\index.php')
CRITICAL - 2024-10-29 01:01:14 --> syntax error, unexpected end of file
in APPPATH\Views\admin\facultyscheduledetails.php on line 244.
 1 SYSTEMPATH\View\View.php(229): CodeIgniter\View\View->CodeIgniter\View\{closure}()
 2 SYSTEMPATH\Common.php(1188): CodeIgniter\View\View->render('admin/facultyscheduledetails', [], true)
 3 APPPATH\Controllers\FacultyController.php(100): view('admin/facultyscheduledetails', [...])
 4 SYSTEMPATH\CodeIgniter.php(919): App\Controllers\FacultyController->details('3')
 5 SYSTEMPATH\CodeIgniter.php(494): CodeIgniter\CodeIgniter->runController(Object(App\Controllers\FacultyController))
 6 SYSTEMPATH\CodeIgniter.php(353): CodeIgniter\CodeIgniter->handleRequest(null, Object(Config\Cache), false)
 7 FCPATH\index.php(79): CodeIgniter\CodeIgniter->run()
 8 SYSTEMPATH\Commands\Server\rewrite.php(47): require_once('C:\\laragon\\www\\Colegio_de_PuertoGalera\\public\\index.php')
CRITICAL - 2024-10-29 01:01:33 --> Undefined variable $item
in APPPATH\Views\admin\facultyscheduledetails.php on line 161.
 1 APPPATH\Views\admin\facultyscheduledetails.php(161): CodeIgniter\Debug\Exceptions->errorHandler(2, 'Undefined variable $item', 'C:\\laragon\\www\\Colegio_de_PuertoGalera\\app\\Views\\admin\\facultyscheduledetails.php', 161)
 2 SYSTEMPATH\View\View.php(226): include('C:\\laragon\\www\\Colegio_de_PuertoGalera\\app\\Views\\admin\\facultyscheduledetails.php')
 3 SYSTEMPATH\View\View.php(229): CodeIgniter\View\View->CodeIgniter\View\{closure}()
 4 SYSTEMPATH\Common.php(1188): CodeIgniter\View\View->render('admin/facultyscheduledetails', [], true)
 5 APPPATH\Controllers\FacultyController.php(100): view('admin/facultyscheduledetails', [...])
 6 SYSTEMPATH\CodeIgniter.php(919): App\Controllers\FacultyController->details('3')
 7 SYSTEMPATH\CodeIgniter.php(494): CodeIgniter\CodeIgniter->runController(Object(App\Controllers\FacultyController))
 8 SYSTEMPATH\CodeIgniter.php(353): CodeIgniter\CodeIgniter->handleRequest(null, Object(Config\Cache), false)
 9 FCPATH\index.php(79): CodeIgniter\CodeIgniter->run()
10 SYSTEMPATH\Commands\Server\rewrite.php(47): require_once('C:\\laragon\\www\\Colegio_de_PuertoGalera\\public\\index.php')
CRITICAL - 2024-10-29 02:12:21 --> Undefined array key "subject_id"
in APPPATH\Controllers\FacultyController.php on line 99.
 1 APPPATH\Controllers\FacultyController.php(99): CodeIgniter\Debug\Exceptions->errorHandler(2, 'Undefined array key "subject_id"', 'C:\\laragon\\www\\Colegio_de_PuertoGalera\\app\\Controllers\\FacultyController.php', 99)
 2 SYSTEMPATH\CodeIgniter.php(919): App\Controllers\FacultyController->details('3')
 3 SYSTEMPATH\CodeIgniter.php(494): CodeIgniter\CodeIgniter->runController(Object(App\Controllers\FacultyController))
 4 SYSTEMPATH\CodeIgniter.php(353): CodeIgniter\CodeIgniter->handleRequest(null, Object(Config\Cache), false)
 5 FCPATH\index.php(79): CodeIgniter\CodeIgniter->run()
 6 SYSTEMPATH\Commands\Server\rewrite.php(47): require_once('C:\\laragon\\www\\Colegio_de_PuertoGalera\\public\\index.php')
CRITICAL - 2024-10-29 02:14:03 --> Undefined array key "subject"
in APPPATH\Controllers\FacultyController.php on line 99.
 1 APPPATH\Controllers\FacultyController.php(99): CodeIgniter\Debug\Exceptions->errorHandler(2, 'Undefined array key "subject"', 'C:\\laragon\\www\\Colegio_de_PuertoGalera\\app\\Controllers\\FacultyController.php', 99)
 2 SYSTEMPATH\CodeIgniter.php(919): App\Controllers\FacultyController->details('3')
 3 SYSTEMPATH\CodeIgniter.php(494): CodeIgniter\CodeIgniter->runController(Object(App\Controllers\FacultyController))
 4 SYSTEMPATH\CodeIgniter.php(353): CodeIgniter\CodeIgniter->handleRequest(null, Object(Config\Cache), false)
 5 FCPATH\index.php(79): CodeIgniter\CodeIgniter->run()
 6 SYSTEMPATH\Commands\Server\rewrite.php(47): require_once('C:\\laragon\\www\\Colegio_de_PuertoGalera\\public\\index.php')
CRITICAL - 2024-10-29 02:15:21 --> Undefined array key "course_year_id"
in APPPATH\Controllers\FacultyController.php on line 100.
 1 APPPATH\Controllers\FacultyController.php(100): CodeIgniter\Debug\Exceptions->errorHandler(2, 'Undefined array key "course_year_id"', 'C:\\laragon\\www\\Colegio_de_PuertoGalera\\app\\Controllers\\FacultyController.php', 100)
 2 SYSTEMPATH\CodeIgniter.php(919): App\Controllers\FacultyController->details('3')
 3 SYSTEMPATH\CodeIgniter.php(494): CodeIgniter\CodeIgniter->runController(Object(App\Controllers\FacultyController))
 4 SYSTEMPATH\CodeIgniter.php(353): CodeIgniter\CodeIgniter->handleRequest(null, Object(Config\Cache), false)
 5 FCPATH\index.php(79): CodeIgniter\CodeIgniter->run()
 6 SYSTEMPATH\Commands\Server\rewrite.php(47): require_once('C:\\laragon\\www\\Colegio_de_PuertoGalera\\public\\index.php')
CRITICAL - 2024-10-29 02:33:08 --> Undefined array key "name"
in APPPATH\Controllers\FacultyController.php on line 99.
 1 APPPATH\Controllers\FacultyController.php(99): CodeIgniter\Debug\Exceptions->errorHandler(2, 'Undefined array key "name"', 'C:\\laragon\\www\\Colegio_de_PuertoGalera\\app\\Controllers\\FacultyController.php', 99)
 2 SYSTEMPATH\CodeIgniter.php(919): App\Controllers\FacultyController->details('3')
 3 SYSTEMPATH\CodeIgniter.php(494): CodeIgniter\CodeIgniter->runController(Object(App\Controllers\FacultyController))
 4 SYSTEMPATH\CodeIgniter.php(353): CodeIgniter\CodeIgniter->handleRequest(null, Object(Config\Cache), false)
 5 FCPATH\index.php(79): CodeIgniter\CodeIgniter->run()
 6 SYSTEMPATH\Commands\Server\rewrite.php(47): require_once('C:\\laragon\\www\\Colegio_de_PuertoGalera\\public\\index.php')
CRITICAL - 2024-10-29 02:34:34 --> Undefined array key "name"
in APPPATH\Controllers\FacultyController.php on line 102.
 1 APPPATH\Controllers\FacultyController.php(102): CodeIgniter\Debug\Exceptions->errorHandler(2, 'Undefined array key "name"', 'C:\\laragon\\www\\Colegio_de_PuertoGalera\\app\\Controllers\\FacultyController.php', 102)
 2 SYSTEMPATH\CodeIgniter.php(919): App\Controllers\FacultyController->details('4')
 3 SYSTEMPATH\CodeIgniter.php(494): CodeIgniter\CodeIgniter->runController(Object(App\Controllers\FacultyController))
 4 SYSTEMPATH\CodeIgniter.php(353): CodeIgniter\CodeIgniter->handleRequest(null, Object(Config\Cache), false)
 5 FCPATH\index.php(79): CodeIgniter\CodeIgniter->run()
 6 SYSTEMPATH\Commands\Server\rewrite.php(47): require_once('C:\\laragon\\www\\Colegio_de_PuertoGalera\\public\\index.php')
CRITICAL - 2024-10-29 02:36:36 --> Undefined array key "name"
in APPPATH\Controllers\FacultyController.php on line 102.
 1 APPPATH\Controllers\FacultyController.php(102): CodeIgniter\Debug\Exceptions->errorHandler(2, 'Undefined array key "name"', 'C:\\laragon\\www\\Colegio_de_PuertoGalera\\app\\Controllers\\FacultyController.php', 102)
 2 SYSTEMPATH\CodeIgniter.php(919): App\Controllers\FacultyController->details('4')
 3 SYSTEMPATH\CodeIgniter.php(494): CodeIgniter\CodeIgniter->runController(Object(App\Controllers\FacultyController))
 4 SYSTEMPATH\CodeIgniter.php(353): CodeIgniter\CodeIgniter->handleRequest(null, Object(Config\Cache), false)
 5 FCPATH\index.php(79): CodeIgniter\CodeIgniter->run()
 6 SYSTEMPATH\Commands\Server\rewrite.php(47): require_once('C:\\laragon\\www\\Colegio_de_PuertoGalera\\public\\index.php')
CRITICAL - 2024-10-29 02:36:55 --> Undefined array key "subjects"
in APPPATH\Controllers\FacultyController.php on line 102.
 1 APPPATH\Controllers\FacultyController.php(102): CodeIgniter\Debug\Exceptions->errorHandler(2, 'Undefined array key "subjects"', 'C:\\laragon\\www\\Colegio_de_PuertoGalera\\app\\Controllers\\FacultyController.php', 102)
 2 SYSTEMPATH\CodeIgniter.php(919): App\Controllers\FacultyController->details('4')
 3 SYSTEMPATH\CodeIgniter.php(494): CodeIgniter\CodeIgniter->runController(Object(App\Controllers\FacultyController))
 4 SYSTEMPATH\CodeIgniter.php(353): CodeIgniter\CodeIgniter->handleRequest(null, Object(Config\Cache), false)
 5 FCPATH\index.php(79): CodeIgniter\CodeIgniter->run()
 6 SYSTEMPATH\Commands\Server\rewrite.php(47): require_once('C:\\laragon\\www\\Colegio_de_PuertoGalera\\public\\index.php')
CRITICAL - 2024-10-29 02:40:25 --> Undefined variable $subjectModel
in APPPATH\Controllers\FacultyController.php on line 102.
 1 APPPATH\Controllers\FacultyController.php(102): CodeIgniter\Debug\Exceptions->errorHandler(2, 'Undefined variable $subjectModel', 'C:\\laragon\\www\\Colegio_de_PuertoGalera\\app\\Controllers\\FacultyController.php', 102)
 2 SYSTEMPATH\CodeIgniter.php(919): App\Controllers\FacultyController->details('4')
 3 SYSTEMPATH\CodeIgniter.php(494): CodeIgniter\CodeIgniter->runController(Object(App\Controllers\FacultyController))
 4 SYSTEMPATH\CodeIgniter.php(353): CodeIgniter\CodeIgniter->handleRequest(null, Object(Config\Cache), false)
 5 FCPATH\index.php(79): CodeIgniter\CodeIgniter->run()
 6 SYSTEMPATH\Commands\Server\rewrite.php(47): require_once('C:\\laragon\\www\\Colegio_de_PuertoGalera\\public\\index.php')
CRITICAL - 2024-10-29 02:44:52 --> Undefined array key "subject_name"
in APPPATH\Views\admin\facultyscheduledetails.php on line 159.
 1 APPPATH\Views\admin\facultyscheduledetails.php(159): CodeIgniter\Debug\Exceptions->errorHandler(2, 'Undefined array key "subject_name"', 'C:\\laragon\\www\\Colegio_de_PuertoGalera\\app\\Views\\admin\\facultyscheduledetails.php', 159)
 2 SYSTEMPATH\View\View.php(226): include('C:\\laragon\\www\\Colegio_de_PuertoGalera\\app\\Views\\admin\\facultyscheduledetails.php')
 3 SYSTEMPATH\View\View.php(229): CodeIgniter\View\View->CodeIgniter\View\{closure}()
 4 SYSTEMPATH\Common.php(1188): CodeIgniter\View\View->render('admin/facultyscheduledetails', [], true)
 5 APPPATH\Controllers\FacultyController.php(112): view('admin/facultyscheduledetails', [...])
 6 SYSTEMPATH\CodeIgniter.php(919): App\Controllers\FacultyController->details('4')
 7 SYSTEMPATH\CodeIgniter.php(494): CodeIgniter\CodeIgniter->runController(Object(App\Controllers\FacultyController))
 8 SYSTEMPATH\CodeIgniter.php(353): CodeIgniter\CodeIgniter->handleRequest(null, Object(Config\Cache), false)
 9 FCPATH\index.php(79): CodeIgniter\CodeIgniter->run()
10 SYSTEMPATH\Commands\Server\rewrite.php(47): require_once('C:\\laragon\\www\\Colegio_de_PuertoGalera\\public\\index.php')
CRITICAL - 2024-10-29 02:46:03 --> Undefined array key "name"
in APPPATH\Controllers\FacultyController.php on line 102.
 1 APPPATH\Controllers\FacultyController.php(102): CodeIgniter\Debug\Exceptions->errorHandler(2, 'Undefined array key "name"', 'C:\\laragon\\www\\Colegio_de_PuertoGalera\\app\\Controllers\\FacultyController.php', 102)
 2 SYSTEMPATH\CodeIgniter.php(919): App\Controllers\FacultyController->details('4')
 3 SYSTEMPATH\CodeIgniter.php(494): CodeIgniter\CodeIgniter->runController(Object(App\Controllers\FacultyController))
 4 SYSTEMPATH\CodeIgniter.php(353): CodeIgniter\CodeIgniter->handleRequest(null, Object(Config\Cache), false)
 5 FCPATH\index.php(79): CodeIgniter\CodeIgniter->run()
 6 SYSTEMPATH\Commands\Server\rewrite.php(47): require_once('C:\\laragon\\www\\Colegio_de_PuertoGalera\\public\\index.php')
CRITICAL - 2024-10-29 02:55:33 --> Undefined array key "name"
in APPPATH\Views\admin\facultyscheduledetails.php on line 155.
 1 APPPATH\Views\admin\facultyscheduledetails.php(155): CodeIgniter\Debug\Exceptions->errorHandler(2, 'Undefined array key "name"', 'C:\\laragon\\www\\Colegio_de_PuertoGalera\\app\\Views\\admin\\facultyscheduledetails.php', 155)
 2 SYSTEMPATH\View\View.php(226): include('C:\\laragon\\www\\Colegio_de_PuertoGalera\\app\\Views\\admin\\facultyscheduledetails.php')
 3 SYSTEMPATH\View\View.php(229): CodeIgniter\View\View->CodeIgniter\View\{closure}()
 4 SYSTEMPATH\Common.php(1188): CodeIgniter\View\View->render('admin/facultyscheduledetails', [], true)
 5 APPPATH\Controllers\FacultyController.php(104): view('admin/facultyscheduledetails', [...])
 6 SYSTEMPATH\CodeIgniter.php(919): App\Controllers\FacultyController->details('4')
 7 SYSTEMPATH\CodeIgniter.php(494): CodeIgniter\CodeIgniter->runController(Object(App\Controllers\FacultyController))
 8 SYSTEMPATH\CodeIgniter.php(353): CodeIgniter\CodeIgniter->handleRequest(null, Object(Config\Cache), false)
 9 FCPATH\index.php(79): CodeIgniter\CodeIgniter->run()
10 SYSTEMPATH\Commands\Server\rewrite.php(47): require_once('C:\\laragon\\www\\Colegio_de_PuertoGalera\\public\\index.php')
CRITICAL - 2024-10-29 02:55:51 --> Undefined variable $subject
in APPPATH\Views\admin\facultyscheduledetails.php on line 155.
 1 APPPATH\Views\admin\facultyscheduledetails.php(155): CodeIgniter\Debug\Exceptions->errorHandler(2, 'Undefined variable $subject', 'C:\\laragon\\www\\Colegio_de_PuertoGalera\\app\\Views\\admin\\facultyscheduledetails.php', 155)
 2 SYSTEMPATH\View\View.php(226): include('C:\\laragon\\www\\Colegio_de_PuertoGalera\\app\\Views\\admin\\facultyscheduledetails.php')
 3 SYSTEMPATH\View\View.php(229): CodeIgniter\View\View->CodeIgniter\View\{closure}()
 4 SYSTEMPATH\Common.php(1188): CodeIgniter\View\View->render('admin/facultyscheduledetails', [], true)
 5 APPPATH\Controllers\FacultyController.php(104): view('admin/facultyscheduledetails', [...])
 6 SYSTEMPATH\CodeIgniter.php(919): App\Controllers\FacultyController->details('4')
 7 SYSTEMPATH\CodeIgniter.php(494): CodeIgniter\CodeIgniter->runController(Object(App\Controllers\FacultyController))
 8 SYSTEMPATH\CodeIgniter.php(353): CodeIgniter\CodeIgniter->handleRequest(null, Object(Config\Cache), false)
 9 FCPATH\index.php(79): CodeIgniter\CodeIgniter->run()
10 SYSTEMPATH\Commands\Server\rewrite.php(47): require_once('C:\\laragon\\www\\Colegio_de_PuertoGalera\\public\\index.php')
CRITICAL - 2024-10-29 02:57:20 --> Undefined array key "subject_name"
in APPPATH\Views\admin\facultyscheduledetails.php on line 155.
 1 APPPATH\Views\admin\facultyscheduledetails.php(155): CodeIgniter\Debug\Exceptions->errorHandler(2, 'Undefined array key "subject_name"', 'C:\\laragon\\www\\Colegio_de_PuertoGalera\\app\\Views\\admin\\facultyscheduledetails.php', 155)
 2 SYSTEMPATH\View\View.php(226): include('C:\\laragon\\www\\Colegio_de_PuertoGalera\\app\\Views\\admin\\facultyscheduledetails.php')
 3 SYSTEMPATH\View\View.php(229): CodeIgniter\View\View->CodeIgniter\View\{closure}()
 4 SYSTEMPATH\Common.php(1188): CodeIgniter\View\View->render('admin/facultyscheduledetails', [], true)
 5 APPPATH\Controllers\FacultyController.php(104): view('admin/facultyscheduledetails', [...])
 6 SYSTEMPATH\CodeIgniter.php(919): App\Controllers\FacultyController->details('4')
 7 SYSTEMPATH\CodeIgniter.php(494): CodeIgniter\CodeIgniter->runController(Object(App\Controllers\FacultyController))
 8 SYSTEMPATH\CodeIgniter.php(353): CodeIgniter\CodeIgniter->handleRequest(null, Object(Config\Cache), false)
 9 FCPATH\index.php(79): CodeIgniter\CodeIgniter->run()
10 SYSTEMPATH\Commands\Server\rewrite.php(47): require_once('C:\\laragon\\www\\Colegio_de_PuertoGalera\\public\\index.php')
CRITICAL - 2024-10-29 02:57:21 --> Undefined array key "subject_name"
in APPPATH\Views\admin\facultyscheduledetails.php on line 155.
 1 APPPATH\Views\admin\facultyscheduledetails.php(155): CodeIgniter\Debug\Exceptions->errorHandler(2, 'Undefined array key "subject_name"', 'C:\\laragon\\www\\Colegio_de_PuertoGalera\\app\\Views\\admin\\facultyscheduledetails.php', 155)
 2 SYSTEMPATH\View\View.php(226): include('C:\\laragon\\www\\Colegio_de_PuertoGalera\\app\\Views\\admin\\facultyscheduledetails.php')
 3 SYSTEMPATH\View\View.php(229): CodeIgniter\View\View->CodeIgniter\View\{closure}()
 4 SYSTEMPATH\Common.php(1188): CodeIgniter\View\View->render('admin/facultyscheduledetails', [], true)
 5 APPPATH\Controllers\FacultyController.php(104): view('admin/facultyscheduledetails', [...])
 6 SYSTEMPATH\CodeIgniter.php(919): App\Controllers\FacultyController->details('4')
 7 SYSTEMPATH\CodeIgniter.php(494): CodeIgniter\CodeIgniter->runController(Object(App\Controllers\FacultyController))
 8 SYSTEMPATH\CodeIgniter.php(353): CodeIgniter\CodeIgniter->handleRequest(null, Object(Config\Cache), false)
 9 FCPATH\index.php(79): CodeIgniter\CodeIgniter->run()
10 SYSTEMPATH\Commands\Server\rewrite.php(47): require_once('C:\\laragon\\www\\Colegio_de_PuertoGalera\\public\\index.php')
CRITICAL - 2024-10-29 02:57:32 --> Undefined array key "name"
in APPPATH\Views\admin\facultyscheduledetails.php on line 155.
 1 APPPATH\Views\admin\facultyscheduledetails.php(155): CodeIgniter\Debug\Exceptions->errorHandler(2, 'Undefined array key "name"', 'C:\\laragon\\www\\Colegio_de_PuertoGalera\\app\\Views\\admin\\facultyscheduledetails.php', 155)
 2 SYSTEMPATH\View\View.php(226): include('C:\\laragon\\www\\Colegio_de_PuertoGalera\\app\\Views\\admin\\facultyscheduledetails.php')
 3 SYSTEMPATH\View\View.php(229): CodeIgniter\View\View->CodeIgniter\View\{closure}()
 4 SYSTEMPATH\Common.php(1188): CodeIgniter\View\View->render('admin/facultyscheduledetails', [], true)
 5 APPPATH\Controllers\FacultyController.php(104): view('admin/facultyscheduledetails', [...])
 6 SYSTEMPATH\CodeIgniter.php(919): App\Controllers\FacultyController->details('4')
 7 SYSTEMPATH\CodeIgniter.php(494): CodeIgniter\CodeIgniter->runController(Object(App\Controllers\FacultyController))
 8 SYSTEMPATH\CodeIgniter.php(353): CodeIgniter\CodeIgniter->handleRequest(null, Object(Config\Cache), false)
 9 FCPATH\index.php(79): CodeIgniter\CodeIgniter->run()
10 SYSTEMPATH\Commands\Server\rewrite.php(47): require_once('C:\\laragon\\www\\Colegio_de_PuertoGalera\\public\\index.php')
CRITICAL - 2024-10-29 02:58:05 --> Undefined variable $subjects
in APPPATH\Views\admin\facultyscheduledetails.php on line 152.
 1 APPPATH\Views\admin\facultyscheduledetails.php(152): CodeIgniter\Debug\Exceptions->errorHandler(2, 'Undefined variable $subjects', 'C:\\laragon\\www\\Colegio_de_PuertoGalera\\app\\Views\\admin\\facultyscheduledetails.php', 152)
 2 SYSTEMPATH\View\View.php(226): include('C:\\laragon\\www\\Colegio_de_PuertoGalera\\app\\Views\\admin\\facultyscheduledetails.php')
 3 SYSTEMPATH\View\View.php(229): CodeIgniter\View\View->CodeIgniter\View\{closure}()
 4 SYSTEMPATH\Common.php(1188): CodeIgniter\View\View->render('admin/facultyscheduledetails', [], true)
 5 APPPATH\Controllers\FacultyController.php(104): view('admin/facultyscheduledetails', [...])
 6 SYSTEMPATH\CodeIgniter.php(919): App\Controllers\FacultyController->details('4')
 7 SYSTEMPATH\CodeIgniter.php(494): CodeIgniter\CodeIgniter->runController(Object(App\Controllers\FacultyController))
 8 SYSTEMPATH\CodeIgniter.php(353): CodeIgniter\CodeIgniter->handleRequest(null, Object(Config\Cache), false)
 9 FCPATH\index.php(79): CodeIgniter\CodeIgniter->run()
10 SYSTEMPATH\Commands\Server\rewrite.php(47): require_once('C:\\laragon\\www\\Colegio_de_PuertoGalera\\public\\index.php')
