CRITICAL - 2024-05-24 14:20:47 --> Invalid file: "admin/exam_list.php"
in SYSTEMPATH\Exceptions\FrameworkException.php on line 39.
 1 SYSTEMPATH\View\View.php(214): CodeIgniter\Exceptions\FrameworkException::forInvalidFile('admin/exam_list.php')
 2 SYSTEMPATH\Common.php(1188): CodeIgniter\View\View->render('admin/exam_list', [], true)
 3 APPPATH\Controllers\EnrollmentController.php(13): view('admin/exam_list')
 4 SYSTEMPATH\CodeIgniter.php(919): App\Controllers\EnrollmentController->index()
 5 SYSTEMPATH\CodeIgniter.php(494): CodeIgniter\CodeIgniter->runController(Object(App\Controllers\EnrollmentController))
 6 SYSTEMPATH\CodeIgniter.php(353): CodeIgniter\CodeIgniter->handleRequest(null, Object(Config\Cache), false)
 7 FCPATH\index.php(79): CodeIgniter\CodeIgniter->run()
 8 SYSTEMPATH\Commands\Server\rewrite.php(47): require_once('C:\\laragon\\www\\Colegio_de_PuertoGalera\\public\\index.php')
CRITICAL - 2024-05-24 14:21:17 --> Call to undefined method Endroid\QrCode\Writer\PngWriter::writeDataUri()
in APPPATH\Controllers\EnrollmentController.php on line 26.
 1 SYSTEMPATH\CodeIgniter.php(919): App\Controllers\EnrollmentController->generateQrCode('1')
 2 SYSTEMPATH\CodeIgniter.php(494): CodeIgniter\CodeIgniter->runController(Object(App\Controllers\EnrollmentController))
 3 SYSTEMPATH\CodeIgniter.php(353): CodeIgniter\CodeIgniter->handleRequest(null, Object(Config\Cache), false)
 4 FCPATH\index.php(79): CodeIgniter\CodeIgniter->run()
 5 SYSTEMPATH\Commands\Server\rewrite.php(47): require_once('C:\\laragon\\www\\Colegio_de_PuertoGalera\\public\\index.php')
CRITICAL - 2024-05-24 14:21:23 --> Call to undefined method Endroid\QrCode\Writer\PngWriter::writeDataUri()
in APPPATH\Controllers\EnrollmentController.php on line 26.
 1 SYSTEMPATH\CodeIgniter.php(919): App\Controllers\EnrollmentController->generateQrCode('1')
 2 SYSTEMPATH\CodeIgniter.php(494): CodeIgniter\CodeIgniter->runController(Object(App\Controllers\EnrollmentController))
 3 SYSTEMPATH\CodeIgniter.php(353): CodeIgniter\CodeIgniter->handleRequest(null, Object(Config\Cache), false)
 4 FCPATH\index.php(79): CodeIgniter\CodeIgniter->run()
 5 SYSTEMPATH\Commands\Server\rewrite.php(47): require_once('C:\\laragon\\www\\Colegio_de_PuertoGalera\\public\\index.php')
CRITICAL - 2024-05-24 14:22:22 --> Call to undefined method Endroid\QrCode\QrCode::writeDataUri()
in APPPATH\Controllers\EnrollmentController.php on line 25.
 1 SYSTEMPATH\CodeIgniter.php(919): App\Controllers\EnrollmentController->generateQrCode('1')
 2 SYSTEMPATH\CodeIgniter.php(494): CodeIgniter\CodeIgniter->runController(Object(App\Controllers\EnrollmentController))
 3 SYSTEMPATH\CodeIgniter.php(353): CodeIgniter\CodeIgniter->handleRequest(null, Object(Config\Cache), false)
 4 FCPATH\index.php(79): CodeIgniter\CodeIgniter->run()
 5 SYSTEMPATH\Commands\Server\rewrite.php(47): require_once('C:\\laragon\\www\\Colegio_de_PuertoGalera\\public\\index.php')
CRITICAL - 2024-05-24 14:22:23 --> Call to undefined method Endroid\QrCode\QrCode::writeDataUri()
in APPPATH\Controllers\EnrollmentController.php on line 25.
 1 SYSTEMPATH\CodeIgniter.php(919): App\Controllers\EnrollmentController->generateQrCode('1')
 2 SYSTEMPATH\CodeIgniter.php(494): CodeIgniter\CodeIgniter->runController(Object(App\Controllers\EnrollmentController))
 3 SYSTEMPATH\CodeIgniter.php(353): CodeIgniter\CodeIgniter->handleRequest(null, Object(Config\Cache), false)
 4 FCPATH\index.php(79): CodeIgniter\CodeIgniter->run()
 5 SYSTEMPATH\Commands\Server\rewrite.php(47): require_once('C:\\laragon\\www\\Colegio_de_PuertoGalera\\public\\index.php')
CRITICAL - 2024-05-24 14:22:24 --> Call to undefined method Endroid\QrCode\QrCode::writeDataUri()
in APPPATH\Controllers\EnrollmentController.php on line 25.
 1 SYSTEMPATH\CodeIgniter.php(919): App\Controllers\EnrollmentController->generateQrCode('1')
 2 SYSTEMPATH\CodeIgniter.php(494): CodeIgniter\CodeIgniter->runController(Object(App\Controllers\EnrollmentController))
 3 SYSTEMPATH\CodeIgniter.php(353): CodeIgniter\CodeIgniter->handleRequest(null, Object(Config\Cache), false)
 4 FCPATH\index.php(79): CodeIgniter\CodeIgniter->run()
 5 SYSTEMPATH\Commands\Server\rewrite.php(47): require_once('C:\\laragon\\www\\Colegio_de_PuertoGalera\\public\\index.php')
CRITICAL - 2024-05-24 14:24:54 --> Class "Endroid\QrCode\Writer\DataUriWriter" not found
in APPPATH\Controllers\EnrollmentController.php on line 26.
 1 SYSTEMPATH\CodeIgniter.php(919): App\Controllers\EnrollmentController->generateQrCode('1')
 2 SYSTEMPATH\CodeIgniter.php(494): CodeIgniter\CodeIgniter->runController(Object(App\Controllers\EnrollmentController))
 3 SYSTEMPATH\CodeIgniter.php(353): CodeIgniter\CodeIgniter->handleRequest(null, Object(Config\Cache), false)
 4 FCPATH\index.php(79): CodeIgniter\CodeIgniter->run()
 5 SYSTEMPATH\Commands\Server\rewrite.php(47): require_once('C:\\laragon\\www\\Colegio_de_PuertoGalera\\public\\index.php')
CRITICAL - 2024-05-24 14:26:54 --> Class "Endroid\QrCode\Writer\PngDataUriWriter" not found
in APPPATH\Controllers\EnrollmentController.php on line 25.
 1 SYSTEMPATH\CodeIgniter.php(919): App\Controllers\EnrollmentController->generateQrCode('1')
 2 SYSTEMPATH\CodeIgniter.php(494): CodeIgniter\CodeIgniter->runController(Object(App\Controllers\EnrollmentController))
 3 SYSTEMPATH\CodeIgniter.php(353): CodeIgniter\CodeIgniter->handleRequest(null, Object(Config\Cache), false)
 4 FCPATH\index.php(79): CodeIgniter\CodeIgniter->run()
 5 SYSTEMPATH\Commands\Server\rewrite.php(47): require_once('C:\\laragon\\www\\Colegio_de_PuertoGalera\\public\\index.php')
CRITICAL - 2024-05-24 14:26:57 --> Class "Endroid\QrCode\Writer\PngDataUriWriter" not found
in APPPATH\Controllers\EnrollmentController.php on line 25.
 1 SYSTEMPATH\CodeIgniter.php(919): App\Controllers\EnrollmentController->generateQrCode('1')
 2 SYSTEMPATH\CodeIgniter.php(494): CodeIgniter\CodeIgniter->runController(Object(App\Controllers\EnrollmentController))
 3 SYSTEMPATH\CodeIgniter.php(353): CodeIgniter\CodeIgniter->handleRequest(null, Object(Config\Cache), false)
 4 FCPATH\index.php(79): CodeIgniter\CodeIgniter->run()
 5 SYSTEMPATH\Commands\Server\rewrite.php(47): require_once('C:\\laragon\\www\\Colegio_de_PuertoGalera\\public\\index.php')
CRITICAL - 2024-05-24 14:27:02 --> Class "Endroid\QrCode\Writer\PngDataUriWriter" not found
in APPPATH\Controllers\EnrollmentController.php on line 25.
 1 SYSTEMPATH\CodeIgniter.php(919): App\Controllers\EnrollmentController->generateQrCode('1')
 2 SYSTEMPATH\CodeIgniter.php(494): CodeIgniter\CodeIgniter->runController(Object(App\Controllers\EnrollmentController))
 3 SYSTEMPATH\CodeIgniter.php(353): CodeIgniter\CodeIgniter->handleRequest(null, Object(Config\Cache), false)
 4 FCPATH\index.php(79): CodeIgniter\CodeIgniter->run()
 5 SYSTEMPATH\Commands\Server\rewrite.php(47): require_once('C:\\laragon\\www\\Colegio_de_PuertoGalera\\public\\index.php')
CRITICAL - 2024-05-24 14:27:42 --> Class "Endroid\QrCode\Writer\DataUriWriter" not found
in APPPATH\Controllers\EnrollmentController.php on line 26.
 1 SYSTEMPATH\CodeIgniter.php(919): App\Controllers\EnrollmentController->generateQrCode('1')
 2 SYSTEMPATH\CodeIgniter.php(494): CodeIgniter\CodeIgniter->runController(Object(App\Controllers\EnrollmentController))
 3 SYSTEMPATH\CodeIgniter.php(353): CodeIgniter\CodeIgniter->handleRequest(null, Object(Config\Cache), false)
 4 FCPATH\index.php(79): CodeIgniter\CodeIgniter->run()
 5 SYSTEMPATH\Commands\Server\rewrite.php(47): require_once('C:\\laragon\\www\\Colegio_de_PuertoGalera\\public\\index.php')
CRITICAL - 2024-05-24 14:27:43 --> Class "Endroid\QrCode\Writer\DataUriWriter" not found
in APPPATH\Controllers\EnrollmentController.php on line 26.
 1 SYSTEMPATH\CodeIgniter.php(919): App\Controllers\EnrollmentController->generateQrCode('1')
 2 SYSTEMPATH\CodeIgniter.php(494): CodeIgniter\CodeIgniter->runController(Object(App\Controllers\EnrollmentController))
 3 SYSTEMPATH\CodeIgniter.php(353): CodeIgniter\CodeIgniter->handleRequest(null, Object(Config\Cache), false)
 4 FCPATH\index.php(79): CodeIgniter\CodeIgniter->run()
 5 SYSTEMPATH\Commands\Server\rewrite.php(47): require_once('C:\\laragon\\www\\Colegio_de_PuertoGalera\\public\\index.php')
CRITICAL - 2024-05-24 14:28:39 --> Call to undefined method Endroid\QrCode\QrCode::getDataUri()
in APPPATH\Controllers\EnrollmentController.php on line 24.
 1 SYSTEMPATH\CodeIgniter.php(919): App\Controllers\EnrollmentController->generateQrCode('1')
 2 SYSTEMPATH\CodeIgniter.php(494): CodeIgniter\CodeIgniter->runController(Object(App\Controllers\EnrollmentController))
 3 SYSTEMPATH\CodeIgniter.php(353): CodeIgniter\CodeIgniter->handleRequest(null, Object(Config\Cache), false)
 4 FCPATH\index.php(79): CodeIgniter\CodeIgniter->run()
 5 SYSTEMPATH\Commands\Server\rewrite.php(47): require_once('C:\\laragon\\www\\Colegio_de_PuertoGalera\\public\\index.php')
CRITICAL - 2024-05-24 14:28:40 --> Call to undefined method Endroid\QrCode\QrCode::getDataUri()
in APPPATH\Controllers\EnrollmentController.php on line 24.
 1 SYSTEMPATH\CodeIgniter.php(919): App\Controllers\EnrollmentController->generateQrCode('1')
 2 SYSTEMPATH\CodeIgniter.php(494): CodeIgniter\CodeIgniter->runController(Object(App\Controllers\EnrollmentController))
 3 SYSTEMPATH\CodeIgniter.php(353): CodeIgniter\CodeIgniter->handleRequest(null, Object(Config\Cache), false)
 4 FCPATH\index.php(79): CodeIgniter\CodeIgniter->run()
 5 SYSTEMPATH\Commands\Server\rewrite.php(47): require_once('C:\\laragon\\www\\Colegio_de_PuertoGalera\\public\\index.php')
CRITICAL - 2024-05-24 14:29:37 --> Class "Endroid\QrCode\ErrorCorrectionLevel\ErrorCorrectionLevelLow" not found
in APPPATH\Controllers\EnrollmentController.php on line 27.
 1 SYSTEMPATH\CodeIgniter.php(919): App\Controllers\EnrollmentController->generateQrCode('1')
 2 SYSTEMPATH\CodeIgniter.php(494): CodeIgniter\CodeIgniter->runController(Object(App\Controllers\EnrollmentController))
 3 SYSTEMPATH\CodeIgniter.php(353): CodeIgniter\CodeIgniter->handleRequest(null, Object(Config\Cache), false)
 4 FCPATH\index.php(79): CodeIgniter\CodeIgniter->run()
 5 SYSTEMPATH\Commands\Server\rewrite.php(47): require_once('C:\\laragon\\www\\Colegio_de_PuertoGalera\\public\\index.php')
CRITICAL - 2024-05-24 14:29:38 --> Class "Endroid\QrCode\ErrorCorrectionLevel\ErrorCorrectionLevelLow" not found
in APPPATH\Controllers\EnrollmentController.php on line 27.
 1 SYSTEMPATH\CodeIgniter.php(919): App\Controllers\EnrollmentController->generateQrCode('1')
 2 SYSTEMPATH\CodeIgniter.php(494): CodeIgniter\CodeIgniter->runController(Object(App\Controllers\EnrollmentController))
 3 SYSTEMPATH\CodeIgniter.php(353): CodeIgniter\CodeIgniter->handleRequest(null, Object(Config\Cache), false)
 4 FCPATH\index.php(79): CodeIgniter\CodeIgniter->run()
 5 SYSTEMPATH\Commands\Server\rewrite.php(47): require_once('C:\\laragon\\www\\Colegio_de_PuertoGalera\\public\\index.php')
CRITICAL - 2024-05-24 14:29:41 --> Class "Endroid\QrCode\ErrorCorrectionLevel\ErrorCorrectionLevelLow" not found
in APPPATH\Controllers\EnrollmentController.php on line 27.
 1 SYSTEMPATH\CodeIgniter.php(919): App\Controllers\EnrollmentController->generateQrCode('1')
 2 SYSTEMPATH\CodeIgniter.php(494): CodeIgniter\CodeIgniter->runController(Object(App\Controllers\EnrollmentController))
 3 SYSTEMPATH\CodeIgniter.php(353): CodeIgniter\CodeIgniter->handleRequest(null, Object(Config\Cache), false)
 4 FCPATH\index.php(79): CodeIgniter\CodeIgniter->run()
 5 SYSTEMPATH\Commands\Server\rewrite.php(47): require_once('C:\\laragon\\www\\Colegio_de_PuertoGalera\\public\\index.php')
CRITICAL - 2024-05-24 14:30:16 --> Endroid\QrCode\QrCode::setErrorCorrectionLevel(): Argument #1 ($errorCorrectionLevel) must be of type Endroid\QrCode\ErrorCorrectionLevel, string given, called in C:\laragon\www\Colegio_de_PuertoGalera\app\Controllers\EnrollmentController.php on line 28
in VENDORPATH\endroid\qr-code\src\QrCode.php on line 60.
 1 APPPATH\Controllers\EnrollmentController.php(28): Endroid\QrCode\QrCode->setErrorCorrectionLevel('low')
 2 SYSTEMPATH\CodeIgniter.php(919): App\Controllers\EnrollmentController->generateQrCode('1')
 3 SYSTEMPATH\CodeIgniter.php(494): CodeIgniter\CodeIgniter->runController(Object(App\Controllers\EnrollmentController))
 4 SYSTEMPATH\CodeIgniter.php(353): CodeIgniter\CodeIgniter->handleRequest(null, Object(Config\Cache), false)
 5 FCPATH\index.php(79): CodeIgniter\CodeIgniter->run()
 6 SYSTEMPATH\Commands\Server\rewrite.php(47): require_once('C:\\laragon\\www\\Colegio_de_PuertoGalera\\public\\index.php')
CRITICAL - 2024-05-24 14:31:00 --> Cannot instantiate enum Endroid\QrCode\ErrorCorrectionLevel
in APPPATH\Controllers\EnrollmentController.php on line 29.
 1 SYSTEMPATH\CodeIgniter.php(919): App\Controllers\EnrollmentController->generateQrCode('1')
 2 SYSTEMPATH\CodeIgniter.php(494): CodeIgniter\CodeIgniter->runController(Object(App\Controllers\EnrollmentController))
 3 SYSTEMPATH\CodeIgniter.php(353): CodeIgniter\CodeIgniter->handleRequest(null, Object(Config\Cache), false)
 4 FCPATH\index.php(79): CodeIgniter\CodeIgniter->run()
 5 SYSTEMPATH\Commands\Server\rewrite.php(47): require_once('C:\\laragon\\www\\Colegio_de_PuertoGalera\\public\\index.php')
CRITICAL - 2024-05-24 14:31:01 --> Cannot instantiate enum Endroid\QrCode\ErrorCorrectionLevel
in APPPATH\Controllers\EnrollmentController.php on line 29.
 1 SYSTEMPATH\CodeIgniter.php(919): App\Controllers\EnrollmentController->generateQrCode('1')
 2 SYSTEMPATH\CodeIgniter.php(494): CodeIgniter\CodeIgniter->runController(Object(App\Controllers\EnrollmentController))
 3 SYSTEMPATH\CodeIgniter.php(353): CodeIgniter\CodeIgniter->handleRequest(null, Object(Config\Cache), false)
 4 FCPATH\index.php(79): CodeIgniter\CodeIgniter->run()
 5 SYSTEMPATH\Commands\Server\rewrite.php(47): require_once('C:\\laragon\\www\\Colegio_de_PuertoGalera\\public\\index.php')
CRITICAL - 2024-05-24 14:39:15 --> Invalid file: "qrcode_form.php"
in SYSTEMPATH\Exceptions\FrameworkException.php on line 39.
 1 SYSTEMPATH\View\View.php(214): CodeIgniter\Exceptions\FrameworkException::forInvalidFile('qrcode_form.php')
 2 SYSTEMPATH\Common.php(1188): CodeIgniter\View\View->render('qrcode_form', [], true)
 3 APPPATH\Controllers\HomeController.php(9): view('qrcode_form')
 4 SYSTEMPATH\CodeIgniter.php(919): App\Controllers\HomeController->index()
 5 SYSTEMPATH\CodeIgniter.php(494): CodeIgniter\CodeIgniter->runController(Object(App\Controllers\HomeController))
 6 SYSTEMPATH\CodeIgniter.php(353): CodeIgniter\CodeIgniter->handleRequest(null, Object(Config\Cache), false)
 7 FCPATH\index.php(79): CodeIgniter\CodeIgniter->run()
 8 SYSTEMPATH\Commands\Server\rewrite.php(47): require_once('C:\\laragon\\www\\Colegio_de_PuertoGalera\\public\\index.php')
CRITICAL - 2024-05-24 14:40:35 --> Invalid file: "qrcode_form.php"
in SYSTEMPATH\Exceptions\FrameworkException.php on line 39.
 1 SYSTEMPATH\View\View.php(214): CodeIgniter\Exceptions\FrameworkException::forInvalidFile('qrcode_form.php')
 2 SYSTEMPATH\Common.php(1188): CodeIgniter\View\View->render('qrcode_form', [], true)
 3 APPPATH\Controllers\HomeController.php(9): view('qrcode_form')
 4 SYSTEMPATH\CodeIgniter.php(919): App\Controllers\HomeController->index()
 5 SYSTEMPATH\CodeIgniter.php(494): CodeIgniter\CodeIgniter->runController(Object(App\Controllers\HomeController))
 6 SYSTEMPATH\CodeIgniter.php(353): CodeIgniter\CodeIgniter->handleRequest(null, Object(Config\Cache), false)
 7 FCPATH\index.php(79): CodeIgniter\CodeIgniter->run()
 8 SYSTEMPATH\Commands\Server\rewrite.php(47): require_once('C:\\laragon\\www\\Colegio_de_PuertoGalera\\public\\index.php')
CRITICAL - 2024-05-24 14:40:36 --> Invalid file: "qrcode_form.php"
in SYSTEMPATH\Exceptions\FrameworkException.php on line 39.
 1 SYSTEMPATH\View\View.php(214): CodeIgniter\Exceptions\FrameworkException::forInvalidFile('qrcode_form.php')
 2 SYSTEMPATH\Common.php(1188): CodeIgniter\View\View->render('qrcode_form', [], true)
 3 APPPATH\Controllers\HomeController.php(9): view('qrcode_form')
 4 SYSTEMPATH\CodeIgniter.php(919): App\Controllers\HomeController->index()
 5 SYSTEMPATH\CodeIgniter.php(494): CodeIgniter\CodeIgniter->runController(Object(App\Controllers\HomeController))
 6 SYSTEMPATH\CodeIgniter.php(353): CodeIgniter\CodeIgniter->handleRequest(null, Object(Config\Cache), false)
 7 FCPATH\index.php(79): CodeIgniter\CodeIgniter->run()
 8 SYSTEMPATH\Commands\Server\rewrite.php(47): require_once('C:\\laragon\\www\\Colegio_de_PuertoGalera\\public\\index.php')
CRITICAL - 2024-05-24 14:43:28 --> Call to undefined method Endroid\QrCode\QrCode::getContentType()
in APPPATH\Controllers\QrCodeController.php on line 29.
 1 SYSTEMPATH\CodeIgniter.php(919): App\Controllers\QrCodeController->generate()
 2 SYSTEMPATH\CodeIgniter.php(494): CodeIgniter\CodeIgniter->runController(Object(App\Controllers\QrCodeController))
 3 SYSTEMPATH\CodeIgniter.php(353): CodeIgniter\CodeIgniter->handleRequest(null, Object(Config\Cache), false)
 4 FCPATH\index.php(79): CodeIgniter\CodeIgniter->run()
 5 SYSTEMPATH\Commands\Server\rewrite.php(47): require_once('C:\\laragon\\www\\Colegio_de_PuertoGalera\\public\\index.php')
CRITICAL - 2024-05-24 14:44:31 --> Call to undefined method Endroid\QrCode\QrCode::writeString()
in APPPATH\Controllers\QrCodeController.php on line 32.
 1 SYSTEMPATH\CodeIgniter.php(919): App\Controllers\QrCodeController->generate()
 2 SYSTEMPATH\CodeIgniter.php(494): CodeIgniter\CodeIgniter->runController(Object(App\Controllers\QrCodeController))
 3 SYSTEMPATH\CodeIgniter.php(353): CodeIgniter\CodeIgniter->handleRequest(null, Object(Config\Cache), false)
 4 FCPATH\index.php(79): CodeIgniter\CodeIgniter->run()
 5 SYSTEMPATH\Commands\Server\rewrite.php(47): require_once('C:\\laragon\\www\\Colegio_de_PuertoGalera\\public\\index.php')
CRITICAL - 2024-05-24 14:44:56 --> Call to undefined method Endroid\QrCode\QrCode::writeString()
in APPPATH\Controllers\QrCodeController.php on line 32.
 1 SYSTEMPATH\CodeIgniter.php(919): App\Controllers\QrCodeController->generate()
 2 SYSTEMPATH\CodeIgniter.php(494): CodeIgniter\CodeIgniter->runController(Object(App\Controllers\QrCodeController))
 3 SYSTEMPATH\CodeIgniter.php(353): CodeIgniter\CodeIgniter->handleRequest(null, Object(Config\Cache), false)
 4 FCPATH\index.php(79): CodeIgniter\CodeIgniter->run()
 5 SYSTEMPATH\Commands\Server\rewrite.php(47): require_once('C:\\laragon\\www\\Colegio_de_PuertoGalera\\public\\index.php')
CRITICAL - 2024-05-24 14:45:00 --> Call to undefined method Endroid\QrCode\QrCode::writeString()
in APPPATH\Controllers\QrCodeController.php on line 32.
 1 SYSTEMPATH\CodeIgniter.php(919): App\Controllers\QrCodeController->generate()
 2 SYSTEMPATH\CodeIgniter.php(494): CodeIgniter\CodeIgniter->runController(Object(App\Controllers\QrCodeController))
 3 SYSTEMPATH\CodeIgniter.php(353): CodeIgniter\CodeIgniter->handleRequest(null, Object(Config\Cache), false)
 4 FCPATH\index.php(79): CodeIgniter\CodeIgniter->run()
 5 SYSTEMPATH\Commands\Server\rewrite.php(47): require_once('C:\\laragon\\www\\Colegio_de_PuertoGalera\\public\\index.php')
CRITICAL - 2024-05-24 14:45:10 --> Call to undefined method Endroid\QrCode\QrCode::writeString()
in APPPATH\Controllers\QrCodeController.php on line 32.
 1 SYSTEMPATH\CodeIgniter.php(919): App\Controllers\QrCodeController->generate()
 2 SYSTEMPATH\CodeIgniter.php(494): CodeIgniter\CodeIgniter->runController(Object(App\Controllers\QrCodeController))
 3 SYSTEMPATH\CodeIgniter.php(353): CodeIgniter\CodeIgniter->handleRequest(null, Object(Config\Cache), false)
 4 FCPATH\index.php(79): CodeIgniter\CodeIgniter->run()
 5 SYSTEMPATH\Commands\Server\rewrite.php(47): require_once('C:\\laragon\\www\\Colegio_de_PuertoGalera\\public\\index.php')
CRITICAL - 2024-05-24 14:46:33 --> Call to undefined method Endroid\QrCode\QrCode::writeString()
in APPPATH\Controllers\QrCodeController.php on line 33.
 1 SYSTEMPATH\CodeIgniter.php(919): App\Controllers\QrCodeController->generate()
 2 SYSTEMPATH\CodeIgniter.php(494): CodeIgniter\CodeIgniter->runController(Object(App\Controllers\QrCodeController))
 3 SYSTEMPATH\CodeIgniter.php(353): CodeIgniter\CodeIgniter->handleRequest(null, Object(Config\Cache), false)
 4 FCPATH\index.php(79): CodeIgniter\CodeIgniter->run()
 5 SYSTEMPATH\Commands\Server\rewrite.php(47): require_once('C:\\laragon\\www\\Colegio_de_PuertoGalera\\public\\index.php')
CRITICAL - 2024-05-24 14:46:36 --> Call to undefined method Endroid\QrCode\QrCode::writeString()
in APPPATH\Controllers\QrCodeController.php on line 33.
 1 SYSTEMPATH\CodeIgniter.php(919): App\Controllers\QrCodeController->generate()
 2 SYSTEMPATH\CodeIgniter.php(494): CodeIgniter\CodeIgniter->runController(Object(App\Controllers\QrCodeController))
 3 SYSTEMPATH\CodeIgniter.php(353): CodeIgniter\CodeIgniter->handleRequest(null, Object(Config\Cache), false)
 4 FCPATH\index.php(79): CodeIgniter\CodeIgniter->run()
 5 SYSTEMPATH\Commands\Server\rewrite.php(47): require_once('C:\\laragon\\www\\Colegio_de_PuertoGalera\\public\\index.php')
CRITICAL - 2024-05-24 14:46:44 --> Call to undefined method Endroid\QrCode\QrCode::writeString()
in APPPATH\Controllers\QrCodeController.php on line 33.
 1 SYSTEMPATH\CodeIgniter.php(919): App\Controllers\QrCodeController->generate()
 2 SYSTEMPATH\CodeIgniter.php(494): CodeIgniter\CodeIgniter->runController(Object(App\Controllers\QrCodeController))
 3 SYSTEMPATH\CodeIgniter.php(353): CodeIgniter\CodeIgniter->handleRequest(null, Object(Config\Cache), false)
 4 FCPATH\index.php(79): CodeIgniter\CodeIgniter->run()
 5 SYSTEMPATH\Commands\Server\rewrite.php(47): require_once('C:\\laragon\\www\\Colegio_de_PuertoGalera\\public\\index.php')
CRITICAL - 2024-05-24 14:47:51 --> Call to undefined method Endroid\QrCode\QrCode::writeString()
in APPPATH\Controllers\QrCodeController.php on line 33.
 1 SYSTEMPATH\CodeIgniter.php(919): App\Controllers\QrCodeController->generate()
 2 SYSTEMPATH\CodeIgniter.php(494): CodeIgniter\CodeIgniter->runController(Object(App\Controllers\QrCodeController))
 3 SYSTEMPATH\CodeIgniter.php(353): CodeIgniter\CodeIgniter->handleRequest(null, Object(Config\Cache), false)
 4 FCPATH\index.php(79): CodeIgniter\CodeIgniter->run()
 5 SYSTEMPATH\Commands\Server\rewrite.php(47): require_once('C:\\laragon\\www\\Colegio_de_PuertoGalera\\public\\index.php')
CRITICAL - 2024-05-24 14:49:16 --> Call to undefined method Endroid\QrCode\QrCode::writeString()
in APPPATH\Controllers\QrCodeController.php on line 33.
 1 SYSTEMPATH\CodeIgniter.php(919): App\Controllers\QrCodeController->generate()
 2 SYSTEMPATH\CodeIgniter.php(494): CodeIgniter\CodeIgniter->runController(Object(App\Controllers\QrCodeController))
 3 SYSTEMPATH\CodeIgniter.php(353): CodeIgniter\CodeIgniter->handleRequest(null, Object(Config\Cache), false)
 4 FCPATH\index.php(79): CodeIgniter\CodeIgniter->run()
 5 SYSTEMPATH\Commands\Server\rewrite.php(47): require_once('C:\\laragon\\www\\Colegio_de_PuertoGalera\\public\\index.php')
CRITICAL - 2024-05-24 14:49:25 --> Invalid file: "enrollment/exam_list.php"
in SYSTEMPATH\Exceptions\FrameworkException.php on line 39.
 1 SYSTEMPATH\View\View.php(214): CodeIgniter\Exceptions\FrameworkException::forInvalidFile('enrollment/exam_list.php')
 2 SYSTEMPATH\Common.php(1188): CodeIgniter\View\View->render('enrollment/exam_list', [], true)
 3 APPPATH\Controllers\EnrollmentController.php(15): view('enrollment/exam_list')
 4 SYSTEMPATH\CodeIgniter.php(919): App\Controllers\EnrollmentController->index()
 5 SYSTEMPATH\CodeIgniter.php(494): CodeIgniter\CodeIgniter->runController(Object(App\Controllers\EnrollmentController))
 6 SYSTEMPATH\CodeIgniter.php(353): CodeIgniter\CodeIgniter->handleRequest(null, Object(Config\Cache), false)
 7 FCPATH\index.php(79): CodeIgniter\CodeIgniter->run()
 8 SYSTEMPATH\Commands\Server\rewrite.php(47): require_once('C:\\laragon\\www\\Colegio_de_PuertoGalera\\public\\index.php')
